[0.056s] DEBUG:colcon:Command line arguments: ['/usr/bin/colcon', 'build']
[0.056s] DEBUG:colcon:Parsed command line arguments: Namespace(log_base=None, log_level=None, verb_name='build', build_base='build', install_base='install', merge_install=False, symlink_install=False, test_result_base=None, continue_on_error=False, executor='parallel', parallel_workers=28, event_handlers=None, ignore_user_meta=False, metas=['./colcon.meta'], base_paths=['.'], packages_ignore=None, packages_ignore_regex=None, paths=None, packages_up_to=None, packages_up_to_regex=None, packages_above=None, packages_above_and_dependencies=None, packages_above_depth=None, packages_select_by_dep=None, packages_skip_by_dep=None, packages_skip_up_to=None, packages_select_build_failed=False, packages_skip_build_finished=False, packages_select_test_failures=False, packages_skip_test_passed=False, packages_select=None, packages_skip=None, packages_select_regex=None, packages_skip_regex=None, packages_start=None, packages_end=None, allow_overriding=[], cmake_args=None, cmake_target=None, cmake_target_skip_unavailable=False, cmake_clean_cache=False, cmake_clean_first=False, cmake_force_configure=False, ament_cmake_args=None, catkin_cmake_args=None, catkin_skip_building_tests=False, verb_parser=<colcon_defaults.argument_parser.defaults.DefaultArgumentsDecorator object at 0x7b53262f63e0>, verb_extension=<colcon_core.verb.build.BuildVerb object at 0x7b53263df820>, main=<bound method BuildVerb.main of <colcon_core.verb.build.BuildVerb object at 0x7b53263df820>>)
[0.138s] Level 1:colcon.colcon_core.package_discovery:discover_packages(colcon_meta) check parameters
[0.138s] Level 1:colcon.colcon_core.package_discovery:discover_packages(recursive) check parameters
[0.138s] Level 1:colcon.colcon_core.package_discovery:discover_packages(ignore) check parameters
[0.138s] Level 1:colcon.colcon_core.package_discovery:discover_packages(path) check parameters
[0.138s] Level 1:colcon.colcon_core.package_discovery:discover_packages(colcon_meta) discover
[0.138s] Level 1:colcon.colcon_core.package_discovery:discover_packages(recursive) discover
[0.138s] INFO:colcon.colcon_core.package_discovery:Crawling recursively for packages in '/home/wq/MDH/ros_ws'
[0.138s] Level 1:colcon.colcon_core.package_identification:_identify(.) by extensions ['ignore', 'ignore_ament_install']
[0.138s] Level 1:colcon.colcon_core.package_identification:_identify(.) by extension 'ignore'
[0.138s] Level 1:colcon.colcon_core.package_identification:_identify(.) by extension 'ignore_ament_install'
[0.138s] Level 1:colcon.colcon_core.package_identification:_identify(.) by extensions ['colcon_pkg']
[0.138s] Level 1:colcon.colcon_core.package_identification:_identify(.) by extension 'colcon_pkg'
[0.138s] Level 1:colcon.colcon_core.package_identification:_identify(.) by extensions ['colcon_meta']
[0.138s] Level 1:colcon.colcon_core.package_identification:_identify(.) by extension 'colcon_meta'
[0.138s] Level 1:colcon.colcon_core.package_identification:_identify(.) by extensions ['ros']
[0.138s] Level 1:colcon.colcon_core.package_identification:_identify(.) by extension 'ros'
[0.146s] Level 1:colcon.colcon_core.package_identification:_identify(.) by extensions ['cmake', 'python']
[0.146s] Level 1:colcon.colcon_core.package_identification:_identify(.) by extension 'cmake'
[0.146s] Level 1:colcon.colcon_core.package_identification:_identify(.) by extension 'python'
[0.146s] Level 1:colcon.colcon_core.package_identification:_identify(.) by extensions ['python_setup_py']
[0.146s] Level 1:colcon.colcon_core.package_identification:_identify(.) by extension 'python_setup_py'
[0.146s] Level 1:colcon.colcon_core.package_identification:_identify(build) by extensions ['ignore', 'ignore_ament_install']
[0.146s] Level 1:colcon.colcon_core.package_identification:_identify(build) by extension 'ignore'
[0.146s] Level 1:colcon.colcon_core.package_identification:_identify(build) ignored
[0.146s] Level 1:colcon.colcon_core.package_identification:_identify(install) by extensions ['ignore', 'ignore_ament_install']
[0.146s] Level 1:colcon.colcon_core.package_identification:_identify(install) by extension 'ignore'
[0.146s] Level 1:colcon.colcon_core.package_identification:_identify(install) ignored
[0.146s] Level 1:colcon.colcon_core.package_identification:_identify(log) by extensions ['ignore', 'ignore_ament_install']
[0.146s] Level 1:colcon.colcon_core.package_identification:_identify(log) by extension 'ignore'
[0.146s] Level 1:colcon.colcon_core.package_identification:_identify(log) ignored
[0.146s] Level 1:colcon.colcon_core.package_identification:_identify(src) by extensions ['ignore', 'ignore_ament_install']
[0.146s] Level 1:colcon.colcon_core.package_identification:_identify(src) by extension 'ignore'
[0.146s] Level 1:colcon.colcon_core.package_identification:_identify(src) by extension 'ignore_ament_install'
[0.147s] Level 1:colcon.colcon_core.package_identification:_identify(src) by extensions ['colcon_pkg']
[0.147s] Level 1:colcon.colcon_core.package_identification:_identify(src) by extension 'colcon_pkg'
[0.147s] Level 1:colcon.colcon_core.package_identification:_identify(src) by extensions ['colcon_meta']
[0.147s] Level 1:colcon.colcon_core.package_identification:_identify(src) by extension 'colcon_meta'
[0.147s] Level 1:colcon.colcon_core.package_identification:_identify(src) by extensions ['ros']
[0.147s] Level 1:colcon.colcon_core.package_identification:_identify(src) by extension 'ros'
[0.147s] Level 1:colcon.colcon_core.package_identification:_identify(src) by extensions ['cmake', 'python']
[0.147s] Level 1:colcon.colcon_core.package_identification:_identify(src) by extension 'cmake'
[0.147s] Level 1:colcon.colcon_core.package_identification:_identify(src) by extension 'python'
[0.147s] Level 1:colcon.colcon_core.package_identification:_identify(src) by extensions ['python_setup_py']
[0.147s] Level 1:colcon.colcon_core.package_identification:_identify(src) by extension 'python_setup_py'
[0.147s] Level 1:colcon.colcon_core.package_identification:_identify(src/internal_msgs) by extensions ['ignore', 'ignore_ament_install']
[0.147s] Level 1:colcon.colcon_core.package_identification:_identify(src/internal_msgs) by extension 'ignore'
[0.147s] Level 1:colcon.colcon_core.package_identification:_identify(src/internal_msgs) by extension 'ignore_ament_install'
[0.147s] Level 1:colcon.colcon_core.package_identification:_identify(src/internal_msgs) by extensions ['colcon_pkg']
[0.147s] Level 1:colcon.colcon_core.package_identification:_identify(src/internal_msgs) by extension 'colcon_pkg'
[0.147s] Level 1:colcon.colcon_core.package_identification:_identify(src/internal_msgs) by extensions ['colcon_meta']
[0.147s] Level 1:colcon.colcon_core.package_identification:_identify(src/internal_msgs) by extension 'colcon_meta'
[0.147s] Level 1:colcon.colcon_core.package_identification:_identify(src/internal_msgs) by extensions ['ros']
[0.147s] Level 1:colcon.colcon_core.package_identification:_identify(src/internal_msgs) by extension 'ros'
[0.147s] Level 1:colcon.colcon_core.package_identification:_identify(src/internal_msgs) by extensions ['cmake', 'python']
[0.147s] Level 1:colcon.colcon_core.package_identification:_identify(src/internal_msgs) by extension 'cmake'
[0.147s] Level 1:colcon.colcon_core.package_identification:_identify(src/internal_msgs) by extension 'python'
[0.147s] Level 1:colcon.colcon_core.package_identification:_identify(src/internal_msgs) by extensions ['python_setup_py']
[0.147s] Level 1:colcon.colcon_core.package_identification:_identify(src/internal_msgs) by extension 'python_setup_py'
[0.147s] Level 1:colcon.colcon_core.package_identification:_identify(src/internal_msgs/motor_control_command_msgs) by extensions ['ignore', 'ignore_ament_install']
[0.147s] Level 1:colcon.colcon_core.package_identification:_identify(src/internal_msgs/motor_control_command_msgs) by extension 'ignore'
[0.147s] Level 1:colcon.colcon_core.package_identification:_identify(src/internal_msgs/motor_control_command_msgs) by extension 'ignore_ament_install'
[0.147s] Level 1:colcon.colcon_core.package_identification:_identify(src/internal_msgs/motor_control_command_msgs) by extensions ['colcon_pkg']
[0.147s] Level 1:colcon.colcon_core.package_identification:_identify(src/internal_msgs/motor_control_command_msgs) by extension 'colcon_pkg'
[0.147s] Level 1:colcon.colcon_core.package_identification:_identify(src/internal_msgs/motor_control_command_msgs) by extensions ['colcon_meta']
[0.147s] Level 1:colcon.colcon_core.package_identification:_identify(src/internal_msgs/motor_control_command_msgs) by extension 'colcon_meta'
[0.147s] Level 1:colcon.colcon_core.package_identification:_identify(src/internal_msgs/motor_control_command_msgs) by extensions ['ros']
[0.147s] Level 1:colcon.colcon_core.package_identification:_identify(src/internal_msgs/motor_control_command_msgs) by extension 'ros'
[0.149s] DEBUG:colcon.colcon_core.package_identification:Package 'src/internal_msgs/motor_control_command_msgs' with type 'ros.ament_cmake' and name 'motor_control_command_msgs'
[0.149s] Level 1:colcon.colcon_core.package_identification:_identify(src/motor_control) by extensions ['ignore', 'ignore_ament_install']
[0.149s] Level 1:colcon.colcon_core.package_identification:_identify(src/motor_control) by extension 'ignore'
[0.149s] Level 1:colcon.colcon_core.package_identification:_identify(src/motor_control) by extension 'ignore_ament_install'
[0.149s] Level 1:colcon.colcon_core.package_identification:_identify(src/motor_control) by extensions ['colcon_pkg']
[0.149s] Level 1:colcon.colcon_core.package_identification:_identify(src/motor_control) by extension 'colcon_pkg'
[0.149s] Level 1:colcon.colcon_core.package_identification:_identify(src/motor_control) by extensions ['colcon_meta']
[0.149s] Level 1:colcon.colcon_core.package_identification:_identify(src/motor_control) by extension 'colcon_meta'
[0.149s] Level 1:colcon.colcon_core.package_identification:_identify(src/motor_control) by extensions ['ros']
[0.149s] Level 1:colcon.colcon_core.package_identification:_identify(src/motor_control) by extension 'ros'
[0.150s] DEBUG:colcon.colcon_core.package_identification:Package 'src/motor_control' with type 'ros.ament_cmake' and name 'motor_control'
[0.150s] Level 1:colcon.colcon_core.package_identification:_identify(src/motor_control_v2) by extensions ['ignore', 'ignore_ament_install']
[0.150s] Level 1:colcon.colcon_core.package_identification:_identify(src/motor_control_v2) by extension 'ignore'
[0.150s] Level 1:colcon.colcon_core.package_identification:_identify(src/motor_control_v2) by extension 'ignore_ament_install'
[0.150s] Level 1:colcon.colcon_core.package_identification:_identify(src/motor_control_v2) by extensions ['colcon_pkg']
[0.150s] Level 1:colcon.colcon_core.package_identification:_identify(src/motor_control_v2) by extension 'colcon_pkg'
[0.150s] Level 1:colcon.colcon_core.package_identification:_identify(src/motor_control_v2) by extensions ['colcon_meta']
[0.150s] Level 1:colcon.colcon_core.package_identification:_identify(src/motor_control_v2) by extension 'colcon_meta'
[0.150s] Level 1:colcon.colcon_core.package_identification:_identify(src/motor_control_v2) by extensions ['ros']
[0.150s] Level 1:colcon.colcon_core.package_identification:_identify(src/motor_control_v2) by extension 'ros'
[0.150s] DEBUG:colcon.colcon_core.package_identification:Package 'src/motor_control_v2' with type 'ros.ament_cmake' and name 'motor_control_v2'
[0.150s] Level 1:colcon.colcon_core.package_identification:_identify(src/motor_status) by extensions ['ignore', 'ignore_ament_install']
[0.150s] Level 1:colcon.colcon_core.package_identification:_identify(src/motor_status) by extension 'ignore'
[0.150s] Level 1:colcon.colcon_core.package_identification:_identify(src/motor_status) by extension 'ignore_ament_install'
[0.150s] Level 1:colcon.colcon_core.package_identification:_identify(src/motor_status) by extensions ['colcon_pkg']
[0.150s] Level 1:colcon.colcon_core.package_identification:_identify(src/motor_status) by extension 'colcon_pkg'
[0.150s] Level 1:colcon.colcon_core.package_identification:_identify(src/motor_status) by extensions ['colcon_meta']
[0.150s] Level 1:colcon.colcon_core.package_identification:_identify(src/motor_status) by extension 'colcon_meta'
[0.151s] Level 1:colcon.colcon_core.package_identification:_identify(src/motor_status) by extensions ['ros']
[0.151s] Level 1:colcon.colcon_core.package_identification:_identify(src/motor_status) by extension 'ros'
[0.151s] DEBUG:colcon.colcon_core.package_identification:Package 'src/motor_status' with type 'ros.ament_cmake' and name 'motor_status'
[0.151s] Level 1:colcon.colcon_core.package_identification:_identify(src/rmf_utils) by extensions ['ignore', 'ignore_ament_install']
[0.151s] Level 1:colcon.colcon_core.package_identification:_identify(src/rmf_utils) by extension 'ignore'
[0.151s] Level 1:colcon.colcon_core.package_identification:_identify(src/rmf_utils) by extension 'ignore_ament_install'
[0.151s] Level 1:colcon.colcon_core.package_identification:_identify(src/rmf_utils) by extensions ['colcon_pkg']
[0.151s] Level 1:colcon.colcon_core.package_identification:_identify(src/rmf_utils) by extension 'colcon_pkg'
[0.151s] Level 1:colcon.colcon_core.package_identification:_identify(src/rmf_utils) by extensions ['colcon_meta']
[0.151s] Level 1:colcon.colcon_core.package_identification:_identify(src/rmf_utils) by extension 'colcon_meta'
[0.151s] Level 1:colcon.colcon_core.package_identification:_identify(src/rmf_utils) by extensions ['ros']
[0.151s] Level 1:colcon.colcon_core.package_identification:_identify(src/rmf_utils) by extension 'ros'
[0.151s] Level 1:colcon.colcon_core.package_identification:_identify(src/rmf_utils) by extensions ['cmake', 'python']
[0.151s] Level 1:colcon.colcon_core.package_identification:_identify(src/rmf_utils) by extension 'cmake'
[0.151s] Level 1:colcon.colcon_core.package_identification:_identify(src/rmf_utils) by extension 'python'
[0.151s] Level 1:colcon.colcon_core.package_identification:_identify(src/rmf_utils) by extensions ['python_setup_py']
[0.151s] Level 1:colcon.colcon_core.package_identification:_identify(src/rmf_utils) by extension 'python_setup_py'
[0.151s] Level 1:colcon.colcon_core.package_identification:_identify(src/rmf_utils/docs) by extensions ['ignore', 'ignore_ament_install']
[0.151s] Level 1:colcon.colcon_core.package_identification:_identify(src/rmf_utils/docs) by extension 'ignore'
[0.151s] Level 1:colcon.colcon_core.package_identification:_identify(src/rmf_utils/docs) by extension 'ignore_ament_install'
[0.151s] Level 1:colcon.colcon_core.package_identification:_identify(src/rmf_utils/docs) by extensions ['colcon_pkg']
[0.151s] Level 1:colcon.colcon_core.package_identification:_identify(src/rmf_utils/docs) by extension 'colcon_pkg'
[0.151s] Level 1:colcon.colcon_core.package_identification:_identify(src/rmf_utils/docs) by extensions ['colcon_meta']
[0.152s] Level 1:colcon.colcon_core.package_identification:_identify(src/rmf_utils/docs) by extension 'colcon_meta'
[0.152s] Level 1:colcon.colcon_core.package_identification:_identify(src/rmf_utils/docs) by extensions ['ros']
[0.152s] Level 1:colcon.colcon_core.package_identification:_identify(src/rmf_utils/docs) by extension 'ros'
[0.152s] Level 1:colcon.colcon_core.package_identification:_identify(src/rmf_utils/docs) by extensions ['cmake', 'python']
[0.152s] Level 1:colcon.colcon_core.package_identification:_identify(src/rmf_utils/docs) by extension 'cmake'
[0.152s] Level 1:colcon.colcon_core.package_identification:_identify(src/rmf_utils/docs) by extension 'python'
[0.152s] Level 1:colcon.colcon_core.package_identification:_identify(src/rmf_utils/docs) by extensions ['python_setup_py']
[0.152s] Level 1:colcon.colcon_core.package_identification:_identify(src/rmf_utils/docs) by extension 'python_setup_py'
[0.152s] Level 1:colcon.colcon_core.package_identification:_identify(src/rmf_utils/rmf_utils) by extensions ['ignore', 'ignore_ament_install']
[0.152s] Level 1:colcon.colcon_core.package_identification:_identify(src/rmf_utils/rmf_utils) by extension 'ignore'
[0.152s] Level 1:colcon.colcon_core.package_identification:_identify(src/rmf_utils/rmf_utils) by extension 'ignore_ament_install'
[0.152s] Level 1:colcon.colcon_core.package_identification:_identify(src/rmf_utils/rmf_utils) by extensions ['colcon_pkg']
[0.152s] Level 1:colcon.colcon_core.package_identification:_identify(src/rmf_utils/rmf_utils) by extension 'colcon_pkg'
[0.152s] Level 1:colcon.colcon_core.package_identification:_identify(src/rmf_utils/rmf_utils) by extensions ['colcon_meta']
[0.152s] Level 1:colcon.colcon_core.package_identification:_identify(src/rmf_utils/rmf_utils) by extension 'colcon_meta'
[0.152s] Level 1:colcon.colcon_core.package_identification:_identify(src/rmf_utils/rmf_utils) by extensions ['ros']
[0.152s] Level 1:colcon.colcon_core.package_identification:_identify(src/rmf_utils/rmf_utils) by extension 'ros'
[0.153s] DEBUG:colcon.colcon_core.package_identification:Package 'src/rmf_utils/rmf_utils' with type 'ros.cmake' and name 'rmf_utils'
[0.153s] Level 1:colcon.colcon_core.package_discovery:discover_packages(recursive) using defaults
[0.153s] Level 1:colcon.colcon_core.package_discovery:discover_packages(ignore) discover
[0.153s] Level 1:colcon.colcon_core.package_discovery:discover_packages(ignore) using defaults
[0.153s] Level 1:colcon.colcon_core.package_discovery:discover_packages(path) discover
[0.153s] Level 1:colcon.colcon_core.package_discovery:discover_packages(path) using defaults
[0.166s] INFO:colcon.colcon_metadata.metadata.colcon_pkg:Updating descriptor of package 'src/rmf_utils/rmf_utils' from colcon.pkg: {'hooks': ['share/rmf_utils/hook/ament_prefix_path.dsv']}
[0.167s] Level 1:colcon.colcon_core.package_discovery:discover_packages(prefix_path) check parameters
[0.167s] Level 1:colcon.colcon_core.package_discovery:discover_packages(prefix_path) discover
[0.169s] DEBUG:colcon.colcon_installed_package_information.package_discovery:Found 271 installed packages in /opt/ros/humble
[0.170s] Level 1:colcon.colcon_core.package_discovery:discover_packages(prefix_path) using defaults
[0.197s] Level 5:colcon.colcon_core.verb:set package 'motor_control_command_msgs' build argument 'cmake_args' from command line to 'None'
[0.197s] Level 5:colcon.colcon_core.verb:set package 'motor_control_command_msgs' build argument 'cmake_target' from command line to 'None'
[0.197s] Level 5:colcon.colcon_core.verb:set package 'motor_control_command_msgs' build argument 'cmake_target_skip_unavailable' from command line to 'False'
[0.197s] Level 5:colcon.colcon_core.verb:set package 'motor_control_command_msgs' build argument 'cmake_clean_cache' from command line to 'False'
[0.197s] Level 5:colcon.colcon_core.verb:set package 'motor_control_command_msgs' build argument 'cmake_clean_first' from command line to 'False'
[0.197s] Level 5:colcon.colcon_core.verb:set package 'motor_control_command_msgs' build argument 'cmake_force_configure' from command line to 'False'
[0.197s] Level 5:colcon.colcon_core.verb:set package 'motor_control_command_msgs' build argument 'ament_cmake_args' from command line to 'None'
[0.197s] Level 5:colcon.colcon_core.verb:set package 'motor_control_command_msgs' build argument 'catkin_cmake_args' from command line to 'None'
[0.197s] Level 5:colcon.colcon_core.verb:set package 'motor_control_command_msgs' build argument 'catkin_skip_building_tests' from command line to 'False'
[0.197s] DEBUG:colcon.colcon_core.verb:Building package 'motor_control_command_msgs' with the following arguments: {'ament_cmake_args': None, 'build_base': '/home/wq/MDH/ros_ws/build/motor_control_command_msgs', 'catkin_cmake_args': None, 'catkin_skip_building_tests': False, 'cmake_args': None, 'cmake_clean_cache': False, 'cmake_clean_first': False, 'cmake_force_configure': False, 'cmake_target': None, 'cmake_target_skip_unavailable': False, 'install_base': '/home/wq/MDH/ros_ws/install/motor_control_command_msgs', 'merge_install': False, 'path': '/home/wq/MDH/ros_ws/src/internal_msgs/motor_control_command_msgs', 'symlink_install': False, 'test_result_base': None}
[0.198s] Level 5:colcon.colcon_core.verb:set package 'motor_status' build argument 'cmake_args' from command line to 'None'
[0.198s] Level 5:colcon.colcon_core.verb:set package 'motor_status' build argument 'cmake_target' from command line to 'None'
[0.198s] Level 5:colcon.colcon_core.verb:set package 'motor_status' build argument 'cmake_target_skip_unavailable' from command line to 'False'
[0.198s] Level 5:colcon.colcon_core.verb:set package 'motor_status' build argument 'cmake_clean_cache' from command line to 'False'
[0.198s] Level 5:colcon.colcon_core.verb:set package 'motor_status' build argument 'cmake_clean_first' from command line to 'False'
[0.198s] Level 5:colcon.colcon_core.verb:set package 'motor_status' build argument 'cmake_force_configure' from command line to 'False'
[0.198s] Level 5:colcon.colcon_core.verb:set package 'motor_status' build argument 'ament_cmake_args' from command line to 'None'
[0.198s] Level 5:colcon.colcon_core.verb:set package 'motor_status' build argument 'catkin_cmake_args' from command line to 'None'
[0.198s] Level 5:colcon.colcon_core.verb:set package 'motor_status' build argument 'catkin_skip_building_tests' from command line to 'False'
[0.198s] DEBUG:colcon.colcon_core.verb:Building package 'motor_status' with the following arguments: {'ament_cmake_args': None, 'build_base': '/home/wq/MDH/ros_ws/build/motor_status', 'catkin_cmake_args': None, 'catkin_skip_building_tests': False, 'cmake_args': None, 'cmake_clean_cache': False, 'cmake_clean_first': False, 'cmake_force_configure': False, 'cmake_target': None, 'cmake_target_skip_unavailable': False, 'install_base': '/home/wq/MDH/ros_ws/install/motor_status', 'merge_install': False, 'path': '/home/wq/MDH/ros_ws/src/motor_status', 'symlink_install': False, 'test_result_base': None}
[0.198s] Level 5:colcon.colcon_core.verb:set package 'rmf_utils' build argument 'cmake_args' from command line to 'None'
[0.198s] Level 5:colcon.colcon_core.verb:set package 'rmf_utils' build argument 'cmake_target' from command line to 'None'
[0.198s] Level 5:colcon.colcon_core.verb:set package 'rmf_utils' build argument 'cmake_target_skip_unavailable' from command line to 'False'
[0.198s] Level 5:colcon.colcon_core.verb:set package 'rmf_utils' build argument 'cmake_clean_cache' from command line to 'False'
[0.198s] Level 5:colcon.colcon_core.verb:set package 'rmf_utils' build argument 'cmake_clean_first' from command line to 'False'
[0.198s] Level 5:colcon.colcon_core.verb:set package 'rmf_utils' build argument 'cmake_force_configure' from command line to 'False'
[0.198s] Level 5:colcon.colcon_core.verb:set package 'rmf_utils' build argument 'ament_cmake_args' from command line to 'None'
[0.198s] Level 5:colcon.colcon_core.verb:set package 'rmf_utils' build argument 'catkin_cmake_args' from command line to 'None'
[0.198s] Level 5:colcon.colcon_core.verb:set package 'rmf_utils' build argument 'catkin_skip_building_tests' from command line to 'False'
[0.198s] DEBUG:colcon.colcon_core.verb:Building package 'rmf_utils' with the following arguments: {'ament_cmake_args': None, 'build_base': '/home/wq/MDH/ros_ws/build/rmf_utils', 'catkin_cmake_args': None, 'catkin_skip_building_tests': False, 'cmake_args': None, 'cmake_clean_cache': False, 'cmake_clean_first': False, 'cmake_force_configure': False, 'cmake_target': None, 'cmake_target_skip_unavailable': False, 'install_base': '/home/wq/MDH/ros_ws/install/rmf_utils', 'merge_install': False, 'path': '/home/wq/MDH/ros_ws/src/rmf_utils/rmf_utils', 'symlink_install': False, 'test_result_base': None}
[0.198s] Level 5:colcon.colcon_core.verb:set package 'motor_control' build argument 'cmake_args' from command line to 'None'
[0.198s] Level 5:colcon.colcon_core.verb:set package 'motor_control' build argument 'cmake_target' from command line to 'None'
[0.198s] Level 5:colcon.colcon_core.verb:set package 'motor_control' build argument 'cmake_target_skip_unavailable' from command line to 'False'
[0.198s] Level 5:colcon.colcon_core.verb:set package 'motor_control' build argument 'cmake_clean_cache' from command line to 'False'
[0.199s] Level 5:colcon.colcon_core.verb:set package 'motor_control' build argument 'cmake_clean_first' from command line to 'False'
[0.199s] Level 5:colcon.colcon_core.verb:set package 'motor_control' build argument 'cmake_force_configure' from command line to 'False'
[0.199s] Level 5:colcon.colcon_core.verb:set package 'motor_control' build argument 'ament_cmake_args' from command line to 'None'
[0.199s] Level 5:colcon.colcon_core.verb:set package 'motor_control' build argument 'catkin_cmake_args' from command line to 'None'
[0.199s] Level 5:colcon.colcon_core.verb:set package 'motor_control' build argument 'catkin_skip_building_tests' from command line to 'False'
[0.199s] DEBUG:colcon.colcon_core.verb:Building package 'motor_control' with the following arguments: {'ament_cmake_args': None, 'build_base': '/home/wq/MDH/ros_ws/build/motor_control', 'catkin_cmake_args': None, 'catkin_skip_building_tests': False, 'cmake_args': None, 'cmake_clean_cache': False, 'cmake_clean_first': False, 'cmake_force_configure': False, 'cmake_target': None, 'cmake_target_skip_unavailable': False, 'install_base': '/home/wq/MDH/ros_ws/install/motor_control', 'merge_install': False, 'path': '/home/wq/MDH/ros_ws/src/motor_control', 'symlink_install': False, 'test_result_base': None}
[0.199s] Level 5:colcon.colcon_core.verb:set package 'motor_control_v2' build argument 'cmake_args' from command line to 'None'
[0.199s] Level 5:colcon.colcon_core.verb:set package 'motor_control_v2' build argument 'cmake_target' from command line to 'None'
[0.199s] Level 5:colcon.colcon_core.verb:set package 'motor_control_v2' build argument 'cmake_target_skip_unavailable' from command line to 'False'
[0.199s] Level 5:colcon.colcon_core.verb:set package 'motor_control_v2' build argument 'cmake_clean_cache' from command line to 'False'
[0.199s] Level 5:colcon.colcon_core.verb:set package 'motor_control_v2' build argument 'cmake_clean_first' from command line to 'False'
[0.199s] Level 5:colcon.colcon_core.verb:set package 'motor_control_v2' build argument 'cmake_force_configure' from command line to 'False'
[0.199s] Level 5:colcon.colcon_core.verb:set package 'motor_control_v2' build argument 'ament_cmake_args' from command line to 'None'
[0.199s] Level 5:colcon.colcon_core.verb:set package 'motor_control_v2' build argument 'catkin_cmake_args' from command line to 'None'
[0.199s] Level 5:colcon.colcon_core.verb:set package 'motor_control_v2' build argument 'catkin_skip_building_tests' from command line to 'False'
[0.199s] DEBUG:colcon.colcon_core.verb:Building package 'motor_control_v2' with the following arguments: {'ament_cmake_args': None, 'build_base': '/home/wq/MDH/ros_ws/build/motor_control_v2', 'catkin_cmake_args': None, 'catkin_skip_building_tests': False, 'cmake_args': None, 'cmake_clean_cache': False, 'cmake_clean_first': False, 'cmake_force_configure': False, 'cmake_target': None, 'cmake_target_skip_unavailable': False, 'install_base': '/home/wq/MDH/ros_ws/install/motor_control_v2', 'merge_install': False, 'path': '/home/wq/MDH/ros_ws/src/motor_control_v2', 'symlink_install': False, 'test_result_base': None}
[0.199s] INFO:colcon.colcon_core.executor:Executing jobs using 'parallel' executor
[0.200s] DEBUG:colcon.colcon_parallel_executor.executor.parallel:run_until_complete
[0.200s] INFO:colcon.colcon_ros.task.ament_cmake.build:Building ROS package in '/home/wq/MDH/ros_ws/src/internal_msgs/motor_control_command_msgs' with build type 'ament_cmake'
[0.200s] INFO:colcon.colcon_cmake.task.cmake.build:Building CMake package in '/home/wq/MDH/ros_ws/src/internal_msgs/motor_control_command_msgs'
[0.203s] INFO:colcon.colcon_core.plugin_system:Skipping extension 'colcon_core.shell.bat': Not used on non-Windows systems
[0.203s] INFO:colcon.colcon_core.shell:Skip shell extension 'powershell' for command environment: Not usable outside of PowerShell
[0.203s] DEBUG:colcon.colcon_core.shell:Skip shell extension 'dsv' for command environment
[0.207s] INFO:colcon.colcon_ros.task.ament_cmake.build:Building ROS package in '/home/wq/MDH/ros_ws/src/motor_status' with build type 'ament_cmake'
[0.207s] INFO:colcon.colcon_cmake.task.cmake.build:Building CMake package in '/home/wq/MDH/ros_ws/src/motor_status'
[0.207s] INFO:colcon.colcon_core.shell:Skip shell extension 'powershell' for command environment: Not usable outside of PowerShell
[0.207s] DEBUG:colcon.colcon_core.shell:Skip shell extension 'dsv' for command environment
[0.209s] INFO:colcon.colcon_ros.task.cmake.build:Building ROS package in '/home/wq/MDH/ros_ws/src/rmf_utils/rmf_utils' with build type 'cmake'
[0.209s] INFO:colcon.colcon_cmake.task.cmake.build:Building CMake package in '/home/wq/MDH/ros_ws/src/rmf_utils/rmf_utils'
[0.210s] INFO:colcon.colcon_core.shell:Skip shell extension 'powershell' for command environment: Not usable outside of PowerShell
[0.210s] DEBUG:colcon.colcon_core.shell:Skip shell extension 'dsv' for command environment
[0.216s] DEBUG:colcon.colcon_core.event_handler.log_command:Invoking command in '/home/wq/MDH/ros_ws/build/motor_control_command_msgs': CMAKE_PREFIX_PATH=/opt/ros/humble /usr/bin/cmake --build /home/wq/MDH/ros_ws/build/motor_control_command_msgs -- -j28 -l28
[0.221s] DEBUG:colcon.colcon_core.event_handler.log_command:Invoking command in '/home/wq/MDH/ros_ws/build/motor_status': CMAKE_PREFIX_PATH=/opt/ros/humble /usr/bin/cmake --build /home/wq/MDH/ros_ws/build/motor_status -- -j28 -l28
[0.223s] DEBUG:colcon.colcon_core.event_handler.log_command:Invoking command in '/home/wq/MDH/ros_ws/build/rmf_utils': CMAKE_PREFIX_PATH=/opt/ros/humble /usr/bin/cmake --build /home/wq/MDH/ros_ws/build/rmf_utils -- -j28 -l28
[0.273s] DEBUG:colcon.colcon_core.event_handler.log_command:Invoked command in '/home/wq/MDH/ros_ws/build/rmf_utils' returned '0': CMAKE_PREFIX_PATH=/opt/ros/humble /usr/bin/cmake --build /home/wq/MDH/ros_ws/build/rmf_utils -- -j28 -l28
[0.292s] DEBUG:colcon.colcon_core.event_handler.log_command:Invoking command in '/home/wq/MDH/ros_ws/build/rmf_utils': CMAKE_PREFIX_PATH=/opt/ros/humble /usr/bin/cmake --install /home/wq/MDH/ros_ws/build/rmf_utils
[0.294s] DEBUG:colcon.colcon_core.event_handler.log_command:Invoked command in '/home/wq/MDH/ros_ws/build/motor_status' returned '0': CMAKE_PREFIX_PATH=/opt/ros/humble /usr/bin/cmake --build /home/wq/MDH/ros_ws/build/motor_status -- -j28 -l28
[0.296s] DEBUG:colcon.colcon_core.event_handler.log_command:Invoking command in '/home/wq/MDH/ros_ws/build/motor_status': CMAKE_PREFIX_PATH=/opt/ros/humble /usr/bin/cmake --install /home/wq/MDH/ros_ws/build/motor_status
[0.299s] DEBUG:colcon.colcon_core.event_handler.log_command:Invoked command in '/home/wq/MDH/ros_ws/build/rmf_utils' returned '0': CMAKE_PREFIX_PATH=/opt/ros/humble /usr/bin/cmake --install /home/wq/MDH/ros_ws/build/rmf_utils
[0.299s] Level 1:colcon.colcon_core.shell:create_environment_hook('rmf_utils', 'pkg_config_path')
[0.299s] INFO:colcon.colcon_core.shell:Creating environment hook '/home/wq/MDH/ros_ws/install/rmf_utils/share/rmf_utils/hook/pkg_config_path.ps1'
[0.300s] INFO:colcon.colcon_core.shell:Creating environment descriptor '/home/wq/MDH/ros_ws/install/rmf_utils/share/rmf_utils/hook/pkg_config_path.dsv'
[0.300s] INFO:colcon.colcon_core.shell:Creating environment hook '/home/wq/MDH/ros_ws/install/rmf_utils/share/rmf_utils/hook/pkg_config_path.sh'
[0.302s] Level 1:colcon.colcon_core.shell:create_environment_hook('rmf_utils', 'pkg_config_path_multiarch')
[0.302s] INFO:colcon.colcon_core.shell:Creating environment hook '/home/wq/MDH/ros_ws/install/rmf_utils/share/rmf_utils/hook/pkg_config_path_multiarch.ps1'
[0.303s] INFO:colcon.colcon_core.shell:Creating environment descriptor '/home/wq/MDH/ros_ws/install/rmf_utils/share/rmf_utils/hook/pkg_config_path_multiarch.dsv'
[0.304s] INFO:colcon.colcon_core.shell:Creating environment hook '/home/wq/MDH/ros_ws/install/rmf_utils/share/rmf_utils/hook/pkg_config_path_multiarch.sh'
[0.304s] Level 1:colcon.colcon_core.environment:create_environment_scripts_only(rmf_utils)
[0.306s] Level 1:colcon.colcon_core.environment:checking '/home/wq/MDH/ros_ws/install/rmf_utils' for CMake module files
[0.306s] Level 1:colcon.colcon_core.environment:checking '/home/wq/MDH/ros_ws/install/rmf_utils' for CMake config files
[0.306s] Level 1:colcon.colcon_core.shell:create_environment_hook('rmf_utils', 'cmake_prefix_path')
[0.306s] INFO:colcon.colcon_core.shell:Creating environment hook '/home/wq/MDH/ros_ws/install/rmf_utils/share/rmf_utils/hook/cmake_prefix_path.ps1'
[0.307s] INFO:colcon.colcon_core.shell:Creating environment descriptor '/home/wq/MDH/ros_ws/install/rmf_utils/share/rmf_utils/hook/cmake_prefix_path.dsv'
[0.307s] INFO:colcon.colcon_core.shell:Creating environment hook '/home/wq/MDH/ros_ws/install/rmf_utils/share/rmf_utils/hook/cmake_prefix_path.sh'
[0.308s] Level 1:colcon.colcon_core.environment:checking '/home/wq/MDH/ros_ws/install/rmf_utils/lib'
[0.308s] Level 1:colcon.colcon_core.shell:create_environment_hook('rmf_utils', 'ld_library_path_lib')
[0.308s] INFO:colcon.colcon_core.shell:Creating environment hook '/home/wq/MDH/ros_ws/install/rmf_utils/share/rmf_utils/hook/ld_library_path_lib.ps1'
[0.308s] INFO:colcon.colcon_core.shell:Creating environment descriptor '/home/wq/MDH/ros_ws/install/rmf_utils/share/rmf_utils/hook/ld_library_path_lib.dsv'
[0.309s] INFO:colcon.colcon_core.shell:Creating environment hook '/home/wq/MDH/ros_ws/install/rmf_utils/share/rmf_utils/hook/ld_library_path_lib.sh'
[0.309s] Level 1:colcon.colcon_core.environment:checking '/home/wq/MDH/ros_ws/install/rmf_utils/bin'
[0.309s] Level 1:colcon.colcon_core.environment:checking '/home/wq/MDH/ros_ws/install/rmf_utils/lib/pkgconfig/rmf_utils.pc'
[0.309s] Level 1:colcon.colcon_core.environment:checking '/home/wq/MDH/ros_ws/install/rmf_utils/lib/python3.10/site-packages'
[0.309s] Level 1:colcon.colcon_core.environment:checking '/home/wq/MDH/ros_ws/install/rmf_utils/bin'
[0.310s] INFO:colcon.colcon_core.shell:Creating package script '/home/wq/MDH/ros_ws/install/rmf_utils/share/rmf_utils/package.ps1'
[0.311s] INFO:colcon.colcon_core.shell:Creating package descriptor '/home/wq/MDH/ros_ws/install/rmf_utils/share/rmf_utils/package.dsv'
[0.311s] INFO:colcon.colcon_core.shell:Creating package script '/home/wq/MDH/ros_ws/install/rmf_utils/share/rmf_utils/package.sh'
[0.312s] INFO:colcon.colcon_core.shell:Creating package script '/home/wq/MDH/ros_ws/install/rmf_utils/share/rmf_utils/package.bash'
[0.312s] INFO:colcon.colcon_core.shell:Creating package script '/home/wq/MDH/ros_ws/install/rmf_utils/share/rmf_utils/package.zsh'
[0.313s] Level 1:colcon.colcon_core.environment:create_file_with_runtime_dependencies(/home/wq/MDH/ros_ws/install/rmf_utils/share/colcon-core/packages/rmf_utils)
[0.314s] Level 1:colcon.colcon_core.environment:create_environment_scripts_only(motor_status)
[0.314s] Level 1:colcon.colcon_core.environment:checking '/home/wq/MDH/ros_ws/install/motor_status' for CMake module files
[0.314s] DEBUG:colcon.colcon_core.event_handler.log_command:Invoked command in '/home/wq/MDH/ros_ws/build/motor_status' returned '0': CMAKE_PREFIX_PATH=/opt/ros/humble /usr/bin/cmake --install /home/wq/MDH/ros_ws/build/motor_status
[0.315s] Level 1:colcon.colcon_core.environment:checking '/home/wq/MDH/ros_ws/install/motor_status' for CMake config files
[0.315s] Level 1:colcon.colcon_core.shell:create_environment_hook('motor_status', 'cmake_prefix_path')
[0.315s] INFO:colcon.colcon_core.shell:Creating environment hook '/home/wq/MDH/ros_ws/install/motor_status/share/motor_status/hook/cmake_prefix_path.ps1'
[0.315s] INFO:colcon.colcon_core.shell:Creating environment descriptor '/home/wq/MDH/ros_ws/install/motor_status/share/motor_status/hook/cmake_prefix_path.dsv'
[0.316s] INFO:colcon.colcon_core.shell:Creating environment hook '/home/wq/MDH/ros_ws/install/motor_status/share/motor_status/hook/cmake_prefix_path.sh'
[0.316s] Level 1:colcon.colcon_core.environment:checking '/home/wq/MDH/ros_ws/install/motor_status/lib'
[0.316s] Level 1:colcon.colcon_core.environment:checking '/home/wq/MDH/ros_ws/install/motor_status/bin'
[0.316s] Level 1:colcon.colcon_core.environment:checking '/home/wq/MDH/ros_ws/install/motor_status/lib/pkgconfig/motor_status.pc'
[0.316s] Level 1:colcon.colcon_core.environment:checking '/home/wq/MDH/ros_ws/install/motor_status/lib/python3.10/site-packages'
[0.317s] Level 1:colcon.colcon_core.environment:checking '/home/wq/MDH/ros_ws/install/motor_status/bin'
[0.317s] INFO:colcon.colcon_core.shell:Creating package script '/home/wq/MDH/ros_ws/install/motor_status/share/motor_status/package.ps1'
[0.317s] INFO:colcon.colcon_core.shell:Creating package descriptor '/home/wq/MDH/ros_ws/install/motor_status/share/motor_status/package.dsv'
[0.317s] INFO:colcon.colcon_core.shell:Creating package script '/home/wq/MDH/ros_ws/install/motor_status/share/motor_status/package.sh'
[0.318s] INFO:colcon.colcon_core.shell:Creating package script '/home/wq/MDH/ros_ws/install/motor_status/share/motor_status/package.bash'
[0.318s] INFO:colcon.colcon_core.shell:Creating package script '/home/wq/MDH/ros_ws/install/motor_status/share/motor_status/package.zsh'
[0.318s] Level 1:colcon.colcon_core.environment:create_file_with_runtime_dependencies(/home/wq/MDH/ros_ws/install/motor_status/share/colcon-core/packages/motor_status)
[0.319s] Level 1:colcon.colcon_core.environment:create_environment_scripts_only(motor_status)
[0.319s] Level 1:colcon.colcon_core.environment:checking '/home/wq/MDH/ros_ws/install/motor_status' for CMake module files
[0.319s] Level 1:colcon.colcon_core.environment:checking '/home/wq/MDH/ros_ws/install/motor_status' for CMake config files
[0.319s] Level 1:colcon.colcon_core.shell:create_environment_hook('motor_status', 'cmake_prefix_path')
[0.319s] INFO:colcon.colcon_core.shell:Creating environment hook '/home/wq/MDH/ros_ws/install/motor_status/share/motor_status/hook/cmake_prefix_path.ps1'
[0.320s] INFO:colcon.colcon_core.shell:Creating environment descriptor '/home/wq/MDH/ros_ws/install/motor_status/share/motor_status/hook/cmake_prefix_path.dsv'
[0.320s] INFO:colcon.colcon_core.shell:Creating environment hook '/home/wq/MDH/ros_ws/install/motor_status/share/motor_status/hook/cmake_prefix_path.sh'
[0.320s] Level 1:colcon.colcon_core.environment:checking '/home/wq/MDH/ros_ws/install/motor_status/lib'
[0.320s] Level 1:colcon.colcon_core.environment:checking '/home/wq/MDH/ros_ws/install/motor_status/bin'
[0.320s] Level 1:colcon.colcon_core.environment:checking '/home/wq/MDH/ros_ws/install/motor_status/lib/pkgconfig/motor_status.pc'
[0.321s] Level 1:colcon.colcon_core.environment:checking '/home/wq/MDH/ros_ws/install/motor_status/lib/python3.10/site-packages'
[0.321s] Level 1:colcon.colcon_core.environment:checking '/home/wq/MDH/ros_ws/install/motor_status/bin'
[0.321s] INFO:colcon.colcon_core.shell:Creating package script '/home/wq/MDH/ros_ws/install/motor_status/share/motor_status/package.ps1'
[0.321s] INFO:colcon.colcon_core.shell:Creating package descriptor '/home/wq/MDH/ros_ws/install/motor_status/share/motor_status/package.dsv'
[0.321s] INFO:colcon.colcon_core.shell:Creating package script '/home/wq/MDH/ros_ws/install/motor_status/share/motor_status/package.sh'
[0.322s] INFO:colcon.colcon_core.shell:Creating package script '/home/wq/MDH/ros_ws/install/motor_status/share/motor_status/package.bash'
[0.322s] INFO:colcon.colcon_core.shell:Creating package script '/home/wq/MDH/ros_ws/install/motor_status/share/motor_status/package.zsh'
[0.322s] Level 1:colcon.colcon_core.environment:create_file_with_runtime_dependencies(/home/wq/MDH/ros_ws/install/motor_status/share/colcon-core/packages/motor_status)
[0.451s] DEBUG:colcon.colcon_core.event_handler.log_command:Invoked command in '/home/wq/MDH/ros_ws/build/motor_control_command_msgs' returned '0': CMAKE_PREFIX_PATH=/opt/ros/humble /usr/bin/cmake --build /home/wq/MDH/ros_ws/build/motor_control_command_msgs -- -j28 -l28
[0.452s] DEBUG:colcon.colcon_core.event_handler.log_command:Invoking command in '/home/wq/MDH/ros_ws/build/motor_control_command_msgs': CMAKE_PREFIX_PATH=/opt/ros/humble /usr/bin/cmake --install /home/wq/MDH/ros_ws/build/motor_control_command_msgs
[0.487s] Level 1:colcon.colcon_core.environment:create_environment_scripts_only(motor_control_command_msgs)
[0.487s] Level 1:colcon.colcon_core.environment:checking '/home/wq/MDH/ros_ws/install/motor_control_command_msgs' for CMake module files
[0.487s] DEBUG:colcon.colcon_core.event_handler.log_command:Invoked command in '/home/wq/MDH/ros_ws/build/motor_control_command_msgs' returned '0': CMAKE_PREFIX_PATH=/opt/ros/humble /usr/bin/cmake --install /home/wq/MDH/ros_ws/build/motor_control_command_msgs
[0.487s] Level 1:colcon.colcon_core.environment:checking '/home/wq/MDH/ros_ws/install/motor_control_command_msgs' for CMake config files
[0.488s] Level 1:colcon.colcon_core.shell:create_environment_hook('motor_control_command_msgs', 'cmake_prefix_path')
[0.488s] INFO:colcon.colcon_core.shell:Creating environment hook '/home/wq/MDH/ros_ws/install/motor_control_command_msgs/share/motor_control_command_msgs/hook/cmake_prefix_path.ps1'
[0.488s] INFO:colcon.colcon_core.shell:Creating environment descriptor '/home/wq/MDH/ros_ws/install/motor_control_command_msgs/share/motor_control_command_msgs/hook/cmake_prefix_path.dsv'
[0.488s] INFO:colcon.colcon_core.shell:Creating environment hook '/home/wq/MDH/ros_ws/install/motor_control_command_msgs/share/motor_control_command_msgs/hook/cmake_prefix_path.sh'
[0.489s] Level 1:colcon.colcon_core.environment:checking '/home/wq/MDH/ros_ws/install/motor_control_command_msgs/lib'
[0.489s] Level 1:colcon.colcon_core.shell:create_environment_hook('motor_control_command_msgs', 'ld_library_path_lib')
[0.489s] INFO:colcon.colcon_core.shell:Creating environment hook '/home/wq/MDH/ros_ws/install/motor_control_command_msgs/share/motor_control_command_msgs/hook/ld_library_path_lib.ps1'
[0.489s] INFO:colcon.colcon_core.shell:Creating environment descriptor '/home/wq/MDH/ros_ws/install/motor_control_command_msgs/share/motor_control_command_msgs/hook/ld_library_path_lib.dsv'
[0.489s] INFO:colcon.colcon_core.shell:Creating environment hook '/home/wq/MDH/ros_ws/install/motor_control_command_msgs/share/motor_control_command_msgs/hook/ld_library_path_lib.sh'
[0.489s] Level 1:colcon.colcon_core.environment:checking '/home/wq/MDH/ros_ws/install/motor_control_command_msgs/bin'
[0.489s] Level 1:colcon.colcon_core.environment:checking '/home/wq/MDH/ros_ws/install/motor_control_command_msgs/lib/pkgconfig/motor_control_command_msgs.pc'
[0.490s] Level 1:colcon.colcon_core.environment:checking '/home/wq/MDH/ros_ws/install/motor_control_command_msgs/lib/python3.10/site-packages'
[0.490s] Level 1:colcon.colcon_core.environment:checking '/home/wq/MDH/ros_ws/install/motor_control_command_msgs/bin'
[0.490s] INFO:colcon.colcon_core.shell:Creating package script '/home/wq/MDH/ros_ws/install/motor_control_command_msgs/share/motor_control_command_msgs/package.ps1'
[0.490s] INFO:colcon.colcon_core.shell:Creating package descriptor '/home/wq/MDH/ros_ws/install/motor_control_command_msgs/share/motor_control_command_msgs/package.dsv'
[0.490s] INFO:colcon.colcon_core.shell:Creating package script '/home/wq/MDH/ros_ws/install/motor_control_command_msgs/share/motor_control_command_msgs/package.sh'
[0.491s] INFO:colcon.colcon_core.shell:Creating package script '/home/wq/MDH/ros_ws/install/motor_control_command_msgs/share/motor_control_command_msgs/package.bash'
[0.491s] INFO:colcon.colcon_core.shell:Creating package script '/home/wq/MDH/ros_ws/install/motor_control_command_msgs/share/motor_control_command_msgs/package.zsh'
[0.491s] Level 1:colcon.colcon_core.environment:create_file_with_runtime_dependencies(/home/wq/MDH/ros_ws/install/motor_control_command_msgs/share/colcon-core/packages/motor_control_command_msgs)
[0.491s] Level 1:colcon.colcon_core.environment:create_environment_scripts_only(motor_control_command_msgs)
[0.491s] Level 1:colcon.colcon_core.environment:checking '/home/wq/MDH/ros_ws/install/motor_control_command_msgs' for CMake module files
[0.492s] Level 1:colcon.colcon_core.environment:checking '/home/wq/MDH/ros_ws/install/motor_control_command_msgs' for CMake config files
[0.492s] Level 1:colcon.colcon_core.shell:create_environment_hook('motor_control_command_msgs', 'cmake_prefix_path')
[0.492s] INFO:colcon.colcon_core.shell:Creating environment hook '/home/wq/MDH/ros_ws/install/motor_control_command_msgs/share/motor_control_command_msgs/hook/cmake_prefix_path.ps1'
[0.492s] INFO:colcon.colcon_core.shell:Creating environment descriptor '/home/wq/MDH/ros_ws/install/motor_control_command_msgs/share/motor_control_command_msgs/hook/cmake_prefix_path.dsv'
[0.493s] INFO:colcon.colcon_core.shell:Creating environment hook '/home/wq/MDH/ros_ws/install/motor_control_command_msgs/share/motor_control_command_msgs/hook/cmake_prefix_path.sh'
[0.493s] Level 1:colcon.colcon_core.environment:checking '/home/wq/MDH/ros_ws/install/motor_control_command_msgs/lib'
[0.493s] Level 1:colcon.colcon_core.shell:create_environment_hook('motor_control_command_msgs', 'ld_library_path_lib')
[0.493s] INFO:colcon.colcon_core.shell:Creating environment hook '/home/wq/MDH/ros_ws/install/motor_control_command_msgs/share/motor_control_command_msgs/hook/ld_library_path_lib.ps1'
[0.493s] INFO:colcon.colcon_core.shell:Creating environment descriptor '/home/wq/MDH/ros_ws/install/motor_control_command_msgs/share/motor_control_command_msgs/hook/ld_library_path_lib.dsv'
[0.493s] INFO:colcon.colcon_core.shell:Creating environment hook '/home/wq/MDH/ros_ws/install/motor_control_command_msgs/share/motor_control_command_msgs/hook/ld_library_path_lib.sh'
[0.494s] Level 1:colcon.colcon_core.environment:checking '/home/wq/MDH/ros_ws/install/motor_control_command_msgs/bin'
[0.494s] Level 1:colcon.colcon_core.environment:checking '/home/wq/MDH/ros_ws/install/motor_control_command_msgs/lib/pkgconfig/motor_control_command_msgs.pc'
[0.494s] Level 1:colcon.colcon_core.environment:checking '/home/wq/MDH/ros_ws/install/motor_control_command_msgs/lib/python3.10/site-packages'
[0.494s] Level 1:colcon.colcon_core.environment:checking '/home/wq/MDH/ros_ws/install/motor_control_command_msgs/bin'
[0.494s] INFO:colcon.colcon_core.shell:Creating package script '/home/wq/MDH/ros_ws/install/motor_control_command_msgs/share/motor_control_command_msgs/package.ps1'
[0.494s] INFO:colcon.colcon_core.shell:Creating package descriptor '/home/wq/MDH/ros_ws/install/motor_control_command_msgs/share/motor_control_command_msgs/package.dsv'
[0.495s] INFO:colcon.colcon_core.shell:Creating package script '/home/wq/MDH/ros_ws/install/motor_control_command_msgs/share/motor_control_command_msgs/package.sh'
[0.495s] INFO:colcon.colcon_core.shell:Creating package script '/home/wq/MDH/ros_ws/install/motor_control_command_msgs/share/motor_control_command_msgs/package.bash'
[0.495s] INFO:colcon.colcon_core.shell:Creating package script '/home/wq/MDH/ros_ws/install/motor_control_command_msgs/share/motor_control_command_msgs/package.zsh'
[0.495s] Level 1:colcon.colcon_core.environment:create_file_with_runtime_dependencies(/home/wq/MDH/ros_ws/install/motor_control_command_msgs/share/colcon-core/packages/motor_control_command_msgs)
[0.495s] INFO:colcon.colcon_ros.task.ament_cmake.build:Building ROS package in '/home/wq/MDH/ros_ws/src/motor_control' with build type 'ament_cmake'
[0.495s] INFO:colcon.colcon_cmake.task.cmake.build:Building CMake package in '/home/wq/MDH/ros_ws/src/motor_control'
[0.496s] INFO:colcon.colcon_core.shell:Skip shell extension 'powershell' for command environment: Not usable outside of PowerShell
[0.496s] DEBUG:colcon.colcon_core.shell:Skip shell extension 'dsv' for command environment
[0.497s] INFO:colcon.colcon_ros.task.ament_cmake.build:Building ROS package in '/home/wq/MDH/ros_ws/src/motor_control_v2' with build type 'ament_cmake'
[0.497s] INFO:colcon.colcon_cmake.task.cmake.build:Building CMake package in '/home/wq/MDH/ros_ws/src/motor_control_v2'
[0.497s] INFO:colcon.colcon_core.shell:Skip shell extension 'powershell' for command environment: Not usable outside of PowerShell
[0.497s] DEBUG:colcon.colcon_core.shell:Skip shell extension 'dsv' for command environment
[0.502s] DEBUG:colcon.colcon_core.event_handler.log_command:Invoking command in '/home/wq/MDH/ros_ws/build/motor_control': AMENT_PREFIX_PATH=/home/wq/MDH/ros_ws/install/motor_control_command_msgs:${AMENT_PREFIX_PATH} CMAKE_PREFIX_PATH=/home/wq/MDH/ros_ws/install/motor_control_command_msgs:/opt/ros/humble LD_LIBRARY_PATH=/home/wq/MDH/ros_ws/install/motor_control_command_msgs/lib:${LD_LIBRARY_PATH} PYTHONPATH=/home/wq/MDH/ros_ws/install/motor_control_command_msgs/local/lib/python3.10/dist-packages:${PYTHONPATH} /usr/bin/cmake --build /home/wq/MDH/ros_ws/build/motor_control -- -j28 -l28
[0.503s] DEBUG:colcon.colcon_core.event_handler.log_command:Invoking command in '/home/wq/MDH/ros_ws/build/motor_control_v2': AMENT_PREFIX_PATH=/home/wq/MDH/ros_ws/install/motor_control_command_msgs:${AMENT_PREFIX_PATH} CMAKE_PREFIX_PATH=/home/wq/MDH/ros_ws/install/motor_control_command_msgs:/opt/ros/humble LD_LIBRARY_PATH=/home/wq/MDH/ros_ws/install/motor_control_command_msgs/lib:${LD_LIBRARY_PATH} PYTHONPATH=/home/wq/MDH/ros_ws/install/motor_control_command_msgs/local/lib/python3.10/dist-packages:${PYTHONPATH} /usr/bin/cmake --build /home/wq/MDH/ros_ws/build/motor_control_v2 -- -j28 -l28
[0.548s] DEBUG:colcon.colcon_core.event_handler.log_command:Invoked command in '/home/wq/MDH/ros_ws/build/motor_control' returned '0': AMENT_PREFIX_PATH=/home/wq/MDH/ros_ws/install/motor_control_command_msgs:${AMENT_PREFIX_PATH} CMAKE_PREFIX_PATH=/home/wq/MDH/ros_ws/install/motor_control_command_msgs:/opt/ros/humble LD_LIBRARY_PATH=/home/wq/MDH/ros_ws/install/motor_control_command_msgs/lib:${LD_LIBRARY_PATH} PYTHONPATH=/home/wq/MDH/ros_ws/install/motor_control_command_msgs/local/lib/python3.10/dist-packages:${PYTHONPATH} /usr/bin/cmake --build /home/wq/MDH/ros_ws/build/motor_control -- -j28 -l28
[0.549s] DEBUG:colcon.colcon_core.event_handler.log_command:Invoking command in '/home/wq/MDH/ros_ws/build/motor_control': AMENT_PREFIX_PATH=/home/wq/MDH/ros_ws/install/motor_control_command_msgs:${AMENT_PREFIX_PATH} CMAKE_PREFIX_PATH=/home/wq/MDH/ros_ws/install/motor_control_command_msgs:/opt/ros/humble LD_LIBRARY_PATH=/home/wq/MDH/ros_ws/install/motor_control_command_msgs/lib:${LD_LIBRARY_PATH} PYTHONPATH=/home/wq/MDH/ros_ws/install/motor_control_command_msgs/local/lib/python3.10/dist-packages:${PYTHONPATH} /usr/bin/cmake --install /home/wq/MDH/ros_ws/build/motor_control
[0.559s] Level 1:colcon.colcon_core.environment:create_environment_scripts_only(motor_control)
[0.559s] Level 1:colcon.colcon_core.environment:checking '/home/wq/MDH/ros_ws/install/motor_control' for CMake module files
[0.559s] DEBUG:colcon.colcon_core.event_handler.log_command:Invoked command in '/home/wq/MDH/ros_ws/build/motor_control' returned '0': AMENT_PREFIX_PATH=/home/wq/MDH/ros_ws/install/motor_control_command_msgs:${AMENT_PREFIX_PATH} CMAKE_PREFIX_PATH=/home/wq/MDH/ros_ws/install/motor_control_command_msgs:/opt/ros/humble LD_LIBRARY_PATH=/home/wq/MDH/ros_ws/install/motor_control_command_msgs/lib:${LD_LIBRARY_PATH} PYTHONPATH=/home/wq/MDH/ros_ws/install/motor_control_command_msgs/local/lib/python3.10/dist-packages:${PYTHONPATH} /usr/bin/cmake --install /home/wq/MDH/ros_ws/build/motor_control
[0.560s] Level 1:colcon.colcon_core.environment:checking '/home/wq/MDH/ros_ws/install/motor_control' for CMake config files
[0.560s] Level 1:colcon.colcon_core.shell:create_environment_hook('motor_control', 'cmake_prefix_path')
[0.560s] INFO:colcon.colcon_core.shell:Creating environment hook '/home/wq/MDH/ros_ws/install/motor_control/share/motor_control/hook/cmake_prefix_path.ps1'
[0.560s] INFO:colcon.colcon_core.shell:Creating environment descriptor '/home/wq/MDH/ros_ws/install/motor_control/share/motor_control/hook/cmake_prefix_path.dsv'
[0.561s] INFO:colcon.colcon_core.shell:Creating environment hook '/home/wq/MDH/ros_ws/install/motor_control/share/motor_control/hook/cmake_prefix_path.sh'
[0.561s] Level 1:colcon.colcon_core.environment:checking '/home/wq/MDH/ros_ws/install/motor_control/lib'
[0.561s] Level 1:colcon.colcon_core.environment:checking '/home/wq/MDH/ros_ws/install/motor_control/bin'
[0.561s] Level 1:colcon.colcon_core.environment:checking '/home/wq/MDH/ros_ws/install/motor_control/lib/pkgconfig/motor_control.pc'
[0.561s] Level 1:colcon.colcon_core.environment:checking '/home/wq/MDH/ros_ws/install/motor_control/lib/python3.10/site-packages'
[0.562s] Level 1:colcon.colcon_core.environment:checking '/home/wq/MDH/ros_ws/install/motor_control/bin'
[0.562s] INFO:colcon.colcon_core.shell:Creating package script '/home/wq/MDH/ros_ws/install/motor_control/share/motor_control/package.ps1'
[0.562s] INFO:colcon.colcon_core.shell:Creating package descriptor '/home/wq/MDH/ros_ws/install/motor_control/share/motor_control/package.dsv'
[0.562s] INFO:colcon.colcon_core.shell:Creating package script '/home/wq/MDH/ros_ws/install/motor_control/share/motor_control/package.sh'
[0.562s] INFO:colcon.colcon_core.shell:Creating package script '/home/wq/MDH/ros_ws/install/motor_control/share/motor_control/package.bash'
[0.563s] INFO:colcon.colcon_core.shell:Creating package script '/home/wq/MDH/ros_ws/install/motor_control/share/motor_control/package.zsh'
[0.563s] Level 1:colcon.colcon_core.environment:create_file_with_runtime_dependencies(/home/wq/MDH/ros_ws/install/motor_control/share/colcon-core/packages/motor_control)
[0.563s] Level 1:colcon.colcon_core.environment:create_environment_scripts_only(motor_control)
[0.563s] Level 1:colcon.colcon_core.environment:checking '/home/wq/MDH/ros_ws/install/motor_control' for CMake module files
[0.564s] Level 1:colcon.colcon_core.environment:checking '/home/wq/MDH/ros_ws/install/motor_control' for CMake config files
[0.564s] Level 1:colcon.colcon_core.shell:create_environment_hook('motor_control', 'cmake_prefix_path')
[0.564s] INFO:colcon.colcon_core.shell:Creating environment hook '/home/wq/MDH/ros_ws/install/motor_control/share/motor_control/hook/cmake_prefix_path.ps1'
[0.564s] INFO:colcon.colcon_core.shell:Creating environment descriptor '/home/wq/MDH/ros_ws/install/motor_control/share/motor_control/hook/cmake_prefix_path.dsv'
[0.564s] INFO:colcon.colcon_core.shell:Creating environment hook '/home/wq/MDH/ros_ws/install/motor_control/share/motor_control/hook/cmake_prefix_path.sh'
[0.564s] Level 1:colcon.colcon_core.environment:checking '/home/wq/MDH/ros_ws/install/motor_control/lib'
[0.564s] Level 1:colcon.colcon_core.environment:checking '/home/wq/MDH/ros_ws/install/motor_control/bin'
[0.565s] Level 1:colcon.colcon_core.environment:checking '/home/wq/MDH/ros_ws/install/motor_control/lib/pkgconfig/motor_control.pc'
[0.565s] Level 1:colcon.colcon_core.environment:checking '/home/wq/MDH/ros_ws/install/motor_control/lib/python3.10/site-packages'
[0.565s] Level 1:colcon.colcon_core.environment:checking '/home/wq/MDH/ros_ws/install/motor_control/bin'
[0.565s] INFO:colcon.colcon_core.shell:Creating package script '/home/wq/MDH/ros_ws/install/motor_control/share/motor_control/package.ps1'
[0.565s] INFO:colcon.colcon_core.shell:Creating package descriptor '/home/wq/MDH/ros_ws/install/motor_control/share/motor_control/package.dsv'
[0.565s] INFO:colcon.colcon_core.shell:Creating package script '/home/wq/MDH/ros_ws/install/motor_control/share/motor_control/package.sh'
[0.566s] INFO:colcon.colcon_core.shell:Creating package script '/home/wq/MDH/ros_ws/install/motor_control/share/motor_control/package.bash'
[0.566s] INFO:colcon.colcon_core.shell:Creating package script '/home/wq/MDH/ros_ws/install/motor_control/share/motor_control/package.zsh'
[0.566s] Level 1:colcon.colcon_core.environment:create_file_with_runtime_dependencies(/home/wq/MDH/ros_ws/install/motor_control/share/colcon-core/packages/motor_control)
[7.276s] DEBUG:colcon.colcon_core.event_handler.log_command:Invoked command in '/home/wq/MDH/ros_ws/build/motor_control_v2' returned '0': AMENT_PREFIX_PATH=/home/wq/MDH/ros_ws/install/motor_control_command_msgs:${AMENT_PREFIX_PATH} CMAKE_PREFIX_PATH=/home/wq/MDH/ros_ws/install/motor_control_command_msgs:/opt/ros/humble LD_LIBRARY_PATH=/home/wq/MDH/ros_ws/install/motor_control_command_msgs/lib:${LD_LIBRARY_PATH} PYTHONPATH=/home/wq/MDH/ros_ws/install/motor_control_command_msgs/local/lib/python3.10/dist-packages:${PYTHONPATH} /usr/bin/cmake --build /home/wq/MDH/ros_ws/build/motor_control_v2 -- -j28 -l28
[7.279s] DEBUG:colcon.colcon_core.event_handler.log_command:Invoking command in '/home/wq/MDH/ros_ws/build/motor_control_v2': AMENT_PREFIX_PATH=/home/wq/MDH/ros_ws/install/motor_control_command_msgs:${AMENT_PREFIX_PATH} CMAKE_PREFIX_PATH=/home/wq/MDH/ros_ws/install/motor_control_command_msgs:/opt/ros/humble LD_LIBRARY_PATH=/home/wq/MDH/ros_ws/install/motor_control_command_msgs/lib:${LD_LIBRARY_PATH} PYTHONPATH=/home/wq/MDH/ros_ws/install/motor_control_command_msgs/local/lib/python3.10/dist-packages:${PYTHONPATH} /usr/bin/cmake --install /home/wq/MDH/ros_ws/build/motor_control_v2
[7.296s] Level 1:colcon.colcon_core.environment:create_environment_scripts_only(motor_control_v2)
[7.296s] Level 1:colcon.colcon_core.environment:checking '/home/wq/MDH/ros_ws/install/motor_control_v2' for CMake module files
[7.297s] DEBUG:colcon.colcon_core.event_handler.log_command:Invoked command in '/home/wq/MDH/ros_ws/build/motor_control_v2' returned '0': AMENT_PREFIX_PATH=/home/wq/MDH/ros_ws/install/motor_control_command_msgs:${AMENT_PREFIX_PATH} CMAKE_PREFIX_PATH=/home/wq/MDH/ros_ws/install/motor_control_command_msgs:/opt/ros/humble LD_LIBRARY_PATH=/home/wq/MDH/ros_ws/install/motor_control_command_msgs/lib:${LD_LIBRARY_PATH} PYTHONPATH=/home/wq/MDH/ros_ws/install/motor_control_command_msgs/local/lib/python3.10/dist-packages:${PYTHONPATH} /usr/bin/cmake --install /home/wq/MDH/ros_ws/build/motor_control_v2
[7.297s] Level 1:colcon.colcon_core.environment:checking '/home/wq/MDH/ros_ws/install/motor_control_v2' for CMake config files
[7.297s] Level 1:colcon.colcon_core.shell:create_environment_hook('motor_control_v2', 'cmake_prefix_path')
[7.298s] INFO:colcon.colcon_core.shell:Creating environment hook '/home/wq/MDH/ros_ws/install/motor_control_v2/share/motor_control_v2/hook/cmake_prefix_path.ps1'
[7.298s] INFO:colcon.colcon_core.shell:Creating environment descriptor '/home/wq/MDH/ros_ws/install/motor_control_v2/share/motor_control_v2/hook/cmake_prefix_path.dsv'
[7.298s] INFO:colcon.colcon_core.shell:Creating environment hook '/home/wq/MDH/ros_ws/install/motor_control_v2/share/motor_control_v2/hook/cmake_prefix_path.sh'
[7.298s] Level 1:colcon.colcon_core.environment:checking '/home/wq/MDH/ros_ws/install/motor_control_v2/lib'
[7.298s] Level 1:colcon.colcon_core.environment:checking '/home/wq/MDH/ros_ws/install/motor_control_v2/bin'
[7.298s] Level 1:colcon.colcon_core.environment:checking '/home/wq/MDH/ros_ws/install/motor_control_v2/lib/pkgconfig/motor_control_v2.pc'
[7.298s] Level 1:colcon.colcon_core.environment:checking '/home/wq/MDH/ros_ws/install/motor_control_v2/lib/python3.10/site-packages'
[7.299s] Level 1:colcon.colcon_core.environment:checking '/home/wq/MDH/ros_ws/install/motor_control_v2/bin'
[7.299s] INFO:colcon.colcon_core.shell:Creating package script '/home/wq/MDH/ros_ws/install/motor_control_v2/share/motor_control_v2/package.ps1'
[7.299s] INFO:colcon.colcon_core.shell:Creating package descriptor '/home/wq/MDH/ros_ws/install/motor_control_v2/share/motor_control_v2/package.dsv'
[7.299s] INFO:colcon.colcon_core.shell:Creating package script '/home/wq/MDH/ros_ws/install/motor_control_v2/share/motor_control_v2/package.sh'
[7.299s] INFO:colcon.colcon_core.shell:Creating package script '/home/wq/MDH/ros_ws/install/motor_control_v2/share/motor_control_v2/package.bash'
[7.300s] INFO:colcon.colcon_core.shell:Creating package script '/home/wq/MDH/ros_ws/install/motor_control_v2/share/motor_control_v2/package.zsh'
[7.300s] Level 1:colcon.colcon_core.environment:create_file_with_runtime_dependencies(/home/wq/MDH/ros_ws/install/motor_control_v2/share/colcon-core/packages/motor_control_v2)
[7.300s] Level 1:colcon.colcon_core.environment:create_environment_scripts_only(motor_control_v2)
[7.300s] Level 1:colcon.colcon_core.environment:checking '/home/wq/MDH/ros_ws/install/motor_control_v2' for CMake module files
[7.301s] Level 1:colcon.colcon_core.environment:checking '/home/wq/MDH/ros_ws/install/motor_control_v2' for CMake config files
[7.301s] Level 1:colcon.colcon_core.shell:create_environment_hook('motor_control_v2', 'cmake_prefix_path')
[7.301s] INFO:colcon.colcon_core.shell:Creating environment hook '/home/wq/MDH/ros_ws/install/motor_control_v2/share/motor_control_v2/hook/cmake_prefix_path.ps1'
[7.301s] INFO:colcon.colcon_core.shell:Creating environment descriptor '/home/wq/MDH/ros_ws/install/motor_control_v2/share/motor_control_v2/hook/cmake_prefix_path.dsv'
[7.301s] INFO:colcon.colcon_core.shell:Creating environment hook '/home/wq/MDH/ros_ws/install/motor_control_v2/share/motor_control_v2/hook/cmake_prefix_path.sh'
[7.302s] Level 1:colcon.colcon_core.environment:checking '/home/wq/MDH/ros_ws/install/motor_control_v2/lib'
[7.302s] Level 1:colcon.colcon_core.environment:checking '/home/wq/MDH/ros_ws/install/motor_control_v2/bin'
[7.302s] Level 1:colcon.colcon_core.environment:checking '/home/wq/MDH/ros_ws/install/motor_control_v2/lib/pkgconfig/motor_control_v2.pc'
[7.302s] Level 1:colcon.colcon_core.environment:checking '/home/wq/MDH/ros_ws/install/motor_control_v2/lib/python3.10/site-packages'
[7.302s] Level 1:colcon.colcon_core.environment:checking '/home/wq/MDH/ros_ws/install/motor_control_v2/bin'
[7.303s] INFO:colcon.colcon_core.shell:Creating package script '/home/wq/MDH/ros_ws/install/motor_control_v2/share/motor_control_v2/package.ps1'
[7.303s] INFO:colcon.colcon_core.shell:Creating package descriptor '/home/wq/MDH/ros_ws/install/motor_control_v2/share/motor_control_v2/package.dsv'
[7.303s] INFO:colcon.colcon_core.shell:Creating package script '/home/wq/MDH/ros_ws/install/motor_control_v2/share/motor_control_v2/package.sh'
[7.304s] INFO:colcon.colcon_core.shell:Creating package script '/home/wq/MDH/ros_ws/install/motor_control_v2/share/motor_control_v2/package.bash'
[7.304s] INFO:colcon.colcon_core.shell:Creating package script '/home/wq/MDH/ros_ws/install/motor_control_v2/share/motor_control_v2/package.zsh'
[7.305s] Level 1:colcon.colcon_core.environment:create_file_with_runtime_dependencies(/home/wq/MDH/ros_ws/install/motor_control_v2/share/colcon-core/packages/motor_control_v2)
[7.305s] DEBUG:colcon.colcon_parallel_executor.executor.parallel:closing loop
[7.305s] DEBUG:colcon.colcon_parallel_executor.executor.parallel:loop closed
[7.305s] DEBUG:colcon.colcon_parallel_executor.executor.parallel:run_until_complete finished with '0'
[7.305s] DEBUG:colcon.colcon_core.event_reactor:joining thread
[7.314s] INFO:colcon.colcon_core.plugin_system:Skipping extension 'colcon_notification.desktop_notification.terminal_notifier': Not used on non-Darwin systems
[7.314s] INFO:colcon.colcon_core.plugin_system:Skipping extension 'colcon_notification.desktop_notification.win32': Not used on non-Windows systems
[7.314s] INFO:colcon.colcon_notification.desktop_notification:Sending desktop notification using 'notify2'
[7.330s] DEBUG:colcon.colcon_core.event_reactor:joined thread
[7.331s] INFO:colcon.colcon_core.shell:Creating prefix script '/home/wq/MDH/ros_ws/install/local_setup.ps1'
[7.332s] INFO:colcon.colcon_core.shell:Creating prefix util module '/home/wq/MDH/ros_ws/install/_local_setup_util_ps1.py'
[7.334s] INFO:colcon.colcon_core.shell:Creating prefix chain script '/home/wq/MDH/ros_ws/install/setup.ps1'
[7.335s] INFO:colcon.colcon_core.shell:Creating prefix script '/home/wq/MDH/ros_ws/install/local_setup.sh'
[7.335s] INFO:colcon.colcon_core.shell:Creating prefix util module '/home/wq/MDH/ros_ws/install/_local_setup_util_sh.py'
[7.336s] INFO:colcon.colcon_core.shell:Creating prefix chain script '/home/wq/MDH/ros_ws/install/setup.sh'
[7.336s] INFO:colcon.colcon_core.shell:Creating prefix script '/home/wq/MDH/ros_ws/install/local_setup.bash'
[7.337s] INFO:colcon.colcon_core.shell:Creating prefix chain script '/home/wq/MDH/ros_ws/install/setup.bash'
[7.338s] INFO:colcon.colcon_core.shell:Creating prefix script '/home/wq/MDH/ros_ws/install/local_setup.zsh'
[7.338s] INFO:colcon.colcon_core.shell:Creating prefix chain script '/home/wq/MDH/ros_ws/install/setup.zsh'
