[0.016s] Invoking command in '/home/abc/MDH/ros_ws/build/motor_status': CMAKE_PREFIX_PATH=/opt/ros/humble /usr/bin/cmake /home/abc/MDH/ros_ws/src/motor_status -DCMAKE_INSTALL_PREFIX=/home/abc/MDH/ros_ws/install/motor_status
[0.141s] -- The C compiler identification is GNU 11.4.0
[0.206s] -- The CXX compiler identification is GNU 11.4.0
[0.220s] -- Detecting C compiler ABI info
[0.297s] -- Detecting C compiler ABI info - done
[0.303s] -- Check for working C compiler: /usr/bin/cc - skipped
[0.304s] -- Detecting C compile features
[0.305s] -- Detecting C compile features - done
[0.309s] -- Detecting CXX compiler ABI info
[0.404s] -- Detecting CXX compiler ABI info - done
[0.411s] -- Check for working CXX compiler: /usr/bin/c++ - skipped
[0.412s] -- Detecting CXX compile features
[0.412s] -- Detecting CXX compile features - done
[0.429s] -- Found ament_cmake: 1.3.11 (/opt/ros/humble/share/ament_cmake/cmake)
[0.664s] -- Found Python3: /usr/bin/python3 (found version "3.10.12") found components: Interpreter 
[0.796s] -- Found rclcpp: 16.0.11 (/opt/ros/humble/share/rclcpp/cmake)
[0.843s] -- Found rosidl_generator_c: 3.1.6 (/opt/ros/humble/share/rosidl_generator_c/cmake)
[0.853s] -- Found rosidl_adapter: 3.1.6 (/opt/ros/humble/share/rosidl_adapter/cmake)
[0.867s] -- Found rosidl_generator_cpp: 3.1.6 (/opt/ros/humble/share/rosidl_generator_cpp/cmake)
[0.893s] -- Using all available rosidl_typesupport_c: rosidl_typesupport_fastrtps_c;rosidl_typesupport_introspection_c
[0.913s] -- Using all available rosidl_typesupport_cpp: rosidl_typesupport_fastrtps_cpp;rosidl_typesupport_introspection_cpp
[0.990s] -- Found rmw_implementation_cmake: 6.1.2 (/opt/ros/humble/share/rmw_implementation_cmake/cmake)
[0.993s] -- Found rmw_fastrtps_cpp: 6.2.7 (/opt/ros/humble/share/rmw_fastrtps_cpp/cmake)
[1.108s] -- Found OpenSSL: /usr/lib/x86_64-linux-gnu/libcrypto.so (found version "3.0.2")  
[1.140s] -- Found FastRTPS: /opt/ros/humble/include  
[1.177s] -- Using RMW implementation 'rmw_fastrtps_cpp' as default
[1.193s] -- Looking for pthread.h
[1.272s] -- Looking for pthread.h - found
[1.273s] -- Performing Test CMAKE_HAVE_LIBC_PTHREAD
[1.344s] -- Performing Test CMAKE_HAVE_LIBC_PTHREAD - Success
[1.345s] -- Found Threads: TRUE  
[1.418s] -- Found ament_lint_auto: 0.12.11 (/opt/ros/humble/share/ament_lint_auto/cmake)
[1.502s] -- Added test 'cppcheck' to perform static code analysis on C / C++ code
[1.502s] -- Configured cppcheck include dirs: /home/abc/MDH/ros_ws/src/motor_status/../../../thirdparty/cpp-httplib;/home/abc/MDH/ros_ws/src/motor_status/../../../thirdparty/json/include;/home/abc/MDH/ros_ws/src/motor_status/../../../thirdparty/serial/src
[1.502s] -- Configured cppcheck exclude dirs and/or files: 
[1.504s] -- Added test 'lint_cmake' to check CMake code style
[1.506s] -- Added test 'uncrustify' to check C / C++ code style
[1.506s] -- Configured uncrustify additional arguments: 
[1.507s] -- Added test 'xmllint' to check XML markup files
[1.508s] -- Configuring done
[1.515s] -- Generating done
[1.519s] -- Build files have been written to: /home/abc/MDH/ros_ws/build/motor_status
[1.528s] Invoked command in '/home/abc/MDH/ros_ws/build/motor_status' returned '0': CMAKE_PREFIX_PATH=/opt/ros/humble /usr/bin/cmake /home/abc/MDH/ros_ws/src/motor_status -DCMAKE_INSTALL_PREFIX=/home/abc/MDH/ros_ws/install/motor_status
[1.528s] Invoking command in '/home/abc/MDH/ros_ws/build/motor_status': CMAKE_PREFIX_PATH=/opt/ros/humble /usr/bin/cmake --build /home/abc/MDH/ros_ws/build/motor_status -- -j8 -l8
[1.581s] [ 50%] [32mBuilding CXX object CMakeFiles/motor_status.dir/home/abc/MDH/thirdparty/serial/src/SerialImplUnix.cpp.o[0m
[1.581s] [ 75%] [32mBuilding CXX object CMakeFiles/motor_status.dir/home/abc/MDH/thirdparty/serial/src/Serial.cpp.o[0m
[1.582s] [ 75%] [32mBuilding CXX object CMakeFiles/motor_status.dir/src/motor_status.cpp.o[0m
[10.489s] [01m[K/home/abc/MDH/ros_ws/src/motor_status/src/motor_status.cpp:[m[K In lambda function:
[10.489s] [01m[K/home/abc/MDH/ros_ws/src/motor_status/src/motor_status.cpp:43:80:[m[K [01;35m[Kwarning: [m[Kunused parameter ‘[01m[Kreq[m[K’ [[01;35m[K]8;;https://gcc.gnu.org/onlinedocs/gcc/Warning-Options.html#index-Wunused-parameter-Wunused-parameter]8;;[m[K]
[10.490s]    43 |      svr.Get("/motor/state", [this]([01;35m[Kconst httplib::Request &req[m[K, httplib::Response &res)
[10.490s]       |                                     [01;35m[K~~~~~~~~~~~~~~~~~~~~~~~~^~~[m[K
[10.490s] 
[10.645s] [01m[K/home/abc/MDH/ros_ws/src/motor_status/src/motor_status.cpp:[m[K In member function ‘[01m[Kjson MotorStatusNode::query_motor_status()[m[K’:
[10.646s] [01m[K/home/abc/MDH/ros_ws/src/motor_status/src/motor_status.cpp:107:22:[m[K [01;35m[Kwarning: [m[Kunused variable ‘[01m[Kindex[m[K’ [[01;35m[K]8;;https://gcc.gnu.org/onlinedocs/gcc/Warning-Options.html#index-Wunused-variable-Wunused-variable]8;;[m[K]
[10.646s]   107 |             uint16_t [01;35m[Kindex[m[K;
[10.646s]       |                      [01;35m[K^~~~~[m[K
[35.211s] [100%] [32m[1mLinking CXX executable motor_status[0m
[36.753s] [100%] Built target motor_status
[36.792s] Invoked command in '/home/abc/MDH/ros_ws/build/motor_status' returned '0': CMAKE_PREFIX_PATH=/opt/ros/humble /usr/bin/cmake --build /home/abc/MDH/ros_ws/build/motor_status -- -j8 -l8
[36.796s] Invoking command in '/home/abc/MDH/ros_ws/build/motor_status': CMAKE_PREFIX_PATH=/opt/ros/humble /usr/bin/cmake --install /home/abc/MDH/ros_ws/build/motor_status
[36.827s] -- Install configuration: ""
[36.827s] -- Installing: /home/abc/MDH/ros_ws/install/motor_status/lib/motor_status/motor_status
[36.836s] -- Set runtime path of "/home/abc/MDH/ros_ws/install/motor_status/lib/motor_status/motor_status" to ""
[36.836s] -- Installing: /home/abc/MDH/ros_ws/install/motor_status/share/ament_index/resource_index/package_run_dependencies/motor_status
[36.839s] -- Installing: /home/abc/MDH/ros_ws/install/motor_status/share/ament_index/resource_index/parent_prefix_path/motor_status
[36.841s] -- Installing: /home/abc/MDH/ros_ws/install/motor_status/share/motor_status/environment/ament_prefix_path.sh
[36.841s] -- Installing: /home/abc/MDH/ros_ws/install/motor_status/share/motor_status/environment/ament_prefix_path.dsv
[36.851s] -- Installing: /home/abc/MDH/ros_ws/install/motor_status/share/motor_status/environment/path.sh
[36.851s] -- Installing: /home/abc/MDH/ros_ws/install/motor_status/share/motor_status/environment/path.dsv
[36.851s] -- Installing: /home/abc/MDH/ros_ws/install/motor_status/share/motor_status/local_setup.bash
[36.851s] -- Installing: /home/abc/MDH/ros_ws/install/motor_status/share/motor_status/local_setup.sh
[36.851s] -- Installing: /home/abc/MDH/ros_ws/install/motor_status/share/motor_status/local_setup.zsh
[36.851s] -- Installing: /home/abc/MDH/ros_ws/install/motor_status/share/motor_status/local_setup.dsv
[36.851s] -- Installing: /home/abc/MDH/ros_ws/install/motor_status/share/motor_status/package.dsv
[36.852s] -- Installing: /home/abc/MDH/ros_ws/install/motor_status/share/ament_index/resource_index/packages/motor_status
[36.852s] -- Installing: /home/abc/MDH/ros_ws/install/motor_status/share/motor_status/cmake/motor_statusConfig.cmake
[36.852s] -- Installing: /home/abc/MDH/ros_ws/install/motor_status/share/motor_status/cmake/motor_statusConfig-version.cmake
[36.858s] -- Installing: /home/abc/MDH/ros_ws/install/motor_status/share/motor_status/package.xml
[36.865s] Invoked command in '/home/abc/MDH/ros_ws/build/motor_status' returned '0': CMAKE_PREFIX_PATH=/opt/ros/humble /usr/bin/cmake --install /home/abc/MDH/ros_ws/build/motor_status
