[0.032s] Invoking command in '/home/abc/MDH/ros_ws/build/rmf_utils': CMAKE_PREFIX_PATH=/opt/ros/humble /usr/bin/cmake --build /home/abc/MDH/ros_ws/build/rmf_utils -- -j8 -l8
[0.094s] [35m[1mConsolidate compiler generated dependencies of target rmf_utils[0m
[0.106s] [100%] Built target rmf_utils
[0.132s] Invoked command in '/home/abc/MDH/ros_ws/build/rmf_utils' returned '0': CMAKE_PREFIX_PATH=/opt/ros/humble /usr/bin/cmake --build /home/abc/MDH/ros_ws/build/rmf_utils -- -j8 -l8
[0.150s] Invoking command in '/home/abc/MDH/ros_ws/build/rmf_utils': CMAKE_PREFIX_PATH=/opt/ros/humble /usr/bin/cmake --install /home/abc/MDH/ros_ws/build/rmf_utils
[0.164s] -- Install configuration: ""
[0.167s] -- Up-to-date: /home/abc/MDH/ros_ws/install/rmf_utils/lib/librmf_utils.so
[0.170s] -- Up-to-date: /home/abc/MDH/ros_ws/install/rmf_utils/include/rmf_utils
[0.170s] -- Up-to-date: /home/abc/MDH/ros_ws/install/rmf_utils/include/rmf_utils/math.hpp
[0.170s] -- Up-to-date: /home/abc/MDH/ros_ws/install/rmf_utils/include/rmf_utils/clone_ptr.hpp
[0.170s] -- Up-to-date: /home/abc/MDH/ros_ws/install/rmf_utils/include/rmf_utils/catch.hpp
[0.170s] -- Up-to-date: /home/abc/MDH/ros_ws/install/rmf_utils/include/rmf_utils/impl_ptr.hpp
[0.170s] -- Up-to-date: /home/abc/MDH/ros_ws/install/rmf_utils/include/rmf_utils/AssignID.hpp
[0.170s] -- Up-to-date: /home/abc/MDH/ros_ws/install/rmf_utils/include/rmf_utils/optional.hpp
[0.170s] -- Up-to-date: /home/abc/MDH/ros_ws/install/rmf_utils/include/rmf_utils/RateLimiter.hpp
[0.171s] -- Up-to-date: /home/abc/MDH/ros_ws/install/rmf_utils/include/rmf_utils/macros.hpp
[0.171s] -- Up-to-date: /home/abc/MDH/ros_ws/install/rmf_utils/include/rmf_utils/Modular.hpp
[0.171s] -- Up-to-date: /home/abc/MDH/ros_ws/install/rmf_utils/lib/rmf_utils/cmake/rmf_utils-config-version.cmake
[0.171s] -- Up-to-date: /home/abc/MDH/ros_ws/install/rmf_utils/lib/rmf_utils/cmake/rmf_utils-config.cmake
[0.171s] -- Up-to-date: /home/abc/MDH/ros_ws/install/rmf_utils/lib/rmf_utils/cmake/rmf_utils-targets.cmake
[0.172s] -- Up-to-date: /home/abc/MDH/ros_ws/install/rmf_utils/lib/rmf_utils/cmake/rmf_utils-targets-noconfig.cmake
[0.173s] -- Up-to-date: /home/abc/MDH/ros_ws/install/rmf_utils/share/rmf_utils/rmf_code_style.cfg
[0.173s] -- Up-to-date: /home/abc/MDH/ros_ws/install/rmf_utils/share/ament_index/resource_index/packages/rmf_utils
[0.174s] -- Up-to-date: /home/abc/MDH/ros_ws/install/rmf_utils/share/rmf_utils/hook/ament_prefix_path.dsv
[0.181s] Invoked command in '/home/abc/MDH/ros_ws/build/rmf_utils' returned '0': CMAKE_PREFIX_PATH=/opt/ros/humble /usr/bin/cmake --install /home/abc/MDH/ros_ws/build/rmf_utils
