[0.138s] DEBUG:colcon:Command line arguments: ['/usr/bin/colcon', 'build']
[0.138s] DEBUG:colcon:Parsed command line arguments: Namespace(log_base=None, log_level=None, verb_name='build', build_base='build', install_base='install', merge_install=False, symlink_install=False, test_result_base=None, continue_on_error=False, executor='parallel', parallel_workers=8, event_handlers=None, ignore_user_meta=False, metas=['./colcon.meta'], base_paths=['.'], packages_ignore=None, packages_ignore_regex=None, paths=None, packages_up_to=None, packages_up_to_regex=None, packages_above=None, packages_above_and_dependencies=None, packages_above_depth=None, packages_select_by_dep=None, packages_skip_by_dep=None, packages_skip_up_to=None, packages_select_build_failed=False, packages_skip_build_finished=False, packages_select_test_failures=False, packages_skip_test_passed=False, packages_select=None, packages_skip=None, packages_select_regex=None, packages_skip_regex=None, packages_start=None, packages_end=None, allow_overriding=[], cmake_args=None, cmake_target=None, cmake_target_skip_unavailable=False, cmake_clean_cache=False, cmake_clean_first=False, cmake_force_configure=False, ament_cmake_args=None, catkin_cmake_args=None, catkin_skip_building_tests=False, verb_parser=<colcon_defaults.argument_parser.defaults.DefaultArgumentsDecorator object at 0x78850ab32ad0>, verb_extension=<colcon_core.verb.build.BuildVerb object at 0x78850ab325c0>, main=<bound method BuildVerb.main of <colcon_core.verb.build.BuildVerb object at 0x78850ab325c0>>)
[0.313s] Level 1:colcon.colcon_core.package_discovery:discover_packages(colcon_meta) check parameters
[0.313s] Level 1:colcon.colcon_core.package_discovery:discover_packages(recursive) check parameters
[0.313s] Level 1:colcon.colcon_core.package_discovery:discover_packages(ignore) check parameters
[0.313s] Level 1:colcon.colcon_core.package_discovery:discover_packages(path) check parameters
[0.313s] Level 1:colcon.colcon_core.package_discovery:discover_packages(colcon_meta) discover
[0.314s] Level 1:colcon.colcon_core.package_discovery:discover_packages(recursive) discover
[0.314s] INFO:colcon.colcon_core.package_discovery:Crawling recursively for packages in '/home/abc/MDH/ros_ws'
[0.314s] Level 1:colcon.colcon_core.package_identification:_identify(.) by extensions ['ignore', 'ignore_ament_install']
[0.314s] Level 1:colcon.colcon_core.package_identification:_identify(.) by extension 'ignore'
[0.314s] Level 1:colcon.colcon_core.package_identification:_identify(.) by extension 'ignore_ament_install'
[0.314s] Level 1:colcon.colcon_core.package_identification:_identify(.) by extensions ['colcon_pkg']
[0.314s] Level 1:colcon.colcon_core.package_identification:_identify(.) by extension 'colcon_pkg'
[0.314s] Level 1:colcon.colcon_core.package_identification:_identify(.) by extensions ['colcon_meta']
[0.314s] Level 1:colcon.colcon_core.package_identification:_identify(.) by extension 'colcon_meta'
[0.314s] Level 1:colcon.colcon_core.package_identification:_identify(.) by extensions ['ros']
[0.314s] Level 1:colcon.colcon_core.package_identification:_identify(.) by extension 'ros'
[0.328s] Level 1:colcon.colcon_core.package_identification:_identify(.) by extensions ['cmake', 'python']
[0.328s] Level 1:colcon.colcon_core.package_identification:_identify(.) by extension 'cmake'
[0.328s] Level 1:colcon.colcon_core.package_identification:_identify(.) by extension 'python'
[0.328s] Level 1:colcon.colcon_core.package_identification:_identify(.) by extensions ['python_setup_py']
[0.328s] Level 1:colcon.colcon_core.package_identification:_identify(.) by extension 'python_setup_py'
[0.328s] Level 1:colcon.colcon_core.package_identification:_identify(build) by extensions ['ignore', 'ignore_ament_install']
[0.328s] Level 1:colcon.colcon_core.package_identification:_identify(build) by extension 'ignore'
[0.328s] Level 1:colcon.colcon_core.package_identification:_identify(build) ignored
[0.328s] Level 1:colcon.colcon_core.package_identification:_identify(install) by extensions ['ignore', 'ignore_ament_install']
[0.328s] Level 1:colcon.colcon_core.package_identification:_identify(install) by extension 'ignore'
[0.329s] Level 1:colcon.colcon_core.package_identification:_identify(install) ignored
[0.329s] Level 1:colcon.colcon_core.package_identification:_identify(log) by extensions ['ignore', 'ignore_ament_install']
[0.329s] Level 1:colcon.colcon_core.package_identification:_identify(log) by extension 'ignore'
[0.329s] Level 1:colcon.colcon_core.package_identification:_identify(log) ignored
[0.329s] Level 1:colcon.colcon_core.package_identification:_identify(src) by extensions ['ignore', 'ignore_ament_install']
[0.329s] Level 1:colcon.colcon_core.package_identification:_identify(src) by extension 'ignore'
[0.329s] Level 1:colcon.colcon_core.package_identification:_identify(src) by extension 'ignore_ament_install'
[0.329s] Level 1:colcon.colcon_core.package_identification:_identify(src) by extensions ['colcon_pkg']
[0.329s] Level 1:colcon.colcon_core.package_identification:_identify(src) by extension 'colcon_pkg'
[0.329s] Level 1:colcon.colcon_core.package_identification:_identify(src) by extensions ['colcon_meta']
[0.329s] Level 1:colcon.colcon_core.package_identification:_identify(src) by extension 'colcon_meta'
[0.329s] Level 1:colcon.colcon_core.package_identification:_identify(src) by extensions ['ros']
[0.329s] Level 1:colcon.colcon_core.package_identification:_identify(src) by extension 'ros'
[0.329s] Level 1:colcon.colcon_core.package_identification:_identify(src) by extensions ['cmake', 'python']
[0.329s] Level 1:colcon.colcon_core.package_identification:_identify(src) by extension 'cmake'
[0.329s] Level 1:colcon.colcon_core.package_identification:_identify(src) by extension 'python'
[0.329s] Level 1:colcon.colcon_core.package_identification:_identify(src) by extensions ['python_setup_py']
[0.329s] Level 1:colcon.colcon_core.package_identification:_identify(src) by extension 'python_setup_py'
[0.329s] Level 1:colcon.colcon_core.package_identification:_identify(src/internal_msgs) by extensions ['ignore', 'ignore_ament_install']
[0.330s] Level 1:colcon.colcon_core.package_identification:_identify(src/internal_msgs) by extension 'ignore'
[0.330s] Level 1:colcon.colcon_core.package_identification:_identify(src/internal_msgs) by extension 'ignore_ament_install'
[0.330s] Level 1:colcon.colcon_core.package_identification:_identify(src/internal_msgs) by extensions ['colcon_pkg']
[0.330s] Level 1:colcon.colcon_core.package_identification:_identify(src/internal_msgs) by extension 'colcon_pkg'
[0.330s] Level 1:colcon.colcon_core.package_identification:_identify(src/internal_msgs) by extensions ['colcon_meta']
[0.330s] Level 1:colcon.colcon_core.package_identification:_identify(src/internal_msgs) by extension 'colcon_meta'
[0.330s] Level 1:colcon.colcon_core.package_identification:_identify(src/internal_msgs) by extensions ['ros']
[0.330s] Level 1:colcon.colcon_core.package_identification:_identify(src/internal_msgs) by extension 'ros'
[0.330s] Level 1:colcon.colcon_core.package_identification:_identify(src/internal_msgs) by extensions ['cmake', 'python']
[0.330s] Level 1:colcon.colcon_core.package_identification:_identify(src/internal_msgs) by extension 'cmake'
[0.330s] Level 1:colcon.colcon_core.package_identification:_identify(src/internal_msgs) by extension 'python'
[0.330s] Level 1:colcon.colcon_core.package_identification:_identify(src/internal_msgs) by extensions ['python_setup_py']
[0.330s] Level 1:colcon.colcon_core.package_identification:_identify(src/internal_msgs) by extension 'python_setup_py'
[0.330s] Level 1:colcon.colcon_core.package_identification:_identify(src/internal_msgs/motor_control_command_msgs) by extensions ['ignore', 'ignore_ament_install']
[0.330s] Level 1:colcon.colcon_core.package_identification:_identify(src/internal_msgs/motor_control_command_msgs) by extension 'ignore'
[0.330s] Level 1:colcon.colcon_core.package_identification:_identify(src/internal_msgs/motor_control_command_msgs) by extension 'ignore_ament_install'
[0.330s] Level 1:colcon.colcon_core.package_identification:_identify(src/internal_msgs/motor_control_command_msgs) by extensions ['colcon_pkg']
[0.331s] Level 1:colcon.colcon_core.package_identification:_identify(src/internal_msgs/motor_control_command_msgs) by extension 'colcon_pkg'
[0.331s] Level 1:colcon.colcon_core.package_identification:_identify(src/internal_msgs/motor_control_command_msgs) by extensions ['colcon_meta']
[0.331s] Level 1:colcon.colcon_core.package_identification:_identify(src/internal_msgs/motor_control_command_msgs) by extension 'colcon_meta'
[0.331s] Level 1:colcon.colcon_core.package_identification:_identify(src/internal_msgs/motor_control_command_msgs) by extensions ['ros']
[0.331s] Level 1:colcon.colcon_core.package_identification:_identify(src/internal_msgs/motor_control_command_msgs) by extension 'ros'
[0.334s] DEBUG:colcon.colcon_core.package_identification:Package 'src/internal_msgs/motor_control_command_msgs' with type 'ros.ament_cmake' and name 'motor_control_command_msgs'
[0.335s] Level 1:colcon.colcon_core.package_identification:_identify(src/motor_control) by extensions ['ignore', 'ignore_ament_install']
[0.335s] Level 1:colcon.colcon_core.package_identification:_identify(src/motor_control) by extension 'ignore'
[0.335s] Level 1:colcon.colcon_core.package_identification:_identify(src/motor_control) by extension 'ignore_ament_install'
[0.335s] Level 1:colcon.colcon_core.package_identification:_identify(src/motor_control) by extensions ['colcon_pkg']
[0.335s] Level 1:colcon.colcon_core.package_identification:_identify(src/motor_control) by extension 'colcon_pkg'
[0.335s] Level 1:colcon.colcon_core.package_identification:_identify(src/motor_control) by extensions ['colcon_meta']
[0.335s] Level 1:colcon.colcon_core.package_identification:_identify(src/motor_control) by extension 'colcon_meta'
[0.335s] Level 1:colcon.colcon_core.package_identification:_identify(src/motor_control) by extensions ['ros']
[0.335s] Level 1:colcon.colcon_core.package_identification:_identify(src/motor_control) by extension 'ros'
[0.336s] DEBUG:colcon.colcon_core.package_identification:Package 'src/motor_control' with type 'ros.ament_cmake' and name 'motor_control'
[0.336s] Level 1:colcon.colcon_core.package_identification:_identify(src/motor_status) by extensions ['ignore', 'ignore_ament_install']
[0.336s] Level 1:colcon.colcon_core.package_identification:_identify(src/motor_status) by extension 'ignore'
[0.336s] Level 1:colcon.colcon_core.package_identification:_identify(src/motor_status) by extension 'ignore_ament_install'
[0.337s] Level 1:colcon.colcon_core.package_identification:_identify(src/motor_status) by extensions ['colcon_pkg']
[0.337s] Level 1:colcon.colcon_core.package_identification:_identify(src/motor_status) by extension 'colcon_pkg'
[0.337s] Level 1:colcon.colcon_core.package_identification:_identify(src/motor_status) by extensions ['colcon_meta']
[0.337s] Level 1:colcon.colcon_core.package_identification:_identify(src/motor_status) by extension 'colcon_meta'
[0.337s] Level 1:colcon.colcon_core.package_identification:_identify(src/motor_status) by extensions ['ros']
[0.337s] Level 1:colcon.colcon_core.package_identification:_identify(src/motor_status) by extension 'ros'
[0.338s] DEBUG:colcon.colcon_core.package_identification:Package 'src/motor_status' with type 'ros.ament_cmake' and name 'motor_status'
[0.338s] Level 1:colcon.colcon_core.package_identification:_identify(src/rmf_utils) by extensions ['ignore', 'ignore_ament_install']
[0.338s] Level 1:colcon.colcon_core.package_identification:_identify(src/rmf_utils) by extension 'ignore'
[0.338s] Level 1:colcon.colcon_core.package_identification:_identify(src/rmf_utils) by extension 'ignore_ament_install'
[0.338s] Level 1:colcon.colcon_core.package_identification:_identify(src/rmf_utils) by extensions ['colcon_pkg']
[0.338s] Level 1:colcon.colcon_core.package_identification:_identify(src/rmf_utils) by extension 'colcon_pkg'
[0.338s] Level 1:colcon.colcon_core.package_identification:_identify(src/rmf_utils) by extensions ['colcon_meta']
[0.339s] Level 1:colcon.colcon_core.package_identification:_identify(src/rmf_utils) by extension 'colcon_meta'
[0.339s] Level 1:colcon.colcon_core.package_identification:_identify(src/rmf_utils) by extensions ['ros']
[0.339s] Level 1:colcon.colcon_core.package_identification:_identify(src/rmf_utils) by extension 'ros'
[0.339s] Level 1:colcon.colcon_core.package_identification:_identify(src/rmf_utils) by extensions ['cmake', 'python']
[0.339s] Level 1:colcon.colcon_core.package_identification:_identify(src/rmf_utils) by extension 'cmake'
[0.339s] Level 1:colcon.colcon_core.package_identification:_identify(src/rmf_utils) by extension 'python'
[0.339s] Level 1:colcon.colcon_core.package_identification:_identify(src/rmf_utils) by extensions ['python_setup_py']
[0.339s] Level 1:colcon.colcon_core.package_identification:_identify(src/rmf_utils) by extension 'python_setup_py'
[0.339s] Level 1:colcon.colcon_core.package_identification:_identify(src/rmf_utils/docs) by extensions ['ignore', 'ignore_ament_install']
[0.339s] Level 1:colcon.colcon_core.package_identification:_identify(src/rmf_utils/docs) by extension 'ignore'
[0.339s] Level 1:colcon.colcon_core.package_identification:_identify(src/rmf_utils/docs) by extension 'ignore_ament_install'
[0.339s] Level 1:colcon.colcon_core.package_identification:_identify(src/rmf_utils/docs) by extensions ['colcon_pkg']
[0.339s] Level 1:colcon.colcon_core.package_identification:_identify(src/rmf_utils/docs) by extension 'colcon_pkg'
[0.339s] Level 1:colcon.colcon_core.package_identification:_identify(src/rmf_utils/docs) by extensions ['colcon_meta']
[0.339s] Level 1:colcon.colcon_core.package_identification:_identify(src/rmf_utils/docs) by extension 'colcon_meta'
[0.340s] Level 1:colcon.colcon_core.package_identification:_identify(src/rmf_utils/docs) by extensions ['ros']
[0.340s] Level 1:colcon.colcon_core.package_identification:_identify(src/rmf_utils/docs) by extension 'ros'
[0.340s] Level 1:colcon.colcon_core.package_identification:_identify(src/rmf_utils/docs) by extensions ['cmake', 'python']
[0.340s] Level 1:colcon.colcon_core.package_identification:_identify(src/rmf_utils/docs) by extension 'cmake'
[0.340s] Level 1:colcon.colcon_core.package_identification:_identify(src/rmf_utils/docs) by extension 'python'
[0.340s] Level 1:colcon.colcon_core.package_identification:_identify(src/rmf_utils/docs) by extensions ['python_setup_py']
[0.340s] Level 1:colcon.colcon_core.package_identification:_identify(src/rmf_utils/docs) by extension 'python_setup_py'
[0.340s] Level 1:colcon.colcon_core.package_identification:_identify(src/rmf_utils/rmf_utils) by extensions ['ignore', 'ignore_ament_install']
[0.340s] Level 1:colcon.colcon_core.package_identification:_identify(src/rmf_utils/rmf_utils) by extension 'ignore'
[0.340s] Level 1:colcon.colcon_core.package_identification:_identify(src/rmf_utils/rmf_utils) by extension 'ignore_ament_install'
[0.340s] Level 1:colcon.colcon_core.package_identification:_identify(src/rmf_utils/rmf_utils) by extensions ['colcon_pkg']
[0.340s] Level 1:colcon.colcon_core.package_identification:_identify(src/rmf_utils/rmf_utils) by extension 'colcon_pkg'
[0.341s] Level 1:colcon.colcon_core.package_identification:_identify(src/rmf_utils/rmf_utils) by extensions ['colcon_meta']
[0.341s] Level 1:colcon.colcon_core.package_identification:_identify(src/rmf_utils/rmf_utils) by extension 'colcon_meta'
[0.341s] Level 1:colcon.colcon_core.package_identification:_identify(src/rmf_utils/rmf_utils) by extensions ['ros']
[0.341s] Level 1:colcon.colcon_core.package_identification:_identify(src/rmf_utils/rmf_utils) by extension 'ros'
[0.341s] DEBUG:colcon.colcon_core.package_identification:Package 'src/rmf_utils/rmf_utils' with type 'ros.cmake' and name 'rmf_utils'
[0.341s] Level 1:colcon.colcon_core.package_discovery:discover_packages(recursive) using defaults
[0.341s] Level 1:colcon.colcon_core.package_discovery:discover_packages(ignore) discover
[0.341s] Level 1:colcon.colcon_core.package_discovery:discover_packages(ignore) using defaults
[0.341s] Level 1:colcon.colcon_core.package_discovery:discover_packages(path) discover
[0.341s] Level 1:colcon.colcon_core.package_discovery:discover_packages(path) using defaults
[0.368s] INFO:colcon.colcon_metadata.metadata.colcon_pkg:Updating descriptor of package 'src/rmf_utils/rmf_utils' from colcon.pkg: {'hooks': ['share/rmf_utils/hook/ament_prefix_path.dsv']}
[0.371s] Level 1:colcon.colcon_core.package_discovery:discover_packages(prefix_path) check parameters
[0.371s] Level 1:colcon.colcon_core.package_discovery:discover_packages(prefix_path) discover
[0.374s] DEBUG:colcon.colcon_installed_package_information.package_discovery:Found 271 installed packages in /opt/ros/humble
[0.405s] Level 1:colcon.colcon_core.package_discovery:discover_packages(prefix_path) using defaults
[0.440s] Level 5:colcon.colcon_core.verb:set package 'motor_control_command_msgs' build argument 'cmake_args' from command line to 'None'
[0.440s] Level 5:colcon.colcon_core.verb:set package 'motor_control_command_msgs' build argument 'cmake_target' from command line to 'None'
[0.440s] Level 5:colcon.colcon_core.verb:set package 'motor_control_command_msgs' build argument 'cmake_target_skip_unavailable' from command line to 'False'
[0.440s] Level 5:colcon.colcon_core.verb:set package 'motor_control_command_msgs' build argument 'cmake_clean_cache' from command line to 'False'
[0.440s] Level 5:colcon.colcon_core.verb:set package 'motor_control_command_msgs' build argument 'cmake_clean_first' from command line to 'False'
[0.440s] Level 5:colcon.colcon_core.verb:set package 'motor_control_command_msgs' build argument 'cmake_force_configure' from command line to 'False'
[0.440s] Level 5:colcon.colcon_core.verb:set package 'motor_control_command_msgs' build argument 'ament_cmake_args' from command line to 'None'
[0.440s] Level 5:colcon.colcon_core.verb:set package 'motor_control_command_msgs' build argument 'catkin_cmake_args' from command line to 'None'
[0.440s] Level 5:colcon.colcon_core.verb:set package 'motor_control_command_msgs' build argument 'catkin_skip_building_tests' from command line to 'False'
[0.441s] DEBUG:colcon.colcon_core.verb:Building package 'motor_control_command_msgs' with the following arguments: {'ament_cmake_args': None, 'build_base': '/home/abc/MDH/ros_ws/build/motor_control_command_msgs', 'catkin_cmake_args': None, 'catkin_skip_building_tests': False, 'cmake_args': None, 'cmake_clean_cache': False, 'cmake_clean_first': False, 'cmake_force_configure': False, 'cmake_target': None, 'cmake_target_skip_unavailable': False, 'install_base': '/home/abc/MDH/ros_ws/install/motor_control_command_msgs', 'merge_install': False, 'path': '/home/abc/MDH/ros_ws/src/internal_msgs/motor_control_command_msgs', 'symlink_install': False, 'test_result_base': None}
[0.441s] Level 5:colcon.colcon_core.verb:set package 'motor_status' build argument 'cmake_args' from command line to 'None'
[0.441s] Level 5:colcon.colcon_core.verb:set package 'motor_status' build argument 'cmake_target' from command line to 'None'
[0.441s] Level 5:colcon.colcon_core.verb:set package 'motor_status' build argument 'cmake_target_skip_unavailable' from command line to 'False'
[0.441s] Level 5:colcon.colcon_core.verb:set package 'motor_status' build argument 'cmake_clean_cache' from command line to 'False'
[0.441s] Level 5:colcon.colcon_core.verb:set package 'motor_status' build argument 'cmake_clean_first' from command line to 'False'
[0.441s] Level 5:colcon.colcon_core.verb:set package 'motor_status' build argument 'cmake_force_configure' from command line to 'False'
[0.441s] Level 5:colcon.colcon_core.verb:set package 'motor_status' build argument 'ament_cmake_args' from command line to 'None'
[0.441s] Level 5:colcon.colcon_core.verb:set package 'motor_status' build argument 'catkin_cmake_args' from command line to 'None'
[0.441s] Level 5:colcon.colcon_core.verb:set package 'motor_status' build argument 'catkin_skip_building_tests' from command line to 'False'
[0.441s] DEBUG:colcon.colcon_core.verb:Building package 'motor_status' with the following arguments: {'ament_cmake_args': None, 'build_base': '/home/abc/MDH/ros_ws/build/motor_status', 'catkin_cmake_args': None, 'catkin_skip_building_tests': False, 'cmake_args': None, 'cmake_clean_cache': False, 'cmake_clean_first': False, 'cmake_force_configure': False, 'cmake_target': None, 'cmake_target_skip_unavailable': False, 'install_base': '/home/abc/MDH/ros_ws/install/motor_status', 'merge_install': False, 'path': '/home/abc/MDH/ros_ws/src/motor_status', 'symlink_install': False, 'test_result_base': None}
[0.441s] Level 5:colcon.colcon_core.verb:set package 'rmf_utils' build argument 'cmake_args' from command line to 'None'
[0.441s] Level 5:colcon.colcon_core.verb:set package 'rmf_utils' build argument 'cmake_target' from command line to 'None'
[0.441s] Level 5:colcon.colcon_core.verb:set package 'rmf_utils' build argument 'cmake_target_skip_unavailable' from command line to 'False'
[0.441s] Level 5:colcon.colcon_core.verb:set package 'rmf_utils' build argument 'cmake_clean_cache' from command line to 'False'
[0.441s] Level 5:colcon.colcon_core.verb:set package 'rmf_utils' build argument 'cmake_clean_first' from command line to 'False'
[0.441s] Level 5:colcon.colcon_core.verb:set package 'rmf_utils' build argument 'cmake_force_configure' from command line to 'False'
[0.441s] Level 5:colcon.colcon_core.verb:set package 'rmf_utils' build argument 'ament_cmake_args' from command line to 'None'
[0.441s] Level 5:colcon.colcon_core.verb:set package 'rmf_utils' build argument 'catkin_cmake_args' from command line to 'None'
[0.441s] Level 5:colcon.colcon_core.verb:set package 'rmf_utils' build argument 'catkin_skip_building_tests' from command line to 'False'
[0.441s] DEBUG:colcon.colcon_core.verb:Building package 'rmf_utils' with the following arguments: {'ament_cmake_args': None, 'build_base': '/home/abc/MDH/ros_ws/build/rmf_utils', 'catkin_cmake_args': None, 'catkin_skip_building_tests': False, 'cmake_args': None, 'cmake_clean_cache': False, 'cmake_clean_first': False, 'cmake_force_configure': False, 'cmake_target': None, 'cmake_target_skip_unavailable': False, 'install_base': '/home/abc/MDH/ros_ws/install/rmf_utils', 'merge_install': False, 'path': '/home/abc/MDH/ros_ws/src/rmf_utils/rmf_utils', 'symlink_install': False, 'test_result_base': None}
[0.442s] Level 5:colcon.colcon_core.verb:set package 'motor_control' build argument 'cmake_args' from command line to 'None'
[0.442s] Level 5:colcon.colcon_core.verb:set package 'motor_control' build argument 'cmake_target' from command line to 'None'
[0.442s] Level 5:colcon.colcon_core.verb:set package 'motor_control' build argument 'cmake_target_skip_unavailable' from command line to 'False'
[0.442s] Level 5:colcon.colcon_core.verb:set package 'motor_control' build argument 'cmake_clean_cache' from command line to 'False'
[0.442s] Level 5:colcon.colcon_core.verb:set package 'motor_control' build argument 'cmake_clean_first' from command line to 'False'
[0.442s] Level 5:colcon.colcon_core.verb:set package 'motor_control' build argument 'cmake_force_configure' from command line to 'False'
[0.442s] Level 5:colcon.colcon_core.verb:set package 'motor_control' build argument 'ament_cmake_args' from command line to 'None'
[0.442s] Level 5:colcon.colcon_core.verb:set package 'motor_control' build argument 'catkin_cmake_args' from command line to 'None'
[0.442s] Level 5:colcon.colcon_core.verb:set package 'motor_control' build argument 'catkin_skip_building_tests' from command line to 'False'
[0.442s] DEBUG:colcon.colcon_core.verb:Building package 'motor_control' with the following arguments: {'ament_cmake_args': None, 'build_base': '/home/abc/MDH/ros_ws/build/motor_control', 'catkin_cmake_args': None, 'catkin_skip_building_tests': False, 'cmake_args': None, 'cmake_clean_cache': False, 'cmake_clean_first': False, 'cmake_force_configure': False, 'cmake_target': None, 'cmake_target_skip_unavailable': False, 'install_base': '/home/abc/MDH/ros_ws/install/motor_control', 'merge_install': False, 'path': '/home/abc/MDH/ros_ws/src/motor_control', 'symlink_install': False, 'test_result_base': None}
[0.442s] INFO:colcon.colcon_core.executor:Executing jobs using 'parallel' executor
[0.444s] DEBUG:colcon.colcon_parallel_executor.executor.parallel:run_until_complete
[0.445s] INFO:colcon.colcon_ros.task.ament_cmake.build:Building ROS package in '/home/abc/MDH/ros_ws/src/internal_msgs/motor_control_command_msgs' with build type 'ament_cmake'
[0.445s] INFO:colcon.colcon_cmake.task.cmake.build:Building CMake package in '/home/abc/MDH/ros_ws/src/internal_msgs/motor_control_command_msgs'
[0.450s] INFO:colcon.colcon_core.plugin_system:Skipping extension 'colcon_core.shell.bat': Not used on non-Windows systems
[0.450s] INFO:colcon.colcon_core.shell:Skip shell extension 'powershell' for command environment: Not usable outside of PowerShell
[0.451s] DEBUG:colcon.colcon_core.shell:Skip shell extension 'dsv' for command environment
[0.456s] INFO:colcon.colcon_ros.task.ament_cmake.build:Building ROS package in '/home/abc/MDH/ros_ws/src/motor_status' with build type 'ament_cmake'
[0.456s] INFO:colcon.colcon_cmake.task.cmake.build:Building CMake package in '/home/abc/MDH/ros_ws/src/motor_status'
[0.456s] INFO:colcon.colcon_core.shell:Skip shell extension 'powershell' for command environment: Not usable outside of PowerShell
[0.456s] DEBUG:colcon.colcon_core.shell:Skip shell extension 'dsv' for command environment
[0.459s] INFO:colcon.colcon_ros.task.cmake.build:Building ROS package in '/home/abc/MDH/ros_ws/src/rmf_utils/rmf_utils' with build type 'cmake'
[0.460s] INFO:colcon.colcon_cmake.task.cmake.build:Building CMake package in '/home/abc/MDH/ros_ws/src/rmf_utils/rmf_utils'
[0.460s] INFO:colcon.colcon_core.shell:Skip shell extension 'powershell' for command environment: Not usable outside of PowerShell
[0.460s] DEBUG:colcon.colcon_core.shell:Skip shell extension 'dsv' for command environment
[0.481s] DEBUG:colcon.colcon_core.event_handler.log_command:Invoking command in '/home/abc/MDH/ros_ws/build/motor_control_command_msgs': CMAKE_PREFIX_PATH=/opt/ros/humble /usr/bin/cmake --build /home/abc/MDH/ros_ws/build/motor_control_command_msgs -- -j8 -l8
[0.488s] DEBUG:colcon.colcon_core.event_handler.log_command:Invoking command in '/home/abc/MDH/ros_ws/build/motor_status': CMAKE_PREFIX_PATH=/opt/ros/humble /usr/bin/cmake --build /home/abc/MDH/ros_ws/build/motor_status -- -j8 -l8
[0.497s] DEBUG:colcon.colcon_core.event_handler.log_command:Invoking command in '/home/abc/MDH/ros_ws/build/rmf_utils': CMAKE_PREFIX_PATH=/opt/ros/humble /usr/bin/cmake --build /home/abc/MDH/ros_ws/build/rmf_utils -- -j8 -l8
[0.633s] DEBUG:colcon.colcon_core.event_handler.log_command:Invoked command in '/home/abc/MDH/ros_ws/build/motor_status' returned '0': CMAKE_PREFIX_PATH=/opt/ros/humble /usr/bin/cmake --build /home/abc/MDH/ros_ws/build/motor_status -- -j8 -l8
[0.655s] DEBUG:colcon.colcon_core.event_handler.log_command:Invoking command in '/home/abc/MDH/ros_ws/build/motor_status': CMAKE_PREFIX_PATH=/opt/ros/humble /usr/bin/cmake --install /home/abc/MDH/ros_ws/build/motor_status
[0.657s] DEBUG:colcon.colcon_core.event_handler.log_command:Invoked command in '/home/abc/MDH/ros_ws/build/rmf_utils' returned '0': CMAKE_PREFIX_PATH=/opt/ros/humble /usr/bin/cmake --build /home/abc/MDH/ros_ws/build/rmf_utils -- -j8 -l8
[0.659s] DEBUG:colcon.colcon_core.event_handler.log_command:Invoking command in '/home/abc/MDH/ros_ws/build/rmf_utils': CMAKE_PREFIX_PATH=/opt/ros/humble /usr/bin/cmake --install /home/abc/MDH/ros_ws/build/rmf_utils
[0.672s] Level 1:colcon.colcon_core.environment:create_environment_scripts_only(motor_status)
[0.675s] DEBUG:colcon.colcon_core.event_handler.log_command:Invoked command in '/home/abc/MDH/ros_ws/build/motor_status' returned '0': CMAKE_PREFIX_PATH=/opt/ros/humble /usr/bin/cmake --install /home/abc/MDH/ros_ws/build/motor_status
[0.681s] Level 1:colcon.colcon_core.environment:checking '/home/abc/MDH/ros_ws/install/motor_status' for CMake module files
[0.683s] Level 1:colcon.colcon_core.environment:checking '/home/abc/MDH/ros_ws/install/motor_status' for CMake config files
[0.684s] Level 1:colcon.colcon_core.shell:create_environment_hook('motor_status', 'cmake_prefix_path')
[0.685s] INFO:colcon.colcon_core.shell:Creating environment hook '/home/abc/MDH/ros_ws/install/motor_status/share/motor_status/hook/cmake_prefix_path.ps1'
[0.686s] INFO:colcon.colcon_core.shell:Creating environment descriptor '/home/abc/MDH/ros_ws/install/motor_status/share/motor_status/hook/cmake_prefix_path.dsv'
[0.687s] INFO:colcon.colcon_core.shell:Creating environment hook '/home/abc/MDH/ros_ws/install/motor_status/share/motor_status/hook/cmake_prefix_path.sh'
[0.688s] Level 1:colcon.colcon_core.environment:checking '/home/abc/MDH/ros_ws/install/motor_status/lib'
[0.689s] Level 1:colcon.colcon_core.environment:checking '/home/abc/MDH/ros_ws/install/motor_status/bin'
[0.689s] Level 1:colcon.colcon_core.environment:checking '/home/abc/MDH/ros_ws/install/motor_status/lib/pkgconfig/motor_status.pc'
[0.690s] Level 1:colcon.colcon_core.environment:checking '/home/abc/MDH/ros_ws/install/motor_status/lib/python3.10/site-packages'
[0.690s] Level 1:colcon.colcon_core.environment:checking '/home/abc/MDH/ros_ws/install/motor_status/bin'
[0.691s] INFO:colcon.colcon_core.shell:Creating package script '/home/abc/MDH/ros_ws/install/motor_status/share/motor_status/package.ps1'
[0.692s] INFO:colcon.colcon_core.shell:Creating package descriptor '/home/abc/MDH/ros_ws/install/motor_status/share/motor_status/package.dsv'
[0.693s] INFO:colcon.colcon_core.shell:Creating package script '/home/abc/MDH/ros_ws/install/motor_status/share/motor_status/package.sh'
[0.694s] INFO:colcon.colcon_core.shell:Creating package script '/home/abc/MDH/ros_ws/install/motor_status/share/motor_status/package.bash'
[0.696s] INFO:colcon.colcon_core.shell:Creating package script '/home/abc/MDH/ros_ws/install/motor_status/share/motor_status/package.zsh'
[0.699s] Level 1:colcon.colcon_core.environment:create_file_with_runtime_dependencies(/home/abc/MDH/ros_ws/install/motor_status/share/colcon-core/packages/motor_status)
[0.701s] Level 1:colcon.colcon_core.environment:create_environment_scripts_only(motor_status)
[0.702s] Level 1:colcon.colcon_core.environment:checking '/home/abc/MDH/ros_ws/install/motor_status' for CMake module files
[0.702s] Level 1:colcon.colcon_core.environment:checking '/home/abc/MDH/ros_ws/install/motor_status' for CMake config files
[0.703s] Level 1:colcon.colcon_core.shell:create_environment_hook('motor_status', 'cmake_prefix_path')
[0.703s] INFO:colcon.colcon_core.shell:Creating environment hook '/home/abc/MDH/ros_ws/install/motor_status/share/motor_status/hook/cmake_prefix_path.ps1'
[0.704s] INFO:colcon.colcon_core.shell:Creating environment descriptor '/home/abc/MDH/ros_ws/install/motor_status/share/motor_status/hook/cmake_prefix_path.dsv'
[0.704s] INFO:colcon.colcon_core.shell:Creating environment hook '/home/abc/MDH/ros_ws/install/motor_status/share/motor_status/hook/cmake_prefix_path.sh'
[0.705s] Level 1:colcon.colcon_core.environment:checking '/home/abc/MDH/ros_ws/install/motor_status/lib'
[0.705s] Level 1:colcon.colcon_core.environment:checking '/home/abc/MDH/ros_ws/install/motor_status/bin'
[0.705s] Level 1:colcon.colcon_core.environment:checking '/home/abc/MDH/ros_ws/install/motor_status/lib/pkgconfig/motor_status.pc'
[0.705s] Level 1:colcon.colcon_core.environment:checking '/home/abc/MDH/ros_ws/install/motor_status/lib/python3.10/site-packages'
[0.706s] Level 1:colcon.colcon_core.environment:checking '/home/abc/MDH/ros_ws/install/motor_status/bin'
[0.706s] INFO:colcon.colcon_core.shell:Creating package script '/home/abc/MDH/ros_ws/install/motor_status/share/motor_status/package.ps1'
[0.707s] INFO:colcon.colcon_core.shell:Creating package descriptor '/home/abc/MDH/ros_ws/install/motor_status/share/motor_status/package.dsv'
[0.710s] INFO:colcon.colcon_core.shell:Creating package script '/home/abc/MDH/ros_ws/install/motor_status/share/motor_status/package.sh'
[0.710s] INFO:colcon.colcon_core.shell:Creating package script '/home/abc/MDH/ros_ws/install/motor_status/share/motor_status/package.bash'
[0.711s] INFO:colcon.colcon_core.shell:Creating package script '/home/abc/MDH/ros_ws/install/motor_status/share/motor_status/package.zsh'
[0.711s] Level 1:colcon.colcon_core.environment:create_file_with_runtime_dependencies(/home/abc/MDH/ros_ws/install/motor_status/share/colcon-core/packages/motor_status)
[0.714s] Level 1:colcon.colcon_core.shell:create_environment_hook('rmf_utils', 'pkg_config_path')
[0.714s] INFO:colcon.colcon_core.shell:Creating environment hook '/home/abc/MDH/ros_ws/install/rmf_utils/share/rmf_utils/hook/pkg_config_path.ps1'
[0.715s] DEBUG:colcon.colcon_core.event_handler.log_command:Invoked command in '/home/abc/MDH/ros_ws/build/rmf_utils' returned '0': CMAKE_PREFIX_PATH=/opt/ros/humble /usr/bin/cmake --install /home/abc/MDH/ros_ws/build/rmf_utils
[0.715s] INFO:colcon.colcon_core.shell:Creating environment descriptor '/home/abc/MDH/ros_ws/install/rmf_utils/share/rmf_utils/hook/pkg_config_path.dsv'
[0.716s] INFO:colcon.colcon_core.shell:Creating environment hook '/home/abc/MDH/ros_ws/install/rmf_utils/share/rmf_utils/hook/pkg_config_path.sh'
[0.718s] Level 1:colcon.colcon_core.shell:create_environment_hook('rmf_utils', 'pkg_config_path_multiarch')
[0.718s] INFO:colcon.colcon_core.shell:Creating environment hook '/home/abc/MDH/ros_ws/install/rmf_utils/share/rmf_utils/hook/pkg_config_path_multiarch.ps1'
[0.719s] INFO:colcon.colcon_core.shell:Creating environment descriptor '/home/abc/MDH/ros_ws/install/rmf_utils/share/rmf_utils/hook/pkg_config_path_multiarch.dsv'
[0.720s] INFO:colcon.colcon_core.shell:Creating environment hook '/home/abc/MDH/ros_ws/install/rmf_utils/share/rmf_utils/hook/pkg_config_path_multiarch.sh'
[0.720s] Level 1:colcon.colcon_core.environment:create_environment_scripts_only(rmf_utils)
[0.721s] Level 1:colcon.colcon_core.environment:checking '/home/abc/MDH/ros_ws/install/rmf_utils' for CMake module files
[0.721s] Level 1:colcon.colcon_core.environment:checking '/home/abc/MDH/ros_ws/install/rmf_utils' for CMake config files
[0.722s] Level 1:colcon.colcon_core.shell:create_environment_hook('rmf_utils', 'cmake_prefix_path')
[0.722s] INFO:colcon.colcon_core.shell:Creating environment hook '/home/abc/MDH/ros_ws/install/rmf_utils/share/rmf_utils/hook/cmake_prefix_path.ps1'
[0.723s] INFO:colcon.colcon_core.shell:Creating environment descriptor '/home/abc/MDH/ros_ws/install/rmf_utils/share/rmf_utils/hook/cmake_prefix_path.dsv'
[0.724s] INFO:colcon.colcon_core.shell:Creating environment hook '/home/abc/MDH/ros_ws/install/rmf_utils/share/rmf_utils/hook/cmake_prefix_path.sh'
[0.725s] Level 1:colcon.colcon_core.environment:checking '/home/abc/MDH/ros_ws/install/rmf_utils/lib'
[0.725s] Level 1:colcon.colcon_core.shell:create_environment_hook('rmf_utils', 'ld_library_path_lib')
[0.726s] INFO:colcon.colcon_core.shell:Creating environment hook '/home/abc/MDH/ros_ws/install/rmf_utils/share/rmf_utils/hook/ld_library_path_lib.ps1'
[0.726s] INFO:colcon.colcon_core.shell:Creating environment descriptor '/home/abc/MDH/ros_ws/install/rmf_utils/share/rmf_utils/hook/ld_library_path_lib.dsv'
[0.728s] INFO:colcon.colcon_core.shell:Creating environment hook '/home/abc/MDH/ros_ws/install/rmf_utils/share/rmf_utils/hook/ld_library_path_lib.sh'
[0.730s] Level 1:colcon.colcon_core.environment:checking '/home/abc/MDH/ros_ws/install/rmf_utils/bin'
[0.730s] Level 1:colcon.colcon_core.environment:checking '/home/abc/MDH/ros_ws/install/rmf_utils/lib/pkgconfig/rmf_utils.pc'
[0.730s] Level 1:colcon.colcon_core.environment:checking '/home/abc/MDH/ros_ws/install/rmf_utils/lib/python3.10/site-packages'
[0.731s] Level 1:colcon.colcon_core.environment:checking '/home/abc/MDH/ros_ws/install/rmf_utils/bin'
[0.732s] INFO:colcon.colcon_core.shell:Creating package script '/home/abc/MDH/ros_ws/install/rmf_utils/share/rmf_utils/package.ps1'
[0.736s] INFO:colcon.colcon_core.shell:Creating package descriptor '/home/abc/MDH/ros_ws/install/rmf_utils/share/rmf_utils/package.dsv'
[0.738s] INFO:colcon.colcon_core.shell:Creating package script '/home/abc/MDH/ros_ws/install/rmf_utils/share/rmf_utils/package.sh'
[0.739s] INFO:colcon.colcon_core.shell:Creating package script '/home/abc/MDH/ros_ws/install/rmf_utils/share/rmf_utils/package.bash'
[0.739s] INFO:colcon.colcon_core.shell:Creating package script '/home/abc/MDH/ros_ws/install/rmf_utils/share/rmf_utils/package.zsh'
[0.740s] Level 1:colcon.colcon_core.environment:create_file_with_runtime_dependencies(/home/abc/MDH/ros_ws/install/rmf_utils/share/colcon-core/packages/rmf_utils)
[1.131s] DEBUG:colcon.colcon_core.event_handler.log_command:Invoked command in '/home/abc/MDH/ros_ws/build/motor_control_command_msgs' returned '0': CMAKE_PREFIX_PATH=/opt/ros/humble /usr/bin/cmake --build /home/abc/MDH/ros_ws/build/motor_control_command_msgs -- -j8 -l8
[1.134s] DEBUG:colcon.colcon_core.event_handler.log_command:Invoking command in '/home/abc/MDH/ros_ws/build/motor_control_command_msgs': CMAKE_PREFIX_PATH=/opt/ros/humble /usr/bin/cmake --install /home/abc/MDH/ros_ws/build/motor_control_command_msgs
[1.214s] Level 1:colcon.colcon_core.environment:create_environment_scripts_only(motor_control_command_msgs)
[1.216s] Level 1:colcon.colcon_core.environment:checking '/home/abc/MDH/ros_ws/install/motor_control_command_msgs' for CMake module files
[1.217s] DEBUG:colcon.colcon_core.event_handler.log_command:Invoked command in '/home/abc/MDH/ros_ws/build/motor_control_command_msgs' returned '0': CMAKE_PREFIX_PATH=/opt/ros/humble /usr/bin/cmake --install /home/abc/MDH/ros_ws/build/motor_control_command_msgs
[1.217s] Level 1:colcon.colcon_core.environment:checking '/home/abc/MDH/ros_ws/install/motor_control_command_msgs' for CMake config files
[1.218s] Level 1:colcon.colcon_core.shell:create_environment_hook('motor_control_command_msgs', 'cmake_prefix_path')
[1.218s] INFO:colcon.colcon_core.shell:Creating environment hook '/home/abc/MDH/ros_ws/install/motor_control_command_msgs/share/motor_control_command_msgs/hook/cmake_prefix_path.ps1'
[1.218s] INFO:colcon.colcon_core.shell:Creating environment descriptor '/home/abc/MDH/ros_ws/install/motor_control_command_msgs/share/motor_control_command_msgs/hook/cmake_prefix_path.dsv'
[1.219s] INFO:colcon.colcon_core.shell:Creating environment hook '/home/abc/MDH/ros_ws/install/motor_control_command_msgs/share/motor_control_command_msgs/hook/cmake_prefix_path.sh'
[1.220s] Level 1:colcon.colcon_core.environment:checking '/home/abc/MDH/ros_ws/install/motor_control_command_msgs/lib'
[1.220s] Level 1:colcon.colcon_core.shell:create_environment_hook('motor_control_command_msgs', 'ld_library_path_lib')
[1.221s] INFO:colcon.colcon_core.shell:Creating environment hook '/home/abc/MDH/ros_ws/install/motor_control_command_msgs/share/motor_control_command_msgs/hook/ld_library_path_lib.ps1'
[1.222s] INFO:colcon.colcon_core.shell:Creating environment descriptor '/home/abc/MDH/ros_ws/install/motor_control_command_msgs/share/motor_control_command_msgs/hook/ld_library_path_lib.dsv'
[1.223s] INFO:colcon.colcon_core.shell:Creating environment hook '/home/abc/MDH/ros_ws/install/motor_control_command_msgs/share/motor_control_command_msgs/hook/ld_library_path_lib.sh'
[1.225s] Level 1:colcon.colcon_core.environment:checking '/home/abc/MDH/ros_ws/install/motor_control_command_msgs/bin'
[1.225s] Level 1:colcon.colcon_core.environment:checking '/home/abc/MDH/ros_ws/install/motor_control_command_msgs/lib/pkgconfig/motor_control_command_msgs.pc'
[1.225s] Level 1:colcon.colcon_core.environment:checking '/home/abc/MDH/ros_ws/install/motor_control_command_msgs/lib/python3.10/site-packages'
[1.226s] Level 1:colcon.colcon_core.environment:checking '/home/abc/MDH/ros_ws/install/motor_control_command_msgs/bin'
[1.226s] INFO:colcon.colcon_core.shell:Creating package script '/home/abc/MDH/ros_ws/install/motor_control_command_msgs/share/motor_control_command_msgs/package.ps1'
[1.227s] INFO:colcon.colcon_core.shell:Creating package descriptor '/home/abc/MDH/ros_ws/install/motor_control_command_msgs/share/motor_control_command_msgs/package.dsv'
[1.227s] INFO:colcon.colcon_core.shell:Creating package script '/home/abc/MDH/ros_ws/install/motor_control_command_msgs/share/motor_control_command_msgs/package.sh'
[1.228s] INFO:colcon.colcon_core.shell:Creating package script '/home/abc/MDH/ros_ws/install/motor_control_command_msgs/share/motor_control_command_msgs/package.bash'
[1.230s] INFO:colcon.colcon_core.shell:Creating package script '/home/abc/MDH/ros_ws/install/motor_control_command_msgs/share/motor_control_command_msgs/package.zsh'
[1.232s] Level 1:colcon.colcon_core.environment:create_file_with_runtime_dependencies(/home/abc/MDH/ros_ws/install/motor_control_command_msgs/share/colcon-core/packages/motor_control_command_msgs)
[1.235s] Level 1:colcon.colcon_core.environment:create_environment_scripts_only(motor_control_command_msgs)
[1.235s] Level 1:colcon.colcon_core.environment:checking '/home/abc/MDH/ros_ws/install/motor_control_command_msgs' for CMake module files
[1.236s] Level 1:colcon.colcon_core.environment:checking '/home/abc/MDH/ros_ws/install/motor_control_command_msgs' for CMake config files
[1.237s] Level 1:colcon.colcon_core.shell:create_environment_hook('motor_control_command_msgs', 'cmake_prefix_path')
[1.237s] INFO:colcon.colcon_core.shell:Creating environment hook '/home/abc/MDH/ros_ws/install/motor_control_command_msgs/share/motor_control_command_msgs/hook/cmake_prefix_path.ps1'
[1.238s] INFO:colcon.colcon_core.shell:Creating environment descriptor '/home/abc/MDH/ros_ws/install/motor_control_command_msgs/share/motor_control_command_msgs/hook/cmake_prefix_path.dsv'
[1.238s] INFO:colcon.colcon_core.shell:Creating environment hook '/home/abc/MDH/ros_ws/install/motor_control_command_msgs/share/motor_control_command_msgs/hook/cmake_prefix_path.sh'
[1.239s] Level 1:colcon.colcon_core.environment:checking '/home/abc/MDH/ros_ws/install/motor_control_command_msgs/lib'
[1.239s] Level 1:colcon.colcon_core.shell:create_environment_hook('motor_control_command_msgs', 'ld_library_path_lib')
[1.239s] INFO:colcon.colcon_core.shell:Creating environment hook '/home/abc/MDH/ros_ws/install/motor_control_command_msgs/share/motor_control_command_msgs/hook/ld_library_path_lib.ps1'
[1.240s] INFO:colcon.colcon_core.shell:Creating environment descriptor '/home/abc/MDH/ros_ws/install/motor_control_command_msgs/share/motor_control_command_msgs/hook/ld_library_path_lib.dsv'
[1.242s] INFO:colcon.colcon_core.shell:Creating environment hook '/home/abc/MDH/ros_ws/install/motor_control_command_msgs/share/motor_control_command_msgs/hook/ld_library_path_lib.sh'
[1.243s] Level 1:colcon.colcon_core.environment:checking '/home/abc/MDH/ros_ws/install/motor_control_command_msgs/bin'
[1.243s] Level 1:colcon.colcon_core.environment:checking '/home/abc/MDH/ros_ws/install/motor_control_command_msgs/lib/pkgconfig/motor_control_command_msgs.pc'
[1.244s] Level 1:colcon.colcon_core.environment:checking '/home/abc/MDH/ros_ws/install/motor_control_command_msgs/lib/python3.10/site-packages'
[1.244s] Level 1:colcon.colcon_core.environment:checking '/home/abc/MDH/ros_ws/install/motor_control_command_msgs/bin'
[1.245s] INFO:colcon.colcon_core.shell:Creating package script '/home/abc/MDH/ros_ws/install/motor_control_command_msgs/share/motor_control_command_msgs/package.ps1'
[1.246s] INFO:colcon.colcon_core.shell:Creating package descriptor '/home/abc/MDH/ros_ws/install/motor_control_command_msgs/share/motor_control_command_msgs/package.dsv'
[1.247s] INFO:colcon.colcon_core.shell:Creating package script '/home/abc/MDH/ros_ws/install/motor_control_command_msgs/share/motor_control_command_msgs/package.sh'
[1.249s] INFO:colcon.colcon_core.shell:Creating package script '/home/abc/MDH/ros_ws/install/motor_control_command_msgs/share/motor_control_command_msgs/package.bash'
[1.250s] INFO:colcon.colcon_core.shell:Creating package script '/home/abc/MDH/ros_ws/install/motor_control_command_msgs/share/motor_control_command_msgs/package.zsh'
[1.252s] Level 1:colcon.colcon_core.environment:create_file_with_runtime_dependencies(/home/abc/MDH/ros_ws/install/motor_control_command_msgs/share/colcon-core/packages/motor_control_command_msgs)
[1.252s] INFO:colcon.colcon_ros.task.ament_cmake.build:Building ROS package in '/home/abc/MDH/ros_ws/src/motor_control' with build type 'ament_cmake'
[1.253s] INFO:colcon.colcon_cmake.task.cmake.build:Building CMake package in '/home/abc/MDH/ros_ws/src/motor_control'
[1.253s] INFO:colcon.colcon_core.shell:Skip shell extension 'powershell' for command environment: Not usable outside of PowerShell
[1.253s] DEBUG:colcon.colcon_core.shell:Skip shell extension 'dsv' for command environment
[1.271s] DEBUG:colcon.colcon_core.event_handler.log_command:Invoking command in '/home/abc/MDH/ros_ws/build/motor_control': AMENT_PREFIX_PATH=/home/abc/MDH/ros_ws/install/motor_control_command_msgs:${AMENT_PREFIX_PATH} CMAKE_PREFIX_PATH=/home/abc/MDH/ros_ws/install/motor_control_command_msgs:/opt/ros/humble LD_LIBRARY_PATH=/home/abc/MDH/ros_ws/install/motor_control_command_msgs/lib:${LD_LIBRARY_PATH} PYTHONPATH=/home/abc/MDH/ros_ws/install/motor_control_command_msgs/local/lib/python3.10/dist-packages:${PYTHONPATH} /usr/bin/cmake --build /home/abc/MDH/ros_ws/build/motor_control -- -j8 -l8
[18.827s] DEBUG:colcon.colcon_core.event_handler.log_command:Invoked command in '/home/abc/MDH/ros_ws/build/motor_control' returned '0': AMENT_PREFIX_PATH=/home/abc/MDH/ros_ws/install/motor_control_command_msgs:${AMENT_PREFIX_PATH} CMAKE_PREFIX_PATH=/home/abc/MDH/ros_ws/install/motor_control_command_msgs:/opt/ros/humble LD_LIBRARY_PATH=/home/abc/MDH/ros_ws/install/motor_control_command_msgs/lib:${LD_LIBRARY_PATH} PYTHONPATH=/home/abc/MDH/ros_ws/install/motor_control_command_msgs/local/lib/python3.10/dist-packages:${PYTHONPATH} /usr/bin/cmake --build /home/abc/MDH/ros_ws/build/motor_control -- -j8 -l8
[18.829s] DEBUG:colcon.colcon_core.event_handler.log_command:Invoking command in '/home/abc/MDH/ros_ws/build/motor_control': AMENT_PREFIX_PATH=/home/abc/MDH/ros_ws/install/motor_control_command_msgs:${AMENT_PREFIX_PATH} CMAKE_PREFIX_PATH=/home/abc/MDH/ros_ws/install/motor_control_command_msgs:/opt/ros/humble LD_LIBRARY_PATH=/home/abc/MDH/ros_ws/install/motor_control_command_msgs/lib:${LD_LIBRARY_PATH} PYTHONPATH=/home/abc/MDH/ros_ws/install/motor_control_command_msgs/local/lib/python3.10/dist-packages:${PYTHONPATH} /usr/bin/cmake --install /home/abc/MDH/ros_ws/build/motor_control
[18.871s] Level 1:colcon.colcon_core.environment:create_environment_scripts_only(motor_control)
[18.872s] Level 1:colcon.colcon_core.environment:checking '/home/abc/MDH/ros_ws/install/motor_control' for CMake module files
[18.873s] DEBUG:colcon.colcon_core.event_handler.log_command:Invoked command in '/home/abc/MDH/ros_ws/build/motor_control' returned '0': AMENT_PREFIX_PATH=/home/abc/MDH/ros_ws/install/motor_control_command_msgs:${AMENT_PREFIX_PATH} CMAKE_PREFIX_PATH=/home/abc/MDH/ros_ws/install/motor_control_command_msgs:/opt/ros/humble LD_LIBRARY_PATH=/home/abc/MDH/ros_ws/install/motor_control_command_msgs/lib:${LD_LIBRARY_PATH} PYTHONPATH=/home/abc/MDH/ros_ws/install/motor_control_command_msgs/local/lib/python3.10/dist-packages:${PYTHONPATH} /usr/bin/cmake --install /home/abc/MDH/ros_ws/build/motor_control
[18.874s] Level 1:colcon.colcon_core.environment:checking '/home/abc/MDH/ros_ws/install/motor_control' for CMake config files
[18.875s] Level 1:colcon.colcon_core.shell:create_environment_hook('motor_control', 'cmake_prefix_path')
[18.876s] INFO:colcon.colcon_core.shell:Creating environment hook '/home/abc/MDH/ros_ws/install/motor_control/share/motor_control/hook/cmake_prefix_path.ps1'
[18.877s] INFO:colcon.colcon_core.shell:Creating environment descriptor '/home/abc/MDH/ros_ws/install/motor_control/share/motor_control/hook/cmake_prefix_path.dsv'
[18.877s] INFO:colcon.colcon_core.shell:Creating environment hook '/home/abc/MDH/ros_ws/install/motor_control/share/motor_control/hook/cmake_prefix_path.sh'
[18.878s] Level 1:colcon.colcon_core.environment:checking '/home/abc/MDH/ros_ws/install/motor_control/lib'
[18.878s] Level 1:colcon.colcon_core.environment:checking '/home/abc/MDH/ros_ws/install/motor_control/bin'
[18.878s] Level 1:colcon.colcon_core.environment:checking '/home/abc/MDH/ros_ws/install/motor_control/lib/pkgconfig/motor_control.pc'
[18.878s] Level 1:colcon.colcon_core.environment:checking '/home/abc/MDH/ros_ws/install/motor_control/lib/python3.10/site-packages'
[18.879s] Level 1:colcon.colcon_core.environment:checking '/home/abc/MDH/ros_ws/install/motor_control/bin'
[18.879s] INFO:colcon.colcon_core.shell:Creating package script '/home/abc/MDH/ros_ws/install/motor_control/share/motor_control/package.ps1'
[18.880s] INFO:colcon.colcon_core.shell:Creating package descriptor '/home/abc/MDH/ros_ws/install/motor_control/share/motor_control/package.dsv'
[18.880s] INFO:colcon.colcon_core.shell:Creating package script '/home/abc/MDH/ros_ws/install/motor_control/share/motor_control/package.sh'
[18.881s] INFO:colcon.colcon_core.shell:Creating package script '/home/abc/MDH/ros_ws/install/motor_control/share/motor_control/package.bash'
[18.882s] INFO:colcon.colcon_core.shell:Creating package script '/home/abc/MDH/ros_ws/install/motor_control/share/motor_control/package.zsh'
[18.882s] Level 1:colcon.colcon_core.environment:create_file_with_runtime_dependencies(/home/abc/MDH/ros_ws/install/motor_control/share/colcon-core/packages/motor_control)
[18.883s] Level 1:colcon.colcon_core.environment:create_environment_scripts_only(motor_control)
[18.884s] Level 1:colcon.colcon_core.environment:checking '/home/abc/MDH/ros_ws/install/motor_control' for CMake module files
[18.884s] Level 1:colcon.colcon_core.environment:checking '/home/abc/MDH/ros_ws/install/motor_control' for CMake config files
[18.884s] Level 1:colcon.colcon_core.shell:create_environment_hook('motor_control', 'cmake_prefix_path')
[18.885s] INFO:colcon.colcon_core.shell:Creating environment hook '/home/abc/MDH/ros_ws/install/motor_control/share/motor_control/hook/cmake_prefix_path.ps1'
[18.886s] INFO:colcon.colcon_core.shell:Creating environment descriptor '/home/abc/MDH/ros_ws/install/motor_control/share/motor_control/hook/cmake_prefix_path.dsv'
[18.887s] INFO:colcon.colcon_core.shell:Creating environment hook '/home/abc/MDH/ros_ws/install/motor_control/share/motor_control/hook/cmake_prefix_path.sh'
[18.889s] Level 1:colcon.colcon_core.environment:checking '/home/abc/MDH/ros_ws/install/motor_control/lib'
[18.889s] Level 1:colcon.colcon_core.environment:checking '/home/abc/MDH/ros_ws/install/motor_control/bin'
[18.889s] Level 1:colcon.colcon_core.environment:checking '/home/abc/MDH/ros_ws/install/motor_control/lib/pkgconfig/motor_control.pc'
[18.890s] Level 1:colcon.colcon_core.environment:checking '/home/abc/MDH/ros_ws/install/motor_control/lib/python3.10/site-packages'
[18.890s] Level 1:colcon.colcon_core.environment:checking '/home/abc/MDH/ros_ws/install/motor_control/bin'
[18.890s] INFO:colcon.colcon_core.shell:Creating package script '/home/abc/MDH/ros_ws/install/motor_control/share/motor_control/package.ps1'
[18.892s] INFO:colcon.colcon_core.shell:Creating package descriptor '/home/abc/MDH/ros_ws/install/motor_control/share/motor_control/package.dsv'
[18.894s] INFO:colcon.colcon_core.shell:Creating package script '/home/abc/MDH/ros_ws/install/motor_control/share/motor_control/package.sh'
[18.894s] INFO:colcon.colcon_core.shell:Creating package script '/home/abc/MDH/ros_ws/install/motor_control/share/motor_control/package.bash'
[18.895s] INFO:colcon.colcon_core.shell:Creating package script '/home/abc/MDH/ros_ws/install/motor_control/share/motor_control/package.zsh'
[18.896s] Level 1:colcon.colcon_core.environment:create_file_with_runtime_dependencies(/home/abc/MDH/ros_ws/install/motor_control/share/colcon-core/packages/motor_control)
[18.896s] DEBUG:colcon.colcon_parallel_executor.executor.parallel:closing loop
[18.897s] DEBUG:colcon.colcon_parallel_executor.executor.parallel:loop closed
[18.897s] DEBUG:colcon.colcon_parallel_executor.executor.parallel:run_until_complete finished with '0'
[18.897s] DEBUG:colcon.colcon_core.event_reactor:joining thread
[18.910s] INFO:colcon.colcon_core.plugin_system:Skipping extension 'colcon_notification.desktop_notification.terminal_notifier': Not used on non-Darwin systems
[18.910s] INFO:colcon.colcon_core.plugin_system:Skipping extension 'colcon_notification.desktop_notification.win32': Not used on non-Windows systems
[18.910s] INFO:colcon.colcon_notification.desktop_notification:Sending desktop notification using 'notify2'
[18.941s] DEBUG:colcon.colcon_core.event_reactor:joined thread
[18.941s] INFO:colcon.colcon_core.shell:Creating prefix script '/home/abc/MDH/ros_ws/install/local_setup.ps1'
[18.943s] INFO:colcon.colcon_core.shell:Creating prefix util module '/home/abc/MDH/ros_ws/install/_local_setup_util_ps1.py'
[18.944s] INFO:colcon.colcon_core.shell:Creating prefix chain script '/home/abc/MDH/ros_ws/install/setup.ps1'
[18.946s] INFO:colcon.colcon_core.shell:Creating prefix script '/home/abc/MDH/ros_ws/install/local_setup.sh'
[18.946s] INFO:colcon.colcon_core.shell:Creating prefix util module '/home/abc/MDH/ros_ws/install/_local_setup_util_sh.py'
[18.947s] INFO:colcon.colcon_core.shell:Creating prefix chain script '/home/abc/MDH/ros_ws/install/setup.sh'
[18.948s] INFO:colcon.colcon_core.shell:Creating prefix script '/home/abc/MDH/ros_ws/install/local_setup.bash'
[18.949s] INFO:colcon.colcon_core.shell:Creating prefix chain script '/home/abc/MDH/ros_ws/install/setup.bash'
[18.952s] INFO:colcon.colcon_core.shell:Creating prefix script '/home/abc/MDH/ros_ws/install/local_setup.zsh'
[18.953s] INFO:colcon.colcon_core.shell:Creating prefix chain script '/home/abc/MDH/ros_ws/install/setup.zsh'
