In file included from [01m[K/opt/ros/humble/include/rclcpp/rclcpp/logging.hpp:24[m[K,
                 from [01m[K/opt/ros/humble/include/rclcpp/rclcpp/client.hpp:40[m[K,
                 from [01m[K/opt/ros/humble/include/rclcpp/rclcpp/callback_group.hpp:24[m[K,
                 from [01m[K/opt/ros/humble/include/rclcpp/rclcpp/any_executable.hpp:20[m[K,
                 from [01m[K/opt/ros/humble/include/rclcpp/rclcpp/memory_strategy.hpp:25[m[K,
                 from [01m[K/opt/ros/humble/include/rclcpp/rclcpp/memory_strategies.hpp:18[m[K,
                 from [01m[K/opt/ros/humble/include/rclcpp/rclcpp/executor_options.hpp:20[m[K,
                 from [01m[K/opt/ros/humble/include/rclcpp/rclcpp/executor.hpp:37[m[K,
                 from [01m[K/opt/ros/humble/include/rclcpp/rclcpp/executors/multi_threaded_executor.hpp:25[m[K,
                 from [01m[K/opt/ros/humble/include/rclcpp/rclcpp/executors.hpp:21[m[K,
                 from [01m[K/opt/ros/humble/include/rclcpp/rclcpp/rclcpp.hpp:155[m[K,
                 from [01m[K/home/abc/MDH/ros_ws/src/motor_control_v2/include/motor_control_v2/serial_communication.hpp:4[m[K,
                 from [01m[K/home/abc/MDH/ros_ws/src/motor_control_v2/src/serial_communication.cpp:1[m[K:
[01m[K/home/abc/MDH/ros_ws/src/motor_control_v2/src/serial_communication.cpp:[m[K In member function ‘[01m[Kvoid motor_control_v2::SerialCommunication::Implementation::initSerialPort()[m[K’:
[01m[K/home/abc/MDH/ros_ws/src/motor_control_v2/src/serial_communication.cpp:49:46:[m[K [01;35m[Kwarning: [m[Kformat ‘[01m[K%s[m[K’ expects a matching ‘[01m[Kchar*[m[K’ argument [[01;35m[K]8;;https://gcc.gnu.org/onlinedocs/gcc/Warning-Options.html#index-Wformat=-Wformat=]8;;[m[K]
   49 |             RCLCPP_INFO(node_->get_logger(), [01;35m[K"Serial port opened successfully at %s with baud rate %d"[m[K);
      |                                              [01;35m[K^~~~~~~~~~~~~~~~~~~~~~~~~~~~~~~~~~~~~~~~~~~~~~~~~~~~~~~~~[m[K
[01m[K/home/abc/MDH/ros_ws/src/motor_control_v2/src/serial_communication.cpp:49:83:[m[K [01;36m[Knote: [m[Kformat string is defined here
   49 | O(node_->get_logger(), "Serial port opened successfully at [01;36m[K%s[m[K with baud rate %d");
      |                                                            [01;36m[K~^[m[K
      |                                                             [01;36m[K|[m[K
      |                                                             [01;36m[Kchar*[m[K

In file included from [01m[K/opt/ros/humble/include/rclcpp/rclcpp/logging.hpp:24[m[K,
                 from [01m[K/opt/ros/humble/include/rclcpp/rclcpp/client.hpp:40[m[K,
                 from [01m[K/opt/ros/humble/include/rclcpp/rclcpp/callback_group.hpp:24[m[K,
                 from [01m[K/opt/ros/humble/include/rclcpp/rclcpp/any_executable.hpp:20[m[K,
                 from [01m[K/opt/ros/humble/include/rclcpp/rclcpp/memory_strategy.hpp:25[m[K,
                 from [01m[K/opt/ros/humble/include/rclcpp/rclcpp/memory_strategies.hpp:18[m[K,
                 from [01m[K/opt/ros/humble/include/rclcpp/rclcpp/executor_options.hpp:20[m[K,
                 from [01m[K/opt/ros/humble/include/rclcpp/rclcpp/executor.hpp:37[m[K,
                 from [01m[K/opt/ros/humble/include/rclcpp/rclcpp/executors/multi_threaded_executor.hpp:25[m[K,
                 from [01m[K/opt/ros/humble/include/rclcpp/rclcpp/executors.hpp:21[m[K,
                 from [01m[K/opt/ros/humble/include/rclcpp/rclcpp/rclcpp.hpp:155[m[K,
                 from [01m[K/home/abc/MDH/ros_ws/src/motor_control_v2/include/motor_control_v2/serial_communication.hpp:4[m[K,
                 from [01m[K/home/abc/MDH/ros_ws/src/motor_control_v2/src/serial_communication.cpp:1[m[K:
[01m[K/home/abc/MDH/ros_ws/src/motor_control_v2/src/serial_communication.cpp:49:46:[m[K [01;35m[Kwarning: [m[Kformat ‘[01m[K%d[m[K’ expects a matching ‘[01m[Kint[m[K’ argument [[01;35m[K]8;;https://gcc.gnu.org/onlinedocs/gcc/Warning-Options.html#index-Wformat=-Wformat=]8;;[m[K]
   49 |             RCLCPP_INFO(node_->get_logger(), [01;35m[K"Serial port opened successfully at %s with baud rate %d"[m[K);
      |                                              [01;35m[K^~~~~~~~~~~~~~~~~~~~~~~~~~~~~~~~~~~~~~~~~~~~~~~~~~~~~~~~~[m[K
[01m[K/home/abc/MDH/ros_ws/src/motor_control_v2/src/serial_communication.cpp:49:101:[m[K [01;36m[Knote: [m[Kformat string is defined here
   49 | t_logger(), "Serial port opened successfully at %s with baud rate [01;36m[K%d[m[K");
      |                                                                   [01;36m[K~^[m[K
      |                                                                    [01;36m[K|[m[K
      |                                                                    [01;36m[Kint[m[K

