[0.017s] Invoking command in '/home/abc/MDH/ros_ws/build/motor_status': CMAKE_PREFIX_PATH=${CMAKE_PREFIX_PATH}:/opt/ros/humble /usr/bin/cmake /home/abc/MDH/ros_ws/src/motor_status -DCMAKE_INSTALL_PREFIX=/home/abc/MDH/ros_ws/install/motor_status
[0.088s] -- The C compiler identification is GNU 11.4.0
[0.156s] -- The CXX compiler identification is GNU 11.4.0
[0.165s] -- Detecting C compiler ABI info
[0.233s] -- Detecting C compiler ABI info - done
[0.240s] -- Check for working C compiler: /usr/bin/cc - skipped
[0.240s] -- Detecting C compile features
[0.240s] -- Detecting C compile features - done
[0.246s] -- Detecting CXX compiler ABI info
[0.329s] -- Detecting CXX compiler ABI info - done
[0.339s] -- Check for working CXX compiler: /usr/bin/c++ - skipped
[0.340s] -- Detecting CXX compile features
[0.340s] -- Detecting CXX compile features - done
[0.344s] -- Found ament_cmake: 1.3.11 (/opt/ros/humble/share/ament_cmake/cmake)
[0.516s] -- Found Python3: /usr/bin/python3 (found version "3.10.12") found components: Interpreter 
[0.605s] -- Found rclcpp: 16.0.11 (/opt/ros/humble/share/rclcpp/cmake)
[0.635s] -- Found rosidl_generator_c: 3.1.6 (/opt/ros/humble/share/rosidl_generator_c/cmake)
[0.639s] -- Found rosidl_adapter: 3.1.6 (/opt/ros/humble/share/rosidl_adapter/cmake)
[0.649s] -- Found rosidl_generator_cpp: 3.1.6 (/opt/ros/humble/share/rosidl_generator_cpp/cmake)
[0.663s] -- Using all available rosidl_typesupport_c: rosidl_typesupport_fastrtps_c;rosidl_typesupport_introspection_c
[0.676s] -- Using all available rosidl_typesupport_cpp: rosidl_typesupport_fastrtps_cpp;rosidl_typesupport_introspection_cpp
[0.715s] -- Found rmw_implementation_cmake: 6.1.2 (/opt/ros/humble/share/rmw_implementation_cmake/cmake)
[0.717s] -- Found rmw_fastrtps_cpp: 6.2.7 (/opt/ros/humble/share/rmw_fastrtps_cpp/cmake)
[0.834s] -- Found OpenSSL: /usr/lib/x86_64-linux-gnu/libcrypto.so (found version "3.0.2")  
[0.868s] -- Found FastRTPS: /opt/ros/humble/include  
[0.912s] -- Using RMW implementation 'rmw_fastrtps_cpp' as default
[0.919s] -- Looking for pthread.h
[1.025s] -- Looking for pthread.h - found
[1.025s] -- Performing Test CMAKE_HAVE_LIBC_PTHREAD
[1.114s] -- Performing Test CMAKE_HAVE_LIBC_PTHREAD - Success
[1.115s] -- Found Threads: TRUE  
[1.166s] -- Found ament_lint_auto: 0.12.11 (/opt/ros/humble/share/ament_lint_auto/cmake)
[1.238s] -- Added test 'cppcheck' to perform static code analysis on C / C++ code
[1.239s] -- Configured cppcheck include dirs: /home/abc/MDH/ros_ws/src/motor_status/../../../thirdparty/cpp-httplib;/home/abc/MDH/ros_ws/src/motor_status/../../../thirdparty/json/include;/home/abc/MDH/ros_ws/src/motor_status/../../../thirdparty/serial/src
[1.239s] -- Configured cppcheck exclude dirs and/or files: 
[1.240s] -- Added test 'lint_cmake' to check CMake code style
[1.240s] -- Added test 'uncrustify' to check C / C++ code style
[1.240s] -- Configured uncrustify additional arguments: 
[1.242s] -- Added test 'xmllint' to check XML markup files
[1.244s] -- Configuring done
[1.252s] -- Generating done
[1.255s] -- Build files have been written to: /home/abc/MDH/ros_ws/build/motor_status
[1.270s] Invoked command in '/home/abc/MDH/ros_ws/build/motor_status' returned '0': CMAKE_PREFIX_PATH=${CMAKE_PREFIX_PATH}:/opt/ros/humble /usr/bin/cmake /home/abc/MDH/ros_ws/src/motor_status -DCMAKE_INSTALL_PREFIX=/home/abc/MDH/ros_ws/install/motor_status
[1.270s] Invoking command in '/home/abc/MDH/ros_ws/build/motor_status': CMAKE_PREFIX_PATH=${CMAKE_PREFIX_PATH}:/opt/ros/humble /usr/bin/cmake --build /home/abc/MDH/ros_ws/build/motor_status -- -j8 -l8
[1.329s] [ 75%] [32mBuilding CXX object CMakeFiles/motor_status.dir/src/motor_status.cpp.o[0m
[1.330s] [ 75%] [32mBuilding CXX object CMakeFiles/motor_status.dir/home/abc/MDH/thirdparty/serial/src/Serial.cpp.o[0m
[1.330s] [ 75%] [32mBuilding CXX object CMakeFiles/motor_status.dir/home/abc/MDH/thirdparty/serial/src/SerialImplUnix.cpp.o[0m
[5.983s] [01m[K/home/abc/MDH/ros_ws/src/motor_status/src/motor_status.cpp:[m[K In lambda function:
[5.983s] [01m[K/home/abc/MDH/ros_ws/src/motor_status/src/motor_status.cpp:43:80:[m[K [01;35m[Kwarning: [m[Kunused parameter ‘[01m[Kreq[m[K’ [[01;35m[K]8;;https://gcc.gnu.org/onlinedocs/gcc/Warning-Options.html#index-Wunused-parameter-Wunused-parameter]8;;[m[K]
[5.983s]    43 |                         svr.Get("/motor/state", [this]([01;35m[Kconst httplib::Request &req[m[K, httplib::Response &res)
[5.983s]       |                                                        [01;35m[K~~~~~~~~~~~~~~~~~~~~~~~~^~~[m[K
[6.052s] [01m[K/home/abc/MDH/ros_ws/src/motor_status/src/motor_status.cpp:[m[K In member function ‘[01m[Kjson MotorStatusNode::query_motor_status()[m[K’:
[6.052s] [01m[K/home/abc/MDH/ros_ws/src/motor_status/src/motor_status.cpp:107:22:[m[K [01;35m[Kwarning: [m[Kunused variable ‘[01m[Kindex[m[K’ [[01;35m[K]8;;https://gcc.gnu.org/onlinedocs/gcc/Warning-Options.html#index-Wunused-variable-Wunused-variable]8;;[m[K]
[6.052s]   107 |             uint16_t [01;35m[Kindex[m[K;
[6.052s]       |                      [01;35m[K^~~~~[m[K
[13.584s] [100%] [32m[1mLinking CXX executable motor_status[0m
[14.059s] [100%] Built target motor_status
[14.074s] Invoked command in '/home/abc/MDH/ros_ws/build/motor_status' returned '0': CMAKE_PREFIX_PATH=${CMAKE_PREFIX_PATH}:/opt/ros/humble /usr/bin/cmake --build /home/abc/MDH/ros_ws/build/motor_status -- -j8 -l8
[14.075s] Invoking command in '/home/abc/MDH/ros_ws/build/motor_status': CMAKE_PREFIX_PATH=${CMAKE_PREFIX_PATH}:/opt/ros/humble /usr/bin/cmake --install /home/abc/MDH/ros_ws/build/motor_status
[14.086s] -- Install configuration: ""
[14.086s] -- Installing: /home/abc/MDH/ros_ws/install/motor_status/lib/motor_status/motor_status
[14.088s] -- Set runtime path of "/home/abc/MDH/ros_ws/install/motor_status/lib/motor_status/motor_status" to ""
[14.089s] -- Installing: /home/abc/MDH/ros_ws/install/motor_status/share/ament_index/resource_index/package_run_dependencies/motor_status
[14.089s] -- Installing: /home/abc/MDH/ros_ws/install/motor_status/share/ament_index/resource_index/parent_prefix_path/motor_status
[14.089s] -- Installing: /home/abc/MDH/ros_ws/install/motor_status/share/motor_status/environment/ament_prefix_path.sh
[14.089s] -- Installing: /home/abc/MDH/ros_ws/install/motor_status/share/motor_status/environment/ament_prefix_path.dsv
[14.089s] -- Installing: /home/abc/MDH/ros_ws/install/motor_status/share/motor_status/environment/path.sh
[14.089s] -- Installing: /home/abc/MDH/ros_ws/install/motor_status/share/motor_status/environment/path.dsv
[14.089s] -- Installing: /home/abc/MDH/ros_ws/install/motor_status/share/motor_status/local_setup.bash
[14.089s] -- Installing: /home/abc/MDH/ros_ws/install/motor_status/share/motor_status/local_setup.sh
[14.089s] -- Installing: /home/abc/MDH/ros_ws/install/motor_status/share/motor_status/local_setup.zsh
[14.089s] -- Installing: /home/abc/MDH/ros_ws/install/motor_status/share/motor_status/local_setup.dsv
[14.089s] -- Installing: /home/abc/MDH/ros_ws/install/motor_status/share/motor_status/package.dsv
[14.090s] -- Installing: /home/abc/MDH/ros_ws/install/motor_status/share/ament_index/resource_index/packages/motor_status
[14.090s] -- Installing: /home/abc/MDH/ros_ws/install/motor_status/share/motor_status/cmake/motor_statusConfig.cmake
[14.090s] -- Installing: /home/abc/MDH/ros_ws/install/motor_status/share/motor_status/cmake/motor_statusConfig-version.cmake
[14.090s] -- Installing: /home/abc/MDH/ros_ws/install/motor_status/share/motor_status/package.xml
[14.092s] Invoked command in '/home/abc/MDH/ros_ws/build/motor_status' returned '0': CMAKE_PREFIX_PATH=${CMAKE_PREFIX_PATH}:/opt/ros/humble /usr/bin/cmake --install /home/abc/MDH/ros_ws/build/motor_status
