[0.076s] DEBUG:colcon:Command line arguments: ['/usr/bin/colcon', 'build']
[0.076s] DEBUG:colcon:Parsed command line arguments: Namespace(log_base=None, log_level=None, verb_name='build', build_base='build', install_base='install', merge_install=False, symlink_install=False, test_result_base=None, continue_on_error=False, executor='parallel', parallel_workers=8, event_handlers=None, ignore_user_meta=False, metas=['./colcon.meta'], base_paths=['.'], packages_ignore=None, packages_ignore_regex=None, paths=None, packages_up_to=None, packages_up_to_regex=None, packages_above=None, packages_above_and_dependencies=None, packages_above_depth=None, packages_select_by_dep=None, packages_skip_by_dep=None, packages_skip_up_to=None, packages_select_build_failed=False, packages_skip_build_finished=False, packages_select_test_failures=False, packages_skip_test_passed=False, packages_select=None, packages_skip=None, packages_select_regex=None, packages_skip_regex=None, packages_start=None, packages_end=None, allow_overriding=[], cmake_args=None, cmake_target=None, cmake_target_skip_unavailable=False, cmake_clean_cache=False, cmake_clean_first=False, cmake_force_configure=False, ament_cmake_args=None, catkin_cmake_args=None, catkin_skip_building_tests=False, verb_parser=<colcon_defaults.argument_parser.defaults.DefaultArgumentsDecorator object at 0x71fe97c2ead0>, verb_extension=<colcon_core.verb.build.BuildVerb object at 0x71fe97c2e5c0>, main=<bound method BuildVerb.main of <colcon_core.verb.build.BuildVerb object at 0x71fe97c2e5c0>>)
[0.202s] Level 1:colcon.colcon_core.package_discovery:discover_packages(colcon_meta) check parameters
[0.202s] Level 1:colcon.colcon_core.package_discovery:discover_packages(recursive) check parameters
[0.202s] Level 1:colcon.colcon_core.package_discovery:discover_packages(ignore) check parameters
[0.202s] Level 1:colcon.colcon_core.package_discovery:discover_packages(path) check parameters
[0.202s] Level 1:colcon.colcon_core.package_discovery:discover_packages(colcon_meta) discover
[0.202s] Level 1:colcon.colcon_core.package_discovery:discover_packages(recursive) discover
[0.202s] INFO:colcon.colcon_core.package_discovery:Crawling recursively for packages in '/home/abc/MDH/ros_ws'
[0.202s] Level 1:colcon.colcon_core.package_identification:_identify(.) by extensions ['ignore', 'ignore_ament_install']
[0.202s] Level 1:colcon.colcon_core.package_identification:_identify(.) by extension 'ignore'
[0.202s] Level 1:colcon.colcon_core.package_identification:_identify(.) by extension 'ignore_ament_install'
[0.202s] Level 1:colcon.colcon_core.package_identification:_identify(.) by extensions ['colcon_pkg']
[0.202s] Level 1:colcon.colcon_core.package_identification:_identify(.) by extension 'colcon_pkg'
[0.202s] Level 1:colcon.colcon_core.package_identification:_identify(.) by extensions ['colcon_meta']
[0.202s] Level 1:colcon.colcon_core.package_identification:_identify(.) by extension 'colcon_meta'
[0.203s] Level 1:colcon.colcon_core.package_identification:_identify(.) by extensions ['ros']
[0.203s] Level 1:colcon.colcon_core.package_identification:_identify(.) by extension 'ros'
[0.214s] Level 1:colcon.colcon_core.package_identification:_identify(.) by extensions ['cmake', 'python']
[0.214s] Level 1:colcon.colcon_core.package_identification:_identify(.) by extension 'cmake'
[0.214s] Level 1:colcon.colcon_core.package_identification:_identify(.) by extension 'python'
[0.214s] Level 1:colcon.colcon_core.package_identification:_identify(.) by extensions ['python_setup_py']
[0.214s] Level 1:colcon.colcon_core.package_identification:_identify(.) by extension 'python_setup_py'
[0.214s] Level 1:colcon.colcon_core.package_identification:_identify(build) by extensions ['ignore', 'ignore_ament_install']
[0.214s] Level 1:colcon.colcon_core.package_identification:_identify(build) by extension 'ignore'
[0.214s] Level 1:colcon.colcon_core.package_identification:_identify(build) ignored
[0.214s] Level 1:colcon.colcon_core.package_identification:_identify(install) by extensions ['ignore', 'ignore_ament_install']
[0.214s] Level 1:colcon.colcon_core.package_identification:_identify(install) by extension 'ignore'
[0.214s] Level 1:colcon.colcon_core.package_identification:_identify(install) ignored
[0.215s] Level 1:colcon.colcon_core.package_identification:_identify(log) by extensions ['ignore', 'ignore_ament_install']
[0.215s] Level 1:colcon.colcon_core.package_identification:_identify(log) by extension 'ignore'
[0.215s] Level 1:colcon.colcon_core.package_identification:_identify(log) ignored
[0.215s] Level 1:colcon.colcon_core.package_identification:_identify(src) by extensions ['ignore', 'ignore_ament_install']
[0.215s] Level 1:colcon.colcon_core.package_identification:_identify(src) by extension 'ignore'
[0.215s] Level 1:colcon.colcon_core.package_identification:_identify(src) by extension 'ignore_ament_install'
[0.215s] Level 1:colcon.colcon_core.package_identification:_identify(src) by extensions ['colcon_pkg']
[0.215s] Level 1:colcon.colcon_core.package_identification:_identify(src) by extension 'colcon_pkg'
[0.215s] Level 1:colcon.colcon_core.package_identification:_identify(src) by extensions ['colcon_meta']
[0.215s] Level 1:colcon.colcon_core.package_identification:_identify(src) by extension 'colcon_meta'
[0.215s] Level 1:colcon.colcon_core.package_identification:_identify(src) by extensions ['ros']
[0.215s] Level 1:colcon.colcon_core.package_identification:_identify(src) by extension 'ros'
[0.215s] Level 1:colcon.colcon_core.package_identification:_identify(src) by extensions ['cmake', 'python']
[0.215s] Level 1:colcon.colcon_core.package_identification:_identify(src) by extension 'cmake'
[0.215s] Level 1:colcon.colcon_core.package_identification:_identify(src) by extension 'python'
[0.215s] Level 1:colcon.colcon_core.package_identification:_identify(src) by extensions ['python_setup_py']
[0.215s] Level 1:colcon.colcon_core.package_identification:_identify(src) by extension 'python_setup_py'
[0.215s] Level 1:colcon.colcon_core.package_identification:_identify(src/internal_msgs) by extensions ['ignore', 'ignore_ament_install']
[0.215s] Level 1:colcon.colcon_core.package_identification:_identify(src/internal_msgs) by extension 'ignore'
[0.215s] Level 1:colcon.colcon_core.package_identification:_identify(src/internal_msgs) by extension 'ignore_ament_install'
[0.215s] Level 1:colcon.colcon_core.package_identification:_identify(src/internal_msgs) by extensions ['colcon_pkg']
[0.216s] Level 1:colcon.colcon_core.package_identification:_identify(src/internal_msgs) by extension 'colcon_pkg'
[0.216s] Level 1:colcon.colcon_core.package_identification:_identify(src/internal_msgs) by extensions ['colcon_meta']
[0.216s] Level 1:colcon.colcon_core.package_identification:_identify(src/internal_msgs) by extension 'colcon_meta'
[0.216s] Level 1:colcon.colcon_core.package_identification:_identify(src/internal_msgs) by extensions ['ros']
[0.216s] Level 1:colcon.colcon_core.package_identification:_identify(src/internal_msgs) by extension 'ros'
[0.216s] Level 1:colcon.colcon_core.package_identification:_identify(src/internal_msgs) by extensions ['cmake', 'python']
[0.216s] Level 1:colcon.colcon_core.package_identification:_identify(src/internal_msgs) by extension 'cmake'
[0.216s] Level 1:colcon.colcon_core.package_identification:_identify(src/internal_msgs) by extension 'python'
[0.216s] Level 1:colcon.colcon_core.package_identification:_identify(src/internal_msgs) by extensions ['python_setup_py']
[0.216s] Level 1:colcon.colcon_core.package_identification:_identify(src/internal_msgs) by extension 'python_setup_py'
[0.216s] Level 1:colcon.colcon_core.package_identification:_identify(src/internal_msgs/motor_control_command_msgs) by extensions ['ignore', 'ignore_ament_install']
[0.216s] Level 1:colcon.colcon_core.package_identification:_identify(src/internal_msgs/motor_control_command_msgs) by extension 'ignore'
[0.216s] Level 1:colcon.colcon_core.package_identification:_identify(src/internal_msgs/motor_control_command_msgs) by extension 'ignore_ament_install'
[0.216s] Level 1:colcon.colcon_core.package_identification:_identify(src/internal_msgs/motor_control_command_msgs) by extensions ['colcon_pkg']
[0.216s] Level 1:colcon.colcon_core.package_identification:_identify(src/internal_msgs/motor_control_command_msgs) by extension 'colcon_pkg'
[0.216s] Level 1:colcon.colcon_core.package_identification:_identify(src/internal_msgs/motor_control_command_msgs) by extensions ['colcon_meta']
[0.216s] Level 1:colcon.colcon_core.package_identification:_identify(src/internal_msgs/motor_control_command_msgs) by extension 'colcon_meta'
[0.216s] Level 1:colcon.colcon_core.package_identification:_identify(src/internal_msgs/motor_control_command_msgs) by extensions ['ros']
[0.216s] Level 1:colcon.colcon_core.package_identification:_identify(src/internal_msgs/motor_control_command_msgs) by extension 'ros'
[0.219s] DEBUG:colcon.colcon_core.package_identification:Package 'src/internal_msgs/motor_control_command_msgs' with type 'ros.ament_cmake' and name 'motor_control_command_msgs'
[0.219s] Level 1:colcon.colcon_core.package_identification:_identify(src/motor_control) by extensions ['ignore', 'ignore_ament_install']
[0.219s] Level 1:colcon.colcon_core.package_identification:_identify(src/motor_control) by extension 'ignore'
[0.219s] Level 1:colcon.colcon_core.package_identification:_identify(src/motor_control) by extension 'ignore_ament_install'
[0.219s] Level 1:colcon.colcon_core.package_identification:_identify(src/motor_control) by extensions ['colcon_pkg']
[0.219s] Level 1:colcon.colcon_core.package_identification:_identify(src/motor_control) by extension 'colcon_pkg'
[0.219s] Level 1:colcon.colcon_core.package_identification:_identify(src/motor_control) by extensions ['colcon_meta']
[0.219s] Level 1:colcon.colcon_core.package_identification:_identify(src/motor_control) by extension 'colcon_meta'
[0.219s] Level 1:colcon.colcon_core.package_identification:_identify(src/motor_control) by extensions ['ros']
[0.219s] Level 1:colcon.colcon_core.package_identification:_identify(src/motor_control) by extension 'ros'
[0.220s] DEBUG:colcon.colcon_core.package_identification:Package 'src/motor_control' with type 'ros.ament_cmake' and name 'motor_control'
[0.220s] Level 1:colcon.colcon_core.package_identification:_identify(src/motor_control_v2) by extensions ['ignore', 'ignore_ament_install']
[0.220s] Level 1:colcon.colcon_core.package_identification:_identify(src/motor_control_v2) by extension 'ignore'
[0.220s] Level 1:colcon.colcon_core.package_identification:_identify(src/motor_control_v2) by extension 'ignore_ament_install'
[0.220s] Level 1:colcon.colcon_core.package_identification:_identify(src/motor_control_v2) by extensions ['colcon_pkg']
[0.220s] Level 1:colcon.colcon_core.package_identification:_identify(src/motor_control_v2) by extension 'colcon_pkg'
[0.220s] Level 1:colcon.colcon_core.package_identification:_identify(src/motor_control_v2) by extensions ['colcon_meta']
[0.220s] Level 1:colcon.colcon_core.package_identification:_identify(src/motor_control_v2) by extension 'colcon_meta'
[0.220s] Level 1:colcon.colcon_core.package_identification:_identify(src/motor_control_v2) by extensions ['ros']
[0.220s] Level 1:colcon.colcon_core.package_identification:_identify(src/motor_control_v2) by extension 'ros'
[0.221s] DEBUG:colcon.colcon_core.package_identification:Package 'src/motor_control_v2' with type 'ros.ament_cmake' and name 'motor_control_v2'
[0.221s] Level 1:colcon.colcon_core.package_identification:_identify(src/motor_status) by extensions ['ignore', 'ignore_ament_install']
[0.221s] Level 1:colcon.colcon_core.package_identification:_identify(src/motor_status) by extension 'ignore'
[0.221s] Level 1:colcon.colcon_core.package_identification:_identify(src/motor_status) by extension 'ignore_ament_install'
[0.221s] Level 1:colcon.colcon_core.package_identification:_identify(src/motor_status) by extensions ['colcon_pkg']
[0.221s] Level 1:colcon.colcon_core.package_identification:_identify(src/motor_status) by extension 'colcon_pkg'
[0.221s] Level 1:colcon.colcon_core.package_identification:_identify(src/motor_status) by extensions ['colcon_meta']
[0.221s] Level 1:colcon.colcon_core.package_identification:_identify(src/motor_status) by extension 'colcon_meta'
[0.221s] Level 1:colcon.colcon_core.package_identification:_identify(src/motor_status) by extensions ['ros']
[0.222s] Level 1:colcon.colcon_core.package_identification:_identify(src/motor_status) by extension 'ros'
[0.222s] DEBUG:colcon.colcon_core.package_identification:Package 'src/motor_status' with type 'ros.ament_cmake' and name 'motor_status'
[0.222s] Level 1:colcon.colcon_core.package_identification:_identify(src/rmf_utils) by extensions ['ignore', 'ignore_ament_install']
[0.222s] Level 1:colcon.colcon_core.package_identification:_identify(src/rmf_utils) by extension 'ignore'
[0.222s] Level 1:colcon.colcon_core.package_identification:_identify(src/rmf_utils) by extension 'ignore_ament_install'
[0.222s] Level 1:colcon.colcon_core.package_identification:_identify(src/rmf_utils) by extensions ['colcon_pkg']
[0.222s] Level 1:colcon.colcon_core.package_identification:_identify(src/rmf_utils) by extension 'colcon_pkg'
[0.222s] Level 1:colcon.colcon_core.package_identification:_identify(src/rmf_utils) by extensions ['colcon_meta']
[0.222s] Level 1:colcon.colcon_core.package_identification:_identify(src/rmf_utils) by extension 'colcon_meta'
[0.223s] Level 1:colcon.colcon_core.package_identification:_identify(src/rmf_utils) by extensions ['ros']
[0.223s] Level 1:colcon.colcon_core.package_identification:_identify(src/rmf_utils) by extension 'ros'
[0.223s] Level 1:colcon.colcon_core.package_identification:_identify(src/rmf_utils) by extensions ['cmake', 'python']
[0.223s] Level 1:colcon.colcon_core.package_identification:_identify(src/rmf_utils) by extension 'cmake'
[0.223s] Level 1:colcon.colcon_core.package_identification:_identify(src/rmf_utils) by extension 'python'
[0.223s] Level 1:colcon.colcon_core.package_identification:_identify(src/rmf_utils) by extensions ['python_setup_py']
[0.223s] Level 1:colcon.colcon_core.package_identification:_identify(src/rmf_utils) by extension 'python_setup_py'
[0.223s] Level 1:colcon.colcon_core.package_identification:_identify(src/rmf_utils/docs) by extensions ['ignore', 'ignore_ament_install']
[0.223s] Level 1:colcon.colcon_core.package_identification:_identify(src/rmf_utils/docs) by extension 'ignore'
[0.223s] Level 1:colcon.colcon_core.package_identification:_identify(src/rmf_utils/docs) by extension 'ignore_ament_install'
[0.223s] Level 1:colcon.colcon_core.package_identification:_identify(src/rmf_utils/docs) by extensions ['colcon_pkg']
[0.223s] Level 1:colcon.colcon_core.package_identification:_identify(src/rmf_utils/docs) by extension 'colcon_pkg'
[0.223s] Level 1:colcon.colcon_core.package_identification:_identify(src/rmf_utils/docs) by extensions ['colcon_meta']
[0.223s] Level 1:colcon.colcon_core.package_identification:_identify(src/rmf_utils/docs) by extension 'colcon_meta'
[0.223s] Level 1:colcon.colcon_core.package_identification:_identify(src/rmf_utils/docs) by extensions ['ros']
[0.223s] Level 1:colcon.colcon_core.package_identification:_identify(src/rmf_utils/docs) by extension 'ros'
[0.223s] Level 1:colcon.colcon_core.package_identification:_identify(src/rmf_utils/docs) by extensions ['cmake', 'python']
[0.223s] Level 1:colcon.colcon_core.package_identification:_identify(src/rmf_utils/docs) by extension 'cmake'
[0.223s] Level 1:colcon.colcon_core.package_identification:_identify(src/rmf_utils/docs) by extension 'python'
[0.223s] Level 1:colcon.colcon_core.package_identification:_identify(src/rmf_utils/docs) by extensions ['python_setup_py']
[0.223s] Level 1:colcon.colcon_core.package_identification:_identify(src/rmf_utils/docs) by extension 'python_setup_py'
[0.223s] Level 1:colcon.colcon_core.package_identification:_identify(src/rmf_utils/rmf_utils) by extensions ['ignore', 'ignore_ament_install']
[0.224s] Level 1:colcon.colcon_core.package_identification:_identify(src/rmf_utils/rmf_utils) by extension 'ignore'
[0.224s] Level 1:colcon.colcon_core.package_identification:_identify(src/rmf_utils/rmf_utils) by extension 'ignore_ament_install'
[0.224s] Level 1:colcon.colcon_core.package_identification:_identify(src/rmf_utils/rmf_utils) by extensions ['colcon_pkg']
[0.224s] Level 1:colcon.colcon_core.package_identification:_identify(src/rmf_utils/rmf_utils) by extension 'colcon_pkg'
[0.224s] Level 1:colcon.colcon_core.package_identification:_identify(src/rmf_utils/rmf_utils) by extensions ['colcon_meta']
[0.224s] Level 1:colcon.colcon_core.package_identification:_identify(src/rmf_utils/rmf_utils) by extension 'colcon_meta'
[0.224s] Level 1:colcon.colcon_core.package_identification:_identify(src/rmf_utils/rmf_utils) by extensions ['ros']
[0.224s] Level 1:colcon.colcon_core.package_identification:_identify(src/rmf_utils/rmf_utils) by extension 'ros'
[0.225s] DEBUG:colcon.colcon_core.package_identification:Package 'src/rmf_utils/rmf_utils' with type 'ros.cmake' and name 'rmf_utils'
[0.225s] Level 1:colcon.colcon_core.package_discovery:discover_packages(recursive) using defaults
[0.225s] Level 1:colcon.colcon_core.package_discovery:discover_packages(ignore) discover
[0.225s] Level 1:colcon.colcon_core.package_discovery:discover_packages(ignore) using defaults
[0.225s] Level 1:colcon.colcon_core.package_discovery:discover_packages(path) discover
[0.225s] Level 1:colcon.colcon_core.package_discovery:discover_packages(path) using defaults
[0.246s] INFO:colcon.colcon_metadata.metadata.colcon_pkg:Updating descriptor of package 'src/rmf_utils/rmf_utils' from colcon.pkg: {'hooks': ['share/rmf_utils/hook/ament_prefix_path.dsv']}
[0.248s] Level 1:colcon.colcon_core.package_discovery:discover_packages(prefix_path) check parameters
[0.248s] Level 1:colcon.colcon_core.package_discovery:discover_packages(prefix_path) discover
[0.252s] DEBUG:colcon.colcon_installed_package_information.package_discovery:Found 271 installed packages in /opt/ros/humble
[0.267s] Level 1:colcon.colcon_core.package_discovery:discover_packages(prefix_path) using defaults
[0.301s] Level 5:colcon.colcon_core.verb:set package 'motor_control_command_msgs' build argument 'cmake_args' from command line to 'None'
[0.301s] Level 5:colcon.colcon_core.verb:set package 'motor_control_command_msgs' build argument 'cmake_target' from command line to 'None'
[0.301s] Level 5:colcon.colcon_core.verb:set package 'motor_control_command_msgs' build argument 'cmake_target_skip_unavailable' from command line to 'False'
[0.301s] Level 5:colcon.colcon_core.verb:set package 'motor_control_command_msgs' build argument 'cmake_clean_cache' from command line to 'False'
[0.301s] Level 5:colcon.colcon_core.verb:set package 'motor_control_command_msgs' build argument 'cmake_clean_first' from command line to 'False'
[0.301s] Level 5:colcon.colcon_core.verb:set package 'motor_control_command_msgs' build argument 'cmake_force_configure' from command line to 'False'
[0.301s] Level 5:colcon.colcon_core.verb:set package 'motor_control_command_msgs' build argument 'ament_cmake_args' from command line to 'None'
[0.301s] Level 5:colcon.colcon_core.verb:set package 'motor_control_command_msgs' build argument 'catkin_cmake_args' from command line to 'None'
[0.301s] Level 5:colcon.colcon_core.verb:set package 'motor_control_command_msgs' build argument 'catkin_skip_building_tests' from command line to 'False'
[0.301s] DEBUG:colcon.colcon_core.verb:Building package 'motor_control_command_msgs' with the following arguments: {'ament_cmake_args': None, 'build_base': '/home/abc/MDH/ros_ws/build/motor_control_command_msgs', 'catkin_cmake_args': None, 'catkin_skip_building_tests': False, 'cmake_args': None, 'cmake_clean_cache': False, 'cmake_clean_first': False, 'cmake_force_configure': False, 'cmake_target': None, 'cmake_target_skip_unavailable': False, 'install_base': '/home/abc/MDH/ros_ws/install/motor_control_command_msgs', 'merge_install': False, 'path': '/home/abc/MDH/ros_ws/src/internal_msgs/motor_control_command_msgs', 'symlink_install': False, 'test_result_base': None}
[0.301s] Level 5:colcon.colcon_core.verb:set package 'motor_status' build argument 'cmake_args' from command line to 'None'
[0.301s] Level 5:colcon.colcon_core.verb:set package 'motor_status' build argument 'cmake_target' from command line to 'None'
[0.301s] Level 5:colcon.colcon_core.verb:set package 'motor_status' build argument 'cmake_target_skip_unavailable' from command line to 'False'
[0.301s] Level 5:colcon.colcon_core.verb:set package 'motor_status' build argument 'cmake_clean_cache' from command line to 'False'
[0.301s] Level 5:colcon.colcon_core.verb:set package 'motor_status' build argument 'cmake_clean_first' from command line to 'False'
[0.301s] Level 5:colcon.colcon_core.verb:set package 'motor_status' build argument 'cmake_force_configure' from command line to 'False'
[0.302s] Level 5:colcon.colcon_core.verb:set package 'motor_status' build argument 'ament_cmake_args' from command line to 'None'
[0.302s] Level 5:colcon.colcon_core.verb:set package 'motor_status' build argument 'catkin_cmake_args' from command line to 'None'
[0.302s] Level 5:colcon.colcon_core.verb:set package 'motor_status' build argument 'catkin_skip_building_tests' from command line to 'False'
[0.302s] DEBUG:colcon.colcon_core.verb:Building package 'motor_status' with the following arguments: {'ament_cmake_args': None, 'build_base': '/home/abc/MDH/ros_ws/build/motor_status', 'catkin_cmake_args': None, 'catkin_skip_building_tests': False, 'cmake_args': None, 'cmake_clean_cache': False, 'cmake_clean_first': False, 'cmake_force_configure': False, 'cmake_target': None, 'cmake_target_skip_unavailable': False, 'install_base': '/home/abc/MDH/ros_ws/install/motor_status', 'merge_install': False, 'path': '/home/abc/MDH/ros_ws/src/motor_status', 'symlink_install': False, 'test_result_base': None}
[0.302s] Level 5:colcon.colcon_core.verb:set package 'rmf_utils' build argument 'cmake_args' from command line to 'None'
[0.302s] Level 5:colcon.colcon_core.verb:set package 'rmf_utils' build argument 'cmake_target' from command line to 'None'
[0.302s] Level 5:colcon.colcon_core.verb:set package 'rmf_utils' build argument 'cmake_target_skip_unavailable' from command line to 'False'
[0.302s] Level 5:colcon.colcon_core.verb:set package 'rmf_utils' build argument 'cmake_clean_cache' from command line to 'False'
[0.302s] Level 5:colcon.colcon_core.verb:set package 'rmf_utils' build argument 'cmake_clean_first' from command line to 'False'
[0.302s] Level 5:colcon.colcon_core.verb:set package 'rmf_utils' build argument 'cmake_force_configure' from command line to 'False'
[0.302s] Level 5:colcon.colcon_core.verb:set package 'rmf_utils' build argument 'ament_cmake_args' from command line to 'None'
[0.302s] Level 5:colcon.colcon_core.verb:set package 'rmf_utils' build argument 'catkin_cmake_args' from command line to 'None'
[0.302s] Level 5:colcon.colcon_core.verb:set package 'rmf_utils' build argument 'catkin_skip_building_tests' from command line to 'False'
[0.302s] DEBUG:colcon.colcon_core.verb:Building package 'rmf_utils' with the following arguments: {'ament_cmake_args': None, 'build_base': '/home/abc/MDH/ros_ws/build/rmf_utils', 'catkin_cmake_args': None, 'catkin_skip_building_tests': False, 'cmake_args': None, 'cmake_clean_cache': False, 'cmake_clean_first': False, 'cmake_force_configure': False, 'cmake_target': None, 'cmake_target_skip_unavailable': False, 'install_base': '/home/abc/MDH/ros_ws/install/rmf_utils', 'merge_install': False, 'path': '/home/abc/MDH/ros_ws/src/rmf_utils/rmf_utils', 'symlink_install': False, 'test_result_base': None}
[0.302s] Level 5:colcon.colcon_core.verb:set package 'motor_control' build argument 'cmake_args' from command line to 'None'
[0.302s] Level 5:colcon.colcon_core.verb:set package 'motor_control' build argument 'cmake_target' from command line to 'None'
[0.302s] Level 5:colcon.colcon_core.verb:set package 'motor_control' build argument 'cmake_target_skip_unavailable' from command line to 'False'
[0.302s] Level 5:colcon.colcon_core.verb:set package 'motor_control' build argument 'cmake_clean_cache' from command line to 'False'
[0.302s] Level 5:colcon.colcon_core.verb:set package 'motor_control' build argument 'cmake_clean_first' from command line to 'False'
[0.302s] Level 5:colcon.colcon_core.verb:set package 'motor_control' build argument 'cmake_force_configure' from command line to 'False'
[0.302s] Level 5:colcon.colcon_core.verb:set package 'motor_control' build argument 'ament_cmake_args' from command line to 'None'
[0.302s] Level 5:colcon.colcon_core.verb:set package 'motor_control' build argument 'catkin_cmake_args' from command line to 'None'
[0.302s] Level 5:colcon.colcon_core.verb:set package 'motor_control' build argument 'catkin_skip_building_tests' from command line to 'False'
[0.302s] DEBUG:colcon.colcon_core.verb:Building package 'motor_control' with the following arguments: {'ament_cmake_args': None, 'build_base': '/home/abc/MDH/ros_ws/build/motor_control', 'catkin_cmake_args': None, 'catkin_skip_building_tests': False, 'cmake_args': None, 'cmake_clean_cache': False, 'cmake_clean_first': False, 'cmake_force_configure': False, 'cmake_target': None, 'cmake_target_skip_unavailable': False, 'install_base': '/home/abc/MDH/ros_ws/install/motor_control', 'merge_install': False, 'path': '/home/abc/MDH/ros_ws/src/motor_control', 'symlink_install': False, 'test_result_base': None}
[0.303s] Level 5:colcon.colcon_core.verb:set package 'motor_control_v2' build argument 'cmake_args' from command line to 'None'
[0.303s] Level 5:colcon.colcon_core.verb:set package 'motor_control_v2' build argument 'cmake_target' from command line to 'None'
[0.303s] Level 5:colcon.colcon_core.verb:set package 'motor_control_v2' build argument 'cmake_target_skip_unavailable' from command line to 'False'
[0.303s] Level 5:colcon.colcon_core.verb:set package 'motor_control_v2' build argument 'cmake_clean_cache' from command line to 'False'
[0.303s] Level 5:colcon.colcon_core.verb:set package 'motor_control_v2' build argument 'cmake_clean_first' from command line to 'False'
[0.303s] Level 5:colcon.colcon_core.verb:set package 'motor_control_v2' build argument 'cmake_force_configure' from command line to 'False'
[0.303s] Level 5:colcon.colcon_core.verb:set package 'motor_control_v2' build argument 'ament_cmake_args' from command line to 'None'
[0.303s] Level 5:colcon.colcon_core.verb:set package 'motor_control_v2' build argument 'catkin_cmake_args' from command line to 'None'
[0.303s] Level 5:colcon.colcon_core.verb:set package 'motor_control_v2' build argument 'catkin_skip_building_tests' from command line to 'False'
[0.303s] DEBUG:colcon.colcon_core.verb:Building package 'motor_control_v2' with the following arguments: {'ament_cmake_args': None, 'build_base': '/home/abc/MDH/ros_ws/build/motor_control_v2', 'catkin_cmake_args': None, 'catkin_skip_building_tests': False, 'cmake_args': None, 'cmake_clean_cache': False, 'cmake_clean_first': False, 'cmake_force_configure': False, 'cmake_target': None, 'cmake_target_skip_unavailable': False, 'install_base': '/home/abc/MDH/ros_ws/install/motor_control_v2', 'merge_install': False, 'path': '/home/abc/MDH/ros_ws/src/motor_control_v2', 'symlink_install': False, 'test_result_base': None}
[0.303s] INFO:colcon.colcon_core.executor:Executing jobs using 'parallel' executor
[0.304s] DEBUG:colcon.colcon_parallel_executor.executor.parallel:run_until_complete
[0.304s] INFO:colcon.colcon_ros.task.ament_cmake.build:Building ROS package in '/home/abc/MDH/ros_ws/src/internal_msgs/motor_control_command_msgs' with build type 'ament_cmake'
[0.305s] INFO:colcon.colcon_cmake.task.cmake.build:Building CMake package in '/home/abc/MDH/ros_ws/src/internal_msgs/motor_control_command_msgs'
[0.307s] INFO:colcon.colcon_core.plugin_system:Skipping extension 'colcon_core.shell.bat': Not used on non-Windows systems
[0.307s] INFO:colcon.colcon_core.shell:Skip shell extension 'powershell' for command environment: Not usable outside of PowerShell
[0.308s] DEBUG:colcon.colcon_core.shell:Skip shell extension 'dsv' for command environment
[0.311s] INFO:colcon.colcon_ros.task.ament_cmake.build:Building ROS package in '/home/abc/MDH/ros_ws/src/motor_status' with build type 'ament_cmake'
[0.312s] INFO:colcon.colcon_cmake.task.cmake.build:Building CMake package in '/home/abc/MDH/ros_ws/src/motor_status'
[0.312s] INFO:colcon.colcon_core.shell:Skip shell extension 'powershell' for command environment: Not usable outside of PowerShell
[0.312s] DEBUG:colcon.colcon_core.shell:Skip shell extension 'dsv' for command environment
[0.315s] INFO:colcon.colcon_ros.task.cmake.build:Building ROS package in '/home/abc/MDH/ros_ws/src/rmf_utils/rmf_utils' with build type 'cmake'
[0.316s] INFO:colcon.colcon_cmake.task.cmake.build:Building CMake package in '/home/abc/MDH/ros_ws/src/rmf_utils/rmf_utils'
[0.316s] INFO:colcon.colcon_core.shell:Skip shell extension 'powershell' for command environment: Not usable outside of PowerShell
[0.316s] DEBUG:colcon.colcon_core.shell:Skip shell extension 'dsv' for command environment
[0.330s] DEBUG:colcon.colcon_core.event_handler.log_command:Invoking command in '/home/abc/MDH/ros_ws/build/motor_control_command_msgs': CMAKE_PREFIX_PATH=/opt/ros/humble /usr/bin/cmake --build /home/abc/MDH/ros_ws/build/motor_control_command_msgs -- -j8 -l8
[0.341s] DEBUG:colcon.colcon_core.event_handler.log_command:Invoking command in '/home/abc/MDH/ros_ws/build/motor_status': CMAKE_PREFIX_PATH=/opt/ros/humble /usr/bin/cmake --build /home/abc/MDH/ros_ws/build/motor_status -- -j8 -l8
[0.347s] DEBUG:colcon.colcon_core.event_handler.log_command:Invoking command in '/home/abc/MDH/ros_ws/build/rmf_utils': CMAKE_PREFIX_PATH=/opt/ros/humble /usr/bin/cmake --build /home/abc/MDH/ros_ws/build/rmf_utils -- -j8 -l8
[0.495s] DEBUG:colcon.colcon_core.event_handler.log_command:Invoked command in '/home/abc/MDH/ros_ws/build/rmf_utils' returned '0': CMAKE_PREFIX_PATH=/opt/ros/humble /usr/bin/cmake --build /home/abc/MDH/ros_ws/build/rmf_utils -- -j8 -l8
[0.521s] DEBUG:colcon.colcon_core.event_handler.log_command:Invoking command in '/home/abc/MDH/ros_ws/build/rmf_utils': CMAKE_PREFIX_PATH=/opt/ros/humble /usr/bin/cmake --install /home/abc/MDH/ros_ws/build/rmf_utils
[0.531s] DEBUG:colcon.colcon_core.event_handler.log_command:Invoked command in '/home/abc/MDH/ros_ws/build/motor_status' returned '0': CMAKE_PREFIX_PATH=/opt/ros/humble /usr/bin/cmake --build /home/abc/MDH/ros_ws/build/motor_status -- -j8 -l8
[0.532s] DEBUG:colcon.colcon_core.event_handler.log_command:Invoking command in '/home/abc/MDH/ros_ws/build/motor_status': CMAKE_PREFIX_PATH=/opt/ros/humble /usr/bin/cmake --install /home/abc/MDH/ros_ws/build/motor_status
[0.546s] DEBUG:colcon.colcon_core.event_handler.log_command:Invoked command in '/home/abc/MDH/ros_ws/build/rmf_utils' returned '0': CMAKE_PREFIX_PATH=/opt/ros/humble /usr/bin/cmake --install /home/abc/MDH/ros_ws/build/rmf_utils
[0.553s] Level 1:colcon.colcon_core.shell:create_environment_hook('rmf_utils', 'pkg_config_path')
[0.553s] INFO:colcon.colcon_core.shell:Creating environment hook '/home/abc/MDH/ros_ws/install/rmf_utils/share/rmf_utils/hook/pkg_config_path.ps1'
[0.555s] INFO:colcon.colcon_core.shell:Creating environment descriptor '/home/abc/MDH/ros_ws/install/rmf_utils/share/rmf_utils/hook/pkg_config_path.dsv'
[0.558s] INFO:colcon.colcon_core.shell:Creating environment hook '/home/abc/MDH/ros_ws/install/rmf_utils/share/rmf_utils/hook/pkg_config_path.sh'
[0.564s] Level 1:colcon.colcon_core.shell:create_environment_hook('rmf_utils', 'pkg_config_path_multiarch')
[0.565s] INFO:colcon.colcon_core.shell:Creating environment hook '/home/abc/MDH/ros_ws/install/rmf_utils/share/rmf_utils/hook/pkg_config_path_multiarch.ps1'
[0.567s] INFO:colcon.colcon_core.shell:Creating environment descriptor '/home/abc/MDH/ros_ws/install/rmf_utils/share/rmf_utils/hook/pkg_config_path_multiarch.dsv'
[0.568s] INFO:colcon.colcon_core.shell:Creating environment hook '/home/abc/MDH/ros_ws/install/rmf_utils/share/rmf_utils/hook/pkg_config_path_multiarch.sh'
[0.571s] Level 1:colcon.colcon_core.environment:create_environment_scripts_only(rmf_utils)
[0.577s] Level 1:colcon.colcon_core.environment:checking '/home/abc/MDH/ros_ws/install/rmf_utils' for CMake module files
[0.577s] Level 1:colcon.colcon_core.environment:checking '/home/abc/MDH/ros_ws/install/rmf_utils' for CMake config files
[0.577s] Level 1:colcon.colcon_core.shell:create_environment_hook('rmf_utils', 'cmake_prefix_path')
[0.578s] INFO:colcon.colcon_core.shell:Creating environment hook '/home/abc/MDH/ros_ws/install/rmf_utils/share/rmf_utils/hook/cmake_prefix_path.ps1'
[0.579s] INFO:colcon.colcon_core.shell:Creating environment descriptor '/home/abc/MDH/ros_ws/install/rmf_utils/share/rmf_utils/hook/cmake_prefix_path.dsv'
[0.579s] INFO:colcon.colcon_core.shell:Creating environment hook '/home/abc/MDH/ros_ws/install/rmf_utils/share/rmf_utils/hook/cmake_prefix_path.sh'
[0.582s] Level 1:colcon.colcon_core.environment:checking '/home/abc/MDH/ros_ws/install/rmf_utils/lib'
[0.583s] Level 1:colcon.colcon_core.shell:create_environment_hook('rmf_utils', 'ld_library_path_lib')
[0.584s] INFO:colcon.colcon_core.shell:Creating environment hook '/home/abc/MDH/ros_ws/install/rmf_utils/share/rmf_utils/hook/ld_library_path_lib.ps1'
[0.588s] INFO:colcon.colcon_core.shell:Creating environment descriptor '/home/abc/MDH/ros_ws/install/rmf_utils/share/rmf_utils/hook/ld_library_path_lib.dsv'
[0.590s] INFO:colcon.colcon_core.shell:Creating environment hook '/home/abc/MDH/ros_ws/install/rmf_utils/share/rmf_utils/hook/ld_library_path_lib.sh'
[0.591s] Level 1:colcon.colcon_core.environment:checking '/home/abc/MDH/ros_ws/install/rmf_utils/bin'
[0.591s] Level 1:colcon.colcon_core.environment:checking '/home/abc/MDH/ros_ws/install/rmf_utils/lib/pkgconfig/rmf_utils.pc'
[0.592s] Level 1:colcon.colcon_core.environment:checking '/home/abc/MDH/ros_ws/install/rmf_utils/lib/python3.10/site-packages'
[0.592s] Level 1:colcon.colcon_core.environment:checking '/home/abc/MDH/ros_ws/install/rmf_utils/bin'
[0.593s] INFO:colcon.colcon_core.shell:Creating package script '/home/abc/MDH/ros_ws/install/rmf_utils/share/rmf_utils/package.ps1'
[0.594s] INFO:colcon.colcon_core.shell:Creating package descriptor '/home/abc/MDH/ros_ws/install/rmf_utils/share/rmf_utils/package.dsv'
[0.597s] INFO:colcon.colcon_core.shell:Creating package script '/home/abc/MDH/ros_ws/install/rmf_utils/share/rmf_utils/package.sh'
[0.600s] INFO:colcon.colcon_core.shell:Creating package script '/home/abc/MDH/ros_ws/install/rmf_utils/share/rmf_utils/package.bash'
[0.602s] INFO:colcon.colcon_core.shell:Creating package script '/home/abc/MDH/ros_ws/install/rmf_utils/share/rmf_utils/package.zsh'
[0.603s] Level 1:colcon.colcon_core.environment:create_file_with_runtime_dependencies(/home/abc/MDH/ros_ws/install/rmf_utils/share/colcon-core/packages/rmf_utils)
[0.605s] Level 1:colcon.colcon_core.environment:create_environment_scripts_only(motor_status)
[0.605s] Level 1:colcon.colcon_core.environment:checking '/home/abc/MDH/ros_ws/install/motor_status' for CMake module files
[0.606s] Level 1:colcon.colcon_core.environment:checking '/home/abc/MDH/ros_ws/install/motor_status' for CMake config files
[0.607s] Level 1:colcon.colcon_core.shell:create_environment_hook('motor_status', 'cmake_prefix_path')
[0.607s] INFO:colcon.colcon_core.shell:Creating environment hook '/home/abc/MDH/ros_ws/install/motor_status/share/motor_status/hook/cmake_prefix_path.ps1'
[0.608s] DEBUG:colcon.colcon_core.event_handler.log_command:Invoked command in '/home/abc/MDH/ros_ws/build/motor_status' returned '0': CMAKE_PREFIX_PATH=/opt/ros/humble /usr/bin/cmake --install /home/abc/MDH/ros_ws/build/motor_status
[0.609s] INFO:colcon.colcon_core.shell:Creating environment descriptor '/home/abc/MDH/ros_ws/install/motor_status/share/motor_status/hook/cmake_prefix_path.dsv'
[0.610s] INFO:colcon.colcon_core.shell:Creating environment hook '/home/abc/MDH/ros_ws/install/motor_status/share/motor_status/hook/cmake_prefix_path.sh'
[0.611s] Level 1:colcon.colcon_core.environment:checking '/home/abc/MDH/ros_ws/install/motor_status/lib'
[0.611s] Level 1:colcon.colcon_core.environment:checking '/home/abc/MDH/ros_ws/install/motor_status/bin'
[0.611s] Level 1:colcon.colcon_core.environment:checking '/home/abc/MDH/ros_ws/install/motor_status/lib/pkgconfig/motor_status.pc'
[0.611s] Level 1:colcon.colcon_core.environment:checking '/home/abc/MDH/ros_ws/install/motor_status/lib/python3.10/site-packages'
[0.612s] Level 1:colcon.colcon_core.environment:checking '/home/abc/MDH/ros_ws/install/motor_status/bin'
[0.612s] INFO:colcon.colcon_core.shell:Creating package script '/home/abc/MDH/ros_ws/install/motor_status/share/motor_status/package.ps1'
[0.613s] INFO:colcon.colcon_core.shell:Creating package descriptor '/home/abc/MDH/ros_ws/install/motor_status/share/motor_status/package.dsv'
[0.614s] INFO:colcon.colcon_core.shell:Creating package script '/home/abc/MDH/ros_ws/install/motor_status/share/motor_status/package.sh'
[0.615s] INFO:colcon.colcon_core.shell:Creating package script '/home/abc/MDH/ros_ws/install/motor_status/share/motor_status/package.bash'
[0.615s] INFO:colcon.colcon_core.shell:Creating package script '/home/abc/MDH/ros_ws/install/motor_status/share/motor_status/package.zsh'
[0.616s] Level 1:colcon.colcon_core.environment:create_file_with_runtime_dependencies(/home/abc/MDH/ros_ws/install/motor_status/share/colcon-core/packages/motor_status)
[0.617s] Level 1:colcon.colcon_core.environment:create_environment_scripts_only(motor_status)
[0.618s] Level 1:colcon.colcon_core.environment:checking '/home/abc/MDH/ros_ws/install/motor_status' for CMake module files
[0.619s] Level 1:colcon.colcon_core.environment:checking '/home/abc/MDH/ros_ws/install/motor_status' for CMake config files
[0.621s] Level 1:colcon.colcon_core.shell:create_environment_hook('motor_status', 'cmake_prefix_path')
[0.621s] INFO:colcon.colcon_core.shell:Creating environment hook '/home/abc/MDH/ros_ws/install/motor_status/share/motor_status/hook/cmake_prefix_path.ps1'
[0.622s] INFO:colcon.colcon_core.shell:Creating environment descriptor '/home/abc/MDH/ros_ws/install/motor_status/share/motor_status/hook/cmake_prefix_path.dsv'
[0.623s] INFO:colcon.colcon_core.shell:Creating environment hook '/home/abc/MDH/ros_ws/install/motor_status/share/motor_status/hook/cmake_prefix_path.sh'
[0.624s] Level 1:colcon.colcon_core.environment:checking '/home/abc/MDH/ros_ws/install/motor_status/lib'
[0.625s] Level 1:colcon.colcon_core.environment:checking '/home/abc/MDH/ros_ws/install/motor_status/bin'
[0.625s] Level 1:colcon.colcon_core.environment:checking '/home/abc/MDH/ros_ws/install/motor_status/lib/pkgconfig/motor_status.pc'
[0.625s] Level 1:colcon.colcon_core.environment:checking '/home/abc/MDH/ros_ws/install/motor_status/lib/python3.10/site-packages'
[0.625s] Level 1:colcon.colcon_core.environment:checking '/home/abc/MDH/ros_ws/install/motor_status/bin'
[0.626s] INFO:colcon.colcon_core.shell:Creating package script '/home/abc/MDH/ros_ws/install/motor_status/share/motor_status/package.ps1'
[0.627s] INFO:colcon.colcon_core.shell:Creating package descriptor '/home/abc/MDH/ros_ws/install/motor_status/share/motor_status/package.dsv'
[0.628s] INFO:colcon.colcon_core.shell:Creating package script '/home/abc/MDH/ros_ws/install/motor_status/share/motor_status/package.sh'
[0.629s] INFO:colcon.colcon_core.shell:Creating package script '/home/abc/MDH/ros_ws/install/motor_status/share/motor_status/package.bash'
[0.630s] INFO:colcon.colcon_core.shell:Creating package script '/home/abc/MDH/ros_ws/install/motor_status/share/motor_status/package.zsh'
[0.631s] Level 1:colcon.colcon_core.environment:create_file_with_runtime_dependencies(/home/abc/MDH/ros_ws/install/motor_status/share/colcon-core/packages/motor_status)
[0.989s] DEBUG:colcon.colcon_core.event_handler.log_command:Invoked command in '/home/abc/MDH/ros_ws/build/motor_control_command_msgs' returned '0': CMAKE_PREFIX_PATH=/opt/ros/humble /usr/bin/cmake --build /home/abc/MDH/ros_ws/build/motor_control_command_msgs -- -j8 -l8
[0.990s] DEBUG:colcon.colcon_core.event_handler.log_command:Invoking command in '/home/abc/MDH/ros_ws/build/motor_control_command_msgs': CMAKE_PREFIX_PATH=/opt/ros/humble /usr/bin/cmake --install /home/abc/MDH/ros_ws/build/motor_control_command_msgs
[1.072s] Level 1:colcon.colcon_core.environment:create_environment_scripts_only(motor_control_command_msgs)
[1.073s] Level 1:colcon.colcon_core.environment:checking '/home/abc/MDH/ros_ws/install/motor_control_command_msgs' for CMake module files
[1.074s] DEBUG:colcon.colcon_core.event_handler.log_command:Invoked command in '/home/abc/MDH/ros_ws/build/motor_control_command_msgs' returned '0': CMAKE_PREFIX_PATH=/opt/ros/humble /usr/bin/cmake --install /home/abc/MDH/ros_ws/build/motor_control_command_msgs
[1.074s] Level 1:colcon.colcon_core.environment:checking '/home/abc/MDH/ros_ws/install/motor_control_command_msgs' for CMake config files
[1.075s] Level 1:colcon.colcon_core.shell:create_environment_hook('motor_control_command_msgs', 'cmake_prefix_path')
[1.076s] INFO:colcon.colcon_core.shell:Creating environment hook '/home/abc/MDH/ros_ws/install/motor_control_command_msgs/share/motor_control_command_msgs/hook/cmake_prefix_path.ps1'
[1.077s] INFO:colcon.colcon_core.shell:Creating environment descriptor '/home/abc/MDH/ros_ws/install/motor_control_command_msgs/share/motor_control_command_msgs/hook/cmake_prefix_path.dsv'
[1.078s] INFO:colcon.colcon_core.shell:Creating environment hook '/home/abc/MDH/ros_ws/install/motor_control_command_msgs/share/motor_control_command_msgs/hook/cmake_prefix_path.sh'
[1.079s] Level 1:colcon.colcon_core.environment:checking '/home/abc/MDH/ros_ws/install/motor_control_command_msgs/lib'
[1.079s] Level 1:colcon.colcon_core.shell:create_environment_hook('motor_control_command_msgs', 'ld_library_path_lib')
[1.079s] INFO:colcon.colcon_core.shell:Creating environment hook '/home/abc/MDH/ros_ws/install/motor_control_command_msgs/share/motor_control_command_msgs/hook/ld_library_path_lib.ps1'
[1.079s] INFO:colcon.colcon_core.shell:Creating environment descriptor '/home/abc/MDH/ros_ws/install/motor_control_command_msgs/share/motor_control_command_msgs/hook/ld_library_path_lib.dsv'
[1.080s] INFO:colcon.colcon_core.shell:Creating environment hook '/home/abc/MDH/ros_ws/install/motor_control_command_msgs/share/motor_control_command_msgs/hook/ld_library_path_lib.sh'
[1.081s] Level 1:colcon.colcon_core.environment:checking '/home/abc/MDH/ros_ws/install/motor_control_command_msgs/bin'
[1.081s] Level 1:colcon.colcon_core.environment:checking '/home/abc/MDH/ros_ws/install/motor_control_command_msgs/lib/pkgconfig/motor_control_command_msgs.pc'
[1.081s] Level 1:colcon.colcon_core.environment:checking '/home/abc/MDH/ros_ws/install/motor_control_command_msgs/lib/python3.10/site-packages'
[1.081s] Level 1:colcon.colcon_core.environment:checking '/home/abc/MDH/ros_ws/install/motor_control_command_msgs/bin'
[1.082s] INFO:colcon.colcon_core.shell:Creating package script '/home/abc/MDH/ros_ws/install/motor_control_command_msgs/share/motor_control_command_msgs/package.ps1'
[1.082s] INFO:colcon.colcon_core.shell:Creating package descriptor '/home/abc/MDH/ros_ws/install/motor_control_command_msgs/share/motor_control_command_msgs/package.dsv'
[1.083s] INFO:colcon.colcon_core.shell:Creating package script '/home/abc/MDH/ros_ws/install/motor_control_command_msgs/share/motor_control_command_msgs/package.sh'
[1.084s] INFO:colcon.colcon_core.shell:Creating package script '/home/abc/MDH/ros_ws/install/motor_control_command_msgs/share/motor_control_command_msgs/package.bash'
[1.084s] INFO:colcon.colcon_core.shell:Creating package script '/home/abc/MDH/ros_ws/install/motor_control_command_msgs/share/motor_control_command_msgs/package.zsh'
[1.085s] Level 1:colcon.colcon_core.environment:create_file_with_runtime_dependencies(/home/abc/MDH/ros_ws/install/motor_control_command_msgs/share/colcon-core/packages/motor_control_command_msgs)
[1.085s] Level 1:colcon.colcon_core.environment:create_environment_scripts_only(motor_control_command_msgs)
[1.086s] Level 1:colcon.colcon_core.environment:checking '/home/abc/MDH/ros_ws/install/motor_control_command_msgs' for CMake module files
[1.086s] Level 1:colcon.colcon_core.environment:checking '/home/abc/MDH/ros_ws/install/motor_control_command_msgs' for CMake config files
[1.087s] Level 1:colcon.colcon_core.shell:create_environment_hook('motor_control_command_msgs', 'cmake_prefix_path')
[1.087s] INFO:colcon.colcon_core.shell:Creating environment hook '/home/abc/MDH/ros_ws/install/motor_control_command_msgs/share/motor_control_command_msgs/hook/cmake_prefix_path.ps1'
[1.087s] INFO:colcon.colcon_core.shell:Creating environment descriptor '/home/abc/MDH/ros_ws/install/motor_control_command_msgs/share/motor_control_command_msgs/hook/cmake_prefix_path.dsv'
[1.088s] INFO:colcon.colcon_core.shell:Creating environment hook '/home/abc/MDH/ros_ws/install/motor_control_command_msgs/share/motor_control_command_msgs/hook/cmake_prefix_path.sh'
[1.088s] Level 1:colcon.colcon_core.environment:checking '/home/abc/MDH/ros_ws/install/motor_control_command_msgs/lib'
[1.089s] Level 1:colcon.colcon_core.shell:create_environment_hook('motor_control_command_msgs', 'ld_library_path_lib')
[1.089s] INFO:colcon.colcon_core.shell:Creating environment hook '/home/abc/MDH/ros_ws/install/motor_control_command_msgs/share/motor_control_command_msgs/hook/ld_library_path_lib.ps1'
[1.089s] INFO:colcon.colcon_core.shell:Creating environment descriptor '/home/abc/MDH/ros_ws/install/motor_control_command_msgs/share/motor_control_command_msgs/hook/ld_library_path_lib.dsv'
[1.090s] INFO:colcon.colcon_core.shell:Creating environment hook '/home/abc/MDH/ros_ws/install/motor_control_command_msgs/share/motor_control_command_msgs/hook/ld_library_path_lib.sh'
[1.090s] Level 1:colcon.colcon_core.environment:checking '/home/abc/MDH/ros_ws/install/motor_control_command_msgs/bin'
[1.090s] Level 1:colcon.colcon_core.environment:checking '/home/abc/MDH/ros_ws/install/motor_control_command_msgs/lib/pkgconfig/motor_control_command_msgs.pc'
[1.091s] Level 1:colcon.colcon_core.environment:checking '/home/abc/MDH/ros_ws/install/motor_control_command_msgs/lib/python3.10/site-packages'
[1.091s] Level 1:colcon.colcon_core.environment:checking '/home/abc/MDH/ros_ws/install/motor_control_command_msgs/bin'
[1.091s] INFO:colcon.colcon_core.shell:Creating package script '/home/abc/MDH/ros_ws/install/motor_control_command_msgs/share/motor_control_command_msgs/package.ps1'
[1.092s] INFO:colcon.colcon_core.shell:Creating package descriptor '/home/abc/MDH/ros_ws/install/motor_control_command_msgs/share/motor_control_command_msgs/package.dsv'
[1.092s] INFO:colcon.colcon_core.shell:Creating package script '/home/abc/MDH/ros_ws/install/motor_control_command_msgs/share/motor_control_command_msgs/package.sh'
[1.093s] INFO:colcon.colcon_core.shell:Creating package script '/home/abc/MDH/ros_ws/install/motor_control_command_msgs/share/motor_control_command_msgs/package.bash'
[1.093s] INFO:colcon.colcon_core.shell:Creating package script '/home/abc/MDH/ros_ws/install/motor_control_command_msgs/share/motor_control_command_msgs/package.zsh'
[1.094s] Level 1:colcon.colcon_core.environment:create_file_with_runtime_dependencies(/home/abc/MDH/ros_ws/install/motor_control_command_msgs/share/colcon-core/packages/motor_control_command_msgs)
[1.094s] INFO:colcon.colcon_ros.task.ament_cmake.build:Building ROS package in '/home/abc/MDH/ros_ws/src/motor_control' with build type 'ament_cmake'
[1.094s] INFO:colcon.colcon_cmake.task.cmake.build:Building CMake package in '/home/abc/MDH/ros_ws/src/motor_control'
[1.095s] INFO:colcon.colcon_core.shell:Skip shell extension 'powershell' for command environment: Not usable outside of PowerShell
[1.095s] DEBUG:colcon.colcon_core.shell:Skip shell extension 'dsv' for command environment
[1.099s] INFO:colcon.colcon_ros.task.ament_cmake.build:Building ROS package in '/home/abc/MDH/ros_ws/src/motor_control_v2' with build type 'ament_cmake'
[1.099s] INFO:colcon.colcon_cmake.task.cmake.build:Building CMake package in '/home/abc/MDH/ros_ws/src/motor_control_v2'
[1.099s] INFO:colcon.colcon_core.shell:Skip shell extension 'powershell' for command environment: Not usable outside of PowerShell
[1.099s] DEBUG:colcon.colcon_core.shell:Skip shell extension 'dsv' for command environment
[1.112s] DEBUG:colcon.colcon_core.event_handler.log_command:Invoking command in '/home/abc/MDH/ros_ws/build/motor_control': AMENT_PREFIX_PATH=/home/abc/MDH/ros_ws/install/motor_control_command_msgs:${AMENT_PREFIX_PATH} CMAKE_PREFIX_PATH=/home/abc/MDH/ros_ws/install/motor_control_command_msgs:/opt/ros/humble LD_LIBRARY_PATH=/home/abc/MDH/ros_ws/install/motor_control_command_msgs/lib:${LD_LIBRARY_PATH} PYTHONPATH=/home/abc/MDH/ros_ws/install/motor_control_command_msgs/local/lib/python3.10/dist-packages:${PYTHONPATH} /usr/bin/cmake --build /home/abc/MDH/ros_ws/build/motor_control -- -j8 -l8
[1.123s] DEBUG:colcon.colcon_core.event_handler.log_command:Invoking command in '/home/abc/MDH/ros_ws/build/motor_control_v2': AMENT_PREFIX_PATH=/home/abc/MDH/ros_ws/install/motor_control_command_msgs:${AMENT_PREFIX_PATH} CMAKE_PREFIX_PATH=/home/abc/MDH/ros_ws/install/motor_control_command_msgs:/opt/ros/humble LD_LIBRARY_PATH=/home/abc/MDH/ros_ws/install/motor_control_command_msgs/lib:${LD_LIBRARY_PATH} PYTHONPATH=/home/abc/MDH/ros_ws/install/motor_control_command_msgs/local/lib/python3.10/dist-packages:${PYTHONPATH} /usr/bin/cmake --build /home/abc/MDH/ros_ws/build/motor_control_v2 -- -j8 -l8
[1.228s] DEBUG:colcon.colcon_core.event_handler.log_command:Invoked command in '/home/abc/MDH/ros_ws/build/motor_control' returned '0': AMENT_PREFIX_PATH=/home/abc/MDH/ros_ws/install/motor_control_command_msgs:${AMENT_PREFIX_PATH} CMAKE_PREFIX_PATH=/home/abc/MDH/ros_ws/install/motor_control_command_msgs:/opt/ros/humble LD_LIBRARY_PATH=/home/abc/MDH/ros_ws/install/motor_control_command_msgs/lib:${LD_LIBRARY_PATH} PYTHONPATH=/home/abc/MDH/ros_ws/install/motor_control_command_msgs/local/lib/python3.10/dist-packages:${PYTHONPATH} /usr/bin/cmake --build /home/abc/MDH/ros_ws/build/motor_control -- -j8 -l8
[1.232s] DEBUG:colcon.colcon_core.event_handler.log_command:Invoking command in '/home/abc/MDH/ros_ws/build/motor_control': AMENT_PREFIX_PATH=/home/abc/MDH/ros_ws/install/motor_control_command_msgs:${AMENT_PREFIX_PATH} CMAKE_PREFIX_PATH=/home/abc/MDH/ros_ws/install/motor_control_command_msgs:/opt/ros/humble LD_LIBRARY_PATH=/home/abc/MDH/ros_ws/install/motor_control_command_msgs/lib:${LD_LIBRARY_PATH} PYTHONPATH=/home/abc/MDH/ros_ws/install/motor_control_command_msgs/local/lib/python3.10/dist-packages:${PYTHONPATH} /usr/bin/cmake --install /home/abc/MDH/ros_ws/build/motor_control
[1.251s] Level 1:colcon.colcon_core.environment:create_environment_scripts_only(motor_control)
[1.251s] Level 1:colcon.colcon_core.environment:checking '/home/abc/MDH/ros_ws/install/motor_control' for CMake module files
[1.252s] Level 1:colcon.colcon_core.environment:checking '/home/abc/MDH/ros_ws/install/motor_control' for CMake config files
[1.252s] Level 1:colcon.colcon_core.shell:create_environment_hook('motor_control', 'cmake_prefix_path')
[1.253s] INFO:colcon.colcon_core.shell:Creating environment hook '/home/abc/MDH/ros_ws/install/motor_control/share/motor_control/hook/cmake_prefix_path.ps1'
[1.253s] INFO:colcon.colcon_core.shell:Creating environment descriptor '/home/abc/MDH/ros_ws/install/motor_control/share/motor_control/hook/cmake_prefix_path.dsv'
[1.255s] DEBUG:colcon.colcon_core.event_handler.log_command:Invoked command in '/home/abc/MDH/ros_ws/build/motor_control' returned '0': AMENT_PREFIX_PATH=/home/abc/MDH/ros_ws/install/motor_control_command_msgs:${AMENT_PREFIX_PATH} CMAKE_PREFIX_PATH=/home/abc/MDH/ros_ws/install/motor_control_command_msgs:/opt/ros/humble LD_LIBRARY_PATH=/home/abc/MDH/ros_ws/install/motor_control_command_msgs/lib:${LD_LIBRARY_PATH} PYTHONPATH=/home/abc/MDH/ros_ws/install/motor_control_command_msgs/local/lib/python3.10/dist-packages:${PYTHONPATH} /usr/bin/cmake --install /home/abc/MDH/ros_ws/build/motor_control
[1.255s] INFO:colcon.colcon_core.shell:Creating environment hook '/home/abc/MDH/ros_ws/install/motor_control/share/motor_control/hook/cmake_prefix_path.sh'
[1.256s] Level 1:colcon.colcon_core.environment:checking '/home/abc/MDH/ros_ws/install/motor_control/lib'
[1.256s] Level 1:colcon.colcon_core.environment:checking '/home/abc/MDH/ros_ws/install/motor_control/bin'
[1.256s] Level 1:colcon.colcon_core.environment:checking '/home/abc/MDH/ros_ws/install/motor_control/lib/pkgconfig/motor_control.pc'
[1.257s] Level 1:colcon.colcon_core.environment:checking '/home/abc/MDH/ros_ws/install/motor_control/lib/python3.10/site-packages'
[1.257s] Level 1:colcon.colcon_core.environment:checking '/home/abc/MDH/ros_ws/install/motor_control/bin'
[1.257s] INFO:colcon.colcon_core.shell:Creating package script '/home/abc/MDH/ros_ws/install/motor_control/share/motor_control/package.ps1'
[1.258s] INFO:colcon.colcon_core.shell:Creating package descriptor '/home/abc/MDH/ros_ws/install/motor_control/share/motor_control/package.dsv'
[1.258s] INFO:colcon.colcon_core.shell:Creating package script '/home/abc/MDH/ros_ws/install/motor_control/share/motor_control/package.sh'
[1.259s] INFO:colcon.colcon_core.shell:Creating package script '/home/abc/MDH/ros_ws/install/motor_control/share/motor_control/package.bash'
[1.260s] INFO:colcon.colcon_core.shell:Creating package script '/home/abc/MDH/ros_ws/install/motor_control/share/motor_control/package.zsh'
[1.260s] Level 1:colcon.colcon_core.environment:create_file_with_runtime_dependencies(/home/abc/MDH/ros_ws/install/motor_control/share/colcon-core/packages/motor_control)
[1.261s] Level 1:colcon.colcon_core.environment:create_environment_scripts_only(motor_control)
[1.261s] Level 1:colcon.colcon_core.environment:checking '/home/abc/MDH/ros_ws/install/motor_control' for CMake module files
[1.262s] Level 1:colcon.colcon_core.environment:checking '/home/abc/MDH/ros_ws/install/motor_control' for CMake config files
[1.263s] Level 1:colcon.colcon_core.shell:create_environment_hook('motor_control', 'cmake_prefix_path')
[1.263s] INFO:colcon.colcon_core.shell:Creating environment hook '/home/abc/MDH/ros_ws/install/motor_control/share/motor_control/hook/cmake_prefix_path.ps1'
[1.264s] INFO:colcon.colcon_core.shell:Creating environment descriptor '/home/abc/MDH/ros_ws/install/motor_control/share/motor_control/hook/cmake_prefix_path.dsv'
[1.264s] INFO:colcon.colcon_core.shell:Creating environment hook '/home/abc/MDH/ros_ws/install/motor_control/share/motor_control/hook/cmake_prefix_path.sh'
[1.265s] Level 1:colcon.colcon_core.environment:checking '/home/abc/MDH/ros_ws/install/motor_control/lib'
[1.265s] Level 1:colcon.colcon_core.environment:checking '/home/abc/MDH/ros_ws/install/motor_control/bin'
[1.265s] Level 1:colcon.colcon_core.environment:checking '/home/abc/MDH/ros_ws/install/motor_control/lib/pkgconfig/motor_control.pc'
[1.265s] Level 1:colcon.colcon_core.environment:checking '/home/abc/MDH/ros_ws/install/motor_control/lib/python3.10/site-packages'
[1.266s] Level 1:colcon.colcon_core.environment:checking '/home/abc/MDH/ros_ws/install/motor_control/bin'
[1.266s] INFO:colcon.colcon_core.shell:Creating package script '/home/abc/MDH/ros_ws/install/motor_control/share/motor_control/package.ps1'
[1.267s] INFO:colcon.colcon_core.shell:Creating package descriptor '/home/abc/MDH/ros_ws/install/motor_control/share/motor_control/package.dsv'
[1.268s] INFO:colcon.colcon_core.shell:Creating package script '/home/abc/MDH/ros_ws/install/motor_control/share/motor_control/package.sh'
[1.268s] INFO:colcon.colcon_core.shell:Creating package script '/home/abc/MDH/ros_ws/install/motor_control/share/motor_control/package.bash'
[1.269s] INFO:colcon.colcon_core.shell:Creating package script '/home/abc/MDH/ros_ws/install/motor_control/share/motor_control/package.zsh'
[1.270s] Level 1:colcon.colcon_core.environment:create_file_with_runtime_dependencies(/home/abc/MDH/ros_ws/install/motor_control/share/colcon-core/packages/motor_control)
[6.296s] Level 1:colcon.colcon_core.environment:create_environment_scripts_only(motor_control_v2)
[6.297s] Level 1:colcon.colcon_core.environment:checking '/home/abc/MDH/ros_ws/install/motor_control_v2' for CMake module files
[6.297s] Level 1:colcon.colcon_core.environment:checking '/home/abc/MDH/ros_ws/install/motor_control_v2' for CMake config files
[6.297s] Level 1:colcon.colcon_core.shell:create_environment_hook('motor_control_v2', 'cmake_prefix_path')
[6.298s] INFO:colcon.colcon_core.shell:Creating environment hook '/home/abc/MDH/ros_ws/install/motor_control_v2/share/motor_control_v2/hook/cmake_prefix_path.ps1'
[6.299s] DEBUG:colcon.colcon_core.event_handler.log_command:Invoked command in '/home/abc/MDH/ros_ws/build/motor_control_v2' returned '2': AMENT_PREFIX_PATH=/home/abc/MDH/ros_ws/install/motor_control_command_msgs:${AMENT_PREFIX_PATH} CMAKE_PREFIX_PATH=/home/abc/MDH/ros_ws/install/motor_control_command_msgs:/opt/ros/humble LD_LIBRARY_PATH=/home/abc/MDH/ros_ws/install/motor_control_command_msgs/lib:${LD_LIBRARY_PATH} PYTHONPATH=/home/abc/MDH/ros_ws/install/motor_control_command_msgs/local/lib/python3.10/dist-packages:${PYTHONPATH} /usr/bin/cmake --build /home/abc/MDH/ros_ws/build/motor_control_v2 -- -j8 -l8
[6.299s] INFO:colcon.colcon_core.shell:Creating environment descriptor '/home/abc/MDH/ros_ws/install/motor_control_v2/share/motor_control_v2/hook/cmake_prefix_path.dsv'
[6.300s] INFO:colcon.colcon_core.shell:Creating environment hook '/home/abc/MDH/ros_ws/install/motor_control_v2/share/motor_control_v2/hook/cmake_prefix_path.sh'
[6.301s] Level 1:colcon.colcon_core.environment:checking '/home/abc/MDH/ros_ws/install/motor_control_v2/lib'
[6.301s] Level 1:colcon.colcon_core.environment:checking '/home/abc/MDH/ros_ws/install/motor_control_v2/bin'
[6.301s] Level 1:colcon.colcon_core.environment:checking '/home/abc/MDH/ros_ws/install/motor_control_v2/lib/pkgconfig/motor_control_v2.pc'
[6.301s] Level 1:colcon.colcon_core.environment:checking '/home/abc/MDH/ros_ws/install/motor_control_v2/lib/python3.10/site-packages'
[6.302s] Level 1:colcon.colcon_core.environment:checking '/home/abc/MDH/ros_ws/install/motor_control_v2/bin'
[6.302s] INFO:colcon.colcon_core.shell:Creating package script '/home/abc/MDH/ros_ws/install/motor_control_v2/share/motor_control_v2/package.ps1'
[6.302s] INFO:colcon.colcon_core.shell:Creating package descriptor '/home/abc/MDH/ros_ws/install/motor_control_v2/share/motor_control_v2/package.dsv'
[6.303s] INFO:colcon.colcon_core.shell:Creating package script '/home/abc/MDH/ros_ws/install/motor_control_v2/share/motor_control_v2/package.sh'
[6.303s] INFO:colcon.colcon_core.shell:Creating package script '/home/abc/MDH/ros_ws/install/motor_control_v2/share/motor_control_v2/package.bash'
[6.304s] INFO:colcon.colcon_core.shell:Creating package script '/home/abc/MDH/ros_ws/install/motor_control_v2/share/motor_control_v2/package.zsh'
[6.304s] Level 1:colcon.colcon_core.environment:create_file_with_runtime_dependencies(/home/abc/MDH/ros_ws/install/motor_control_v2/share/colcon-core/packages/motor_control_v2)
[6.305s] DEBUG:colcon.colcon_parallel_executor.executor.parallel:closing loop
[6.306s] DEBUG:colcon.colcon_parallel_executor.executor.parallel:loop closed
[6.306s] DEBUG:colcon.colcon_parallel_executor.executor.parallel:run_until_complete finished with '2'
[6.306s] DEBUG:colcon.colcon_core.event_reactor:joining thread
[6.314s] INFO:colcon.colcon_core.plugin_system:Skipping extension 'colcon_notification.desktop_notification.terminal_notifier': Not used on non-Darwin systems
[6.314s] INFO:colcon.colcon_core.plugin_system:Skipping extension 'colcon_notification.desktop_notification.win32': Not used on non-Windows systems
[6.314s] INFO:colcon.colcon_notification.desktop_notification:Sending desktop notification using 'notify2'
[6.330s] DEBUG:colcon.colcon_core.event_reactor:joined thread
[6.331s] INFO:colcon.colcon_core.shell:Creating prefix script '/home/abc/MDH/ros_ws/install/local_setup.ps1'
[6.333s] INFO:colcon.colcon_core.shell:Creating prefix util module '/home/abc/MDH/ros_ws/install/_local_setup_util_ps1.py'
[6.334s] INFO:colcon.colcon_core.shell:Creating prefix chain script '/home/abc/MDH/ros_ws/install/setup.ps1'
[6.336s] INFO:colcon.colcon_core.shell:Creating prefix script '/home/abc/MDH/ros_ws/install/local_setup.sh'
[6.338s] INFO:colcon.colcon_core.shell:Creating prefix util module '/home/abc/MDH/ros_ws/install/_local_setup_util_sh.py'
[6.340s] INFO:colcon.colcon_core.shell:Creating prefix chain script '/home/abc/MDH/ros_ws/install/setup.sh'
[6.342s] INFO:colcon.colcon_core.shell:Creating prefix script '/home/abc/MDH/ros_ws/install/local_setup.bash'
[6.343s] INFO:colcon.colcon_core.shell:Creating prefix chain script '/home/abc/MDH/ros_ws/install/setup.bash'
[6.344s] INFO:colcon.colcon_core.shell:Creating prefix script '/home/abc/MDH/ros_ws/install/local_setup.zsh'
[6.344s] INFO:colcon.colcon_core.shell:Creating prefix chain script '/home/abc/MDH/ros_ws/install/setup.zsh'
