[0.067s] DEBUG:colcon:Command line arguments: ['/usr/bin/colcon', 'build']
[0.067s] DEBUG:colcon:Parsed command line arguments: Namespace(log_base=None, log_level=None, verb_name='build', build_base='build', install_base='install', merge_install=False, symlink_install=False, test_result_base=None, continue_on_error=False, executor='parallel', parallel_workers=8, event_handlers=None, ignore_user_meta=False, metas=['./colcon.meta'], base_paths=['.'], packages_ignore=None, packages_ignore_regex=None, paths=None, packages_up_to=None, packages_up_to_regex=None, packages_above=None, packages_above_and_dependencies=None, packages_above_depth=None, packages_select_by_dep=None, packages_skip_by_dep=None, packages_skip_up_to=None, packages_select_build_failed=False, packages_skip_build_finished=False, packages_select_test_failures=False, packages_skip_test_passed=False, packages_select=None, packages_skip=None, packages_select_regex=None, packages_skip_regex=None, packages_start=None, packages_end=None, allow_overriding=[], cmake_args=None, cmake_target=None, cmake_target_skip_unavailable=False, cmake_clean_cache=False, cmake_clean_first=False, cmake_force_configure=False, ament_cmake_args=None, catkin_cmake_args=None, catkin_skip_building_tests=False, verb_parser=<colcon_defaults.argument_parser.defaults.DefaultArgumentsDecorator object at 0x7df28df36d40>, verb_extension=<colcon_core.verb.build.BuildVerb object at 0x7df28df36830>, main=<bound method BuildVerb.main of <colcon_core.verb.build.BuildVerb object at 0x7df28df36830>>)
[0.163s] Level 1:colcon.colcon_core.package_discovery:discover_packages(colcon_meta) check parameters
[0.164s] Level 1:colcon.colcon_core.package_discovery:discover_packages(recursive) check parameters
[0.164s] Level 1:colcon.colcon_core.package_discovery:discover_packages(ignore) check parameters
[0.164s] Level 1:colcon.colcon_core.package_discovery:discover_packages(path) check parameters
[0.164s] Level 1:colcon.colcon_core.package_discovery:discover_packages(colcon_meta) discover
[0.164s] Level 1:colcon.colcon_core.package_discovery:discover_packages(recursive) discover
[0.164s] INFO:colcon.colcon_core.package_discovery:Crawling recursively for packages in '/home/abc/MDH/ros_ws'
[0.164s] Level 1:colcon.colcon_core.package_identification:_identify(.) by extensions ['ignore', 'ignore_ament_install']
[0.164s] Level 1:colcon.colcon_core.package_identification:_identify(.) by extension 'ignore'
[0.164s] Level 1:colcon.colcon_core.package_identification:_identify(.) by extension 'ignore_ament_install'
[0.164s] Level 1:colcon.colcon_core.package_identification:_identify(.) by extensions ['colcon_pkg']
[0.164s] Level 1:colcon.colcon_core.package_identification:_identify(.) by extension 'colcon_pkg'
[0.164s] Level 1:colcon.colcon_core.package_identification:_identify(.) by extensions ['colcon_meta']
[0.164s] Level 1:colcon.colcon_core.package_identification:_identify(.) by extension 'colcon_meta'
[0.164s] Level 1:colcon.colcon_core.package_identification:_identify(.) by extensions ['ros']
[0.164s] Level 1:colcon.colcon_core.package_identification:_identify(.) by extension 'ros'
[0.174s] Level 1:colcon.colcon_core.package_identification:_identify(.) by extensions ['cmake', 'python']
[0.174s] Level 1:colcon.colcon_core.package_identification:_identify(.) by extension 'cmake'
[0.174s] Level 1:colcon.colcon_core.package_identification:_identify(.) by extension 'python'
[0.174s] Level 1:colcon.colcon_core.package_identification:_identify(.) by extensions ['python_setup_py']
[0.174s] Level 1:colcon.colcon_core.package_identification:_identify(.) by extension 'python_setup_py'
[0.174s] Level 1:colcon.colcon_core.package_identification:_identify(build) by extensions ['ignore', 'ignore_ament_install']
[0.174s] Level 1:colcon.colcon_core.package_identification:_identify(build) by extension 'ignore'
[0.174s] Level 1:colcon.colcon_core.package_identification:_identify(build) ignored
[0.174s] Level 1:colcon.colcon_core.package_identification:_identify(install) by extensions ['ignore', 'ignore_ament_install']
[0.174s] Level 1:colcon.colcon_core.package_identification:_identify(install) by extension 'ignore'
[0.174s] Level 1:colcon.colcon_core.package_identification:_identify(install) ignored
[0.174s] Level 1:colcon.colcon_core.package_identification:_identify(log) by extensions ['ignore', 'ignore_ament_install']
[0.174s] Level 1:colcon.colcon_core.package_identification:_identify(log) by extension 'ignore'
[0.175s] Level 1:colcon.colcon_core.package_identification:_identify(log) ignored
[0.175s] Level 1:colcon.colcon_core.package_identification:_identify(src) by extensions ['ignore', 'ignore_ament_install']
[0.175s] Level 1:colcon.colcon_core.package_identification:_identify(src) by extension 'ignore'
[0.175s] Level 1:colcon.colcon_core.package_identification:_identify(src) by extension 'ignore_ament_install'
[0.175s] Level 1:colcon.colcon_core.package_identification:_identify(src) by extensions ['colcon_pkg']
[0.175s] Level 1:colcon.colcon_core.package_identification:_identify(src) by extension 'colcon_pkg'
[0.175s] Level 1:colcon.colcon_core.package_identification:_identify(src) by extensions ['colcon_meta']
[0.175s] Level 1:colcon.colcon_core.package_identification:_identify(src) by extension 'colcon_meta'
[0.175s] Level 1:colcon.colcon_core.package_identification:_identify(src) by extensions ['ros']
[0.175s] Level 1:colcon.colcon_core.package_identification:_identify(src) by extension 'ros'
[0.175s] Level 1:colcon.colcon_core.package_identification:_identify(src) by extensions ['cmake', 'python']
[0.175s] Level 1:colcon.colcon_core.package_identification:_identify(src) by extension 'cmake'
[0.175s] Level 1:colcon.colcon_core.package_identification:_identify(src) by extension 'python'
[0.175s] Level 1:colcon.colcon_core.package_identification:_identify(src) by extensions ['python_setup_py']
[0.175s] Level 1:colcon.colcon_core.package_identification:_identify(src) by extension 'python_setup_py'
[0.175s] Level 1:colcon.colcon_core.package_identification:_identify(src/internal_msgs) by extensions ['ignore', 'ignore_ament_install']
[0.175s] Level 1:colcon.colcon_core.package_identification:_identify(src/internal_msgs) by extension 'ignore'
[0.175s] Level 1:colcon.colcon_core.package_identification:_identify(src/internal_msgs) by extension 'ignore_ament_install'
[0.175s] Level 1:colcon.colcon_core.package_identification:_identify(src/internal_msgs) by extensions ['colcon_pkg']
[0.175s] Level 1:colcon.colcon_core.package_identification:_identify(src/internal_msgs) by extension 'colcon_pkg'
[0.175s] Level 1:colcon.colcon_core.package_identification:_identify(src/internal_msgs) by extensions ['colcon_meta']
[0.175s] Level 1:colcon.colcon_core.package_identification:_identify(src/internal_msgs) by extension 'colcon_meta'
[0.175s] Level 1:colcon.colcon_core.package_identification:_identify(src/internal_msgs) by extensions ['ros']
[0.175s] Level 1:colcon.colcon_core.package_identification:_identify(src/internal_msgs) by extension 'ros'
[0.175s] Level 1:colcon.colcon_core.package_identification:_identify(src/internal_msgs) by extensions ['cmake', 'python']
[0.175s] Level 1:colcon.colcon_core.package_identification:_identify(src/internal_msgs) by extension 'cmake'
[0.175s] Level 1:colcon.colcon_core.package_identification:_identify(src/internal_msgs) by extension 'python'
[0.175s] Level 1:colcon.colcon_core.package_identification:_identify(src/internal_msgs) by extensions ['python_setup_py']
[0.175s] Level 1:colcon.colcon_core.package_identification:_identify(src/internal_msgs) by extension 'python_setup_py'
[0.175s] Level 1:colcon.colcon_core.package_identification:_identify(src/internal_msgs/motor_control_command_msgs) by extensions ['ignore', 'ignore_ament_install']
[0.175s] Level 1:colcon.colcon_core.package_identification:_identify(src/internal_msgs/motor_control_command_msgs) by extension 'ignore'
[0.175s] Level 1:colcon.colcon_core.package_identification:_identify(src/internal_msgs/motor_control_command_msgs) by extension 'ignore_ament_install'
[0.175s] Level 1:colcon.colcon_core.package_identification:_identify(src/internal_msgs/motor_control_command_msgs) by extensions ['colcon_pkg']
[0.175s] Level 1:colcon.colcon_core.package_identification:_identify(src/internal_msgs/motor_control_command_msgs) by extension 'colcon_pkg'
[0.176s] Level 1:colcon.colcon_core.package_identification:_identify(src/internal_msgs/motor_control_command_msgs) by extensions ['colcon_meta']
[0.176s] Level 1:colcon.colcon_core.package_identification:_identify(src/internal_msgs/motor_control_command_msgs) by extension 'colcon_meta'
[0.176s] Level 1:colcon.colcon_core.package_identification:_identify(src/internal_msgs/motor_control_command_msgs) by extensions ['ros']
[0.176s] Level 1:colcon.colcon_core.package_identification:_identify(src/internal_msgs/motor_control_command_msgs) by extension 'ros'
[0.178s] DEBUG:colcon.colcon_core.package_identification:Package 'src/internal_msgs/motor_control_command_msgs' with type 'ros.ament_cmake' and name 'motor_control_command_msgs'
[0.178s] Level 1:colcon.colcon_core.package_identification:_identify(src/motor_control) by extensions ['ignore', 'ignore_ament_install']
[0.178s] Level 1:colcon.colcon_core.package_identification:_identify(src/motor_control) by extension 'ignore'
[0.178s] Level 1:colcon.colcon_core.package_identification:_identify(src/motor_control) by extension 'ignore_ament_install'
[0.178s] Level 1:colcon.colcon_core.package_identification:_identify(src/motor_control) by extensions ['colcon_pkg']
[0.178s] Level 1:colcon.colcon_core.package_identification:_identify(src/motor_control) by extension 'colcon_pkg'
[0.178s] Level 1:colcon.colcon_core.package_identification:_identify(src/motor_control) by extensions ['colcon_meta']
[0.178s] Level 1:colcon.colcon_core.package_identification:_identify(src/motor_control) by extension 'colcon_meta'
[0.178s] Level 1:colcon.colcon_core.package_identification:_identify(src/motor_control) by extensions ['ros']
[0.178s] Level 1:colcon.colcon_core.package_identification:_identify(src/motor_control) by extension 'ros'
[0.179s] DEBUG:colcon.colcon_core.package_identification:Package 'src/motor_control' with type 'ros.ament_cmake' and name 'motor_control'
[0.179s] Level 1:colcon.colcon_core.package_identification:_identify(src/motor_status) by extensions ['ignore', 'ignore_ament_install']
[0.180s] Level 1:colcon.colcon_core.package_identification:_identify(src/motor_status) by extension 'ignore'
[0.180s] Level 1:colcon.colcon_core.package_identification:_identify(src/motor_status) by extension 'ignore_ament_install'
[0.180s] Level 1:colcon.colcon_core.package_identification:_identify(src/motor_status) by extensions ['colcon_pkg']
[0.180s] Level 1:colcon.colcon_core.package_identification:_identify(src/motor_status) by extension 'colcon_pkg'
[0.180s] Level 1:colcon.colcon_core.package_identification:_identify(src/motor_status) by extensions ['colcon_meta']
[0.180s] Level 1:colcon.colcon_core.package_identification:_identify(src/motor_status) by extension 'colcon_meta'
[0.180s] Level 1:colcon.colcon_core.package_identification:_identify(src/motor_status) by extensions ['ros']
[0.180s] Level 1:colcon.colcon_core.package_identification:_identify(src/motor_status) by extension 'ros'
[0.180s] DEBUG:colcon.colcon_core.package_identification:Package 'src/motor_status' with type 'ros.ament_cmake' and name 'motor_status'
[0.180s] Level 1:colcon.colcon_core.package_identification:_identify(src/rmf_utils) by extensions ['ignore', 'ignore_ament_install']
[0.180s] Level 1:colcon.colcon_core.package_identification:_identify(src/rmf_utils) by extension 'ignore'
[0.180s] Level 1:colcon.colcon_core.package_identification:_identify(src/rmf_utils) by extension 'ignore_ament_install'
[0.180s] Level 1:colcon.colcon_core.package_identification:_identify(src/rmf_utils) by extensions ['colcon_pkg']
[0.180s] Level 1:colcon.colcon_core.package_identification:_identify(src/rmf_utils) by extension 'colcon_pkg'
[0.180s] Level 1:colcon.colcon_core.package_identification:_identify(src/rmf_utils) by extensions ['colcon_meta']
[0.180s] Level 1:colcon.colcon_core.package_identification:_identify(src/rmf_utils) by extension 'colcon_meta'
[0.180s] Level 1:colcon.colcon_core.package_identification:_identify(src/rmf_utils) by extensions ['ros']
[0.181s] Level 1:colcon.colcon_core.package_identification:_identify(src/rmf_utils) by extension 'ros'
[0.181s] Level 1:colcon.colcon_core.package_identification:_identify(src/rmf_utils) by extensions ['cmake', 'python']
[0.181s] Level 1:colcon.colcon_core.package_identification:_identify(src/rmf_utils) by extension 'cmake'
[0.181s] Level 1:colcon.colcon_core.package_identification:_identify(src/rmf_utils) by extension 'python'
[0.181s] Level 1:colcon.colcon_core.package_identification:_identify(src/rmf_utils) by extensions ['python_setup_py']
[0.181s] Level 1:colcon.colcon_core.package_identification:_identify(src/rmf_utils) by extension 'python_setup_py'
[0.181s] Level 1:colcon.colcon_core.package_identification:_identify(src/rmf_utils/docs) by extensions ['ignore', 'ignore_ament_install']
[0.181s] Level 1:colcon.colcon_core.package_identification:_identify(src/rmf_utils/docs) by extension 'ignore'
[0.181s] Level 1:colcon.colcon_core.package_identification:_identify(src/rmf_utils/docs) by extension 'ignore_ament_install'
[0.181s] Level 1:colcon.colcon_core.package_identification:_identify(src/rmf_utils/docs) by extensions ['colcon_pkg']
[0.181s] Level 1:colcon.colcon_core.package_identification:_identify(src/rmf_utils/docs) by extension 'colcon_pkg'
[0.181s] Level 1:colcon.colcon_core.package_identification:_identify(src/rmf_utils/docs) by extensions ['colcon_meta']
[0.181s] Level 1:colcon.colcon_core.package_identification:_identify(src/rmf_utils/docs) by extension 'colcon_meta'
[0.181s] Level 1:colcon.colcon_core.package_identification:_identify(src/rmf_utils/docs) by extensions ['ros']
[0.181s] Level 1:colcon.colcon_core.package_identification:_identify(src/rmf_utils/docs) by extension 'ros'
[0.181s] Level 1:colcon.colcon_core.package_identification:_identify(src/rmf_utils/docs) by extensions ['cmake', 'python']
[0.181s] Level 1:colcon.colcon_core.package_identification:_identify(src/rmf_utils/docs) by extension 'cmake'
[0.181s] Level 1:colcon.colcon_core.package_identification:_identify(src/rmf_utils/docs) by extension 'python'
[0.181s] Level 1:colcon.colcon_core.package_identification:_identify(src/rmf_utils/docs) by extensions ['python_setup_py']
[0.181s] Level 1:colcon.colcon_core.package_identification:_identify(src/rmf_utils/docs) by extension 'python_setup_py'
[0.181s] Level 1:colcon.colcon_core.package_identification:_identify(src/rmf_utils/rmf_utils) by extensions ['ignore', 'ignore_ament_install']
[0.181s] Level 1:colcon.colcon_core.package_identification:_identify(src/rmf_utils/rmf_utils) by extension 'ignore'
[0.181s] Level 1:colcon.colcon_core.package_identification:_identify(src/rmf_utils/rmf_utils) by extension 'ignore_ament_install'
[0.181s] Level 1:colcon.colcon_core.package_identification:_identify(src/rmf_utils/rmf_utils) by extensions ['colcon_pkg']
[0.181s] Level 1:colcon.colcon_core.package_identification:_identify(src/rmf_utils/rmf_utils) by extension 'colcon_pkg'
[0.182s] Level 1:colcon.colcon_core.package_identification:_identify(src/rmf_utils/rmf_utils) by extensions ['colcon_meta']
[0.182s] Level 1:colcon.colcon_core.package_identification:_identify(src/rmf_utils/rmf_utils) by extension 'colcon_meta'
[0.182s] Level 1:colcon.colcon_core.package_identification:_identify(src/rmf_utils/rmf_utils) by extensions ['ros']
[0.182s] Level 1:colcon.colcon_core.package_identification:_identify(src/rmf_utils/rmf_utils) by extension 'ros'
[0.182s] DEBUG:colcon.colcon_core.package_identification:Package 'src/rmf_utils/rmf_utils' with type 'ros.cmake' and name 'rmf_utils'
[0.182s] Level 1:colcon.colcon_core.package_discovery:discover_packages(recursive) using defaults
[0.182s] Level 1:colcon.colcon_core.package_discovery:discover_packages(ignore) discover
[0.182s] Level 1:colcon.colcon_core.package_discovery:discover_packages(ignore) using defaults
[0.182s] Level 1:colcon.colcon_core.package_discovery:discover_packages(path) discover
[0.182s] Level 1:colcon.colcon_core.package_discovery:discover_packages(path) using defaults
[0.197s] INFO:colcon.colcon_metadata.metadata.colcon_pkg:Updating descriptor of package 'src/rmf_utils/rmf_utils' from colcon.pkg: {'hooks': ['share/rmf_utils/hook/ament_prefix_path.dsv']}
[0.198s] Level 1:colcon.colcon_core.package_discovery:discover_packages(prefix_path) check parameters
[0.198s] Level 1:colcon.colcon_core.package_discovery:discover_packages(prefix_path) discover
[0.199s] DEBUG:colcon.colcon_installed_package_information.package_discovery:Found 4 installed packages in /home/abc/MDH/ros_ws/install
[0.200s] DEBUG:colcon.colcon_installed_package_information.package_discovery:Found 271 installed packages in /opt/ros/humble
[0.209s] Level 1:colcon.colcon_core.package_discovery:discover_packages(prefix_path) using defaults
[0.233s] Level 5:colcon.colcon_core.verb:set package 'motor_control_command_msgs' build argument 'cmake_args' from command line to 'None'
[0.233s] Level 5:colcon.colcon_core.verb:set package 'motor_control_command_msgs' build argument 'cmake_target' from command line to 'None'
[0.233s] Level 5:colcon.colcon_core.verb:set package 'motor_control_command_msgs' build argument 'cmake_target_skip_unavailable' from command line to 'False'
[0.233s] Level 5:colcon.colcon_core.verb:set package 'motor_control_command_msgs' build argument 'cmake_clean_cache' from command line to 'False'
[0.233s] Level 5:colcon.colcon_core.verb:set package 'motor_control_command_msgs' build argument 'cmake_clean_first' from command line to 'False'
[0.233s] Level 5:colcon.colcon_core.verb:set package 'motor_control_command_msgs' build argument 'cmake_force_configure' from command line to 'False'
[0.233s] Level 5:colcon.colcon_core.verb:set package 'motor_control_command_msgs' build argument 'ament_cmake_args' from command line to 'None'
[0.233s] Level 5:colcon.colcon_core.verb:set package 'motor_control_command_msgs' build argument 'catkin_cmake_args' from command line to 'None'
[0.233s] Level 5:colcon.colcon_core.verb:set package 'motor_control_command_msgs' build argument 'catkin_skip_building_tests' from command line to 'False'
[0.233s] DEBUG:colcon.colcon_core.verb:Building package 'motor_control_command_msgs' with the following arguments: {'ament_cmake_args': None, 'build_base': '/home/abc/MDH/ros_ws/build/motor_control_command_msgs', 'catkin_cmake_args': None, 'catkin_skip_building_tests': False, 'cmake_args': None, 'cmake_clean_cache': False, 'cmake_clean_first': False, 'cmake_force_configure': False, 'cmake_target': None, 'cmake_target_skip_unavailable': False, 'install_base': '/home/abc/MDH/ros_ws/install/motor_control_command_msgs', 'merge_install': False, 'path': '/home/abc/MDH/ros_ws/src/internal_msgs/motor_control_command_msgs', 'symlink_install': False, 'test_result_base': None}
[0.233s] Level 5:colcon.colcon_core.verb:set package 'motor_status' build argument 'cmake_args' from command line to 'None'
[0.233s] Level 5:colcon.colcon_core.verb:set package 'motor_status' build argument 'cmake_target' from command line to 'None'
[0.233s] Level 5:colcon.colcon_core.verb:set package 'motor_status' build argument 'cmake_target_skip_unavailable' from command line to 'False'
[0.233s] Level 5:colcon.colcon_core.verb:set package 'motor_status' build argument 'cmake_clean_cache' from command line to 'False'
[0.233s] Level 5:colcon.colcon_core.verb:set package 'motor_status' build argument 'cmake_clean_first' from command line to 'False'
[0.233s] Level 5:colcon.colcon_core.verb:set package 'motor_status' build argument 'cmake_force_configure' from command line to 'False'
[0.233s] Level 5:colcon.colcon_core.verb:set package 'motor_status' build argument 'ament_cmake_args' from command line to 'None'
[0.233s] Level 5:colcon.colcon_core.verb:set package 'motor_status' build argument 'catkin_cmake_args' from command line to 'None'
[0.233s] Level 5:colcon.colcon_core.verb:set package 'motor_status' build argument 'catkin_skip_building_tests' from command line to 'False'
[0.233s] DEBUG:colcon.colcon_core.verb:Building package 'motor_status' with the following arguments: {'ament_cmake_args': None, 'build_base': '/home/abc/MDH/ros_ws/build/motor_status', 'catkin_cmake_args': None, 'catkin_skip_building_tests': False, 'cmake_args': None, 'cmake_clean_cache': False, 'cmake_clean_first': False, 'cmake_force_configure': False, 'cmake_target': None, 'cmake_target_skip_unavailable': False, 'install_base': '/home/abc/MDH/ros_ws/install/motor_status', 'merge_install': False, 'path': '/home/abc/MDH/ros_ws/src/motor_status', 'symlink_install': False, 'test_result_base': None}
[0.234s] Level 5:colcon.colcon_core.verb:set package 'rmf_utils' build argument 'cmake_args' from command line to 'None'
[0.234s] Level 5:colcon.colcon_core.verb:set package 'rmf_utils' build argument 'cmake_target' from command line to 'None'
[0.234s] Level 5:colcon.colcon_core.verb:set package 'rmf_utils' build argument 'cmake_target_skip_unavailable' from command line to 'False'
[0.234s] Level 5:colcon.colcon_core.verb:set package 'rmf_utils' build argument 'cmake_clean_cache' from command line to 'False'
[0.234s] Level 5:colcon.colcon_core.verb:set package 'rmf_utils' build argument 'cmake_clean_first' from command line to 'False'
[0.234s] Level 5:colcon.colcon_core.verb:set package 'rmf_utils' build argument 'cmake_force_configure' from command line to 'False'
[0.234s] Level 5:colcon.colcon_core.verb:set package 'rmf_utils' build argument 'ament_cmake_args' from command line to 'None'
[0.234s] Level 5:colcon.colcon_core.verb:set package 'rmf_utils' build argument 'catkin_cmake_args' from command line to 'None'
[0.234s] Level 5:colcon.colcon_core.verb:set package 'rmf_utils' build argument 'catkin_skip_building_tests' from command line to 'False'
[0.234s] DEBUG:colcon.colcon_core.verb:Building package 'rmf_utils' with the following arguments: {'ament_cmake_args': None, 'build_base': '/home/abc/MDH/ros_ws/build/rmf_utils', 'catkin_cmake_args': None, 'catkin_skip_building_tests': False, 'cmake_args': None, 'cmake_clean_cache': False, 'cmake_clean_first': False, 'cmake_force_configure': False, 'cmake_target': None, 'cmake_target_skip_unavailable': False, 'install_base': '/home/abc/MDH/ros_ws/install/rmf_utils', 'merge_install': False, 'path': '/home/abc/MDH/ros_ws/src/rmf_utils/rmf_utils', 'symlink_install': False, 'test_result_base': None}
[0.234s] Level 5:colcon.colcon_core.verb:set package 'motor_control' build argument 'cmake_args' from command line to 'None'
[0.234s] Level 5:colcon.colcon_core.verb:set package 'motor_control' build argument 'cmake_target' from command line to 'None'
[0.234s] Level 5:colcon.colcon_core.verb:set package 'motor_control' build argument 'cmake_target_skip_unavailable' from command line to 'False'
[0.234s] Level 5:colcon.colcon_core.verb:set package 'motor_control' build argument 'cmake_clean_cache' from command line to 'False'
[0.234s] Level 5:colcon.colcon_core.verb:set package 'motor_control' build argument 'cmake_clean_first' from command line to 'False'
[0.234s] Level 5:colcon.colcon_core.verb:set package 'motor_control' build argument 'cmake_force_configure' from command line to 'False'
[0.234s] Level 5:colcon.colcon_core.verb:set package 'motor_control' build argument 'ament_cmake_args' from command line to 'None'
[0.234s] Level 5:colcon.colcon_core.verb:set package 'motor_control' build argument 'catkin_cmake_args' from command line to 'None'
[0.234s] Level 5:colcon.colcon_core.verb:set package 'motor_control' build argument 'catkin_skip_building_tests' from command line to 'False'
[0.234s] DEBUG:colcon.colcon_core.verb:Building package 'motor_control' with the following arguments: {'ament_cmake_args': None, 'build_base': '/home/abc/MDH/ros_ws/build/motor_control', 'catkin_cmake_args': None, 'catkin_skip_building_tests': False, 'cmake_args': None, 'cmake_clean_cache': False, 'cmake_clean_first': False, 'cmake_force_configure': False, 'cmake_target': None, 'cmake_target_skip_unavailable': False, 'install_base': '/home/abc/MDH/ros_ws/install/motor_control', 'merge_install': False, 'path': '/home/abc/MDH/ros_ws/src/motor_control', 'symlink_install': False, 'test_result_base': None}
[0.234s] INFO:colcon.colcon_core.executor:Executing jobs using 'parallel' executor
[0.235s] DEBUG:colcon.colcon_parallel_executor.executor.parallel:run_until_complete
[0.235s] INFO:colcon.colcon_ros.task.ament_cmake.build:Building ROS package in '/home/abc/MDH/ros_ws/src/internal_msgs/motor_control_command_msgs' with build type 'ament_cmake'
[0.236s] INFO:colcon.colcon_cmake.task.cmake.build:Building CMake package in '/home/abc/MDH/ros_ws/src/internal_msgs/motor_control_command_msgs'
[0.237s] INFO:colcon.colcon_core.plugin_system:Skipping extension 'colcon_core.shell.bat': Not used on non-Windows systems
[0.237s] INFO:colcon.colcon_core.shell:Skip shell extension 'powershell' for command environment: Not usable outside of PowerShell
[0.237s] DEBUG:colcon.colcon_core.shell:Skip shell extension 'dsv' for command environment
[0.240s] INFO:colcon.colcon_ros.task.ament_cmake.build:Building ROS package in '/home/abc/MDH/ros_ws/src/motor_status' with build type 'ament_cmake'
[0.240s] INFO:colcon.colcon_cmake.task.cmake.build:Building CMake package in '/home/abc/MDH/ros_ws/src/motor_status'
[0.240s] INFO:colcon.colcon_core.shell:Skip shell extension 'powershell' for command environment: Not usable outside of PowerShell
[0.241s] DEBUG:colcon.colcon_core.shell:Skip shell extension 'dsv' for command environment
[0.243s] INFO:colcon.colcon_ros.task.cmake.build:Building ROS package in '/home/abc/MDH/ros_ws/src/rmf_utils/rmf_utils' with build type 'cmake'
[0.243s] INFO:colcon.colcon_cmake.task.cmake.build:Building CMake package in '/home/abc/MDH/ros_ws/src/rmf_utils/rmf_utils'
[0.243s] INFO:colcon.colcon_core.shell:Skip shell extension 'powershell' for command environment: Not usable outside of PowerShell
[0.243s] DEBUG:colcon.colcon_core.shell:Skip shell extension 'dsv' for command environment
[0.251s] DEBUG:colcon.colcon_core.event_handler.log_command:Invoking command in '/home/abc/MDH/ros_ws/build/motor_control_command_msgs': CMAKE_PREFIX_PATH=${CMAKE_PREFIX_PATH}:/opt/ros/humble /usr/bin/cmake --build /home/abc/MDH/ros_ws/build/motor_control_command_msgs -- -j8 -l8
[0.256s] DEBUG:colcon.colcon_core.event_handler.log_command:Invoking command in '/home/abc/MDH/ros_ws/build/motor_status': CMAKE_PREFIX_PATH=${CMAKE_PREFIX_PATH}:/opt/ros/humble /usr/bin/cmake --build /home/abc/MDH/ros_ws/build/motor_status -- -j8 -l8
[0.261s] DEBUG:colcon.colcon_core.event_handler.log_command:Invoking command in '/home/abc/MDH/ros_ws/build/rmf_utils': CMAKE_PREFIX_PATH=${CMAKE_PREFIX_PATH}:/opt/ros/humble /usr/bin/cmake --build /home/abc/MDH/ros_ws/build/rmf_utils -- -j8 -l8
[0.341s] DEBUG:colcon.colcon_core.event_handler.log_command:Invoked command in '/home/abc/MDH/ros_ws/build/motor_status' returned '0': CMAKE_PREFIX_PATH=${CMAKE_PREFIX_PATH}:/opt/ros/humble /usr/bin/cmake --build /home/abc/MDH/ros_ws/build/motor_status -- -j8 -l8
[0.356s] DEBUG:colcon.colcon_core.event_handler.log_command:Invoking command in '/home/abc/MDH/ros_ws/build/motor_status': CMAKE_PREFIX_PATH=${CMAKE_PREFIX_PATH}:/opt/ros/humble /usr/bin/cmake --install /home/abc/MDH/ros_ws/build/motor_status
[0.358s] DEBUG:colcon.colcon_core.event_handler.log_command:Invoked command in '/home/abc/MDH/ros_ws/build/rmf_utils' returned '0': CMAKE_PREFIX_PATH=${CMAKE_PREFIX_PATH}:/opt/ros/humble /usr/bin/cmake --build /home/abc/MDH/ros_ws/build/rmf_utils -- -j8 -l8
[0.361s] DEBUG:colcon.colcon_core.event_handler.log_command:Invoking command in '/home/abc/MDH/ros_ws/build/rmf_utils': CMAKE_PREFIX_PATH=${CMAKE_PREFIX_PATH}:/opt/ros/humble /usr/bin/cmake --install /home/abc/MDH/ros_ws/build/rmf_utils
[0.373s] Level 1:colcon.colcon_core.environment:create_environment_scripts_only(motor_status)
[0.374s] DEBUG:colcon.colcon_core.event_handler.log_command:Invoked command in '/home/abc/MDH/ros_ws/build/motor_status' returned '0': CMAKE_PREFIX_PATH=${CMAKE_PREFIX_PATH}:/opt/ros/humble /usr/bin/cmake --install /home/abc/MDH/ros_ws/build/motor_status
[0.378s] Level 1:colcon.colcon_core.environment:checking '/home/abc/MDH/ros_ws/install/motor_status' for CMake module files
[0.379s] Level 1:colcon.colcon_core.environment:checking '/home/abc/MDH/ros_ws/install/motor_status' for CMake config files
[0.379s] Level 1:colcon.colcon_core.shell:create_environment_hook('motor_status', 'cmake_prefix_path')
[0.379s] INFO:colcon.colcon_core.shell:Creating environment hook '/home/abc/MDH/ros_ws/install/motor_status/share/motor_status/hook/cmake_prefix_path.ps1'
[0.380s] INFO:colcon.colcon_core.shell:Creating environment descriptor '/home/abc/MDH/ros_ws/install/motor_status/share/motor_status/hook/cmake_prefix_path.dsv'
[0.381s] INFO:colcon.colcon_core.shell:Creating environment hook '/home/abc/MDH/ros_ws/install/motor_status/share/motor_status/hook/cmake_prefix_path.sh'
[0.382s] Level 1:colcon.colcon_core.environment:checking '/home/abc/MDH/ros_ws/install/motor_status/lib'
[0.382s] Level 1:colcon.colcon_core.environment:checking '/home/abc/MDH/ros_ws/install/motor_status/bin'
[0.382s] Level 1:colcon.colcon_core.environment:checking '/home/abc/MDH/ros_ws/install/motor_status/lib/pkgconfig/motor_status.pc'
[0.382s] Level 1:colcon.colcon_core.environment:checking '/home/abc/MDH/ros_ws/install/motor_status/lib/python3.10/site-packages'
[0.382s] Level 1:colcon.colcon_core.environment:checking '/home/abc/MDH/ros_ws/install/motor_status/bin'
[0.383s] INFO:colcon.colcon_core.shell:Creating package script '/home/abc/MDH/ros_ws/install/motor_status/share/motor_status/package.ps1'
[0.384s] INFO:colcon.colcon_core.shell:Creating package descriptor '/home/abc/MDH/ros_ws/install/motor_status/share/motor_status/package.dsv'
[0.385s] INFO:colcon.colcon_core.shell:Creating package script '/home/abc/MDH/ros_ws/install/motor_status/share/motor_status/package.sh'
[0.386s] INFO:colcon.colcon_core.shell:Creating package script '/home/abc/MDH/ros_ws/install/motor_status/share/motor_status/package.bash'
[0.389s] INFO:colcon.colcon_core.shell:Creating package script '/home/abc/MDH/ros_ws/install/motor_status/share/motor_status/package.zsh'
[0.392s] Level 1:colcon.colcon_core.environment:create_file_with_runtime_dependencies(/home/abc/MDH/ros_ws/install/motor_status/share/colcon-core/packages/motor_status)
[0.394s] Level 1:colcon.colcon_core.environment:create_environment_scripts_only(motor_status)
[0.395s] Level 1:colcon.colcon_core.environment:checking '/home/abc/MDH/ros_ws/install/motor_status' for CMake module files
[0.395s] Level 1:colcon.colcon_core.environment:checking '/home/abc/MDH/ros_ws/install/motor_status' for CMake config files
[0.396s] Level 1:colcon.colcon_core.shell:create_environment_hook('motor_status', 'cmake_prefix_path')
[0.396s] INFO:colcon.colcon_core.shell:Creating environment hook '/home/abc/MDH/ros_ws/install/motor_status/share/motor_status/hook/cmake_prefix_path.ps1'
[0.397s] INFO:colcon.colcon_core.shell:Creating environment descriptor '/home/abc/MDH/ros_ws/install/motor_status/share/motor_status/hook/cmake_prefix_path.dsv'
[0.398s] INFO:colcon.colcon_core.shell:Creating environment hook '/home/abc/MDH/ros_ws/install/motor_status/share/motor_status/hook/cmake_prefix_path.sh'
[0.400s] Level 1:colcon.colcon_core.environment:checking '/home/abc/MDH/ros_ws/install/motor_status/lib'
[0.400s] Level 1:colcon.colcon_core.environment:checking '/home/abc/MDH/ros_ws/install/motor_status/bin'
[0.400s] Level 1:colcon.colcon_core.environment:checking '/home/abc/MDH/ros_ws/install/motor_status/lib/pkgconfig/motor_status.pc'
[0.400s] Level 1:colcon.colcon_core.environment:checking '/home/abc/MDH/ros_ws/install/motor_status/lib/python3.10/site-packages'
[0.401s] Level 1:colcon.colcon_core.environment:checking '/home/abc/MDH/ros_ws/install/motor_status/bin'
[0.402s] INFO:colcon.colcon_core.shell:Creating package script '/home/abc/MDH/ros_ws/install/motor_status/share/motor_status/package.ps1'
[0.402s] INFO:colcon.colcon_core.shell:Creating package descriptor '/home/abc/MDH/ros_ws/install/motor_status/share/motor_status/package.dsv'
[0.403s] INFO:colcon.colcon_core.shell:Creating package script '/home/abc/MDH/ros_ws/install/motor_status/share/motor_status/package.sh'
[0.404s] INFO:colcon.colcon_core.shell:Creating package script '/home/abc/MDH/ros_ws/install/motor_status/share/motor_status/package.bash'
[0.404s] INFO:colcon.colcon_core.shell:Creating package script '/home/abc/MDH/ros_ws/install/motor_status/share/motor_status/package.zsh'
[0.405s] Level 1:colcon.colcon_core.environment:create_file_with_runtime_dependencies(/home/abc/MDH/ros_ws/install/motor_status/share/colcon-core/packages/motor_status)
[0.408s] DEBUG:colcon.colcon_core.event_handler.log_command:Invoked command in '/home/abc/MDH/ros_ws/build/rmf_utils' returned '0': CMAKE_PREFIX_PATH=${CMAKE_PREFIX_PATH}:/opt/ros/humble /usr/bin/cmake --install /home/abc/MDH/ros_ws/build/rmf_utils
[0.409s] Level 1:colcon.colcon_core.shell:create_environment_hook('rmf_utils', 'pkg_config_path')
[0.409s] INFO:colcon.colcon_core.shell:Creating environment hook '/home/abc/MDH/ros_ws/install/rmf_utils/share/rmf_utils/hook/pkg_config_path.ps1'
[0.410s] INFO:colcon.colcon_core.shell:Creating environment descriptor '/home/abc/MDH/ros_ws/install/rmf_utils/share/rmf_utils/hook/pkg_config_path.dsv'
[0.410s] INFO:colcon.colcon_core.shell:Creating environment hook '/home/abc/MDH/ros_ws/install/rmf_utils/share/rmf_utils/hook/pkg_config_path.sh'
[0.413s] Level 1:colcon.colcon_core.shell:create_environment_hook('rmf_utils', 'pkg_config_path_multiarch')
[0.413s] INFO:colcon.colcon_core.shell:Creating environment hook '/home/abc/MDH/ros_ws/install/rmf_utils/share/rmf_utils/hook/pkg_config_path_multiarch.ps1'
[0.415s] INFO:colcon.colcon_core.shell:Creating environment descriptor '/home/abc/MDH/ros_ws/install/rmf_utils/share/rmf_utils/hook/pkg_config_path_multiarch.dsv'
[0.416s] INFO:colcon.colcon_core.shell:Creating environment hook '/home/abc/MDH/ros_ws/install/rmf_utils/share/rmf_utils/hook/pkg_config_path_multiarch.sh'
[0.417s] Level 1:colcon.colcon_core.environment:create_environment_scripts_only(rmf_utils)
[0.418s] Level 1:colcon.colcon_core.environment:checking '/home/abc/MDH/ros_ws/install/rmf_utils' for CMake module files
[0.418s] Level 1:colcon.colcon_core.environment:checking '/home/abc/MDH/ros_ws/install/rmf_utils' for CMake config files
[0.418s] Level 1:colcon.colcon_core.shell:create_environment_hook('rmf_utils', 'cmake_prefix_path')
[0.419s] INFO:colcon.colcon_core.shell:Creating environment hook '/home/abc/MDH/ros_ws/install/rmf_utils/share/rmf_utils/hook/cmake_prefix_path.ps1'
[0.420s] INFO:colcon.colcon_core.shell:Creating environment descriptor '/home/abc/MDH/ros_ws/install/rmf_utils/share/rmf_utils/hook/cmake_prefix_path.dsv'
[0.422s] INFO:colcon.colcon_core.shell:Creating environment hook '/home/abc/MDH/ros_ws/install/rmf_utils/share/rmf_utils/hook/cmake_prefix_path.sh'
[0.424s] Level 1:colcon.colcon_core.environment:checking '/home/abc/MDH/ros_ws/install/rmf_utils/lib'
[0.424s] Level 1:colcon.colcon_core.shell:create_environment_hook('rmf_utils', 'ld_library_path_lib')
[0.425s] INFO:colcon.colcon_core.shell:Creating environment hook '/home/abc/MDH/ros_ws/install/rmf_utils/share/rmf_utils/hook/ld_library_path_lib.ps1'
[0.426s] INFO:colcon.colcon_core.shell:Creating environment descriptor '/home/abc/MDH/ros_ws/install/rmf_utils/share/rmf_utils/hook/ld_library_path_lib.dsv'
[0.426s] INFO:colcon.colcon_core.shell:Creating environment hook '/home/abc/MDH/ros_ws/install/rmf_utils/share/rmf_utils/hook/ld_library_path_lib.sh'
[0.427s] Level 1:colcon.colcon_core.environment:checking '/home/abc/MDH/ros_ws/install/rmf_utils/bin'
[0.427s] Level 1:colcon.colcon_core.environment:checking '/home/abc/MDH/ros_ws/install/rmf_utils/lib/pkgconfig/rmf_utils.pc'
[0.427s] Level 1:colcon.colcon_core.environment:checking '/home/abc/MDH/ros_ws/install/rmf_utils/lib/python3.10/site-packages'
[0.427s] Level 1:colcon.colcon_core.environment:checking '/home/abc/MDH/ros_ws/install/rmf_utils/bin'
[0.428s] INFO:colcon.colcon_core.shell:Creating package script '/home/abc/MDH/ros_ws/install/rmf_utils/share/rmf_utils/package.ps1'
[0.428s] INFO:colcon.colcon_core.shell:Creating package descriptor '/home/abc/MDH/ros_ws/install/rmf_utils/share/rmf_utils/package.dsv'
[0.429s] INFO:colcon.colcon_core.shell:Creating package script '/home/abc/MDH/ros_ws/install/rmf_utils/share/rmf_utils/package.sh'
[0.429s] INFO:colcon.colcon_core.shell:Creating package script '/home/abc/MDH/ros_ws/install/rmf_utils/share/rmf_utils/package.bash'
[0.430s] INFO:colcon.colcon_core.shell:Creating package script '/home/abc/MDH/ros_ws/install/rmf_utils/share/rmf_utils/package.zsh'
[0.431s] Level 1:colcon.colcon_core.environment:create_file_with_runtime_dependencies(/home/abc/MDH/ros_ws/install/rmf_utils/share/colcon-core/packages/rmf_utils)
[0.641s] DEBUG:colcon.colcon_core.event_handler.log_command:Invoked command in '/home/abc/MDH/ros_ws/build/motor_control_command_msgs' returned '0': CMAKE_PREFIX_PATH=${CMAKE_PREFIX_PATH}:/opt/ros/humble /usr/bin/cmake --build /home/abc/MDH/ros_ws/build/motor_control_command_msgs -- -j8 -l8
[0.643s] DEBUG:colcon.colcon_core.event_handler.log_command:Invoking command in '/home/abc/MDH/ros_ws/build/motor_control_command_msgs': CMAKE_PREFIX_PATH=${CMAKE_PREFIX_PATH}:/opt/ros/humble /usr/bin/cmake --install /home/abc/MDH/ros_ws/build/motor_control_command_msgs
[0.730s] Level 1:colcon.colcon_core.environment:create_environment_scripts_only(motor_control_command_msgs)
[0.731s] Level 1:colcon.colcon_core.environment:checking '/home/abc/MDH/ros_ws/install/motor_control_command_msgs' for CMake module files
[0.732s] Level 1:colcon.colcon_core.environment:checking '/home/abc/MDH/ros_ws/install/motor_control_command_msgs' for CMake config files
[0.732s] Level 1:colcon.colcon_core.shell:create_environment_hook('motor_control_command_msgs', 'cmake_prefix_path')
[0.733s] INFO:colcon.colcon_core.shell:Creating environment hook '/home/abc/MDH/ros_ws/install/motor_control_command_msgs/share/motor_control_command_msgs/hook/cmake_prefix_path.ps1'
[0.734s] DEBUG:colcon.colcon_core.event_handler.log_command:Invoked command in '/home/abc/MDH/ros_ws/build/motor_control_command_msgs' returned '0': CMAKE_PREFIX_PATH=${CMAKE_PREFIX_PATH}:/opt/ros/humble /usr/bin/cmake --install /home/abc/MDH/ros_ws/build/motor_control_command_msgs
[0.734s] INFO:colcon.colcon_core.shell:Creating environment descriptor '/home/abc/MDH/ros_ws/install/motor_control_command_msgs/share/motor_control_command_msgs/hook/cmake_prefix_path.dsv'
[0.735s] INFO:colcon.colcon_core.shell:Creating environment hook '/home/abc/MDH/ros_ws/install/motor_control_command_msgs/share/motor_control_command_msgs/hook/cmake_prefix_path.sh'
[0.736s] Level 1:colcon.colcon_core.environment:checking '/home/abc/MDH/ros_ws/install/motor_control_command_msgs/lib'
[0.736s] Level 1:colcon.colcon_core.shell:create_environment_hook('motor_control_command_msgs', 'ld_library_path_lib')
[0.737s] INFO:colcon.colcon_core.shell:Creating environment hook '/home/abc/MDH/ros_ws/install/motor_control_command_msgs/share/motor_control_command_msgs/hook/ld_library_path_lib.ps1'
[0.738s] INFO:colcon.colcon_core.shell:Creating environment descriptor '/home/abc/MDH/ros_ws/install/motor_control_command_msgs/share/motor_control_command_msgs/hook/ld_library_path_lib.dsv'
[0.738s] INFO:colcon.colcon_core.shell:Creating environment hook '/home/abc/MDH/ros_ws/install/motor_control_command_msgs/share/motor_control_command_msgs/hook/ld_library_path_lib.sh'
[0.739s] Level 1:colcon.colcon_core.environment:checking '/home/abc/MDH/ros_ws/install/motor_control_command_msgs/bin'
[0.739s] Level 1:colcon.colcon_core.environment:checking '/home/abc/MDH/ros_ws/install/motor_control_command_msgs/lib/pkgconfig/motor_control_command_msgs.pc'
[0.739s] Level 1:colcon.colcon_core.environment:checking '/home/abc/MDH/ros_ws/install/motor_control_command_msgs/lib/python3.10/site-packages'
[0.740s] Level 1:colcon.colcon_core.environment:checking '/home/abc/MDH/ros_ws/install/motor_control_command_msgs/bin'
[0.740s] INFO:colcon.colcon_core.shell:Creating package script '/home/abc/MDH/ros_ws/install/motor_control_command_msgs/share/motor_control_command_msgs/package.ps1'
[0.741s] INFO:colcon.colcon_core.shell:Creating package descriptor '/home/abc/MDH/ros_ws/install/motor_control_command_msgs/share/motor_control_command_msgs/package.dsv'
[0.742s] INFO:colcon.colcon_core.shell:Creating package script '/home/abc/MDH/ros_ws/install/motor_control_command_msgs/share/motor_control_command_msgs/package.sh'
[0.742s] INFO:colcon.colcon_core.shell:Creating package script '/home/abc/MDH/ros_ws/install/motor_control_command_msgs/share/motor_control_command_msgs/package.bash'
[0.743s] INFO:colcon.colcon_core.shell:Creating package script '/home/abc/MDH/ros_ws/install/motor_control_command_msgs/share/motor_control_command_msgs/package.zsh'
[0.744s] Level 1:colcon.colcon_core.environment:create_file_with_runtime_dependencies(/home/abc/MDH/ros_ws/install/motor_control_command_msgs/share/colcon-core/packages/motor_control_command_msgs)
[0.745s] Level 1:colcon.colcon_core.environment:create_environment_scripts_only(motor_control_command_msgs)
[0.745s] Level 1:colcon.colcon_core.environment:checking '/home/abc/MDH/ros_ws/install/motor_control_command_msgs' for CMake module files
[0.746s] Level 1:colcon.colcon_core.environment:checking '/home/abc/MDH/ros_ws/install/motor_control_command_msgs' for CMake config files
[0.746s] Level 1:colcon.colcon_core.shell:create_environment_hook('motor_control_command_msgs', 'cmake_prefix_path')
[0.747s] INFO:colcon.colcon_core.shell:Creating environment hook '/home/abc/MDH/ros_ws/install/motor_control_command_msgs/share/motor_control_command_msgs/hook/cmake_prefix_path.ps1'
[0.747s] INFO:colcon.colcon_core.shell:Creating environment descriptor '/home/abc/MDH/ros_ws/install/motor_control_command_msgs/share/motor_control_command_msgs/hook/cmake_prefix_path.dsv'
[0.748s] INFO:colcon.colcon_core.shell:Creating environment hook '/home/abc/MDH/ros_ws/install/motor_control_command_msgs/share/motor_control_command_msgs/hook/cmake_prefix_path.sh'
[0.749s] Level 1:colcon.colcon_core.environment:checking '/home/abc/MDH/ros_ws/install/motor_control_command_msgs/lib'
[0.749s] Level 1:colcon.colcon_core.shell:create_environment_hook('motor_control_command_msgs', 'ld_library_path_lib')
[0.749s] INFO:colcon.colcon_core.shell:Creating environment hook '/home/abc/MDH/ros_ws/install/motor_control_command_msgs/share/motor_control_command_msgs/hook/ld_library_path_lib.ps1'
[0.750s] INFO:colcon.colcon_core.shell:Creating environment descriptor '/home/abc/MDH/ros_ws/install/motor_control_command_msgs/share/motor_control_command_msgs/hook/ld_library_path_lib.dsv'
[0.751s] INFO:colcon.colcon_core.shell:Creating environment hook '/home/abc/MDH/ros_ws/install/motor_control_command_msgs/share/motor_control_command_msgs/hook/ld_library_path_lib.sh'
[0.752s] Level 1:colcon.colcon_core.environment:checking '/home/abc/MDH/ros_ws/install/motor_control_command_msgs/bin'
[0.752s] Level 1:colcon.colcon_core.environment:checking '/home/abc/MDH/ros_ws/install/motor_control_command_msgs/lib/pkgconfig/motor_control_command_msgs.pc'
[0.752s] Level 1:colcon.colcon_core.environment:checking '/home/abc/MDH/ros_ws/install/motor_control_command_msgs/lib/python3.10/site-packages'
[0.752s] Level 1:colcon.colcon_core.environment:checking '/home/abc/MDH/ros_ws/install/motor_control_command_msgs/bin'
[0.753s] INFO:colcon.colcon_core.shell:Creating package script '/home/abc/MDH/ros_ws/install/motor_control_command_msgs/share/motor_control_command_msgs/package.ps1'
[0.754s] INFO:colcon.colcon_core.shell:Creating package descriptor '/home/abc/MDH/ros_ws/install/motor_control_command_msgs/share/motor_control_command_msgs/package.dsv'
[0.755s] INFO:colcon.colcon_core.shell:Creating package script '/home/abc/MDH/ros_ws/install/motor_control_command_msgs/share/motor_control_command_msgs/package.sh'
[0.755s] INFO:colcon.colcon_core.shell:Creating package script '/home/abc/MDH/ros_ws/install/motor_control_command_msgs/share/motor_control_command_msgs/package.bash'
[0.756s] INFO:colcon.colcon_core.shell:Creating package script '/home/abc/MDH/ros_ws/install/motor_control_command_msgs/share/motor_control_command_msgs/package.zsh'
[0.757s] Level 1:colcon.colcon_core.environment:create_file_with_runtime_dependencies(/home/abc/MDH/ros_ws/install/motor_control_command_msgs/share/colcon-core/packages/motor_control_command_msgs)
[0.758s] INFO:colcon.colcon_ros.task.ament_cmake.build:Building ROS package in '/home/abc/MDH/ros_ws/src/motor_control' with build type 'ament_cmake'
[0.758s] INFO:colcon.colcon_cmake.task.cmake.build:Building CMake package in '/home/abc/MDH/ros_ws/src/motor_control'
[0.758s] INFO:colcon.colcon_core.shell:Skip shell extension 'powershell' for command environment: Not usable outside of PowerShell
[0.758s] DEBUG:colcon.colcon_core.shell:Skip shell extension 'dsv' for command environment
[0.774s] DEBUG:colcon.colcon_core.event_handler.log_command:Invoking command in '/home/abc/MDH/ros_ws/build/motor_control': CMAKE_PREFIX_PATH=/home/abc/MDH/ros_ws/install/motor_control_command_msgs:/home/abc/MDH/ros_ws/install/rmf_utils:/home/abc/MDH/ros_ws/install/motor_status:/home/abc/MDH/ros_ws/install/motor_control:/opt/ros/humble LD_LIBRARY_PATH=/home/abc/MDH/ros_ws/install/motor_control_command_msgs/lib:/home/abc/MDH/ros_ws/install/rmf_utils/lib:/opt/ros/humble/opt/rviz_ogre_vendor/lib:/opt/ros/humble/lib/x86_64-linux-gnu:/opt/ros/humble/lib /usr/bin/cmake --build /home/abc/MDH/ros_ws/build/motor_control -- -j8 -l8
[15.047s] DEBUG:colcon.colcon_core.event_handler.log_command:Invoked command in '/home/abc/MDH/ros_ws/build/motor_control' returned '0': CMAKE_PREFIX_PATH=/home/abc/MDH/ros_ws/install/motor_control_command_msgs:/home/abc/MDH/ros_ws/install/rmf_utils:/home/abc/MDH/ros_ws/install/motor_status:/home/abc/MDH/ros_ws/install/motor_control:/opt/ros/humble LD_LIBRARY_PATH=/home/abc/MDH/ros_ws/install/motor_control_command_msgs/lib:/home/abc/MDH/ros_ws/install/rmf_utils/lib:/opt/ros/humble/opt/rviz_ogre_vendor/lib:/opt/ros/humble/lib/x86_64-linux-gnu:/opt/ros/humble/lib /usr/bin/cmake --build /home/abc/MDH/ros_ws/build/motor_control -- -j8 -l8
[15.050s] DEBUG:colcon.colcon_core.event_handler.log_command:Invoking command in '/home/abc/MDH/ros_ws/build/motor_control': CMAKE_PREFIX_PATH=/home/abc/MDH/ros_ws/install/motor_control_command_msgs:/home/abc/MDH/ros_ws/install/rmf_utils:/home/abc/MDH/ros_ws/install/motor_status:/home/abc/MDH/ros_ws/install/motor_control:/opt/ros/humble LD_LIBRARY_PATH=/home/abc/MDH/ros_ws/install/motor_control_command_msgs/lib:/home/abc/MDH/ros_ws/install/rmf_utils/lib:/opt/ros/humble/opt/rviz_ogre_vendor/lib:/opt/ros/humble/lib/x86_64-linux-gnu:/opt/ros/humble/lib /usr/bin/cmake --install /home/abc/MDH/ros_ws/build/motor_control
[15.065s] Level 1:colcon.colcon_core.environment:create_environment_scripts_only(motor_control)
[15.065s] Level 1:colcon.colcon_core.environment:checking '/home/abc/MDH/ros_ws/install/motor_control' for CMake module files
[15.066s] DEBUG:colcon.colcon_core.event_handler.log_command:Invoked command in '/home/abc/MDH/ros_ws/build/motor_control' returned '0': CMAKE_PREFIX_PATH=/home/abc/MDH/ros_ws/install/motor_control_command_msgs:/home/abc/MDH/ros_ws/install/rmf_utils:/home/abc/MDH/ros_ws/install/motor_status:/home/abc/MDH/ros_ws/install/motor_control:/opt/ros/humble LD_LIBRARY_PATH=/home/abc/MDH/ros_ws/install/motor_control_command_msgs/lib:/home/abc/MDH/ros_ws/install/rmf_utils/lib:/opt/ros/humble/opt/rviz_ogre_vendor/lib:/opt/ros/humble/lib/x86_64-linux-gnu:/opt/ros/humble/lib /usr/bin/cmake --install /home/abc/MDH/ros_ws/build/motor_control
[15.067s] Level 1:colcon.colcon_core.environment:checking '/home/abc/MDH/ros_ws/install/motor_control' for CMake config files
[15.067s] Level 1:colcon.colcon_core.shell:create_environment_hook('motor_control', 'cmake_prefix_path')
[15.067s] INFO:colcon.colcon_core.shell:Creating environment hook '/home/abc/MDH/ros_ws/install/motor_control/share/motor_control/hook/cmake_prefix_path.ps1'
[15.068s] INFO:colcon.colcon_core.shell:Creating environment descriptor '/home/abc/MDH/ros_ws/install/motor_control/share/motor_control/hook/cmake_prefix_path.dsv'
[15.068s] INFO:colcon.colcon_core.shell:Creating environment hook '/home/abc/MDH/ros_ws/install/motor_control/share/motor_control/hook/cmake_prefix_path.sh'
[15.070s] Level 1:colcon.colcon_core.environment:checking '/home/abc/MDH/ros_ws/install/motor_control/lib'
[15.070s] Level 1:colcon.colcon_core.environment:checking '/home/abc/MDH/ros_ws/install/motor_control/bin'
[15.070s] Level 1:colcon.colcon_core.environment:checking '/home/abc/MDH/ros_ws/install/motor_control/lib/pkgconfig/motor_control.pc'
[15.070s] Level 1:colcon.colcon_core.environment:checking '/home/abc/MDH/ros_ws/install/motor_control/lib/python3.10/site-packages'
[15.071s] Level 1:colcon.colcon_core.environment:checking '/home/abc/MDH/ros_ws/install/motor_control/bin'
[15.071s] INFO:colcon.colcon_core.shell:Creating package script '/home/abc/MDH/ros_ws/install/motor_control/share/motor_control/package.ps1'
[15.072s] INFO:colcon.colcon_core.shell:Creating package descriptor '/home/abc/MDH/ros_ws/install/motor_control/share/motor_control/package.dsv'
[15.072s] INFO:colcon.colcon_core.shell:Creating package script '/home/abc/MDH/ros_ws/install/motor_control/share/motor_control/package.sh'
[15.073s] INFO:colcon.colcon_core.shell:Creating package script '/home/abc/MDH/ros_ws/install/motor_control/share/motor_control/package.bash'
[15.073s] INFO:colcon.colcon_core.shell:Creating package script '/home/abc/MDH/ros_ws/install/motor_control/share/motor_control/package.zsh'
[15.074s] Level 1:colcon.colcon_core.environment:create_file_with_runtime_dependencies(/home/abc/MDH/ros_ws/install/motor_control/share/colcon-core/packages/motor_control)
[15.075s] Level 1:colcon.colcon_core.environment:create_environment_scripts_only(motor_control)
[15.075s] Level 1:colcon.colcon_core.environment:checking '/home/abc/MDH/ros_ws/install/motor_control' for CMake module files
[15.075s] Level 1:colcon.colcon_core.environment:checking '/home/abc/MDH/ros_ws/install/motor_control' for CMake config files
[15.076s] Level 1:colcon.colcon_core.shell:create_environment_hook('motor_control', 'cmake_prefix_path')
[15.076s] INFO:colcon.colcon_core.shell:Creating environment hook '/home/abc/MDH/ros_ws/install/motor_control/share/motor_control/hook/cmake_prefix_path.ps1'
[15.077s] INFO:colcon.colcon_core.shell:Creating environment descriptor '/home/abc/MDH/ros_ws/install/motor_control/share/motor_control/hook/cmake_prefix_path.dsv'
[15.077s] INFO:colcon.colcon_core.shell:Creating environment hook '/home/abc/MDH/ros_ws/install/motor_control/share/motor_control/hook/cmake_prefix_path.sh'
[15.078s] Level 1:colcon.colcon_core.environment:checking '/home/abc/MDH/ros_ws/install/motor_control/lib'
[15.078s] Level 1:colcon.colcon_core.environment:checking '/home/abc/MDH/ros_ws/install/motor_control/bin'
[15.078s] Level 1:colcon.colcon_core.environment:checking '/home/abc/MDH/ros_ws/install/motor_control/lib/pkgconfig/motor_control.pc'
[15.078s] Level 1:colcon.colcon_core.environment:checking '/home/abc/MDH/ros_ws/install/motor_control/lib/python3.10/site-packages'
[15.079s] Level 1:colcon.colcon_core.environment:checking '/home/abc/MDH/ros_ws/install/motor_control/bin'
[15.079s] INFO:colcon.colcon_core.shell:Creating package script '/home/abc/MDH/ros_ws/install/motor_control/share/motor_control/package.ps1'
[15.080s] INFO:colcon.colcon_core.shell:Creating package descriptor '/home/abc/MDH/ros_ws/install/motor_control/share/motor_control/package.dsv'
[15.080s] INFO:colcon.colcon_core.shell:Creating package script '/home/abc/MDH/ros_ws/install/motor_control/share/motor_control/package.sh'
[15.082s] INFO:colcon.colcon_core.shell:Creating package script '/home/abc/MDH/ros_ws/install/motor_control/share/motor_control/package.bash'
[15.083s] INFO:colcon.colcon_core.shell:Creating package script '/home/abc/MDH/ros_ws/install/motor_control/share/motor_control/package.zsh'
[15.086s] Level 1:colcon.colcon_core.environment:create_file_with_runtime_dependencies(/home/abc/MDH/ros_ws/install/motor_control/share/colcon-core/packages/motor_control)
[15.087s] DEBUG:colcon.colcon_parallel_executor.executor.parallel:closing loop
[15.087s] DEBUG:colcon.colcon_parallel_executor.executor.parallel:loop closed
[15.087s] DEBUG:colcon.colcon_parallel_executor.executor.parallel:run_until_complete finished with '0'
[15.087s] DEBUG:colcon.colcon_core.event_reactor:joining thread
[15.093s] INFO:colcon.colcon_core.plugin_system:Skipping extension 'colcon_notification.desktop_notification.terminal_notifier': Not used on non-Darwin systems
[15.093s] INFO:colcon.colcon_core.plugin_system:Skipping extension 'colcon_notification.desktop_notification.win32': Not used on non-Windows systems
[15.093s] INFO:colcon.colcon_notification.desktop_notification:Sending desktop notification using 'notify2'
[15.112s] DEBUG:colcon.colcon_core.event_reactor:joined thread
[15.112s] INFO:colcon.colcon_core.shell:Creating prefix script '/home/abc/MDH/ros_ws/install/local_setup.ps1'
[15.114s] INFO:colcon.colcon_core.shell:Creating prefix util module '/home/abc/MDH/ros_ws/install/_local_setup_util_ps1.py'
[15.117s] INFO:colcon.colcon_core.shell:Creating prefix chain script '/home/abc/MDH/ros_ws/install/setup.ps1'
[15.119s] INFO:colcon.colcon_core.shell:Creating prefix script '/home/abc/MDH/ros_ws/install/local_setup.sh'
[15.120s] INFO:colcon.colcon_core.shell:Creating prefix util module '/home/abc/MDH/ros_ws/install/_local_setup_util_sh.py'
[15.121s] INFO:colcon.colcon_core.shell:Creating prefix chain script '/home/abc/MDH/ros_ws/install/setup.sh'
[15.125s] INFO:colcon.colcon_core.shell:Creating prefix script '/home/abc/MDH/ros_ws/install/local_setup.bash'
[15.126s] INFO:colcon.colcon_core.shell:Creating prefix chain script '/home/abc/MDH/ros_ws/install/setup.bash'
[15.128s] INFO:colcon.colcon_core.shell:Creating prefix script '/home/abc/MDH/ros_ws/install/local_setup.zsh'
[15.129s] INFO:colcon.colcon_core.shell:Creating prefix chain script '/home/abc/MDH/ros_ws/install/setup.zsh'
