[0.066s] DEBUG:colcon:Command line arguments: ['/usr/bin/colcon', 'build']
[0.066s] DEBUG:colcon:Parsed command line arguments: Namespace(log_base=None, log_level=None, verb_name='build', build_base='build', install_base='install', merge_install=False, symlink_install=False, test_result_base=None, continue_on_error=False, executor='parallel', parallel_workers=8, event_handlers=None, ignore_user_meta=False, metas=['./colcon.meta'], base_paths=['.'], packages_ignore=None, packages_ignore_regex=None, paths=None, packages_up_to=None, packages_up_to_regex=None, packages_above=None, packages_above_and_dependencies=None, packages_above_depth=None, packages_select_by_dep=None, packages_skip_by_dep=None, packages_skip_up_to=None, packages_select_build_failed=False, packages_skip_build_finished=False, packages_select_test_failures=False, packages_skip_test_passed=False, packages_select=None, packages_skip=None, packages_select_regex=None, packages_skip_regex=None, packages_start=None, packages_end=None, allow_overriding=[], cmake_args=None, cmake_target=None, cmake_target_skip_unavailable=False, cmake_clean_cache=False, cmake_clean_first=False, cmake_force_configure=False, ament_cmake_args=None, catkin_cmake_args=None, catkin_skip_building_tests=False, verb_parser=<colcon_defaults.argument_parser.defaults.DefaultArgumentsDecorator object at 0x7ba208a22ad0>, verb_extension=<colcon_core.verb.build.BuildVerb object at 0x7ba208a225c0>, main=<bound method BuildVerb.main of <colcon_core.verb.build.BuildVerb object at 0x7ba208a225c0>>)
[0.169s] Level 1:colcon.colcon_core.package_discovery:discover_packages(colcon_meta) check parameters
[0.169s] Level 1:colcon.colcon_core.package_discovery:discover_packages(recursive) check parameters
[0.169s] Level 1:colcon.colcon_core.package_discovery:discover_packages(ignore) check parameters
[0.169s] Level 1:colcon.colcon_core.package_discovery:discover_packages(path) check parameters
[0.169s] Level 1:colcon.colcon_core.package_discovery:discover_packages(colcon_meta) discover
[0.169s] Level 1:colcon.colcon_core.package_discovery:discover_packages(recursive) discover
[0.170s] INFO:colcon.colcon_core.package_discovery:Crawling recursively for packages in '/home/abc/MDH/ros_ws'
[0.170s] Level 1:colcon.colcon_core.package_identification:_identify(.) by extensions ['ignore', 'ignore_ament_install']
[0.170s] Level 1:colcon.colcon_core.package_identification:_identify(.) by extension 'ignore'
[0.170s] Level 1:colcon.colcon_core.package_identification:_identify(.) by extension 'ignore_ament_install'
[0.170s] Level 1:colcon.colcon_core.package_identification:_identify(.) by extensions ['colcon_pkg']
[0.170s] Level 1:colcon.colcon_core.package_identification:_identify(.) by extension 'colcon_pkg'
[0.170s] Level 1:colcon.colcon_core.package_identification:_identify(.) by extensions ['colcon_meta']
[0.170s] Level 1:colcon.colcon_core.package_identification:_identify(.) by extension 'colcon_meta'
[0.170s] Level 1:colcon.colcon_core.package_identification:_identify(.) by extensions ['ros']
[0.170s] Level 1:colcon.colcon_core.package_identification:_identify(.) by extension 'ros'
[0.181s] Level 1:colcon.colcon_core.package_identification:_identify(.) by extensions ['cmake', 'python']
[0.181s] Level 1:colcon.colcon_core.package_identification:_identify(.) by extension 'cmake'
[0.181s] Level 1:colcon.colcon_core.package_identification:_identify(.) by extension 'python'
[0.181s] Level 1:colcon.colcon_core.package_identification:_identify(.) by extensions ['python_setup_py']
[0.181s] Level 1:colcon.colcon_core.package_identification:_identify(.) by extension 'python_setup_py'
[0.181s] Level 1:colcon.colcon_core.package_identification:_identify(build) by extensions ['ignore', 'ignore_ament_install']
[0.181s] Level 1:colcon.colcon_core.package_identification:_identify(build) by extension 'ignore'
[0.181s] Level 1:colcon.colcon_core.package_identification:_identify(build) ignored
[0.182s] Level 1:colcon.colcon_core.package_identification:_identify(install) by extensions ['ignore', 'ignore_ament_install']
[0.182s] Level 1:colcon.colcon_core.package_identification:_identify(install) by extension 'ignore'
[0.182s] Level 1:colcon.colcon_core.package_identification:_identify(install) ignored
[0.182s] Level 1:colcon.colcon_core.package_identification:_identify(log) by extensions ['ignore', 'ignore_ament_install']
[0.182s] Level 1:colcon.colcon_core.package_identification:_identify(log) by extension 'ignore'
[0.182s] Level 1:colcon.colcon_core.package_identification:_identify(log) ignored
[0.182s] Level 1:colcon.colcon_core.package_identification:_identify(src) by extensions ['ignore', 'ignore_ament_install']
[0.182s] Level 1:colcon.colcon_core.package_identification:_identify(src) by extension 'ignore'
[0.182s] Level 1:colcon.colcon_core.package_identification:_identify(src) by extension 'ignore_ament_install'
[0.182s] Level 1:colcon.colcon_core.package_identification:_identify(src) by extensions ['colcon_pkg']
[0.182s] Level 1:colcon.colcon_core.package_identification:_identify(src) by extension 'colcon_pkg'
[0.182s] Level 1:colcon.colcon_core.package_identification:_identify(src) by extensions ['colcon_meta']
[0.182s] Level 1:colcon.colcon_core.package_identification:_identify(src) by extension 'colcon_meta'
[0.182s] Level 1:colcon.colcon_core.package_identification:_identify(src) by extensions ['ros']
[0.182s] Level 1:colcon.colcon_core.package_identification:_identify(src) by extension 'ros'
[0.182s] Level 1:colcon.colcon_core.package_identification:_identify(src) by extensions ['cmake', 'python']
[0.182s] Level 1:colcon.colcon_core.package_identification:_identify(src) by extension 'cmake'
[0.182s] Level 1:colcon.colcon_core.package_identification:_identify(src) by extension 'python'
[0.182s] Level 1:colcon.colcon_core.package_identification:_identify(src) by extensions ['python_setup_py']
[0.182s] Level 1:colcon.colcon_core.package_identification:_identify(src) by extension 'python_setup_py'
[0.182s] Level 1:colcon.colcon_core.package_identification:_identify(src/internal_msgs) by extensions ['ignore', 'ignore_ament_install']
[0.182s] Level 1:colcon.colcon_core.package_identification:_identify(src/internal_msgs) by extension 'ignore'
[0.182s] Level 1:colcon.colcon_core.package_identification:_identify(src/internal_msgs) by extension 'ignore_ament_install'
[0.182s] Level 1:colcon.colcon_core.package_identification:_identify(src/internal_msgs) by extensions ['colcon_pkg']
[0.182s] Level 1:colcon.colcon_core.package_identification:_identify(src/internal_msgs) by extension 'colcon_pkg'
[0.182s] Level 1:colcon.colcon_core.package_identification:_identify(src/internal_msgs) by extensions ['colcon_meta']
[0.182s] Level 1:colcon.colcon_core.package_identification:_identify(src/internal_msgs) by extension 'colcon_meta'
[0.182s] Level 1:colcon.colcon_core.package_identification:_identify(src/internal_msgs) by extensions ['ros']
[0.182s] Level 1:colcon.colcon_core.package_identification:_identify(src/internal_msgs) by extension 'ros'
[0.183s] Level 1:colcon.colcon_core.package_identification:_identify(src/internal_msgs) by extensions ['cmake', 'python']
[0.183s] Level 1:colcon.colcon_core.package_identification:_identify(src/internal_msgs) by extension 'cmake'
[0.183s] Level 1:colcon.colcon_core.package_identification:_identify(src/internal_msgs) by extension 'python'
[0.183s] Level 1:colcon.colcon_core.package_identification:_identify(src/internal_msgs) by extensions ['python_setup_py']
[0.183s] Level 1:colcon.colcon_core.package_identification:_identify(src/internal_msgs) by extension 'python_setup_py'
[0.183s] Level 1:colcon.colcon_core.package_identification:_identify(src/internal_msgs/motor_control_command_msgs) by extensions ['ignore', 'ignore_ament_install']
[0.183s] Level 1:colcon.colcon_core.package_identification:_identify(src/internal_msgs/motor_control_command_msgs) by extension 'ignore'
[0.183s] Level 1:colcon.colcon_core.package_identification:_identify(src/internal_msgs/motor_control_command_msgs) by extension 'ignore_ament_install'
[0.183s] Level 1:colcon.colcon_core.package_identification:_identify(src/internal_msgs/motor_control_command_msgs) by extensions ['colcon_pkg']
[0.183s] Level 1:colcon.colcon_core.package_identification:_identify(src/internal_msgs/motor_control_command_msgs) by extension 'colcon_pkg'
[0.183s] Level 1:colcon.colcon_core.package_identification:_identify(src/internal_msgs/motor_control_command_msgs) by extensions ['colcon_meta']
[0.183s] Level 1:colcon.colcon_core.package_identification:_identify(src/internal_msgs/motor_control_command_msgs) by extension 'colcon_meta'
[0.183s] Level 1:colcon.colcon_core.package_identification:_identify(src/internal_msgs/motor_control_command_msgs) by extensions ['ros']
[0.183s] Level 1:colcon.colcon_core.package_identification:_identify(src/internal_msgs/motor_control_command_msgs) by extension 'ros'
[0.185s] DEBUG:colcon.colcon_core.package_identification:Package 'src/internal_msgs/motor_control_command_msgs' with type 'ros.ament_cmake' and name 'motor_control_command_msgs'
[0.185s] Level 1:colcon.colcon_core.package_identification:_identify(src/motor_control) by extensions ['ignore', 'ignore_ament_install']
[0.185s] Level 1:colcon.colcon_core.package_identification:_identify(src/motor_control) by extension 'ignore'
[0.185s] Level 1:colcon.colcon_core.package_identification:_identify(src/motor_control) by extension 'ignore_ament_install'
[0.185s] Level 1:colcon.colcon_core.package_identification:_identify(src/motor_control) by extensions ['colcon_pkg']
[0.185s] Level 1:colcon.colcon_core.package_identification:_identify(src/motor_control) by extension 'colcon_pkg'
[0.185s] Level 1:colcon.colcon_core.package_identification:_identify(src/motor_control) by extensions ['colcon_meta']
[0.185s] Level 1:colcon.colcon_core.package_identification:_identify(src/motor_control) by extension 'colcon_meta'
[0.185s] Level 1:colcon.colcon_core.package_identification:_identify(src/motor_control) by extensions ['ros']
[0.185s] Level 1:colcon.colcon_core.package_identification:_identify(src/motor_control) by extension 'ros'
[0.186s] DEBUG:colcon.colcon_core.package_identification:Package 'src/motor_control' with type 'ros.ament_cmake' and name 'motor_control'
[0.186s] Level 1:colcon.colcon_core.package_identification:_identify(src/motor_control_v2) by extensions ['ignore', 'ignore_ament_install']
[0.186s] Level 1:colcon.colcon_core.package_identification:_identify(src/motor_control_v2) by extension 'ignore'
[0.186s] Level 1:colcon.colcon_core.package_identification:_identify(src/motor_control_v2) by extension 'ignore_ament_install'
[0.186s] Level 1:colcon.colcon_core.package_identification:_identify(src/motor_control_v2) by extensions ['colcon_pkg']
[0.186s] Level 1:colcon.colcon_core.package_identification:_identify(src/motor_control_v2) by extension 'colcon_pkg'
[0.186s] Level 1:colcon.colcon_core.package_identification:_identify(src/motor_control_v2) by extensions ['colcon_meta']
[0.186s] Level 1:colcon.colcon_core.package_identification:_identify(src/motor_control_v2) by extension 'colcon_meta'
[0.186s] Level 1:colcon.colcon_core.package_identification:_identify(src/motor_control_v2) by extensions ['ros']
[0.186s] Level 1:colcon.colcon_core.package_identification:_identify(src/motor_control_v2) by extension 'ros'
[0.187s] DEBUG:colcon.colcon_core.package_identification:Package 'src/motor_control_v2' with type 'ros.ament_cmake' and name 'motor_control_v2'
[0.187s] Level 1:colcon.colcon_core.package_identification:_identify(src/motor_status) by extensions ['ignore', 'ignore_ament_install']
[0.187s] Level 1:colcon.colcon_core.package_identification:_identify(src/motor_status) by extension 'ignore'
[0.187s] Level 1:colcon.colcon_core.package_identification:_identify(src/motor_status) by extension 'ignore_ament_install'
[0.187s] Level 1:colcon.colcon_core.package_identification:_identify(src/motor_status) by extensions ['colcon_pkg']
[0.187s] Level 1:colcon.colcon_core.package_identification:_identify(src/motor_status) by extension 'colcon_pkg'
[0.187s] Level 1:colcon.colcon_core.package_identification:_identify(src/motor_status) by extensions ['colcon_meta']
[0.187s] Level 1:colcon.colcon_core.package_identification:_identify(src/motor_status) by extension 'colcon_meta'
[0.187s] Level 1:colcon.colcon_core.package_identification:_identify(src/motor_status) by extensions ['ros']
[0.187s] Level 1:colcon.colcon_core.package_identification:_identify(src/motor_status) by extension 'ros'
[0.187s] DEBUG:colcon.colcon_core.package_identification:Package 'src/motor_status' with type 'ros.ament_cmake' and name 'motor_status'
[0.188s] Level 1:colcon.colcon_core.package_identification:_identify(src/rmf_utils) by extensions ['ignore', 'ignore_ament_install']
[0.188s] Level 1:colcon.colcon_core.package_identification:_identify(src/rmf_utils) by extension 'ignore'
[0.188s] Level 1:colcon.colcon_core.package_identification:_identify(src/rmf_utils) by extension 'ignore_ament_install'
[0.188s] Level 1:colcon.colcon_core.package_identification:_identify(src/rmf_utils) by extensions ['colcon_pkg']
[0.188s] Level 1:colcon.colcon_core.package_identification:_identify(src/rmf_utils) by extension 'colcon_pkg'
[0.188s] Level 1:colcon.colcon_core.package_identification:_identify(src/rmf_utils) by extensions ['colcon_meta']
[0.188s] Level 1:colcon.colcon_core.package_identification:_identify(src/rmf_utils) by extension 'colcon_meta'
[0.188s] Level 1:colcon.colcon_core.package_identification:_identify(src/rmf_utils) by extensions ['ros']
[0.188s] Level 1:colcon.colcon_core.package_identification:_identify(src/rmf_utils) by extension 'ros'
[0.188s] Level 1:colcon.colcon_core.package_identification:_identify(src/rmf_utils) by extensions ['cmake', 'python']
[0.188s] Level 1:colcon.colcon_core.package_identification:_identify(src/rmf_utils) by extension 'cmake'
[0.188s] Level 1:colcon.colcon_core.package_identification:_identify(src/rmf_utils) by extension 'python'
[0.188s] Level 1:colcon.colcon_core.package_identification:_identify(src/rmf_utils) by extensions ['python_setup_py']
[0.188s] Level 1:colcon.colcon_core.package_identification:_identify(src/rmf_utils) by extension 'python_setup_py'
[0.188s] Level 1:colcon.colcon_core.package_identification:_identify(src/rmf_utils/docs) by extensions ['ignore', 'ignore_ament_install']
[0.188s] Level 1:colcon.colcon_core.package_identification:_identify(src/rmf_utils/docs) by extension 'ignore'
[0.188s] Level 1:colcon.colcon_core.package_identification:_identify(src/rmf_utils/docs) by extension 'ignore_ament_install'
[0.188s] Level 1:colcon.colcon_core.package_identification:_identify(src/rmf_utils/docs) by extensions ['colcon_pkg']
[0.188s] Level 1:colcon.colcon_core.package_identification:_identify(src/rmf_utils/docs) by extension 'colcon_pkg'
[0.188s] Level 1:colcon.colcon_core.package_identification:_identify(src/rmf_utils/docs) by extensions ['colcon_meta']
[0.188s] Level 1:colcon.colcon_core.package_identification:_identify(src/rmf_utils/docs) by extension 'colcon_meta'
[0.188s] Level 1:colcon.colcon_core.package_identification:_identify(src/rmf_utils/docs) by extensions ['ros']
[0.188s] Level 1:colcon.colcon_core.package_identification:_identify(src/rmf_utils/docs) by extension 'ros'
[0.188s] Level 1:colcon.colcon_core.package_identification:_identify(src/rmf_utils/docs) by extensions ['cmake', 'python']
[0.188s] Level 1:colcon.colcon_core.package_identification:_identify(src/rmf_utils/docs) by extension 'cmake'
[0.188s] Level 1:colcon.colcon_core.package_identification:_identify(src/rmf_utils/docs) by extension 'python'
[0.188s] Level 1:colcon.colcon_core.package_identification:_identify(src/rmf_utils/docs) by extensions ['python_setup_py']
[0.188s] Level 1:colcon.colcon_core.package_identification:_identify(src/rmf_utils/docs) by extension 'python_setup_py'
[0.189s] Level 1:colcon.colcon_core.package_identification:_identify(src/rmf_utils/rmf_utils) by extensions ['ignore', 'ignore_ament_install']
[0.189s] Level 1:colcon.colcon_core.package_identification:_identify(src/rmf_utils/rmf_utils) by extension 'ignore'
[0.189s] Level 1:colcon.colcon_core.package_identification:_identify(src/rmf_utils/rmf_utils) by extension 'ignore_ament_install'
[0.189s] Level 1:colcon.colcon_core.package_identification:_identify(src/rmf_utils/rmf_utils) by extensions ['colcon_pkg']
[0.189s] Level 1:colcon.colcon_core.package_identification:_identify(src/rmf_utils/rmf_utils) by extension 'colcon_pkg'
[0.189s] Level 1:colcon.colcon_core.package_identification:_identify(src/rmf_utils/rmf_utils) by extensions ['colcon_meta']
[0.189s] Level 1:colcon.colcon_core.package_identification:_identify(src/rmf_utils/rmf_utils) by extension 'colcon_meta'
[0.189s] Level 1:colcon.colcon_core.package_identification:_identify(src/rmf_utils/rmf_utils) by extensions ['ros']
[0.189s] Level 1:colcon.colcon_core.package_identification:_identify(src/rmf_utils/rmf_utils) by extension 'ros'
[0.190s] DEBUG:colcon.colcon_core.package_identification:Package 'src/rmf_utils/rmf_utils' with type 'ros.cmake' and name 'rmf_utils'
[0.190s] Level 1:colcon.colcon_core.package_discovery:discover_packages(recursive) using defaults
[0.190s] Level 1:colcon.colcon_core.package_discovery:discover_packages(ignore) discover
[0.190s] Level 1:colcon.colcon_core.package_discovery:discover_packages(ignore) using defaults
[0.190s] Level 1:colcon.colcon_core.package_discovery:discover_packages(path) discover
[0.190s] Level 1:colcon.colcon_core.package_discovery:discover_packages(path) using defaults
[0.205s] INFO:colcon.colcon_metadata.metadata.colcon_pkg:Updating descriptor of package 'src/rmf_utils/rmf_utils' from colcon.pkg: {'hooks': ['share/rmf_utils/hook/ament_prefix_path.dsv']}
[0.207s] Level 1:colcon.colcon_core.package_discovery:discover_packages(prefix_path) check parameters
[0.207s] Level 1:colcon.colcon_core.package_discovery:discover_packages(prefix_path) discover
[0.208s] DEBUG:colcon.colcon_installed_package_information.package_discovery:Found 271 installed packages in /opt/ros/humble
[0.225s] Level 1:colcon.colcon_core.package_discovery:discover_packages(prefix_path) using defaults
[0.250s] Level 5:colcon.colcon_core.verb:set package 'motor_control_command_msgs' build argument 'cmake_args' from command line to 'None'
[0.250s] Level 5:colcon.colcon_core.verb:set package 'motor_control_command_msgs' build argument 'cmake_target' from command line to 'None'
[0.250s] Level 5:colcon.colcon_core.verb:set package 'motor_control_command_msgs' build argument 'cmake_target_skip_unavailable' from command line to 'False'
[0.250s] Level 5:colcon.colcon_core.verb:set package 'motor_control_command_msgs' build argument 'cmake_clean_cache' from command line to 'False'
[0.250s] Level 5:colcon.colcon_core.verb:set package 'motor_control_command_msgs' build argument 'cmake_clean_first' from command line to 'False'
[0.250s] Level 5:colcon.colcon_core.verb:set package 'motor_control_command_msgs' build argument 'cmake_force_configure' from command line to 'False'
[0.250s] Level 5:colcon.colcon_core.verb:set package 'motor_control_command_msgs' build argument 'ament_cmake_args' from command line to 'None'
[0.250s] Level 5:colcon.colcon_core.verb:set package 'motor_control_command_msgs' build argument 'catkin_cmake_args' from command line to 'None'
[0.250s] Level 5:colcon.colcon_core.verb:set package 'motor_control_command_msgs' build argument 'catkin_skip_building_tests' from command line to 'False'
[0.250s] DEBUG:colcon.colcon_core.verb:Building package 'motor_control_command_msgs' with the following arguments: {'ament_cmake_args': None, 'build_base': '/home/abc/MDH/ros_ws/build/motor_control_command_msgs', 'catkin_cmake_args': None, 'catkin_skip_building_tests': False, 'cmake_args': None, 'cmake_clean_cache': False, 'cmake_clean_first': False, 'cmake_force_configure': False, 'cmake_target': None, 'cmake_target_skip_unavailable': False, 'install_base': '/home/abc/MDH/ros_ws/install/motor_control_command_msgs', 'merge_install': False, 'path': '/home/abc/MDH/ros_ws/src/internal_msgs/motor_control_command_msgs', 'symlink_install': False, 'test_result_base': None}
[0.250s] Level 5:colcon.colcon_core.verb:set package 'motor_status' build argument 'cmake_args' from command line to 'None'
[0.250s] Level 5:colcon.colcon_core.verb:set package 'motor_status' build argument 'cmake_target' from command line to 'None'
[0.250s] Level 5:colcon.colcon_core.verb:set package 'motor_status' build argument 'cmake_target_skip_unavailable' from command line to 'False'
[0.250s] Level 5:colcon.colcon_core.verb:set package 'motor_status' build argument 'cmake_clean_cache' from command line to 'False'
[0.250s] Level 5:colcon.colcon_core.verb:set package 'motor_status' build argument 'cmake_clean_first' from command line to 'False'
[0.250s] Level 5:colcon.colcon_core.verb:set package 'motor_status' build argument 'cmake_force_configure' from command line to 'False'
[0.250s] Level 5:colcon.colcon_core.verb:set package 'motor_status' build argument 'ament_cmake_args' from command line to 'None'
[0.250s] Level 5:colcon.colcon_core.verb:set package 'motor_status' build argument 'catkin_cmake_args' from command line to 'None'
[0.250s] Level 5:colcon.colcon_core.verb:set package 'motor_status' build argument 'catkin_skip_building_tests' from command line to 'False'
[0.251s] DEBUG:colcon.colcon_core.verb:Building package 'motor_status' with the following arguments: {'ament_cmake_args': None, 'build_base': '/home/abc/MDH/ros_ws/build/motor_status', 'catkin_cmake_args': None, 'catkin_skip_building_tests': False, 'cmake_args': None, 'cmake_clean_cache': False, 'cmake_clean_first': False, 'cmake_force_configure': False, 'cmake_target': None, 'cmake_target_skip_unavailable': False, 'install_base': '/home/abc/MDH/ros_ws/install/motor_status', 'merge_install': False, 'path': '/home/abc/MDH/ros_ws/src/motor_status', 'symlink_install': False, 'test_result_base': None}
[0.251s] Level 5:colcon.colcon_core.verb:set package 'rmf_utils' build argument 'cmake_args' from command line to 'None'
[0.251s] Level 5:colcon.colcon_core.verb:set package 'rmf_utils' build argument 'cmake_target' from command line to 'None'
[0.251s] Level 5:colcon.colcon_core.verb:set package 'rmf_utils' build argument 'cmake_target_skip_unavailable' from command line to 'False'
[0.251s] Level 5:colcon.colcon_core.verb:set package 'rmf_utils' build argument 'cmake_clean_cache' from command line to 'False'
[0.251s] Level 5:colcon.colcon_core.verb:set package 'rmf_utils' build argument 'cmake_clean_first' from command line to 'False'
[0.251s] Level 5:colcon.colcon_core.verb:set package 'rmf_utils' build argument 'cmake_force_configure' from command line to 'False'
[0.251s] Level 5:colcon.colcon_core.verb:set package 'rmf_utils' build argument 'ament_cmake_args' from command line to 'None'
[0.251s] Level 5:colcon.colcon_core.verb:set package 'rmf_utils' build argument 'catkin_cmake_args' from command line to 'None'
[0.251s] Level 5:colcon.colcon_core.verb:set package 'rmf_utils' build argument 'catkin_skip_building_tests' from command line to 'False'
[0.251s] DEBUG:colcon.colcon_core.verb:Building package 'rmf_utils' with the following arguments: {'ament_cmake_args': None, 'build_base': '/home/abc/MDH/ros_ws/build/rmf_utils', 'catkin_cmake_args': None, 'catkin_skip_building_tests': False, 'cmake_args': None, 'cmake_clean_cache': False, 'cmake_clean_first': False, 'cmake_force_configure': False, 'cmake_target': None, 'cmake_target_skip_unavailable': False, 'install_base': '/home/abc/MDH/ros_ws/install/rmf_utils', 'merge_install': False, 'path': '/home/abc/MDH/ros_ws/src/rmf_utils/rmf_utils', 'symlink_install': False, 'test_result_base': None}
[0.251s] Level 5:colcon.colcon_core.verb:set package 'motor_control' build argument 'cmake_args' from command line to 'None'
[0.251s] Level 5:colcon.colcon_core.verb:set package 'motor_control' build argument 'cmake_target' from command line to 'None'
[0.251s] Level 5:colcon.colcon_core.verb:set package 'motor_control' build argument 'cmake_target_skip_unavailable' from command line to 'False'
[0.251s] Level 5:colcon.colcon_core.verb:set package 'motor_control' build argument 'cmake_clean_cache' from command line to 'False'
[0.251s] Level 5:colcon.colcon_core.verb:set package 'motor_control' build argument 'cmake_clean_first' from command line to 'False'
[0.251s] Level 5:colcon.colcon_core.verb:set package 'motor_control' build argument 'cmake_force_configure' from command line to 'False'
[0.251s] Level 5:colcon.colcon_core.verb:set package 'motor_control' build argument 'ament_cmake_args' from command line to 'None'
[0.251s] Level 5:colcon.colcon_core.verb:set package 'motor_control' build argument 'catkin_cmake_args' from command line to 'None'
[0.251s] Level 5:colcon.colcon_core.verb:set package 'motor_control' build argument 'catkin_skip_building_tests' from command line to 'False'
[0.251s] DEBUG:colcon.colcon_core.verb:Building package 'motor_control' with the following arguments: {'ament_cmake_args': None, 'build_base': '/home/abc/MDH/ros_ws/build/motor_control', 'catkin_cmake_args': None, 'catkin_skip_building_tests': False, 'cmake_args': None, 'cmake_clean_cache': False, 'cmake_clean_first': False, 'cmake_force_configure': False, 'cmake_target': None, 'cmake_target_skip_unavailable': False, 'install_base': '/home/abc/MDH/ros_ws/install/motor_control', 'merge_install': False, 'path': '/home/abc/MDH/ros_ws/src/motor_control', 'symlink_install': False, 'test_result_base': None}
[0.251s] Level 5:colcon.colcon_core.verb:set package 'motor_control_v2' build argument 'cmake_args' from command line to 'None'
[0.251s] Level 5:colcon.colcon_core.verb:set package 'motor_control_v2' build argument 'cmake_target' from command line to 'None'
[0.251s] Level 5:colcon.colcon_core.verb:set package 'motor_control_v2' build argument 'cmake_target_skip_unavailable' from command line to 'False'
[0.251s] Level 5:colcon.colcon_core.verb:set package 'motor_control_v2' build argument 'cmake_clean_cache' from command line to 'False'
[0.251s] Level 5:colcon.colcon_core.verb:set package 'motor_control_v2' build argument 'cmake_clean_first' from command line to 'False'
[0.252s] Level 5:colcon.colcon_core.verb:set package 'motor_control_v2' build argument 'cmake_force_configure' from command line to 'False'
[0.252s] Level 5:colcon.colcon_core.verb:set package 'motor_control_v2' build argument 'ament_cmake_args' from command line to 'None'
[0.252s] Level 5:colcon.colcon_core.verb:set package 'motor_control_v2' build argument 'catkin_cmake_args' from command line to 'None'
[0.252s] Level 5:colcon.colcon_core.verb:set package 'motor_control_v2' build argument 'catkin_skip_building_tests' from command line to 'False'
[0.252s] DEBUG:colcon.colcon_core.verb:Building package 'motor_control_v2' with the following arguments: {'ament_cmake_args': None, 'build_base': '/home/abc/MDH/ros_ws/build/motor_control_v2', 'catkin_cmake_args': None, 'catkin_skip_building_tests': False, 'cmake_args': None, 'cmake_clean_cache': False, 'cmake_clean_first': False, 'cmake_force_configure': False, 'cmake_target': None, 'cmake_target_skip_unavailable': False, 'install_base': '/home/abc/MDH/ros_ws/install/motor_control_v2', 'merge_install': False, 'path': '/home/abc/MDH/ros_ws/src/motor_control_v2', 'symlink_install': False, 'test_result_base': None}
[0.252s] INFO:colcon.colcon_core.executor:Executing jobs using 'parallel' executor
[0.253s] DEBUG:colcon.colcon_parallel_executor.executor.parallel:run_until_complete
[0.254s] INFO:colcon.colcon_ros.task.ament_cmake.build:Building ROS package in '/home/abc/MDH/ros_ws/src/internal_msgs/motor_control_command_msgs' with build type 'ament_cmake'
[0.254s] INFO:colcon.colcon_cmake.task.cmake.build:Building CMake package in '/home/abc/MDH/ros_ws/src/internal_msgs/motor_control_command_msgs'
[0.257s] INFO:colcon.colcon_core.plugin_system:Skipping extension 'colcon_core.shell.bat': Not used on non-Windows systems
[0.258s] INFO:colcon.colcon_core.shell:Skip shell extension 'powershell' for command environment: Not usable outside of PowerShell
[0.258s] DEBUG:colcon.colcon_core.shell:Skip shell extension 'dsv' for command environment
[0.261s] INFO:colcon.colcon_ros.task.ament_cmake.build:Building ROS package in '/home/abc/MDH/ros_ws/src/motor_status' with build type 'ament_cmake'
[0.261s] INFO:colcon.colcon_cmake.task.cmake.build:Building CMake package in '/home/abc/MDH/ros_ws/src/motor_status'
[0.262s] INFO:colcon.colcon_core.shell:Skip shell extension 'powershell' for command environment: Not usable outside of PowerShell
[0.262s] DEBUG:colcon.colcon_core.shell:Skip shell extension 'dsv' for command environment
[0.263s] INFO:colcon.colcon_ros.task.cmake.build:Building ROS package in '/home/abc/MDH/ros_ws/src/rmf_utils/rmf_utils' with build type 'cmake'
[0.264s] INFO:colcon.colcon_cmake.task.cmake.build:Building CMake package in '/home/abc/MDH/ros_ws/src/rmf_utils/rmf_utils'
[0.264s] INFO:colcon.colcon_core.shell:Skip shell extension 'powershell' for command environment: Not usable outside of PowerShell
[0.264s] DEBUG:colcon.colcon_core.shell:Skip shell extension 'dsv' for command environment
[0.271s] DEBUG:colcon.colcon_core.event_handler.log_command:Invoking command in '/home/abc/MDH/ros_ws/build/motor_control_command_msgs': CMAKE_PREFIX_PATH=/opt/ros/humble /usr/bin/cmake --build /home/abc/MDH/ros_ws/build/motor_control_command_msgs -- -j8 -l8
[0.276s] DEBUG:colcon.colcon_core.event_handler.log_command:Invoking command in '/home/abc/MDH/ros_ws/build/motor_status': CMAKE_PREFIX_PATH=/opt/ros/humble /usr/bin/cmake --build /home/abc/MDH/ros_ws/build/motor_status -- -j8 -l8
[0.279s] DEBUG:colcon.colcon_core.event_handler.log_command:Invoking command in '/home/abc/MDH/ros_ws/build/rmf_utils': CMAKE_PREFIX_PATH=/opt/ros/humble /usr/bin/cmake --build /home/abc/MDH/ros_ws/build/rmf_utils -- -j8 -l8
[0.364s] DEBUG:colcon.colcon_core.event_handler.log_command:Invoked command in '/home/abc/MDH/ros_ws/build/motor_status' returned '0': CMAKE_PREFIX_PATH=/opt/ros/humble /usr/bin/cmake --build /home/abc/MDH/ros_ws/build/motor_status -- -j8 -l8
[0.375s] DEBUG:colcon.colcon_core.event_handler.log_command:Invoking command in '/home/abc/MDH/ros_ws/build/motor_status': CMAKE_PREFIX_PATH=/opt/ros/humble /usr/bin/cmake --install /home/abc/MDH/ros_ws/build/motor_status
[0.377s] DEBUG:colcon.colcon_core.event_handler.log_command:Invoked command in '/home/abc/MDH/ros_ws/build/rmf_utils' returned '0': CMAKE_PREFIX_PATH=/opt/ros/humble /usr/bin/cmake --build /home/abc/MDH/ros_ws/build/rmf_utils -- -j8 -l8
[0.382s] DEBUG:colcon.colcon_core.event_handler.log_command:Invoking command in '/home/abc/MDH/ros_ws/build/rmf_utils': CMAKE_PREFIX_PATH=/opt/ros/humble /usr/bin/cmake --install /home/abc/MDH/ros_ws/build/rmf_utils
[0.391s] Level 1:colcon.colcon_core.environment:create_environment_scripts_only(motor_status)
[0.394s] Level 1:colcon.colcon_core.environment:checking '/home/abc/MDH/ros_ws/install/motor_status' for CMake module files
[0.394s] Level 1:colcon.colcon_core.environment:checking '/home/abc/MDH/ros_ws/install/motor_status' for CMake config files
[0.394s] Level 1:colcon.colcon_core.shell:create_environment_hook('motor_status', 'cmake_prefix_path')
[0.394s] INFO:colcon.colcon_core.shell:Creating environment hook '/home/abc/MDH/ros_ws/install/motor_status/share/motor_status/hook/cmake_prefix_path.ps1'
[0.396s] DEBUG:colcon.colcon_core.event_handler.log_command:Invoked command in '/home/abc/MDH/ros_ws/build/motor_status' returned '0': CMAKE_PREFIX_PATH=/opt/ros/humble /usr/bin/cmake --install /home/abc/MDH/ros_ws/build/motor_status
[0.396s] INFO:colcon.colcon_core.shell:Creating environment descriptor '/home/abc/MDH/ros_ws/install/motor_status/share/motor_status/hook/cmake_prefix_path.dsv'
[0.397s] INFO:colcon.colcon_core.shell:Creating environment hook '/home/abc/MDH/ros_ws/install/motor_status/share/motor_status/hook/cmake_prefix_path.sh'
[0.398s] Level 1:colcon.colcon_core.environment:checking '/home/abc/MDH/ros_ws/install/motor_status/lib'
[0.398s] Level 1:colcon.colcon_core.environment:checking '/home/abc/MDH/ros_ws/install/motor_status/bin'
[0.398s] Level 1:colcon.colcon_core.environment:checking '/home/abc/MDH/ros_ws/install/motor_status/lib/pkgconfig/motor_status.pc'
[0.399s] Level 1:colcon.colcon_core.environment:checking '/home/abc/MDH/ros_ws/install/motor_status/lib/python3.10/site-packages'
[0.399s] Level 1:colcon.colcon_core.environment:checking '/home/abc/MDH/ros_ws/install/motor_status/bin'
[0.400s] INFO:colcon.colcon_core.shell:Creating package script '/home/abc/MDH/ros_ws/install/motor_status/share/motor_status/package.ps1'
[0.402s] INFO:colcon.colcon_core.shell:Creating package descriptor '/home/abc/MDH/ros_ws/install/motor_status/share/motor_status/package.dsv'
[0.403s] INFO:colcon.colcon_core.shell:Creating package script '/home/abc/MDH/ros_ws/install/motor_status/share/motor_status/package.sh'
[0.404s] INFO:colcon.colcon_core.shell:Creating package script '/home/abc/MDH/ros_ws/install/motor_status/share/motor_status/package.bash'
[0.404s] INFO:colcon.colcon_core.shell:Creating package script '/home/abc/MDH/ros_ws/install/motor_status/share/motor_status/package.zsh'
[0.405s] Level 1:colcon.colcon_core.environment:create_file_with_runtime_dependencies(/home/abc/MDH/ros_ws/install/motor_status/share/colcon-core/packages/motor_status)
[0.406s] Level 1:colcon.colcon_core.environment:create_environment_scripts_only(motor_status)
[0.407s] Level 1:colcon.colcon_core.environment:checking '/home/abc/MDH/ros_ws/install/motor_status' for CMake module files
[0.407s] Level 1:colcon.colcon_core.environment:checking '/home/abc/MDH/ros_ws/install/motor_status' for CMake config files
[0.408s] Level 1:colcon.colcon_core.shell:create_environment_hook('motor_status', 'cmake_prefix_path')
[0.408s] INFO:colcon.colcon_core.shell:Creating environment hook '/home/abc/MDH/ros_ws/install/motor_status/share/motor_status/hook/cmake_prefix_path.ps1'
[0.409s] INFO:colcon.colcon_core.shell:Creating environment descriptor '/home/abc/MDH/ros_ws/install/motor_status/share/motor_status/hook/cmake_prefix_path.dsv'
[0.409s] INFO:colcon.colcon_core.shell:Creating environment hook '/home/abc/MDH/ros_ws/install/motor_status/share/motor_status/hook/cmake_prefix_path.sh'
[0.410s] Level 1:colcon.colcon_core.environment:checking '/home/abc/MDH/ros_ws/install/motor_status/lib'
[0.410s] Level 1:colcon.colcon_core.environment:checking '/home/abc/MDH/ros_ws/install/motor_status/bin'
[0.410s] Level 1:colcon.colcon_core.environment:checking '/home/abc/MDH/ros_ws/install/motor_status/lib/pkgconfig/motor_status.pc'
[0.410s] Level 1:colcon.colcon_core.environment:checking '/home/abc/MDH/ros_ws/install/motor_status/lib/python3.10/site-packages'
[0.410s] Level 1:colcon.colcon_core.environment:checking '/home/abc/MDH/ros_ws/install/motor_status/bin'
[0.411s] INFO:colcon.colcon_core.shell:Creating package script '/home/abc/MDH/ros_ws/install/motor_status/share/motor_status/package.ps1'
[0.412s] INFO:colcon.colcon_core.shell:Creating package descriptor '/home/abc/MDH/ros_ws/install/motor_status/share/motor_status/package.dsv'
[0.414s] INFO:colcon.colcon_core.shell:Creating package script '/home/abc/MDH/ros_ws/install/motor_status/share/motor_status/package.sh'
[0.414s] INFO:colcon.colcon_core.shell:Creating package script '/home/abc/MDH/ros_ws/install/motor_status/share/motor_status/package.bash'
[0.415s] INFO:colcon.colcon_core.shell:Creating package script '/home/abc/MDH/ros_ws/install/motor_status/share/motor_status/package.zsh'
[0.415s] Level 1:colcon.colcon_core.environment:create_file_with_runtime_dependencies(/home/abc/MDH/ros_ws/install/motor_status/share/colcon-core/packages/motor_status)
[0.417s] Level 1:colcon.colcon_core.shell:create_environment_hook('rmf_utils', 'pkg_config_path')
[0.417s] INFO:colcon.colcon_core.shell:Creating environment hook '/home/abc/MDH/ros_ws/install/rmf_utils/share/rmf_utils/hook/pkg_config_path.ps1'
[0.418s] INFO:colcon.colcon_core.shell:Creating environment descriptor '/home/abc/MDH/ros_ws/install/rmf_utils/share/rmf_utils/hook/pkg_config_path.dsv'
[0.418s] DEBUG:colcon.colcon_core.event_handler.log_command:Invoked command in '/home/abc/MDH/ros_ws/build/rmf_utils' returned '0': CMAKE_PREFIX_PATH=/opt/ros/humble /usr/bin/cmake --install /home/abc/MDH/ros_ws/build/rmf_utils
[0.419s] INFO:colcon.colcon_core.shell:Creating environment hook '/home/abc/MDH/ros_ws/install/rmf_utils/share/rmf_utils/hook/pkg_config_path.sh'
[0.421s] Level 1:colcon.colcon_core.shell:create_environment_hook('rmf_utils', 'pkg_config_path_multiarch')
[0.421s] INFO:colcon.colcon_core.shell:Creating environment hook '/home/abc/MDH/ros_ws/install/rmf_utils/share/rmf_utils/hook/pkg_config_path_multiarch.ps1'
[0.421s] INFO:colcon.colcon_core.shell:Creating environment descriptor '/home/abc/MDH/ros_ws/install/rmf_utils/share/rmf_utils/hook/pkg_config_path_multiarch.dsv'
[0.422s] INFO:colcon.colcon_core.shell:Creating environment hook '/home/abc/MDH/ros_ws/install/rmf_utils/share/rmf_utils/hook/pkg_config_path_multiarch.sh'
[0.423s] Level 1:colcon.colcon_core.environment:create_environment_scripts_only(rmf_utils)
[0.423s] Level 1:colcon.colcon_core.environment:checking '/home/abc/MDH/ros_ws/install/rmf_utils' for CMake module files
[0.424s] Level 1:colcon.colcon_core.environment:checking '/home/abc/MDH/ros_ws/install/rmf_utils' for CMake config files
[0.424s] Level 1:colcon.colcon_core.shell:create_environment_hook('rmf_utils', 'cmake_prefix_path')
[0.425s] INFO:colcon.colcon_core.shell:Creating environment hook '/home/abc/MDH/ros_ws/install/rmf_utils/share/rmf_utils/hook/cmake_prefix_path.ps1'
[0.426s] INFO:colcon.colcon_core.shell:Creating environment descriptor '/home/abc/MDH/ros_ws/install/rmf_utils/share/rmf_utils/hook/cmake_prefix_path.dsv'
[0.427s] INFO:colcon.colcon_core.shell:Creating environment hook '/home/abc/MDH/ros_ws/install/rmf_utils/share/rmf_utils/hook/cmake_prefix_path.sh'
[0.429s] Level 1:colcon.colcon_core.environment:checking '/home/abc/MDH/ros_ws/install/rmf_utils/lib'
[0.429s] Level 1:colcon.colcon_core.shell:create_environment_hook('rmf_utils', 'ld_library_path_lib')
[0.429s] INFO:colcon.colcon_core.shell:Creating environment hook '/home/abc/MDH/ros_ws/install/rmf_utils/share/rmf_utils/hook/ld_library_path_lib.ps1'
[0.430s] INFO:colcon.colcon_core.shell:Creating environment descriptor '/home/abc/MDH/ros_ws/install/rmf_utils/share/rmf_utils/hook/ld_library_path_lib.dsv'
[0.430s] INFO:colcon.colcon_core.shell:Creating environment hook '/home/abc/MDH/ros_ws/install/rmf_utils/share/rmf_utils/hook/ld_library_path_lib.sh'
[0.431s] Level 1:colcon.colcon_core.environment:checking '/home/abc/MDH/ros_ws/install/rmf_utils/bin'
[0.431s] Level 1:colcon.colcon_core.environment:checking '/home/abc/MDH/ros_ws/install/rmf_utils/lib/pkgconfig/rmf_utils.pc'
[0.431s] Level 1:colcon.colcon_core.environment:checking '/home/abc/MDH/ros_ws/install/rmf_utils/lib/python3.10/site-packages'
[0.431s] Level 1:colcon.colcon_core.environment:checking '/home/abc/MDH/ros_ws/install/rmf_utils/bin'
[0.431s] INFO:colcon.colcon_core.shell:Creating package script '/home/abc/MDH/ros_ws/install/rmf_utils/share/rmf_utils/package.ps1'
[0.432s] INFO:colcon.colcon_core.shell:Creating package descriptor '/home/abc/MDH/ros_ws/install/rmf_utils/share/rmf_utils/package.dsv'
[0.432s] INFO:colcon.colcon_core.shell:Creating package script '/home/abc/MDH/ros_ws/install/rmf_utils/share/rmf_utils/package.sh'
[0.433s] INFO:colcon.colcon_core.shell:Creating package script '/home/abc/MDH/ros_ws/install/rmf_utils/share/rmf_utils/package.bash'
[0.433s] INFO:colcon.colcon_core.shell:Creating package script '/home/abc/MDH/ros_ws/install/rmf_utils/share/rmf_utils/package.zsh'
[0.433s] Level 1:colcon.colcon_core.environment:create_file_with_runtime_dependencies(/home/abc/MDH/ros_ws/install/rmf_utils/share/colcon-core/packages/rmf_utils)
[0.630s] DEBUG:colcon.colcon_core.event_handler.log_command:Invoked command in '/home/abc/MDH/ros_ws/build/motor_control_command_msgs' returned '0': CMAKE_PREFIX_PATH=/opt/ros/humble /usr/bin/cmake --build /home/abc/MDH/ros_ws/build/motor_control_command_msgs -- -j8 -l8
[0.633s] DEBUG:colcon.colcon_core.event_handler.log_command:Invoking command in '/home/abc/MDH/ros_ws/build/motor_control_command_msgs': CMAKE_PREFIX_PATH=/opt/ros/humble /usr/bin/cmake --install /home/abc/MDH/ros_ws/build/motor_control_command_msgs
[0.701s] Level 1:colcon.colcon_core.environment:create_environment_scripts_only(motor_control_command_msgs)
[0.702s] Level 1:colcon.colcon_core.environment:checking '/home/abc/MDH/ros_ws/install/motor_control_command_msgs' for CMake module files
[0.702s] DEBUG:colcon.colcon_core.event_handler.log_command:Invoked command in '/home/abc/MDH/ros_ws/build/motor_control_command_msgs' returned '0': CMAKE_PREFIX_PATH=/opt/ros/humble /usr/bin/cmake --install /home/abc/MDH/ros_ws/build/motor_control_command_msgs
[0.703s] Level 1:colcon.colcon_core.environment:checking '/home/abc/MDH/ros_ws/install/motor_control_command_msgs' for CMake config files
[0.703s] Level 1:colcon.colcon_core.shell:create_environment_hook('motor_control_command_msgs', 'cmake_prefix_path')
[0.703s] INFO:colcon.colcon_core.shell:Creating environment hook '/home/abc/MDH/ros_ws/install/motor_control_command_msgs/share/motor_control_command_msgs/hook/cmake_prefix_path.ps1'
[0.704s] INFO:colcon.colcon_core.shell:Creating environment descriptor '/home/abc/MDH/ros_ws/install/motor_control_command_msgs/share/motor_control_command_msgs/hook/cmake_prefix_path.dsv'
[0.704s] INFO:colcon.colcon_core.shell:Creating environment hook '/home/abc/MDH/ros_ws/install/motor_control_command_msgs/share/motor_control_command_msgs/hook/cmake_prefix_path.sh'
[0.705s] Level 1:colcon.colcon_core.environment:checking '/home/abc/MDH/ros_ws/install/motor_control_command_msgs/lib'
[0.705s] Level 1:colcon.colcon_core.shell:create_environment_hook('motor_control_command_msgs', 'ld_library_path_lib')
[0.705s] INFO:colcon.colcon_core.shell:Creating environment hook '/home/abc/MDH/ros_ws/install/motor_control_command_msgs/share/motor_control_command_msgs/hook/ld_library_path_lib.ps1'
[0.706s] INFO:colcon.colcon_core.shell:Creating environment descriptor '/home/abc/MDH/ros_ws/install/motor_control_command_msgs/share/motor_control_command_msgs/hook/ld_library_path_lib.dsv'
[0.707s] INFO:colcon.colcon_core.shell:Creating environment hook '/home/abc/MDH/ros_ws/install/motor_control_command_msgs/share/motor_control_command_msgs/hook/ld_library_path_lib.sh'
[0.707s] Level 1:colcon.colcon_core.environment:checking '/home/abc/MDH/ros_ws/install/motor_control_command_msgs/bin'
[0.707s] Level 1:colcon.colcon_core.environment:checking '/home/abc/MDH/ros_ws/install/motor_control_command_msgs/lib/pkgconfig/motor_control_command_msgs.pc'
[0.707s] Level 1:colcon.colcon_core.environment:checking '/home/abc/MDH/ros_ws/install/motor_control_command_msgs/lib/python3.10/site-packages'
[0.708s] Level 1:colcon.colcon_core.environment:checking '/home/abc/MDH/ros_ws/install/motor_control_command_msgs/bin'
[0.708s] INFO:colcon.colcon_core.shell:Creating package script '/home/abc/MDH/ros_ws/install/motor_control_command_msgs/share/motor_control_command_msgs/package.ps1'
[0.709s] INFO:colcon.colcon_core.shell:Creating package descriptor '/home/abc/MDH/ros_ws/install/motor_control_command_msgs/share/motor_control_command_msgs/package.dsv'
[0.709s] INFO:colcon.colcon_core.shell:Creating package script '/home/abc/MDH/ros_ws/install/motor_control_command_msgs/share/motor_control_command_msgs/package.sh'
[0.711s] INFO:colcon.colcon_core.shell:Creating package script '/home/abc/MDH/ros_ws/install/motor_control_command_msgs/share/motor_control_command_msgs/package.bash'
[0.711s] INFO:colcon.colcon_core.shell:Creating package script '/home/abc/MDH/ros_ws/install/motor_control_command_msgs/share/motor_control_command_msgs/package.zsh'
[0.712s] Level 1:colcon.colcon_core.environment:create_file_with_runtime_dependencies(/home/abc/MDH/ros_ws/install/motor_control_command_msgs/share/colcon-core/packages/motor_control_command_msgs)
[0.712s] Level 1:colcon.colcon_core.environment:create_environment_scripts_only(motor_control_command_msgs)
[0.713s] Level 1:colcon.colcon_core.environment:checking '/home/abc/MDH/ros_ws/install/motor_control_command_msgs' for CMake module files
[0.713s] Level 1:colcon.colcon_core.environment:checking '/home/abc/MDH/ros_ws/install/motor_control_command_msgs' for CMake config files
[0.713s] Level 1:colcon.colcon_core.shell:create_environment_hook('motor_control_command_msgs', 'cmake_prefix_path')
[0.713s] INFO:colcon.colcon_core.shell:Creating environment hook '/home/abc/MDH/ros_ws/install/motor_control_command_msgs/share/motor_control_command_msgs/hook/cmake_prefix_path.ps1'
[0.714s] INFO:colcon.colcon_core.shell:Creating environment descriptor '/home/abc/MDH/ros_ws/install/motor_control_command_msgs/share/motor_control_command_msgs/hook/cmake_prefix_path.dsv'
[0.714s] INFO:colcon.colcon_core.shell:Creating environment hook '/home/abc/MDH/ros_ws/install/motor_control_command_msgs/share/motor_control_command_msgs/hook/cmake_prefix_path.sh'
[0.715s] Level 1:colcon.colcon_core.environment:checking '/home/abc/MDH/ros_ws/install/motor_control_command_msgs/lib'
[0.715s] Level 1:colcon.colcon_core.shell:create_environment_hook('motor_control_command_msgs', 'ld_library_path_lib')
[0.715s] INFO:colcon.colcon_core.shell:Creating environment hook '/home/abc/MDH/ros_ws/install/motor_control_command_msgs/share/motor_control_command_msgs/hook/ld_library_path_lib.ps1'
[0.715s] INFO:colcon.colcon_core.shell:Creating environment descriptor '/home/abc/MDH/ros_ws/install/motor_control_command_msgs/share/motor_control_command_msgs/hook/ld_library_path_lib.dsv'
[0.715s] INFO:colcon.colcon_core.shell:Creating environment hook '/home/abc/MDH/ros_ws/install/motor_control_command_msgs/share/motor_control_command_msgs/hook/ld_library_path_lib.sh'
[0.716s] Level 1:colcon.colcon_core.environment:checking '/home/abc/MDH/ros_ws/install/motor_control_command_msgs/bin'
[0.716s] Level 1:colcon.colcon_core.environment:checking '/home/abc/MDH/ros_ws/install/motor_control_command_msgs/lib/pkgconfig/motor_control_command_msgs.pc'
[0.716s] Level 1:colcon.colcon_core.environment:checking '/home/abc/MDH/ros_ws/install/motor_control_command_msgs/lib/python3.10/site-packages'
[0.716s] Level 1:colcon.colcon_core.environment:checking '/home/abc/MDH/ros_ws/install/motor_control_command_msgs/bin'
[0.716s] INFO:colcon.colcon_core.shell:Creating package script '/home/abc/MDH/ros_ws/install/motor_control_command_msgs/share/motor_control_command_msgs/package.ps1'
[0.717s] INFO:colcon.colcon_core.shell:Creating package descriptor '/home/abc/MDH/ros_ws/install/motor_control_command_msgs/share/motor_control_command_msgs/package.dsv'
[0.717s] INFO:colcon.colcon_core.shell:Creating package script '/home/abc/MDH/ros_ws/install/motor_control_command_msgs/share/motor_control_command_msgs/package.sh'
[0.718s] INFO:colcon.colcon_core.shell:Creating package script '/home/abc/MDH/ros_ws/install/motor_control_command_msgs/share/motor_control_command_msgs/package.bash'
[0.718s] INFO:colcon.colcon_core.shell:Creating package script '/home/abc/MDH/ros_ws/install/motor_control_command_msgs/share/motor_control_command_msgs/package.zsh'
[0.718s] Level 1:colcon.colcon_core.environment:create_file_with_runtime_dependencies(/home/abc/MDH/ros_ws/install/motor_control_command_msgs/share/colcon-core/packages/motor_control_command_msgs)
[0.719s] INFO:colcon.colcon_ros.task.ament_cmake.build:Building ROS package in '/home/abc/MDH/ros_ws/src/motor_control' with build type 'ament_cmake'
[0.719s] INFO:colcon.colcon_cmake.task.cmake.build:Building CMake package in '/home/abc/MDH/ros_ws/src/motor_control'
[0.719s] INFO:colcon.colcon_core.shell:Skip shell extension 'powershell' for command environment: Not usable outside of PowerShell
[0.719s] DEBUG:colcon.colcon_core.shell:Skip shell extension 'dsv' for command environment
[0.723s] INFO:colcon.colcon_ros.task.ament_cmake.build:Building ROS package in '/home/abc/MDH/ros_ws/src/motor_control_v2' with build type 'ament_cmake'
[0.723s] INFO:colcon.colcon_cmake.task.cmake.build:Building CMake package in '/home/abc/MDH/ros_ws/src/motor_control_v2'
[0.723s] INFO:colcon.colcon_core.shell:Skip shell extension 'powershell' for command environment: Not usable outside of PowerShell
[0.723s] DEBUG:colcon.colcon_core.shell:Skip shell extension 'dsv' for command environment
[0.732s] DEBUG:colcon.colcon_core.event_handler.log_command:Invoking command in '/home/abc/MDH/ros_ws/build/motor_control': AMENT_PREFIX_PATH=/home/abc/MDH/ros_ws/install/motor_control_command_msgs:${AMENT_PREFIX_PATH} CMAKE_PREFIX_PATH=/home/abc/MDH/ros_ws/install/motor_control_command_msgs:/opt/ros/humble LD_LIBRARY_PATH=/home/abc/MDH/ros_ws/install/motor_control_command_msgs/lib:${LD_LIBRARY_PATH} PYTHONPATH=/home/abc/MDH/ros_ws/install/motor_control_command_msgs/local/lib/python3.10/dist-packages:${PYTHONPATH} /usr/bin/cmake --build /home/abc/MDH/ros_ws/build/motor_control -- -j8 -l8
[0.736s] DEBUG:colcon.colcon_core.event_handler.log_command:Invoking command in '/home/abc/MDH/ros_ws/build/motor_control_v2': AMENT_PREFIX_PATH=/home/abc/MDH/ros_ws/install/motor_control_command_msgs:${AMENT_PREFIX_PATH} CMAKE_PREFIX_PATH=/home/abc/MDH/ros_ws/install/motor_control_command_msgs:/opt/ros/humble LD_LIBRARY_PATH=/home/abc/MDH/ros_ws/install/motor_control_command_msgs/lib:${LD_LIBRARY_PATH} PYTHONPATH=/home/abc/MDH/ros_ws/install/motor_control_command_msgs/local/lib/python3.10/dist-packages:${PYTHONPATH} /usr/bin/cmake --build /home/abc/MDH/ros_ws/build/motor_control_v2 -- -j8 -l8
[0.815s] DEBUG:colcon.colcon_core.event_handler.log_command:Invoked command in '/home/abc/MDH/ros_ws/build/motor_control' returned '0': AMENT_PREFIX_PATH=/home/abc/MDH/ros_ws/install/motor_control_command_msgs:${AMENT_PREFIX_PATH} CMAKE_PREFIX_PATH=/home/abc/MDH/ros_ws/install/motor_control_command_msgs:/opt/ros/humble LD_LIBRARY_PATH=/home/abc/MDH/ros_ws/install/motor_control_command_msgs/lib:${LD_LIBRARY_PATH} PYTHONPATH=/home/abc/MDH/ros_ws/install/motor_control_command_msgs/local/lib/python3.10/dist-packages:${PYTHONPATH} /usr/bin/cmake --build /home/abc/MDH/ros_ws/build/motor_control -- -j8 -l8
[0.817s] DEBUG:colcon.colcon_core.event_handler.log_command:Invoking command in '/home/abc/MDH/ros_ws/build/motor_control': AMENT_PREFIX_PATH=/home/abc/MDH/ros_ws/install/motor_control_command_msgs:${AMENT_PREFIX_PATH} CMAKE_PREFIX_PATH=/home/abc/MDH/ros_ws/install/motor_control_command_msgs:/opt/ros/humble LD_LIBRARY_PATH=/home/abc/MDH/ros_ws/install/motor_control_command_msgs/lib:${LD_LIBRARY_PATH} PYTHONPATH=/home/abc/MDH/ros_ws/install/motor_control_command_msgs/local/lib/python3.10/dist-packages:${PYTHONPATH} /usr/bin/cmake --install /home/abc/MDH/ros_ws/build/motor_control
[0.830s] Level 1:colcon.colcon_core.environment:create_environment_scripts_only(motor_control)
[0.830s] Level 1:colcon.colcon_core.environment:checking '/home/abc/MDH/ros_ws/install/motor_control' for CMake module files
[0.831s] DEBUG:colcon.colcon_core.event_handler.log_command:Invoked command in '/home/abc/MDH/ros_ws/build/motor_control' returned '0': AMENT_PREFIX_PATH=/home/abc/MDH/ros_ws/install/motor_control_command_msgs:${AMENT_PREFIX_PATH} CMAKE_PREFIX_PATH=/home/abc/MDH/ros_ws/install/motor_control_command_msgs:/opt/ros/humble LD_LIBRARY_PATH=/home/abc/MDH/ros_ws/install/motor_control_command_msgs/lib:${LD_LIBRARY_PATH} PYTHONPATH=/home/abc/MDH/ros_ws/install/motor_control_command_msgs/local/lib/python3.10/dist-packages:${PYTHONPATH} /usr/bin/cmake --install /home/abc/MDH/ros_ws/build/motor_control
[0.832s] Level 1:colcon.colcon_core.environment:checking '/home/abc/MDH/ros_ws/install/motor_control' for CMake config files
[0.832s] Level 1:colcon.colcon_core.shell:create_environment_hook('motor_control', 'cmake_prefix_path')
[0.832s] INFO:colcon.colcon_core.shell:Creating environment hook '/home/abc/MDH/ros_ws/install/motor_control/share/motor_control/hook/cmake_prefix_path.ps1'
[0.833s] INFO:colcon.colcon_core.shell:Creating environment descriptor '/home/abc/MDH/ros_ws/install/motor_control/share/motor_control/hook/cmake_prefix_path.dsv'
[0.834s] INFO:colcon.colcon_core.shell:Creating environment hook '/home/abc/MDH/ros_ws/install/motor_control/share/motor_control/hook/cmake_prefix_path.sh'
[0.836s] Level 1:colcon.colcon_core.environment:checking '/home/abc/MDH/ros_ws/install/motor_control/lib'
[0.836s] Level 1:colcon.colcon_core.environment:checking '/home/abc/MDH/ros_ws/install/motor_control/bin'
[0.836s] Level 1:colcon.colcon_core.environment:checking '/home/abc/MDH/ros_ws/install/motor_control/lib/pkgconfig/motor_control.pc'
[0.836s] Level 1:colcon.colcon_core.environment:checking '/home/abc/MDH/ros_ws/install/motor_control/lib/python3.10/site-packages'
[0.836s] Level 1:colcon.colcon_core.environment:checking '/home/abc/MDH/ros_ws/install/motor_control/bin'
[0.837s] INFO:colcon.colcon_core.shell:Creating package script '/home/abc/MDH/ros_ws/install/motor_control/share/motor_control/package.ps1'
[0.838s] INFO:colcon.colcon_core.shell:Creating package descriptor '/home/abc/MDH/ros_ws/install/motor_control/share/motor_control/package.dsv'
[0.839s] INFO:colcon.colcon_core.shell:Creating package script '/home/abc/MDH/ros_ws/install/motor_control/share/motor_control/package.sh'
[0.839s] INFO:colcon.colcon_core.shell:Creating package script '/home/abc/MDH/ros_ws/install/motor_control/share/motor_control/package.bash'
[0.840s] INFO:colcon.colcon_core.shell:Creating package script '/home/abc/MDH/ros_ws/install/motor_control/share/motor_control/package.zsh'
[0.842s] Level 1:colcon.colcon_core.environment:create_file_with_runtime_dependencies(/home/abc/MDH/ros_ws/install/motor_control/share/colcon-core/packages/motor_control)
[0.843s] Level 1:colcon.colcon_core.environment:create_environment_scripts_only(motor_control)
[0.843s] Level 1:colcon.colcon_core.environment:checking '/home/abc/MDH/ros_ws/install/motor_control' for CMake module files
[0.843s] Level 1:colcon.colcon_core.environment:checking '/home/abc/MDH/ros_ws/install/motor_control' for CMake config files
[0.844s] Level 1:colcon.colcon_core.shell:create_environment_hook('motor_control', 'cmake_prefix_path')
[0.844s] INFO:colcon.colcon_core.shell:Creating environment hook '/home/abc/MDH/ros_ws/install/motor_control/share/motor_control/hook/cmake_prefix_path.ps1'
[0.845s] INFO:colcon.colcon_core.shell:Creating environment descriptor '/home/abc/MDH/ros_ws/install/motor_control/share/motor_control/hook/cmake_prefix_path.dsv'
[0.845s] INFO:colcon.colcon_core.shell:Creating environment hook '/home/abc/MDH/ros_ws/install/motor_control/share/motor_control/hook/cmake_prefix_path.sh'
[0.846s] Level 1:colcon.colcon_core.environment:checking '/home/abc/MDH/ros_ws/install/motor_control/lib'
[0.846s] Level 1:colcon.colcon_core.environment:checking '/home/abc/MDH/ros_ws/install/motor_control/bin'
[0.846s] Level 1:colcon.colcon_core.environment:checking '/home/abc/MDH/ros_ws/install/motor_control/lib/pkgconfig/motor_control.pc'
[0.846s] Level 1:colcon.colcon_core.environment:checking '/home/abc/MDH/ros_ws/install/motor_control/lib/python3.10/site-packages'
[0.846s] Level 1:colcon.colcon_core.environment:checking '/home/abc/MDH/ros_ws/install/motor_control/bin'
[0.847s] INFO:colcon.colcon_core.shell:Creating package script '/home/abc/MDH/ros_ws/install/motor_control/share/motor_control/package.ps1'
[0.847s] INFO:colcon.colcon_core.shell:Creating package descriptor '/home/abc/MDH/ros_ws/install/motor_control/share/motor_control/package.dsv'
[0.848s] INFO:colcon.colcon_core.shell:Creating package script '/home/abc/MDH/ros_ws/install/motor_control/share/motor_control/package.sh'
[0.848s] INFO:colcon.colcon_core.shell:Creating package script '/home/abc/MDH/ros_ws/install/motor_control/share/motor_control/package.bash'
[0.849s] INFO:colcon.colcon_core.shell:Creating package script '/home/abc/MDH/ros_ws/install/motor_control/share/motor_control/package.zsh'
[0.849s] Level 1:colcon.colcon_core.environment:create_file_with_runtime_dependencies(/home/abc/MDH/ros_ws/install/motor_control/share/colcon-core/packages/motor_control)
[11.324s] Level 1:colcon.colcon_core.environment:create_environment_scripts_only(motor_control_v2)
[11.325s] Level 1:colcon.colcon_core.environment:checking '/home/abc/MDH/ros_ws/install/motor_control_v2' for CMake module files
[11.325s] DEBUG:colcon.colcon_core.event_handler.log_command:Invoked command in '/home/abc/MDH/ros_ws/build/motor_control_v2' returned '2': AMENT_PREFIX_PATH=/home/abc/MDH/ros_ws/install/motor_control_command_msgs:${AMENT_PREFIX_PATH} CMAKE_PREFIX_PATH=/home/abc/MDH/ros_ws/install/motor_control_command_msgs:/opt/ros/humble LD_LIBRARY_PATH=/home/abc/MDH/ros_ws/install/motor_control_command_msgs/lib:${LD_LIBRARY_PATH} PYTHONPATH=/home/abc/MDH/ros_ws/install/motor_control_command_msgs/local/lib/python3.10/dist-packages:${PYTHONPATH} /usr/bin/cmake --build /home/abc/MDH/ros_ws/build/motor_control_v2 -- -j8 -l8
[11.326s] Level 1:colcon.colcon_core.environment:checking '/home/abc/MDH/ros_ws/install/motor_control_v2' for CMake config files
[11.326s] Level 1:colcon.colcon_core.shell:create_environment_hook('motor_control_v2', 'cmake_prefix_path')
[11.326s] INFO:colcon.colcon_core.shell:Creating environment hook '/home/abc/MDH/ros_ws/install/motor_control_v2/share/motor_control_v2/hook/cmake_prefix_path.ps1'
[11.326s] INFO:colcon.colcon_core.shell:Creating environment descriptor '/home/abc/MDH/ros_ws/install/motor_control_v2/share/motor_control_v2/hook/cmake_prefix_path.dsv'
[11.327s] INFO:colcon.colcon_core.shell:Creating environment hook '/home/abc/MDH/ros_ws/install/motor_control_v2/share/motor_control_v2/hook/cmake_prefix_path.sh'
[11.328s] Level 1:colcon.colcon_core.environment:checking '/home/abc/MDH/ros_ws/install/motor_control_v2/lib'
[11.328s] Level 1:colcon.colcon_core.environment:checking '/home/abc/MDH/ros_ws/install/motor_control_v2/bin'
[11.328s] Level 1:colcon.colcon_core.environment:checking '/home/abc/MDH/ros_ws/install/motor_control_v2/lib/pkgconfig/motor_control_v2.pc'
[11.328s] Level 1:colcon.colcon_core.environment:checking '/home/abc/MDH/ros_ws/install/motor_control_v2/lib/python3.10/site-packages'
[11.328s] Level 1:colcon.colcon_core.environment:checking '/home/abc/MDH/ros_ws/install/motor_control_v2/bin'
[11.328s] INFO:colcon.colcon_core.shell:Creating package script '/home/abc/MDH/ros_ws/install/motor_control_v2/share/motor_control_v2/package.ps1'
[11.329s] INFO:colcon.colcon_core.shell:Creating package descriptor '/home/abc/MDH/ros_ws/install/motor_control_v2/share/motor_control_v2/package.dsv'
[11.329s] INFO:colcon.colcon_core.shell:Creating package script '/home/abc/MDH/ros_ws/install/motor_control_v2/share/motor_control_v2/package.sh'
[11.330s] INFO:colcon.colcon_core.shell:Creating package script '/home/abc/MDH/ros_ws/install/motor_control_v2/share/motor_control_v2/package.bash'
[11.330s] INFO:colcon.colcon_core.shell:Creating package script '/home/abc/MDH/ros_ws/install/motor_control_v2/share/motor_control_v2/package.zsh'
[11.331s] Level 1:colcon.colcon_core.environment:create_file_with_runtime_dependencies(/home/abc/MDH/ros_ws/install/motor_control_v2/share/colcon-core/packages/motor_control_v2)
[11.341s] DEBUG:colcon.colcon_parallel_executor.executor.parallel:closing loop
[11.341s] DEBUG:colcon.colcon_parallel_executor.executor.parallel:loop closed
[11.341s] DEBUG:colcon.colcon_parallel_executor.executor.parallel:run_until_complete finished with '2'
[11.341s] DEBUG:colcon.colcon_core.event_reactor:joining thread
[11.347s] INFO:colcon.colcon_core.plugin_system:Skipping extension 'colcon_notification.desktop_notification.terminal_notifier': Not used on non-Darwin systems
[11.347s] INFO:colcon.colcon_core.plugin_system:Skipping extension 'colcon_notification.desktop_notification.win32': Not used on non-Windows systems
[11.347s] INFO:colcon.colcon_notification.desktop_notification:Sending desktop notification using 'notify2'
[11.361s] DEBUG:colcon.colcon_core.event_reactor:joined thread
[11.361s] INFO:colcon.colcon_core.shell:Creating prefix script '/home/abc/MDH/ros_ws/install/local_setup.ps1'
[11.362s] INFO:colcon.colcon_core.shell:Creating prefix util module '/home/abc/MDH/ros_ws/install/_local_setup_util_ps1.py'
[11.364s] INFO:colcon.colcon_core.shell:Creating prefix chain script '/home/abc/MDH/ros_ws/install/setup.ps1'
[11.365s] INFO:colcon.colcon_core.shell:Creating prefix script '/home/abc/MDH/ros_ws/install/local_setup.sh'
[11.366s] INFO:colcon.colcon_core.shell:Creating prefix util module '/home/abc/MDH/ros_ws/install/_local_setup_util_sh.py'
[11.366s] INFO:colcon.colcon_core.shell:Creating prefix chain script '/home/abc/MDH/ros_ws/install/setup.sh'
[11.368s] INFO:colcon.colcon_core.shell:Creating prefix script '/home/abc/MDH/ros_ws/install/local_setup.bash'
[11.369s] INFO:colcon.colcon_core.shell:Creating prefix chain script '/home/abc/MDH/ros_ws/install/setup.bash'
[11.370s] INFO:colcon.colcon_core.shell:Creating prefix script '/home/abc/MDH/ros_ws/install/local_setup.zsh'
[11.371s] INFO:colcon.colcon_core.shell:Creating prefix chain script '/home/abc/MDH/ros_ws/install/setup.zsh'
