[0.026s] Invoking command in '/home/abc/MDH/ros_ws/build/motor_control_v2': CMAKE_PREFIX_PATH=/home/abc/MDH/ros_ws/install/motor_control_command_msgs:/home/abc/MDH/ros_ws/install/rmf_utils:/home/abc/MDH/ros_ws/install/motor_status:/home/abc/MDH/ros_ws/install/motor_control_v2:/home/abc/MDH/ros_ws/install/motor_control:/opt/ros/humble LD_LIBRARY_PATH=/home/abc/MDH/ros_ws/install/motor_control_command_msgs/lib:/home/abc/MDH/ros_ws/install/rmf_utils/lib:/opt/ros/humble/opt/rviz_ogre_vendor/lib:/opt/ros/humble/lib/x86_64-linux-gnu:/opt/ros/humble/lib /usr/bin/cmake --build /home/abc/MDH/ros_ws/build/motor_control_v2 -- -j8 -l8
[0.077s] [35m[1mConsolidate compiler generated dependencies of target motor_control_node[0m
[0.105s] [ 11%] [32mBuilding CXX object CMakeFiles/motor_control_node.dir/src/http_server.cpp.o[0m
[10.498s] [ 22%] [32m[1mLinking CXX executable motor_control_node[0m
[11.158s] [100%] Built target motor_control_node
[11.173s] Invoked command in '/home/abc/MDH/ros_ws/build/motor_control_v2' returned '0': CMAKE_PREFIX_PATH=/home/abc/MDH/ros_ws/install/motor_control_command_msgs:/home/abc/MDH/ros_ws/install/rmf_utils:/home/abc/MDH/ros_ws/install/motor_status:/home/abc/MDH/ros_ws/install/motor_control_v2:/home/abc/MDH/ros_ws/install/motor_control:/opt/ros/humble LD_LIBRARY_PATH=/home/abc/MDH/ros_ws/install/motor_control_command_msgs/lib:/home/abc/MDH/ros_ws/install/rmf_utils/lib:/opt/ros/humble/opt/rviz_ogre_vendor/lib:/opt/ros/humble/lib/x86_64-linux-gnu:/opt/ros/humble/lib /usr/bin/cmake --build /home/abc/MDH/ros_ws/build/motor_control_v2 -- -j8 -l8
[11.176s] Invoking command in '/home/abc/MDH/ros_ws/build/motor_control_v2': CMAKE_PREFIX_PATH=/home/abc/MDH/ros_ws/install/motor_control_command_msgs:/home/abc/MDH/ros_ws/install/rmf_utils:/home/abc/MDH/ros_ws/install/motor_status:/home/abc/MDH/ros_ws/install/motor_control_v2:/home/abc/MDH/ros_ws/install/motor_control:/opt/ros/humble LD_LIBRARY_PATH=/home/abc/MDH/ros_ws/install/motor_control_command_msgs/lib:/home/abc/MDH/ros_ws/install/rmf_utils/lib:/opt/ros/humble/opt/rviz_ogre_vendor/lib:/opt/ros/humble/lib/x86_64-linux-gnu:/opt/ros/humble/lib /usr/bin/cmake --install /home/abc/MDH/ros_ws/build/motor_control_v2
[11.184s] -- Install configuration: ""
[11.184s] -- Installing: /home/abc/MDH/ros_ws/install/motor_control_v2/lib/motor_control_v2/motor_control_node
[11.189s] -- Set runtime path of "/home/abc/MDH/ros_ws/install/motor_control_v2/lib/motor_control_v2/motor_control_node" to ""
[11.190s] -- Up-to-date: /home/abc/MDH/ros_ws/install/motor_control_v2/include
[11.190s] -- Up-to-date: /home/abc/MDH/ros_ws/install/motor_control_v2/include/motor_control_v2
[11.190s] -- Up-to-date: /home/abc/MDH/ros_ws/install/motor_control_v2/include/motor_control_v2/motor_command.hpp
[11.190s] -- Up-to-date: /home/abc/MDH/ros_ws/install/motor_control_v2/include/motor_control_v2/motor_config.hpp
[11.190s] -- Up-to-date: /home/abc/MDH/ros_ws/install/motor_control_v2/include/motor_control_v2/serial_communication.hpp
[11.191s] -- Up-to-date: /home/abc/MDH/ros_ws/install/motor_control_v2/include/motor_control_v2/ros2_communication.hpp
[11.191s] -- Up-to-date: /home/abc/MDH/ros_ws/install/motor_control_v2/include/motor_control_v2/http_server.hpp
[11.191s] -- Up-to-date: /home/abc/MDH/ros_ws/install/motor_control_v2/share/ament_index/resource_index/package_run_dependencies/motor_control_v2
[11.191s] -- Up-to-date: /home/abc/MDH/ros_ws/install/motor_control_v2/share/ament_index/resource_index/parent_prefix_path/motor_control_v2
[11.191s] -- Up-to-date: /home/abc/MDH/ros_ws/install/motor_control_v2/share/motor_control_v2/environment/ament_prefix_path.sh
[11.191s] -- Up-to-date: /home/abc/MDH/ros_ws/install/motor_control_v2/share/motor_control_v2/environment/ament_prefix_path.dsv
[11.191s] -- Up-to-date: /home/abc/MDH/ros_ws/install/motor_control_v2/share/motor_control_v2/environment/path.sh
[11.191s] -- Up-to-date: /home/abc/MDH/ros_ws/install/motor_control_v2/share/motor_control_v2/environment/path.dsv
[11.191s] -- Up-to-date: /home/abc/MDH/ros_ws/install/motor_control_v2/share/motor_control_v2/local_setup.bash
[11.191s] -- Up-to-date: /home/abc/MDH/ros_ws/install/motor_control_v2/share/motor_control_v2/local_setup.sh
[11.191s] -- Up-to-date: /home/abc/MDH/ros_ws/install/motor_control_v2/share/motor_control_v2/local_setup.zsh
[11.191s] -- Up-to-date: /home/abc/MDH/ros_ws/install/motor_control_v2/share/motor_control_v2/local_setup.dsv
[11.191s] -- Installing: /home/abc/MDH/ros_ws/install/motor_control_v2/share/motor_control_v2/package.dsv
[11.192s] -- Up-to-date: /home/abc/MDH/ros_ws/install/motor_control_v2/share/ament_index/resource_index/packages/motor_control_v2
[11.192s] -- Up-to-date: /home/abc/MDH/ros_ws/install/motor_control_v2/share/motor_control_v2/cmake/ament_cmake_export_dependencies-extras.cmake
[11.192s] -- Up-to-date: /home/abc/MDH/ros_ws/install/motor_control_v2/share/motor_control_v2/cmake/motor_control_v2Config.cmake
[11.192s] -- Up-to-date: /home/abc/MDH/ros_ws/install/motor_control_v2/share/motor_control_v2/cmake/motor_control_v2Config-version.cmake
[11.192s] -- Up-to-date: /home/abc/MDH/ros_ws/install/motor_control_v2/share/motor_control_v2/package.xml
[11.194s] Invoked command in '/home/abc/MDH/ros_ws/build/motor_control_v2' returned '0': CMAKE_PREFIX_PATH=/home/abc/MDH/ros_ws/install/motor_control_command_msgs:/home/abc/MDH/ros_ws/install/rmf_utils:/home/abc/MDH/ros_ws/install/motor_status:/home/abc/MDH/ros_ws/install/motor_control_v2:/home/abc/MDH/ros_ws/install/motor_control:/opt/ros/humble LD_LIBRARY_PATH=/home/abc/MDH/ros_ws/install/motor_control_command_msgs/lib:/home/abc/MDH/ros_ws/install/rmf_utils/lib:/opt/ros/humble/opt/rviz_ogre_vendor/lib:/opt/ros/humble/lib/x86_64-linux-gnu:/opt/ros/humble/lib /usr/bin/cmake --install /home/abc/MDH/ros_ws/build/motor_control_v2
