[0.015s] Invoking command in '/home/abc/MDH/ros_ws/build/motor_status': CMAKE_PREFIX_PATH=${CMAKE_PREFIX_PATH}:/opt/ros/humble /usr/bin/cmake /home/abc/MDH/ros_ws/src/motor_status -DCMAKE_INSTALL_PREFIX=/home/abc/MDH/ros_ws/install/motor_status
[0.103s] -- The C compiler identification is GNU 11.4.0
[0.162s] -- The CXX compiler identification is GNU 11.4.0
[0.176s] -- Detecting C compiler ABI info
[0.254s] -- Detecting C compiler ABI info - done
[0.264s] -- Check for working C compiler: /usr/bin/cc - skipped
[0.264s] -- Detecting C compile features
[0.265s] -- Detecting C compile features - done
[0.268s] -- Detecting CXX compiler ABI info
[0.349s] -- Detecting CXX compiler ABI info - done
[0.357s] -- Check for working CXX compiler: /usr/bin/c++ - skipped
[0.357s] -- Detecting CXX compile features
[0.357s] -- Detecting CXX compile features - done
[0.360s] -- Found ament_cmake: 1.3.11 (/opt/ros/humble/share/ament_cmake/cmake)
[0.559s] -- Found Python3: /usr/bin/python3 (found version "3.10.12") found components: Interpreter 
[0.684s] -- Found rclcpp: 16.0.11 (/opt/ros/humble/share/rclcpp/cmake)
[0.727s] -- Found rosidl_generator_c: 3.1.6 (/opt/ros/humble/share/rosidl_generator_c/cmake)
[0.732s] -- Found rosidl_adapter: 3.1.6 (/opt/ros/humble/share/rosidl_adapter/cmake)
[0.745s] -- Found rosidl_generator_cpp: 3.1.6 (/opt/ros/humble/share/rosidl_generator_cpp/cmake)
[0.761s] -- Using all available rosidl_typesupport_c: rosidl_typesupport_fastrtps_c;rosidl_typesupport_introspection_c
[0.781s] -- Using all available rosidl_typesupport_cpp: rosidl_typesupport_fastrtps_cpp;rosidl_typesupport_introspection_cpp
[0.848s] -- Found rmw_implementation_cmake: 6.1.2 (/opt/ros/humble/share/rmw_implementation_cmake/cmake)
[0.854s] -- Found rmw_fastrtps_cpp: 6.2.7 (/opt/ros/humble/share/rmw_fastrtps_cpp/cmake)
[0.991s] -- Found OpenSSL: /usr/lib/x86_64-linux-gnu/libcrypto.so (found version "3.0.2")  
[1.016s] -- Found FastRTPS: /opt/ros/humble/include  
[1.051s] -- Using RMW implementation 'rmw_fastrtps_cpp' as default
[1.064s] -- Looking for pthread.h
[1.138s] -- Looking for pthread.h - found
[1.139s] -- Performing Test CMAKE_HAVE_LIBC_PTHREAD
[1.206s] -- Performing Test CMAKE_HAVE_LIBC_PTHREAD - Success
[1.207s] -- Found Threads: TRUE  
[1.287s] -- Found ament_lint_auto: 0.12.11 (/opt/ros/humble/share/ament_lint_auto/cmake)
[1.368s] -- Added test 'cppcheck' to perform static code analysis on C / C++ code
[1.368s] -- Configured cppcheck include dirs: /home/abc/MDH/ros_ws/src/motor_status/../../../thirdparty/cpp-httplib;/home/abc/MDH/ros_ws/src/motor_status/../../../thirdparty/json/include;/home/abc/MDH/ros_ws/src/motor_status/../../../thirdparty/serial/src
[1.368s] -- Configured cppcheck exclude dirs and/or files: 
[1.370s] -- Added test 'lint_cmake' to check CMake code style
[1.371s] -- Added test 'uncrustify' to check C / C++ code style
[1.371s] -- Configured uncrustify additional arguments: 
[1.372s] -- Added test 'xmllint' to check XML markup files
[1.373s] -- Configuring done
[1.382s] -- Generating done
[1.385s] -- Build files have been written to: /home/abc/MDH/ros_ws/build/motor_status
[1.396s] Invoked command in '/home/abc/MDH/ros_ws/build/motor_status' returned '0': CMAKE_PREFIX_PATH=${CMAKE_PREFIX_PATH}:/opt/ros/humble /usr/bin/cmake /home/abc/MDH/ros_ws/src/motor_status -DCMAKE_INSTALL_PREFIX=/home/abc/MDH/ros_ws/install/motor_status
[1.398s] Invoking command in '/home/abc/MDH/ros_ws/build/motor_status': CMAKE_PREFIX_PATH=${CMAKE_PREFIX_PATH}:/opt/ros/humble /usr/bin/cmake --build /home/abc/MDH/ros_ws/build/motor_status -- -j8 -l8
[1.448s] [ 75%] [32mBuilding CXX object CMakeFiles/motor_status.dir/home/abc/MDH/thirdparty/serial/src/Serial.cpp.o[0m
[1.449s] [ 75%] [32mBuilding CXX object CMakeFiles/motor_status.dir/src/motor_status.cpp.o[0m
[1.449s] [ 75%] [32mBuilding CXX object CMakeFiles/motor_status.dir/home/abc/MDH/thirdparty/serial/src/SerialImplUnix.cpp.o[0m
[6.119s] [01m[K/home/abc/MDH/ros_ws/src/motor_status/src/motor_status.cpp:[m[K In lambda function:
[6.119s] [01m[K/home/abc/MDH/ros_ws/src/motor_status/src/motor_status.cpp:43:80:[m[K [01;35m[Kwarning: [m[Kunused parameter ‘[01m[Kreq[m[K’ [[01;35m[K]8;;https://gcc.gnu.org/onlinedocs/gcc/Warning-Options.html#index-Wunused-parameter-Wunused-parameter]8;;[m[K]
[6.120s]    43 |                         svr.Get("/motor/state", [this]([01;35m[Kconst httplib::Request &req[m[K, httplib::Response &res)
[6.120s]       |                                                        [01;35m[K~~~~~~~~~~~~~~~~~~~~~~~~^~~[m[K
[6.188s] [01m[K/home/abc/MDH/ros_ws/src/motor_status/src/motor_status.cpp:[m[K In member function ‘[01m[Kjson MotorStatusNode::query_motor_status()[m[K’:
[6.189s] [01m[K/home/abc/MDH/ros_ws/src/motor_status/src/motor_status.cpp:107:22:[m[K [01;35m[Kwarning: [m[Kunused variable ‘[01m[Kindex[m[K’ [[01;35m[K]8;;https://gcc.gnu.org/onlinedocs/gcc/Warning-Options.html#index-Wunused-variable-Wunused-variable]8;;[m[K]
[6.189s]   107 |             uint16_t [01;35m[Kindex[m[K;
[6.189s]       |                      [01;35m[K^~~~~[m[K
[16.400s] [100%] [32m[1mLinking CXX executable motor_status[0m
[16.971s] [100%] Built target motor_status
[16.990s] Invoked command in '/home/abc/MDH/ros_ws/build/motor_status' returned '0': CMAKE_PREFIX_PATH=${CMAKE_PREFIX_PATH}:/opt/ros/humble /usr/bin/cmake --build /home/abc/MDH/ros_ws/build/motor_status -- -j8 -l8
[16.993s] Invoking command in '/home/abc/MDH/ros_ws/build/motor_status': CMAKE_PREFIX_PATH=${CMAKE_PREFIX_PATH}:/opt/ros/humble /usr/bin/cmake --install /home/abc/MDH/ros_ws/build/motor_status
[17.004s] -- Install configuration: ""
[17.004s] -- Installing: /home/abc/MDH/ros_ws/install/motor_status/lib/motor_status/motor_status
[17.008s] -- Set runtime path of "/home/abc/MDH/ros_ws/install/motor_status/lib/motor_status/motor_status" to ""
[17.009s] -- Installing: /home/abc/MDH/ros_ws/install/motor_status/share/ament_index/resource_index/package_run_dependencies/motor_status
[17.009s] -- Installing: /home/abc/MDH/ros_ws/install/motor_status/share/ament_index/resource_index/parent_prefix_path/motor_status
[17.010s] -- Installing: /home/abc/MDH/ros_ws/install/motor_status/share/motor_status/environment/ament_prefix_path.sh
[17.010s] -- Installing: /home/abc/MDH/ros_ws/install/motor_status/share/motor_status/environment/ament_prefix_path.dsv
[17.010s] -- Installing: /home/abc/MDH/ros_ws/install/motor_status/share/motor_status/environment/path.sh
[17.010s] -- Installing: /home/abc/MDH/ros_ws/install/motor_status/share/motor_status/environment/path.dsv
[17.010s] -- Installing: /home/abc/MDH/ros_ws/install/motor_status/share/motor_status/local_setup.bash
[17.011s] -- Installing: /home/abc/MDH/ros_ws/install/motor_status/share/motor_status/local_setup.sh
[17.011s] -- Installing: /home/abc/MDH/ros_ws/install/motor_status/share/motor_status/local_setup.zsh
[17.011s] -- Installing: /home/abc/MDH/ros_ws/install/motor_status/share/motor_status/local_setup.dsv
[17.011s] -- Installing: /home/abc/MDH/ros_ws/install/motor_status/share/motor_status/package.dsv
[17.011s] -- Installing: /home/abc/MDH/ros_ws/install/motor_status/share/ament_index/resource_index/packages/motor_status
[17.012s] -- Installing: /home/abc/MDH/ros_ws/install/motor_status/share/motor_status/cmake/motor_statusConfig.cmake
[17.012s] -- Installing: /home/abc/MDH/ros_ws/install/motor_status/share/motor_status/cmake/motor_statusConfig-version.cmake
[17.012s] -- Installing: /home/abc/MDH/ros_ws/install/motor_status/share/motor_status/package.xml
[17.015s] Invoked command in '/home/abc/MDH/ros_ws/build/motor_status' returned '0': CMAKE_PREFIX_PATH=${CMAKE_PREFIX_PATH}:/opt/ros/humble /usr/bin/cmake --install /home/abc/MDH/ros_ws/build/motor_status
