[0.022s] Invoking command in '/home/abc/MDH/ros_ws/build/motor_control_command_msgs': CMAKE_PREFIX_PATH=${CMAKE_PREFIX_PATH}:/opt/ros/humble /usr/bin/cmake /home/abc/MDH/ros_ws/src/internal_msgs/motor_control_command_msgs -DCMAKE_INSTALL_PREFIX=/home/abc/MDH/ros_ws/install/motor_control_command_msgs
[0.090s] -- The C compiler identification is GNU 11.4.0
[0.162s] -- The CXX compiler identification is GNU 11.4.0
[0.170s] -- Detecting C compiler ABI info
[0.238s] -- Detecting C compiler ABI info - done
[0.245s] -- Check for working C compiler: /usr/bin/cc - skipped
[0.245s] -- Detecting C compile features
[0.245s] -- Detecting C compile features - done
[0.247s] -- Detecting CXX compiler ABI info
[0.343s] -- Detecting CXX compiler ABI info - done
[0.352s] -- Check for working CXX compiler: /usr/bin/c++ - skipped
[0.353s] -- Detecting CXX compile features
[0.353s] -- Detecting CXX compile features - done
[0.355s] -- Found ament_cmake: 1.3.11 (/opt/ros/humble/share/ament_cmake/cmake)
[0.529s] -- Found Python3: /usr/bin/python3 (found version "3.10.12") found components: Interpreter 
[0.613s] -- Found builtin_interfaces: 1.2.1 (/opt/ros/humble/share/builtin_interfaces/cmake)
[0.632s] -- Found rosidl_generator_c: 3.1.6 (/opt/ros/humble/share/rosidl_generator_c/cmake)
[0.635s] -- Found rosidl_adapter: 3.1.6 (/opt/ros/humble/share/rosidl_adapter/cmake)
[0.641s] -- Found rosidl_generator_cpp: 3.1.6 (/opt/ros/humble/share/rosidl_generator_cpp/cmake)
[0.649s] -- Using all available rosidl_typesupport_c: rosidl_typesupport_fastrtps_c;rosidl_typesupport_introspection_c
[0.666s] -- Using all available rosidl_typesupport_cpp: rosidl_typesupport_fastrtps_cpp;rosidl_typesupport_introspection_cpp
[0.679s] -- Found rosidl_default_generators: 1.2.0 (/opt/ros/humble/share/rosidl_default_generators/cmake)
[0.987s] -- Found ament_cmake_cppcheck: 0.12.11 (/opt/ros/humble/share/ament_cmake_cppcheck/cmake)
[0.989s] -- Found ament_cmake_cpplint: 0.12.11 (/opt/ros/humble/share/ament_cmake_cpplint/cmake)
[0.992s] -- Found ament_cmake_uncrustify: 0.12.11 (/opt/ros/humble/share/ament_cmake_uncrustify/cmake)
[0.994s] -- Found ament_cmake_ros: 0.10.0 (/opt/ros/humble/share/ament_cmake_ros/cmake)
[1.325s] -- Using all available rosidl_typesupport_c: rosidl_typesupport_fastrtps_c;rosidl_typesupport_introspection_c
[1.466s] -- Using all available rosidl_typesupport_cpp: rosidl_typesupport_fastrtps_cpp;rosidl_typesupport_introspection_cpp
[1.498s] -- Found PythonInterp: /usr/bin/python3 (found suitable version "3.10.12", minimum required is "3.6") 
[1.498s] -- Found python_cmake_module: 0.10.0 (/opt/ros/humble/share/python_cmake_module/cmake)
[1.528s] -- Found PythonLibs: /usr/lib/x86_64-linux-gnu/libpython3.10.so (found suitable version "3.10.12", minimum required is "3.5") 
[1.529s] -- Using PYTHON_EXECUTABLE: /usr/bin/python3
[1.529s] -- Using PYTHON_INCLUDE_DIRS: /usr/include/python3.10
[1.529s] -- Using PYTHON_LIBRARIES: /usr/lib/x86_64-linux-gnu/libpython3.10.so
[1.559s] -- Found PythonExtra: .so  
[1.598s] -- Found ament_cmake_flake8: 0.12.11 (/opt/ros/humble/share/ament_cmake_flake8/cmake)
[1.600s] -- Found ament_cmake_pep257: 0.12.11 (/opt/ros/humble/share/ament_cmake_pep257/cmake)
[1.609s] -- Configuring done
[1.640s] -- Generating done
[1.652s] -- Build files have been written to: /home/abc/MDH/ros_ws/build/motor_control_command_msgs
[1.667s] Invoked command in '/home/abc/MDH/ros_ws/build/motor_control_command_msgs' returned '0': CMAKE_PREFIX_PATH=${CMAKE_PREFIX_PATH}:/opt/ros/humble /usr/bin/cmake /home/abc/MDH/ros_ws/src/internal_msgs/motor_control_command_msgs -DCMAKE_INSTALL_PREFIX=/home/abc/MDH/ros_ws/install/motor_control_command_msgs
[1.672s] Invoking command in '/home/abc/MDH/ros_ws/build/motor_control_command_msgs': CMAKE_PREFIX_PATH=${CMAKE_PREFIX_PATH}:/opt/ros/humble /usr/bin/cmake --build /home/abc/MDH/ros_ws/build/motor_control_command_msgs -- -j8 -l8
[1.715s] [  2%] [34m[1mGenerating C code for ROS interfaces[0m
[1.726s] [  5%] [34m[1mGenerating C++ code for ROS interfaces[0m
[1.737s] [  5%] Built target ament_cmake_python_copy_motor_control_command_msgs
[1.997s] running egg_info
[1.998s] creating motor_control_command_msgs.egg-info
[1.998s] writing motor_control_command_msgs.egg-info/PKG-INFO
[1.998s] writing dependency_links to motor_control_command_msgs.egg-info/dependency_links.txt
[1.998s] writing top-level names to motor_control_command_msgs.egg-info/top_level.txt
[1.998s] writing manifest file 'motor_control_command_msgs.egg-info/SOURCES.txt'
[2.001s] reading manifest file 'motor_control_command_msgs.egg-info/SOURCES.txt'
[2.002s] writing manifest file 'motor_control_command_msgs.egg-info/SOURCES.txt'
[2.060s] [  5%] Built target ament_cmake_python_build_motor_control_command_msgs_egg
[2.115s] [  5%] Built target motor_control_command_msgs__cpp
[2.130s] [ 10%] [34m[1mGenerating C++ type support for eProsima Fast-RTPS[0m
[2.131s] [ 10%] [34m[1mGenerating C++ type support dispatch for ROS interfaces[0m
[2.131s] [ 12%] [34m[1mGenerating C++ introspection for ROS interfaces[0m
[2.147s] [ 17%] [32mBuilding C object CMakeFiles/motor_control_command_msgs__rosidl_generator_c.dir/rosidl_generator_c/motor_control_command_msgs/msg/detail/motor_control_command__functions.c.o[0m
[2.147s] [ 17%] [32mBuilding C object CMakeFiles/motor_control_command_msgs__rosidl_generator_c.dir/rosidl_generator_c/motor_control_command_msgs/msg/detail/motor__functions.c.o[0m
[2.207s] [ 20%] [32m[1mLinking C shared library libmotor_control_command_msgs__rosidl_generator_c.so[0m
[2.247s] [ 20%] Built target motor_control_command_msgs__rosidl_generator_c
[2.263s] [ 25%] [34m[1mGenerating C introspection for ROS interfaces[0m
[2.263s] [ 25%] [34m[1mGenerating C type support for eProsima Fast-RTPS[0m
[2.263s] [ 28%] [34m[1mGenerating C type support dispatch for ROS interfaces[0m
[2.479s] [ 30%] [32mBuilding CXX object CMakeFiles/motor_control_command_msgs__rosidl_typesupport_cpp.dir/rosidl_typesupport_cpp/motor_control_command_msgs/msg/motor__type_support.cpp.o[0m
[2.490s] [ 33%] [32mBuilding CXX object CMakeFiles/motor_control_command_msgs__rosidl_typesupport_cpp.dir/rosidl_typesupport_cpp/motor_control_command_msgs/msg/motor_control_command__type_support.cpp.o[0m
[2.564s] [ 35%] [32mBuilding CXX object CMakeFiles/motor_control_command_msgs__rosidl_typesupport_introspection_cpp.dir/rosidl_typesupport_introspection_cpp/motor_control_command_msgs/msg/detail/motor__type_support.cpp.o[0m
[2.569s] [ 38%] [32mBuilding CXX object CMakeFiles/motor_control_command_msgs__rosidl_typesupport_introspection_cpp.dir/rosidl_typesupport_introspection_cpp/motor_control_command_msgs/msg/detail/motor_control_command__type_support.cpp.o[0m
[2.701s] [ 41%] [32mBuilding CXX object CMakeFiles/motor_control_command_msgs__rosidl_typesupport_c.dir/rosidl_typesupport_c/motor_control_command_msgs/msg/motor__type_support.cpp.o[0m
[2.716s] [ 43%] [32mBuilding C object CMakeFiles/motor_control_command_msgs__rosidl_typesupport_introspection_c.dir/rosidl_typesupport_introspection_c/motor_control_command_msgs/msg/detail/motor__type_support.c.o[0m
[2.725s] [ 46%] [32mBuilding CXX object CMakeFiles/motor_control_command_msgs__rosidl_typesupport_fastrtps_cpp.dir/rosidl_typesupport_fastrtps_cpp/motor_control_command_msgs/msg/detail/dds_fastrtps/motor__type_support.cpp.o[0m
[2.753s] [ 48%] [32mBuilding CXX object CMakeFiles/motor_control_command_msgs__rosidl_typesupport_c.dir/rosidl_typesupport_c/motor_control_command_msgs/msg/motor_control_command__type_support.cpp.o[0m
[2.823s] [ 51%] [32mBuilding C object CMakeFiles/motor_control_command_msgs__rosidl_typesupport_introspection_c.dir/rosidl_typesupport_introspection_c/motor_control_command_msgs/msg/detail/motor_control_command__type_support.c.o[0m
[2.844s] [ 53%] [32m[1mLinking CXX shared library libmotor_control_command_msgs__rosidl_typesupport_c.so[0m
[2.849s] [ 56%] [32mBuilding CXX object CMakeFiles/motor_control_command_msgs__rosidl_typesupport_fastrtps_c.dir/rosidl_typesupport_fastrtps_c/motor_control_command_msgs/msg/detail/motor__type_support_c.cpp.o[0m
[2.944s] [ 58%] [32m[1mLinking C shared library libmotor_control_command_msgs__rosidl_typesupport_introspection_c.so[0m
[2.968s] [ 58%] Built target motor_control_command_msgs__rosidl_typesupport_c
[2.979s] [ 61%] [32mBuilding CXX object CMakeFiles/motor_control_command_msgs__rosidl_typesupport_fastrtps_cpp.dir/rosidl_typesupport_fastrtps_cpp/motor_control_command_msgs/msg/detail/dds_fastrtps/motor_control_command__type_support.cpp.o[0m
[2.988s] [ 64%] [32mBuilding CXX object CMakeFiles/motor_control_command_msgs__rosidl_typesupport_fastrtps_c.dir/rosidl_typesupport_fastrtps_c/motor_control_command_msgs/msg/detail/motor_control_command__type_support_c.cpp.o[0m
[3.033s] [ 64%] Built target motor_control_command_msgs__rosidl_typesupport_introspection_c
[3.039s] [ 66%] [32m[1mLinking CXX shared library libmotor_control_command_msgs__rosidl_typesupport_cpp.so[0m
[3.212s] [ 66%] Built target motor_control_command_msgs__rosidl_typesupport_cpp
[3.292s] [ 69%] [32m[1mLinking CXX shared library libmotor_control_command_msgs__rosidl_typesupport_introspection_cpp.so[0m
[3.434s] [ 69%] Built target motor_control_command_msgs__rosidl_typesupport_introspection_cpp
[3.485s] [ 71%] [32m[1mLinking CXX shared library libmotor_control_command_msgs__rosidl_typesupport_fastrtps_c.so[0m
[3.579s] [ 71%] Built target motor_control_command_msgs__rosidl_typesupport_fastrtps_c
[3.629s] [ 74%] [32m[1mLinking CXX shared library libmotor_control_command_msgs__rosidl_typesupport_fastrtps_cpp.so[0m
[3.731s] [ 74%] Built target motor_control_command_msgs__rosidl_typesupport_fastrtps_cpp
[3.756s] [ 74%] Built target motor_control_command_msgs
[3.784s] [ 76%] [34m[1mGenerating Python code for ROS interfaces[0m
[4.227s] [ 76%] Built target motor_control_command_msgs__py
[4.257s] [ 79%] [32mBuilding C object CMakeFiles/motor_control_command_msgs__rosidl_generator_py.dir/rosidl_generator_py/motor_control_command_msgs/msg/_motor_control_command_s.c.o[0m
[4.257s] [ 82%] [32mBuilding C object CMakeFiles/motor_control_command_msgs__rosidl_generator_py.dir/rosidl_generator_py/motor_control_command_msgs/msg/_motor_s.c.o[0m
[4.378s] [ 84%] [32m[1mLinking C shared library rosidl_generator_py/motor_control_command_msgs/libmotor_control_command_msgs__rosidl_generator_py.so[0m
[4.421s] [ 84%] Built target motor_control_command_msgs__rosidl_generator_py
[4.441s] [ 89%] [32mBuilding C object CMakeFiles/motor_control_command_msgs__rosidl_typesupport_introspection_c__pyext.dir/rosidl_generator_py/motor_control_command_msgs/_motor_control_command_msgs_s.ep.rosidl_typesupport_introspection_c.c.o[0m
[4.441s] [ 92%] [32mBuilding C object CMakeFiles/motor_control_command_msgs__rosidl_typesupport_fastrtps_c__pyext.dir/rosidl_generator_py/motor_control_command_msgs/_motor_control_command_msgs_s.ep.rosidl_typesupport_fastrtps_c.c.o[0m
[4.441s] [ 92%] [32mBuilding C object CMakeFiles/motor_control_command_msgs__rosidl_typesupport_c__pyext.dir/rosidl_generator_py/motor_control_command_msgs/_motor_control_command_msgs_s.ep.rosidl_typesupport_c.c.o[0m
[4.544s] [ 94%] [32m[1mLinking C shared library rosidl_generator_py/motor_control_command_msgs/motor_control_command_msgs_s__rosidl_typesupport_introspection_c.cpython-310-x86_64-linux-gnu.so[0m
[4.544s] [ 97%] [32m[1mLinking C shared library rosidl_generator_py/motor_control_command_msgs/motor_control_command_msgs_s__rosidl_typesupport_fastrtps_c.cpython-310-x86_64-linux-gnu.so[0m
[4.544s] [100%] [32m[1mLinking C shared library rosidl_generator_py/motor_control_command_msgs/motor_control_command_msgs_s__rosidl_typesupport_c.cpython-310-x86_64-linux-gnu.so[0m
[4.589s] [100%] Built target motor_control_command_msgs__rosidl_typesupport_introspection_c__pyext
[4.590s] [100%] Built target motor_control_command_msgs__rosidl_typesupport_fastrtps_c__pyext
[4.590s] [100%] Built target motor_control_command_msgs__rosidl_typesupport_c__pyext
[4.604s] Invoked command in '/home/abc/MDH/ros_ws/build/motor_control_command_msgs' returned '0': CMAKE_PREFIX_PATH=${CMAKE_PREFIX_PATH}:/opt/ros/humble /usr/bin/cmake --build /home/abc/MDH/ros_ws/build/motor_control_command_msgs -- -j8 -l8
[4.605s] Invoking command in '/home/abc/MDH/ros_ws/build/motor_control_command_msgs': CMAKE_PREFIX_PATH=${CMAKE_PREFIX_PATH}:/opt/ros/humble /usr/bin/cmake --install /home/abc/MDH/ros_ws/build/motor_control_command_msgs
[4.615s] -- Install configuration: ""
[4.616s] -- Installing: /home/abc/MDH/ros_ws/install/motor_control_command_msgs/share/ament_index/resource_index/rosidl_interfaces/motor_control_command_msgs
[4.616s] -- Installing: /home/abc/MDH/ros_ws/install/motor_control_command_msgs/include/motor_control_command_msgs/motor_control_command_msgs
[4.616s] -- Installing: /home/abc/MDH/ros_ws/install/motor_control_command_msgs/include/motor_control_command_msgs/motor_control_command_msgs/msg
[4.616s] -- Installing: /home/abc/MDH/ros_ws/install/motor_control_command_msgs/include/motor_control_command_msgs/motor_control_command_msgs/msg/motor_control_command.h
[4.616s] -- Installing: /home/abc/MDH/ros_ws/install/motor_control_command_msgs/include/motor_control_command_msgs/motor_control_command_msgs/msg/detail
[4.616s] -- Installing: /home/abc/MDH/ros_ws/install/motor_control_command_msgs/include/motor_control_command_msgs/motor_control_command_msgs/msg/detail/motor__functions.h
[4.616s] -- Installing: /home/abc/MDH/ros_ws/install/motor_control_command_msgs/include/motor_control_command_msgs/motor_control_command_msgs/msg/detail/motor_control_command__functions.h
[4.616s] -- Installing: /home/abc/MDH/ros_ws/install/motor_control_command_msgs/include/motor_control_command_msgs/motor_control_command_msgs/msg/detail/motor_control_command__type_support.h
[4.616s] -- Installing: /home/abc/MDH/ros_ws/install/motor_control_command_msgs/include/motor_control_command_msgs/motor_control_command_msgs/msg/detail/motor_control_command__struct.h
[4.616s] -- Installing: /home/abc/MDH/ros_ws/install/motor_control_command_msgs/include/motor_control_command_msgs/motor_control_command_msgs/msg/detail/motor__struct.h
[4.616s] -- Installing: /home/abc/MDH/ros_ws/install/motor_control_command_msgs/include/motor_control_command_msgs/motor_control_command_msgs/msg/detail/motor__type_support.h
[4.617s] -- Installing: /home/abc/MDH/ros_ws/install/motor_control_command_msgs/include/motor_control_command_msgs/motor_control_command_msgs/msg/detail/motor_control_command__functions.c
[4.617s] -- Installing: /home/abc/MDH/ros_ws/install/motor_control_command_msgs/include/motor_control_command_msgs/motor_control_command_msgs/msg/detail/motor__functions.c
[4.617s] -- Installing: /home/abc/MDH/ros_ws/install/motor_control_command_msgs/include/motor_control_command_msgs/motor_control_command_msgs/msg/rosidl_generator_c__visibility_control.h
[4.617s] -- Installing: /home/abc/MDH/ros_ws/install/motor_control_command_msgs/include/motor_control_command_msgs/motor_control_command_msgs/msg/motor.h
[4.617s] -- Installing: /home/abc/MDH/ros_ws/install/motor_control_command_msgs/share/motor_control_command_msgs/environment/library_path.sh
[4.617s] -- Installing: /home/abc/MDH/ros_ws/install/motor_control_command_msgs/share/motor_control_command_msgs/environment/library_path.dsv
[4.618s] -- Installing: /home/abc/MDH/ros_ws/install/motor_control_command_msgs/lib/libmotor_control_command_msgs__rosidl_generator_c.so
[4.618s] -- Set runtime path of "/home/abc/MDH/ros_ws/install/motor_control_command_msgs/lib/libmotor_control_command_msgs__rosidl_generator_c.so" to ""
[4.618s] -- Up-to-date: /home/abc/MDH/ros_ws/install/motor_control_command_msgs/include/motor_control_command_msgs/motor_control_command_msgs
[4.618s] -- Up-to-date: /home/abc/MDH/ros_ws/install/motor_control_command_msgs/include/motor_control_command_msgs/motor_control_command_msgs/msg
[4.618s] -- Installing: /home/abc/MDH/ros_ws/install/motor_control_command_msgs/include/motor_control_command_msgs/motor_control_command_msgs/msg/rosidl_typesupport_fastrtps_c__visibility_control.h
[4.618s] -- Up-to-date: /home/abc/MDH/ros_ws/install/motor_control_command_msgs/include/motor_control_command_msgs/motor_control_command_msgs/msg/detail
[4.619s] -- Installing: /home/abc/MDH/ros_ws/install/motor_control_command_msgs/include/motor_control_command_msgs/motor_control_command_msgs/msg/detail/motor__rosidl_typesupport_fastrtps_c.h
[4.619s] -- Installing: /home/abc/MDH/ros_ws/install/motor_control_command_msgs/include/motor_control_command_msgs/motor_control_command_msgs/msg/detail/motor_control_command__rosidl_typesupport_fastrtps_c.h
[4.619s] -- Installing: /home/abc/MDH/ros_ws/install/motor_control_command_msgs/lib/libmotor_control_command_msgs__rosidl_typesupport_fastrtps_c.so
[4.619s] -- Set runtime path of "/home/abc/MDH/ros_ws/install/motor_control_command_msgs/lib/libmotor_control_command_msgs__rosidl_typesupport_fastrtps_c.so" to ""
[4.619s] -- Up-to-date: /home/abc/MDH/ros_ws/install/motor_control_command_msgs/include/motor_control_command_msgs/motor_control_command_msgs
[4.619s] -- Up-to-date: /home/abc/MDH/ros_ws/install/motor_control_command_msgs/include/motor_control_command_msgs/motor_control_command_msgs/msg
[4.619s] -- Installing: /home/abc/MDH/ros_ws/install/motor_control_command_msgs/include/motor_control_command_msgs/motor_control_command_msgs/msg/motor_control_command.hpp
[4.619s] -- Installing: /home/abc/MDH/ros_ws/install/motor_control_command_msgs/include/motor_control_command_msgs/motor_control_command_msgs/msg/motor.hpp
[4.620s] -- Up-to-date: /home/abc/MDH/ros_ws/install/motor_control_command_msgs/include/motor_control_command_msgs/motor_control_command_msgs/msg/detail
[4.620s] -- Installing: /home/abc/MDH/ros_ws/install/motor_control_command_msgs/include/motor_control_command_msgs/motor_control_command_msgs/msg/detail/motor_control_command__builder.hpp
[4.620s] -- Installing: /home/abc/MDH/ros_ws/install/motor_control_command_msgs/include/motor_control_command_msgs/motor_control_command_msgs/msg/detail/motor__type_support.hpp
[4.620s] -- Installing: /home/abc/MDH/ros_ws/install/motor_control_command_msgs/include/motor_control_command_msgs/motor_control_command_msgs/msg/detail/motor_control_command__traits.hpp
[4.620s] -- Installing: /home/abc/MDH/ros_ws/install/motor_control_command_msgs/include/motor_control_command_msgs/motor_control_command_msgs/msg/detail/motor__traits.hpp
[4.621s] -- Installing: /home/abc/MDH/ros_ws/install/motor_control_command_msgs/include/motor_control_command_msgs/motor_control_command_msgs/msg/detail/motor__builder.hpp
[4.621s] -- Installing: /home/abc/MDH/ros_ws/install/motor_control_command_msgs/include/motor_control_command_msgs/motor_control_command_msgs/msg/detail/motor__struct.hpp
[4.621s] -- Installing: /home/abc/MDH/ros_ws/install/motor_control_command_msgs/include/motor_control_command_msgs/motor_control_command_msgs/msg/detail/motor_control_command__type_support.hpp
[4.621s] -- Installing: /home/abc/MDH/ros_ws/install/motor_control_command_msgs/include/motor_control_command_msgs/motor_control_command_msgs/msg/detail/motor_control_command__struct.hpp
[4.621s] -- Installing: /home/abc/MDH/ros_ws/install/motor_control_command_msgs/include/motor_control_command_msgs/motor_control_command_msgs/msg/rosidl_generator_cpp__visibility_control.hpp
[4.621s] -- Up-to-date: /home/abc/MDH/ros_ws/install/motor_control_command_msgs/include/motor_control_command_msgs/motor_control_command_msgs
[4.622s] -- Up-to-date: /home/abc/MDH/ros_ws/install/motor_control_command_msgs/include/motor_control_command_msgs/motor_control_command_msgs/msg
[4.622s] -- Up-to-date: /home/abc/MDH/ros_ws/install/motor_control_command_msgs/include/motor_control_command_msgs/motor_control_command_msgs/msg/detail
[4.622s] -- Installing: /home/abc/MDH/ros_ws/install/motor_control_command_msgs/include/motor_control_command_msgs/motor_control_command_msgs/msg/detail/motor__rosidl_typesupport_fastrtps_cpp.hpp
[4.622s] -- Installing: /home/abc/MDH/ros_ws/install/motor_control_command_msgs/include/motor_control_command_msgs/motor_control_command_msgs/msg/detail/motor_control_command__rosidl_typesupport_fastrtps_cpp.hpp
[4.622s] -- Installing: /home/abc/MDH/ros_ws/install/motor_control_command_msgs/include/motor_control_command_msgs/motor_control_command_msgs/msg/detail/dds_fastrtps
[4.622s] -- Installing: /home/abc/MDH/ros_ws/install/motor_control_command_msgs/include/motor_control_command_msgs/motor_control_command_msgs/msg/rosidl_typesupport_fastrtps_cpp__visibility_control.h
[4.622s] -- Installing: /home/abc/MDH/ros_ws/install/motor_control_command_msgs/lib/libmotor_control_command_msgs__rosidl_typesupport_fastrtps_cpp.so
[4.623s] -- Set runtime path of "/home/abc/MDH/ros_ws/install/motor_control_command_msgs/lib/libmotor_control_command_msgs__rosidl_typesupport_fastrtps_cpp.so" to ""
[4.624s] -- Up-to-date: /home/abc/MDH/ros_ws/install/motor_control_command_msgs/include/motor_control_command_msgs/motor_control_command_msgs
[4.624s] -- Up-to-date: /home/abc/MDH/ros_ws/install/motor_control_command_msgs/include/motor_control_command_msgs/motor_control_command_msgs/msg
[4.624s] -- Installing: /home/abc/MDH/ros_ws/install/motor_control_command_msgs/include/motor_control_command_msgs/motor_control_command_msgs/msg/rosidl_typesupport_introspection_c__visibility_control.h
[4.624s] -- Up-to-date: /home/abc/MDH/ros_ws/install/motor_control_command_msgs/include/motor_control_command_msgs/motor_control_command_msgs/msg/detail
[4.624s] -- Installing: /home/abc/MDH/ros_ws/install/motor_control_command_msgs/include/motor_control_command_msgs/motor_control_command_msgs/msg/detail/motor_control_command__type_support.c
[4.624s] -- Installing: /home/abc/MDH/ros_ws/install/motor_control_command_msgs/include/motor_control_command_msgs/motor_control_command_msgs/msg/detail/motor__rosidl_typesupport_introspection_c.h
[4.625s] -- Installing: /home/abc/MDH/ros_ws/install/motor_control_command_msgs/include/motor_control_command_msgs/motor_control_command_msgs/msg/detail/motor_control_command__rosidl_typesupport_introspection_c.h
[4.625s] -- Installing: /home/abc/MDH/ros_ws/install/motor_control_command_msgs/include/motor_control_command_msgs/motor_control_command_msgs/msg/detail/motor__type_support.c
[4.625s] -- Installing: /home/abc/MDH/ros_ws/install/motor_control_command_msgs/lib/libmotor_control_command_msgs__rosidl_typesupport_introspection_c.so
[4.625s] -- Set runtime path of "/home/abc/MDH/ros_ws/install/motor_control_command_msgs/lib/libmotor_control_command_msgs__rosidl_typesupport_introspection_c.so" to ""
[4.625s] -- Installing: /home/abc/MDH/ros_ws/install/motor_control_command_msgs/lib/libmotor_control_command_msgs__rosidl_typesupport_c.so
[4.625s] -- Set runtime path of "/home/abc/MDH/ros_ws/install/motor_control_command_msgs/lib/libmotor_control_command_msgs__rosidl_typesupport_c.so" to ""
[4.625s] -- Up-to-date: /home/abc/MDH/ros_ws/install/motor_control_command_msgs/include/motor_control_command_msgs/motor_control_command_msgs
[4.625s] -- Up-to-date: /home/abc/MDH/ros_ws/install/motor_control_command_msgs/include/motor_control_command_msgs/motor_control_command_msgs/msg
[4.625s] -- Up-to-date: /home/abc/MDH/ros_ws/install/motor_control_command_msgs/include/motor_control_command_msgs/motor_control_command_msgs/msg/detail
[4.625s] -- Installing: /home/abc/MDH/ros_ws/install/motor_control_command_msgs/include/motor_control_command_msgs/motor_control_command_msgs/msg/detail/motor__rosidl_typesupport_introspection_cpp.hpp
[4.625s] -- Installing: /home/abc/MDH/ros_ws/install/motor_control_command_msgs/include/motor_control_command_msgs/motor_control_command_msgs/msg/detail/motor__type_support.cpp
[4.625s] -- Installing: /home/abc/MDH/ros_ws/install/motor_control_command_msgs/include/motor_control_command_msgs/motor_control_command_msgs/msg/detail/motor_control_command__rosidl_typesupport_introspection_cpp.hpp
[4.626s] -- Installing: /home/abc/MDH/ros_ws/install/motor_control_command_msgs/include/motor_control_command_msgs/motor_control_command_msgs/msg/detail/motor_control_command__type_support.cpp
[4.626s] -- Installing: /home/abc/MDH/ros_ws/install/motor_control_command_msgs/lib/libmotor_control_command_msgs__rosidl_typesupport_introspection_cpp.so
[4.626s] -- Set runtime path of "/home/abc/MDH/ros_ws/install/motor_control_command_msgs/lib/libmotor_control_command_msgs__rosidl_typesupport_introspection_cpp.so" to ""
[4.626s] -- Installing: /home/abc/MDH/ros_ws/install/motor_control_command_msgs/lib/libmotor_control_command_msgs__rosidl_typesupport_cpp.so
[4.627s] -- Set runtime path of "/home/abc/MDH/ros_ws/install/motor_control_command_msgs/lib/libmotor_control_command_msgs__rosidl_typesupport_cpp.so" to ""
[4.627s] -- Installing: /home/abc/MDH/ros_ws/install/motor_control_command_msgs/share/motor_control_command_msgs/environment/pythonpath.sh
[4.627s] -- Installing: /home/abc/MDH/ros_ws/install/motor_control_command_msgs/share/motor_control_command_msgs/environment/pythonpath.dsv
[4.627s] -- Installing: /home/abc/MDH/ros_ws/install/motor_control_command_msgs/local/lib/python3.10/dist-packages/motor_control_command_msgs-0.0.0-py3.10.egg-info
[4.627s] -- Installing: /home/abc/MDH/ros_ws/install/motor_control_command_msgs/local/lib/python3.10/dist-packages/motor_control_command_msgs-0.0.0-py3.10.egg-info/top_level.txt
[4.628s] -- Installing: /home/abc/MDH/ros_ws/install/motor_control_command_msgs/local/lib/python3.10/dist-packages/motor_control_command_msgs-0.0.0-py3.10.egg-info/dependency_links.txt
[4.628s] -- Installing: /home/abc/MDH/ros_ws/install/motor_control_command_msgs/local/lib/python3.10/dist-packages/motor_control_command_msgs-0.0.0-py3.10.egg-info/SOURCES.txt
[4.628s] -- Installing: /home/abc/MDH/ros_ws/install/motor_control_command_msgs/local/lib/python3.10/dist-packages/motor_control_command_msgs-0.0.0-py3.10.egg-info/PKG-INFO
[4.628s] -- Installing: /home/abc/MDH/ros_ws/install/motor_control_command_msgs/local/lib/python3.10/dist-packages/motor_control_command_msgs
[4.628s] -- Installing: /home/abc/MDH/ros_ws/install/motor_control_command_msgs/local/lib/python3.10/dist-packages/motor_control_command_msgs/libmotor_control_command_msgs__rosidl_generator_py.so
[4.628s] -- Installing: /home/abc/MDH/ros_ws/install/motor_control_command_msgs/local/lib/python3.10/dist-packages/motor_control_command_msgs/msg
[4.628s] -- Installing: /home/abc/MDH/ros_ws/install/motor_control_command_msgs/local/lib/python3.10/dist-packages/motor_control_command_msgs/msg/_motor_control_command.py
[4.628s] -- Installing: /home/abc/MDH/ros_ws/install/motor_control_command_msgs/local/lib/python3.10/dist-packages/motor_control_command_msgs/msg/_motor_control_command_s.c
[4.629s] -- Installing: /home/abc/MDH/ros_ws/install/motor_control_command_msgs/local/lib/python3.10/dist-packages/motor_control_command_msgs/msg/__init__.py
[4.629s] -- Installing: /home/abc/MDH/ros_ws/install/motor_control_command_msgs/local/lib/python3.10/dist-packages/motor_control_command_msgs/msg/_motor.py
[4.629s] -- Installing: /home/abc/MDH/ros_ws/install/motor_control_command_msgs/local/lib/python3.10/dist-packages/motor_control_command_msgs/msg/_motor_s.c
[4.629s] -- Installing: /home/abc/MDH/ros_ws/install/motor_control_command_msgs/local/lib/python3.10/dist-packages/motor_control_command_msgs/__init__.py
[4.629s] -- Installing: /home/abc/MDH/ros_ws/install/motor_control_command_msgs/local/lib/python3.10/dist-packages/motor_control_command_msgs/_motor_control_command_msgs_s.ep.rosidl_typesupport_introspection_c.c
[4.629s] -- Installing: /home/abc/MDH/ros_ws/install/motor_control_command_msgs/local/lib/python3.10/dist-packages/motor_control_command_msgs/motor_control_command_msgs_s__rosidl_typesupport_introspection_c.cpython-310-x86_64-linux-gnu.so
[4.629s] -- Installing: /home/abc/MDH/ros_ws/install/motor_control_command_msgs/local/lib/python3.10/dist-packages/motor_control_command_msgs/motor_control_command_msgs_s__rosidl_typesupport_c.cpython-310-x86_64-linux-gnu.so
[4.629s] -- Installing: /home/abc/MDH/ros_ws/install/motor_control_command_msgs/local/lib/python3.10/dist-packages/motor_control_command_msgs/motor_control_command_msgs_s__rosidl_typesupport_fastrtps_c.cpython-310-x86_64-linux-gnu.so
[4.630s] -- Installing: /home/abc/MDH/ros_ws/install/motor_control_command_msgs/local/lib/python3.10/dist-packages/motor_control_command_msgs/_motor_control_command_msgs_s.ep.rosidl_typesupport_c.c
[4.630s] -- Installing: /home/abc/MDH/ros_ws/install/motor_control_command_msgs/local/lib/python3.10/dist-packages/motor_control_command_msgs/_motor_control_command_msgs_s.ep.rosidl_typesupport_fastrtps_c.c
[4.661s] Listing '/home/abc/MDH/ros_ws/install/motor_control_command_msgs/local/lib/python3.10/dist-packages/motor_control_command_msgs'...
[4.661s] Compiling '/home/abc/MDH/ros_ws/install/motor_control_command_msgs/local/lib/python3.10/dist-packages/motor_control_command_msgs/__init__.py'...
[4.661s] Listing '/home/abc/MDH/ros_ws/install/motor_control_command_msgs/local/lib/python3.10/dist-packages/motor_control_command_msgs/msg'...
[4.661s] Compiling '/home/abc/MDH/ros_ws/install/motor_control_command_msgs/local/lib/python3.10/dist-packages/motor_control_command_msgs/msg/__init__.py'...
[4.661s] Compiling '/home/abc/MDH/ros_ws/install/motor_control_command_msgs/local/lib/python3.10/dist-packages/motor_control_command_msgs/msg/_motor.py'...
[4.661s] Compiling '/home/abc/MDH/ros_ws/install/motor_control_command_msgs/local/lib/python3.10/dist-packages/motor_control_command_msgs/msg/_motor_control_command.py'...
[4.673s] -- Installing: /home/abc/MDH/ros_ws/install/motor_control_command_msgs/local/lib/python3.10/dist-packages/motor_control_command_msgs/motor_control_command_msgs_s__rosidl_typesupport_fastrtps_c.cpython-310-x86_64-linux-gnu.so
[4.674s] -- Set runtime path of "/home/abc/MDH/ros_ws/install/motor_control_command_msgs/local/lib/python3.10/dist-packages/motor_control_command_msgs/motor_control_command_msgs_s__rosidl_typesupport_fastrtps_c.cpython-310-x86_64-linux-gnu.so" to ""
[4.674s] -- Installing: /home/abc/MDH/ros_ws/install/motor_control_command_msgs/local/lib/python3.10/dist-packages/motor_control_command_msgs/motor_control_command_msgs_s__rosidl_typesupport_introspection_c.cpython-310-x86_64-linux-gnu.so
[4.674s] -- Set runtime path of "/home/abc/MDH/ros_ws/install/motor_control_command_msgs/local/lib/python3.10/dist-packages/motor_control_command_msgs/motor_control_command_msgs_s__rosidl_typesupport_introspection_c.cpython-310-x86_64-linux-gnu.so" to ""
[4.674s] -- Installing: /home/abc/MDH/ros_ws/install/motor_control_command_msgs/local/lib/python3.10/dist-packages/motor_control_command_msgs/motor_control_command_msgs_s__rosidl_typesupport_c.cpython-310-x86_64-linux-gnu.so
[4.675s] -- Set runtime path of "/home/abc/MDH/ros_ws/install/motor_control_command_msgs/local/lib/python3.10/dist-packages/motor_control_command_msgs/motor_control_command_msgs_s__rosidl_typesupport_c.cpython-310-x86_64-linux-gnu.so" to ""
[4.676s] -- Installing: /home/abc/MDH/ros_ws/install/motor_control_command_msgs/lib/libmotor_control_command_msgs__rosidl_generator_py.so
[4.676s] -- Set runtime path of "/home/abc/MDH/ros_ws/install/motor_control_command_msgs/lib/libmotor_control_command_msgs__rosidl_generator_py.so" to ""
[4.676s] -- Installing: /home/abc/MDH/ros_ws/install/motor_control_command_msgs/share/motor_control_command_msgs/msg/Motor.idl
[4.676s] -- Installing: /home/abc/MDH/ros_ws/install/motor_control_command_msgs/share/motor_control_command_msgs/msg/MotorControlCommand.idl
[4.676s] -- Installing: /home/abc/MDH/ros_ws/install/motor_control_command_msgs/share/motor_control_command_msgs/msg/Motor.msg
[4.676s] -- Installing: /home/abc/MDH/ros_ws/install/motor_control_command_msgs/share/motor_control_command_msgs/msg/MotorControlCommand.msg
[4.677s] -- Installing: /home/abc/MDH/ros_ws/install/motor_control_command_msgs/share/ament_index/resource_index/package_run_dependencies/motor_control_command_msgs
[4.677s] -- Installing: /home/abc/MDH/ros_ws/install/motor_control_command_msgs/share/ament_index/resource_index/parent_prefix_path/motor_control_command_msgs
[4.677s] -- Installing: /home/abc/MDH/ros_ws/install/motor_control_command_msgs/share/motor_control_command_msgs/environment/ament_prefix_path.sh
[4.677s] -- Installing: /home/abc/MDH/ros_ws/install/motor_control_command_msgs/share/motor_control_command_msgs/environment/ament_prefix_path.dsv
[4.678s] -- Installing: /home/abc/MDH/ros_ws/install/motor_control_command_msgs/share/motor_control_command_msgs/environment/path.sh
[4.678s] -- Installing: /home/abc/MDH/ros_ws/install/motor_control_command_msgs/share/motor_control_command_msgs/environment/path.dsv
[4.678s] -- Installing: /home/abc/MDH/ros_ws/install/motor_control_command_msgs/share/motor_control_command_msgs/local_setup.bash
[4.678s] -- Installing: /home/abc/MDH/ros_ws/install/motor_control_command_msgs/share/motor_control_command_msgs/local_setup.sh
[4.678s] -- Installing: /home/abc/MDH/ros_ws/install/motor_control_command_msgs/share/motor_control_command_msgs/local_setup.zsh
[4.679s] -- Installing: /home/abc/MDH/ros_ws/install/motor_control_command_msgs/share/motor_control_command_msgs/local_setup.dsv
[4.679s] -- Installing: /home/abc/MDH/ros_ws/install/motor_control_command_msgs/share/motor_control_command_msgs/package.dsv
[4.679s] -- Installing: /home/abc/MDH/ros_ws/install/motor_control_command_msgs/share/ament_index/resource_index/packages/motor_control_command_msgs
[4.679s] -- Installing: /home/abc/MDH/ros_ws/install/motor_control_command_msgs/share/motor_control_command_msgs/cmake/export_motor_control_command_msgs__rosidl_generator_cExport.cmake
[4.679s] -- Installing: /home/abc/MDH/ros_ws/install/motor_control_command_msgs/share/motor_control_command_msgs/cmake/export_motor_control_command_msgs__rosidl_generator_cExport-noconfig.cmake
[4.680s] -- Installing: /home/abc/MDH/ros_ws/install/motor_control_command_msgs/share/motor_control_command_msgs/cmake/export_motor_control_command_msgs__rosidl_typesupport_fastrtps_cExport.cmake
[4.680s] -- Installing: /home/abc/MDH/ros_ws/install/motor_control_command_msgs/share/motor_control_command_msgs/cmake/export_motor_control_command_msgs__rosidl_typesupport_fastrtps_cExport-noconfig.cmake
[4.680s] -- Installing: /home/abc/MDH/ros_ws/install/motor_control_command_msgs/share/motor_control_command_msgs/cmake/export_motor_control_command_msgs__rosidl_generator_cppExport.cmake
[4.680s] -- Installing: /home/abc/MDH/ros_ws/install/motor_control_command_msgs/share/motor_control_command_msgs/cmake/export_motor_control_command_msgs__rosidl_typesupport_fastrtps_cppExport.cmake
[4.680s] -- Installing: /home/abc/MDH/ros_ws/install/motor_control_command_msgs/share/motor_control_command_msgs/cmake/export_motor_control_command_msgs__rosidl_typesupport_fastrtps_cppExport-noconfig.cmake
[4.681s] -- Installing: /home/abc/MDH/ros_ws/install/motor_control_command_msgs/share/motor_control_command_msgs/cmake/motor_control_command_msgs__rosidl_typesupport_introspection_cExport.cmake
[4.681s] -- Installing: /home/abc/MDH/ros_ws/install/motor_control_command_msgs/share/motor_control_command_msgs/cmake/motor_control_command_msgs__rosidl_typesupport_introspection_cExport-noconfig.cmake
[4.681s] -- Installing: /home/abc/MDH/ros_ws/install/motor_control_command_msgs/share/motor_control_command_msgs/cmake/motor_control_command_msgs__rosidl_typesupport_cExport.cmake
[4.681s] -- Installing: /home/abc/MDH/ros_ws/install/motor_control_command_msgs/share/motor_control_command_msgs/cmake/motor_control_command_msgs__rosidl_typesupport_cExport-noconfig.cmake
[4.681s] -- Installing: /home/abc/MDH/ros_ws/install/motor_control_command_msgs/share/motor_control_command_msgs/cmake/motor_control_command_msgs__rosidl_typesupport_introspection_cppExport.cmake
[4.682s] -- Installing: /home/abc/MDH/ros_ws/install/motor_control_command_msgs/share/motor_control_command_msgs/cmake/motor_control_command_msgs__rosidl_typesupport_introspection_cppExport-noconfig.cmake
[4.682s] -- Installing: /home/abc/MDH/ros_ws/install/motor_control_command_msgs/share/motor_control_command_msgs/cmake/motor_control_command_msgs__rosidl_typesupport_cppExport.cmake
[4.682s] -- Installing: /home/abc/MDH/ros_ws/install/motor_control_command_msgs/share/motor_control_command_msgs/cmake/motor_control_command_msgs__rosidl_typesupport_cppExport-noconfig.cmake
[4.682s] -- Installing: /home/abc/MDH/ros_ws/install/motor_control_command_msgs/share/motor_control_command_msgs/cmake/export_motor_control_command_msgs__rosidl_generator_pyExport.cmake
[4.682s] -- Installing: /home/abc/MDH/ros_ws/install/motor_control_command_msgs/share/motor_control_command_msgs/cmake/export_motor_control_command_msgs__rosidl_generator_pyExport-noconfig.cmake
[4.683s] -- Installing: /home/abc/MDH/ros_ws/install/motor_control_command_msgs/share/motor_control_command_msgs/cmake/rosidl_cmake-extras.cmake
[4.683s] -- Installing: /home/abc/MDH/ros_ws/install/motor_control_command_msgs/share/motor_control_command_msgs/cmake/ament_cmake_export_dependencies-extras.cmake
[4.683s] -- Installing: /home/abc/MDH/ros_ws/install/motor_control_command_msgs/share/motor_control_command_msgs/cmake/ament_cmake_export_include_directories-extras.cmake
[4.683s] -- Installing: /home/abc/MDH/ros_ws/install/motor_control_command_msgs/share/motor_control_command_msgs/cmake/ament_cmake_export_libraries-extras.cmake
[4.683s] -- Installing: /home/abc/MDH/ros_ws/install/motor_control_command_msgs/share/motor_control_command_msgs/cmake/ament_cmake_export_targets-extras.cmake
[4.683s] -- Installing: /home/abc/MDH/ros_ws/install/motor_control_command_msgs/share/motor_control_command_msgs/cmake/rosidl_cmake_export_typesupport_targets-extras.cmake
[4.684s] -- Installing: /home/abc/MDH/ros_ws/install/motor_control_command_msgs/share/motor_control_command_msgs/cmake/rosidl_cmake_export_typesupport_libraries-extras.cmake
[4.684s] -- Installing: /home/abc/MDH/ros_ws/install/motor_control_command_msgs/share/motor_control_command_msgs/cmake/motor_control_command_msgsConfig.cmake
[4.684s] -- Installing: /home/abc/MDH/ros_ws/install/motor_control_command_msgs/share/motor_control_command_msgs/cmake/motor_control_command_msgsConfig-version.cmake
[4.684s] -- Installing: /home/abc/MDH/ros_ws/install/motor_control_command_msgs/share/motor_control_command_msgs/package.xml
[4.688s] Invoked command in '/home/abc/MDH/ros_ws/build/motor_control_command_msgs' returned '0': CMAKE_PREFIX_PATH=${CMAKE_PREFIX_PATH}:/opt/ros/humble /usr/bin/cmake --install /home/abc/MDH/ros_ws/build/motor_control_command_msgs
