[0.018s] Invoking command in '/home/abc/MDH/ros_ws/build/rmf_utils': CMAKE_PREFIX_PATH=${CMAKE_PREFIX_PATH}:/opt/ros/humble /usr/bin/cmake /home/abc/MDH/ros_ws/src/rmf_utils/rmf_utils -DCMAKE_INSTALL_PREFIX=/home/abc/MDH/ros_ws/install/rmf_utils
[0.128s] -- The C compiler identification is GNU 11.4.0
[0.201s] -- The CXX compiler identification is GNU 11.4.0
[0.215s] -- Detecting C compiler ABI info
[0.297s] -- Detecting C compiler ABI info - done
[0.303s] -- Check for working C compiler: /usr/bin/cc - skipped
[0.305s] -- Detecting C compile features
[0.308s] -- Detecting C compile features - done
[0.311s] -- Detecting CXX compiler ABI info
[0.392s] -- Detecting CXX compiler ABI info - done
[0.398s] -- Check for working CXX compiler: /usr/bin/c++ - skipped
[0.399s] -- Detecting CXX compile features
[0.399s] -- Detecting CXX compile features - done
[0.592s] -- Found Python3: /usr/bin/python3 (found version "3.10.12") found components: Interpreter 
[0.668s] -- Configuring done
[0.672s] -- Generating done
[0.674s] -- Build files have been written to: /home/abc/MDH/ros_ws/build/rmf_utils
[0.678s] Invoked command in '/home/abc/MDH/ros_ws/build/rmf_utils' returned '0': CMAKE_PREFIX_PATH=${CMAKE_PREFIX_PATH}:/opt/ros/humble /usr/bin/cmake /home/abc/MDH/ros_ws/src/rmf_utils/rmf_utils -DCMAKE_INSTALL_PREFIX=/home/abc/MDH/ros_ws/install/rmf_utils
[0.680s] Invoking command in '/home/abc/MDH/ros_ws/build/rmf_utils': CMAKE_PREFIX_PATH=${CMAKE_PREFIX_PATH}:/opt/ros/humble /usr/bin/cmake --build /home/abc/MDH/ros_ws/build/rmf_utils -- -j8 -l8
[0.723s] [ 50%] [32mBuilding CXX object CMakeFiles/rmf_utils.dir/src/rmf_utils/RateLimiter.cpp.o[0m
[0.950s] [100%] [32m[1mLinking CXX shared library librmf_utils.so[0m
[1.037s] [100%] Built target rmf_utils
[1.046s] Invoked command in '/home/abc/MDH/ros_ws/build/rmf_utils' returned '0': CMAKE_PREFIX_PATH=${CMAKE_PREFIX_PATH}:/opt/ros/humble /usr/bin/cmake --build /home/abc/MDH/ros_ws/build/rmf_utils -- -j8 -l8
[1.061s] Invoking command in '/home/abc/MDH/ros_ws/build/rmf_utils': CMAKE_PREFIX_PATH=${CMAKE_PREFIX_PATH}:/opt/ros/humble /usr/bin/cmake --install /home/abc/MDH/ros_ws/build/rmf_utils
[1.066s] -- Install configuration: ""
[1.066s] -- Installing: /home/abc/MDH/ros_ws/install/rmf_utils/lib/librmf_utils.so
[1.067s] -- Installing: /home/abc/MDH/ros_ws/install/rmf_utils/include/rmf_utils
[1.067s] -- Installing: /home/abc/MDH/ros_ws/install/rmf_utils/include/rmf_utils/math.hpp
[1.067s] -- Installing: /home/abc/MDH/ros_ws/install/rmf_utils/include/rmf_utils/clone_ptr.hpp
[1.067s] -- Installing: /home/abc/MDH/ros_ws/install/rmf_utils/include/rmf_utils/catch.hpp
[1.068s] -- Installing: /home/abc/MDH/ros_ws/install/rmf_utils/include/rmf_utils/impl_ptr.hpp
[1.068s] -- Installing: /home/abc/MDH/ros_ws/install/rmf_utils/include/rmf_utils/AssignID.hpp
[1.068s] -- Installing: /home/abc/MDH/ros_ws/install/rmf_utils/include/rmf_utils/optional.hpp
[1.069s] -- Installing: /home/abc/MDH/ros_ws/install/rmf_utils/include/rmf_utils/RateLimiter.hpp
[1.069s] -- Installing: /home/abc/MDH/ros_ws/install/rmf_utils/include/rmf_utils/macros.hpp
[1.069s] -- Installing: /home/abc/MDH/ros_ws/install/rmf_utils/include/rmf_utils/Modular.hpp
[1.069s] -- Installing: /home/abc/MDH/ros_ws/install/rmf_utils/lib/rmf_utils/cmake/rmf_utils-config-version.cmake
[1.069s] -- Installing: /home/abc/MDH/ros_ws/install/rmf_utils/lib/rmf_utils/cmake/rmf_utils-config.cmake
[1.069s] -- Installing: /home/abc/MDH/ros_ws/install/rmf_utils/lib/rmf_utils/cmake/rmf_utils-targets.cmake
[1.069s] -- Installing: /home/abc/MDH/ros_ws/install/rmf_utils/lib/rmf_utils/cmake/rmf_utils-targets-noconfig.cmake
[1.069s] -- Installing: /home/abc/MDH/ros_ws/install/rmf_utils/share/rmf_utils/rmf_code_style.cfg
[1.069s] -- Installing: /home/abc/MDH/ros_ws/install/rmf_utils/share/ament_index/resource_index/packages/rmf_utils
[1.069s] -- Installing: /home/abc/MDH/ros_ws/install/rmf_utils/share/rmf_utils/hook/ament_prefix_path.dsv
[1.072s] Invoked command in '/home/abc/MDH/ros_ws/build/rmf_utils' returned '0': CMAKE_PREFIX_PATH=${CMAKE_PREFIX_PATH}:/opt/ros/humble /usr/bin/cmake --install /home/abc/MDH/ros_ws/build/rmf_utils
