[35m[1mConsolidate compiler generated dependencies of target motor_control_state[0m
[100%] Built target motor_control_state
-- Install configuration: ""
-- Installing: /home/wq/MDH/ros_ws/install/motor_control/share/motor_control/launch
-- Installing: /home/wq/MDH/ros_ws/install/motor_control/share/motor_control/launch/adapter_launch.xml
-- Installing: /home/wq/MDH/ros_ws/install/motor_control/lib/motor_control/motor_control_state
-- Set runtime path of "/home/wq/MDH/ros_ws/install/motor_control/lib/motor_control/motor_control_state" to ""
-- Installing: /home/wq/MDH/ros_ws/install/motor_control/share/ament_index/resource_index/package_run_dependencies/motor_control
-- Installing: /home/wq/MDH/ros_ws/install/motor_control/share/ament_index/resource_index/parent_prefix_path/motor_control
-- Installing: /home/wq/MDH/ros_ws/install/motor_control/share/motor_control/environment/ament_prefix_path.sh
-- Installing: /home/wq/MDH/ros_ws/install/motor_control/share/motor_control/environment/ament_prefix_path.dsv
-- Installing: /home/wq/MDH/ros_ws/install/motor_control/share/motor_control/environment/path.sh
-- Installing: /home/wq/MDH/ros_ws/install/motor_control/share/motor_control/environment/path.dsv
-- Installing: /home/wq/MDH/ros_ws/install/motor_control/share/motor_control/local_setup.bash
-- Installing: /home/wq/MDH/ros_ws/install/motor_control/share/motor_control/local_setup.sh
-- Installing: /home/wq/MDH/ros_ws/install/motor_control/share/motor_control/local_setup.zsh
-- Installing: /home/wq/MDH/ros_ws/install/motor_control/share/motor_control/local_setup.dsv
-- Installing: /home/wq/MDH/ros_ws/install/motor_control/share/motor_control/package.dsv
-- Installing: /home/wq/MDH/ros_ws/install/motor_control/share/ament_index/resource_index/packages/motor_control
-- Installing: /home/wq/MDH/ros_ws/install/motor_control/share/motor_control/cmake/motor_controlConfig.cmake
-- Installing: /home/wq/MDH/ros_ws/install/motor_control/share/motor_control/cmake/motor_controlConfig-version.cmake
-- Installing: /home/wq/MDH/ros_ws/install/motor_control/share/motor_control/package.xml
