[0.006s] Invoking command in '/home/wq/MDH/ros_ws/build/motor_control': AMENT_PREFIX_PATH=/home/wq/MDH/ros_ws/install/motor_control_command_msgs:${AMENT_PREFIX_PATH} CMAKE_PREFIX_PATH=/home/wq/MDH/ros_ws/install/motor_control_command_msgs:/opt/ros/humble LD_LIBRARY_PATH=/home/wq/MDH/ros_ws/install/motor_control_command_msgs/lib:${LD_LIBRARY_PATH} PYTHONPATH=/home/wq/MDH/ros_ws/install/motor_control_command_msgs/local/lib/python3.10/dist-packages:${PYTHONPATH} /usr/bin/cmake --build /home/wq/MDH/ros_ws/build/motor_control -- -j28 -l28
[0.033s] [35m[1mConsolidate compiler generated dependencies of target motor_control_state[0m
[0.044s] [100%] Built target motor_control_state
[0.052s] Invoked command in '/home/wq/MDH/ros_ws/build/motor_control' returned '0': AMENT_PREFIX_PATH=/home/wq/MDH/ros_ws/install/motor_control_command_msgs:${AMENT_PREFIX_PATH} CMAKE_PREFIX_PATH=/home/wq/MDH/ros_ws/install/motor_control_command_msgs:/opt/ros/humble LD_LIBRARY_PATH=/home/wq/MDH/ros_ws/install/motor_control_command_msgs/lib:${LD_LIBRARY_PATH} PYTHONPATH=/home/wq/MDH/ros_ws/install/motor_control_command_msgs/local/lib/python3.10/dist-packages:${PYTHONPATH} /usr/bin/cmake --build /home/wq/MDH/ros_ws/build/motor_control -- -j28 -l28
[0.053s] Invoking command in '/home/wq/MDH/ros_ws/build/motor_control': AMENT_PREFIX_PATH=/home/wq/MDH/ros_ws/install/motor_control_command_msgs:${AMENT_PREFIX_PATH} CMAKE_PREFIX_PATH=/home/wq/MDH/ros_ws/install/motor_control_command_msgs:/opt/ros/humble LD_LIBRARY_PATH=/home/wq/MDH/ros_ws/install/motor_control_command_msgs/lib:${LD_LIBRARY_PATH} PYTHONPATH=/home/wq/MDH/ros_ws/install/motor_control_command_msgs/local/lib/python3.10/dist-packages:${PYTHONPATH} /usr/bin/cmake --install /home/wq/MDH/ros_ws/build/motor_control
[0.059s] -- Install configuration: ""
[0.059s] -- Installing: /home/wq/MDH/ros_ws/install/motor_control/share/motor_control/launch
[0.059s] -- Installing: /home/wq/MDH/ros_ws/install/motor_control/share/motor_control/launch/adapter_launch.xml
[0.059s] -- Installing: /home/wq/MDH/ros_ws/install/motor_control/lib/motor_control/motor_control_state
[0.061s] -- Set runtime path of "/home/wq/MDH/ros_ws/install/motor_control/lib/motor_control/motor_control_state" to ""
[0.061s] -- Installing: /home/wq/MDH/ros_ws/install/motor_control/share/ament_index/resource_index/package_run_dependencies/motor_control
[0.061s] -- Installing: /home/wq/MDH/ros_ws/install/motor_control/share/ament_index/resource_index/parent_prefix_path/motor_control
[0.061s] -- Installing: /home/wq/MDH/ros_ws/install/motor_control/share/motor_control/environment/ament_prefix_path.sh
[0.061s] -- Installing: /home/wq/MDH/ros_ws/install/motor_control/share/motor_control/environment/ament_prefix_path.dsv
[0.061s] -- Installing: /home/wq/MDH/ros_ws/install/motor_control/share/motor_control/environment/path.sh
[0.061s] -- Installing: /home/wq/MDH/ros_ws/install/motor_control/share/motor_control/environment/path.dsv
[0.061s] -- Installing: /home/wq/MDH/ros_ws/install/motor_control/share/motor_control/local_setup.bash
[0.061s] -- Installing: /home/wq/MDH/ros_ws/install/motor_control/share/motor_control/local_setup.sh
[0.061s] -- Installing: /home/wq/MDH/ros_ws/install/motor_control/share/motor_control/local_setup.zsh
[0.061s] -- Installing: /home/wq/MDH/ros_ws/install/motor_control/share/motor_control/local_setup.dsv
[0.061s] -- Installing: /home/wq/MDH/ros_ws/install/motor_control/share/motor_control/package.dsv
[0.061s] -- Installing: /home/wq/MDH/ros_ws/install/motor_control/share/ament_index/resource_index/packages/motor_control
[0.061s] -- Installing: /home/wq/MDH/ros_ws/install/motor_control/share/motor_control/cmake/motor_controlConfig.cmake
[0.061s] -- Installing: /home/wq/MDH/ros_ws/install/motor_control/share/motor_control/cmake/motor_controlConfig-version.cmake
[0.062s] -- Installing: /home/wq/MDH/ros_ws/install/motor_control/share/motor_control/package.xml
[0.063s] Invoked command in '/home/wq/MDH/ros_ws/build/motor_control' returned '0': AMENT_PREFIX_PATH=/home/wq/MDH/ros_ws/install/motor_control_command_msgs:${AMENT_PREFIX_PATH} CMAKE_PREFIX_PATH=/home/wq/MDH/ros_ws/install/motor_control_command_msgs:/opt/ros/humble LD_LIBRARY_PATH=/home/wq/MDH/ros_ws/install/motor_control_command_msgs/lib:${LD_LIBRARY_PATH} PYTHONPATH=/home/wq/MDH/ros_ws/install/motor_control_command_msgs/local/lib/python3.10/dist-packages:${PYTHONPATH} /usr/bin/cmake --install /home/wq/MDH/ros_ws/build/motor_control
