[35m[1mConsolidate compiler generated dependencies of target motor_status[0m
[100%] Built target motor_status
-- Install configuration: ""
-- Installing: /home/abc/MDH/ros_ws/install/motor_status/lib/motor_status/motor_status
-- Set runtime path of "/home/abc/MDH/ros_ws/install/motor_status/lib/motor_status/motor_status" to ""
-- Up-to-date: /home/abc/MDH/ros_ws/install/motor_status/share/ament_index/resource_index/package_run_dependencies/motor_status
-- Up-to-date: /home/abc/MDH/ros_ws/install/motor_status/share/ament_index/resource_index/parent_prefix_path/motor_status
-- Up-to-date: /home/abc/MDH/ros_ws/install/motor_status/share/motor_status/environment/ament_prefix_path.sh
-- Up-to-date: /home/abc/MDH/ros_ws/install/motor_status/share/motor_status/environment/ament_prefix_path.dsv
-- Up-to-date: /home/abc/MDH/ros_ws/install/motor_status/share/motor_status/environment/path.sh
-- Up-to-date: /home/abc/MDH/ros_ws/install/motor_status/share/motor_status/environment/path.dsv
-- Up-to-date: /home/abc/MDH/ros_ws/install/motor_status/share/motor_status/local_setup.bash
-- Up-to-date: /home/abc/MDH/ros_ws/install/motor_status/share/motor_status/local_setup.sh
-- Up-to-date: /home/abc/MDH/ros_ws/install/motor_status/share/motor_status/local_setup.zsh
-- Up-to-date: /home/abc/MDH/ros_ws/install/motor_status/share/motor_status/local_setup.dsv
-- Installing: /home/abc/MDH/ros_ws/install/motor_status/share/motor_status/package.dsv
-- Up-to-date: /home/abc/MDH/ros_ws/install/motor_status/share/ament_index/resource_index/packages/motor_status
-- Up-to-date: /home/abc/MDH/ros_ws/install/motor_status/share/motor_status/cmake/motor_statusConfig.cmake
-- Up-to-date: /home/abc/MDH/ros_ws/install/motor_status/share/motor_status/cmake/motor_statusConfig-version.cmake
-- Up-to-date: /home/abc/MDH/ros_ws/install/motor_status/share/motor_status/package.xml
