[0.035s] Invoking command in '/home/abc/MDH/ros_ws/build/motor_control_v2': CMAKE_PREFIX_PATH=/home/abc/MDH/ros_ws/install/motor_control_command_msgs:/home/abc/MDH/ros_ws/install/rmf_utils:/home/abc/MDH/ros_ws/install/motor_status:/home/abc/MDH/ros_ws/install/motor_control_v2:/home/abc/MDH/ros_ws/install/motor_control:/opt/ros/humble LD_LIBRARY_PATH=/home/abc/MDH/ros_ws/install/motor_control_command_msgs/lib:/home/abc/MDH/ros_ws/install/rmf_utils/lib:/opt/ros/humble/opt/rviz_ogre_vendor/lib:/opt/ros/humble/lib/x86_64-linux-gnu:/opt/ros/humble/lib /usr/bin/cmake --build /home/abc/MDH/ros_ws/build/motor_control_v2 -- -j8 -l8
[0.080s] [35m[1mConsolidate compiler generated dependencies of target motor_control_node[0m
[0.119s] [ 11%] [32mBuilding CXX object CMakeFiles/motor_control_node.dir/src/http_server.cpp.o[0m
[0.120s] [ 22%] [32mBuilding CXX object CMakeFiles/motor_control_node.dir/src/main.cpp.o[0m
[13.753s] [ 33%] [32m[1mLinking CXX executable motor_control_node[0m
[14.475s] [100%] Built target motor_control_node
[14.490s] Invoked command in '/home/abc/MDH/ros_ws/build/motor_control_v2' returned '0': CMAKE_PREFIX_PATH=/home/abc/MDH/ros_ws/install/motor_control_command_msgs:/home/abc/MDH/ros_ws/install/rmf_utils:/home/abc/MDH/ros_ws/install/motor_status:/home/abc/MDH/ros_ws/install/motor_control_v2:/home/abc/MDH/ros_ws/install/motor_control:/opt/ros/humble LD_LIBRARY_PATH=/home/abc/MDH/ros_ws/install/motor_control_command_msgs/lib:/home/abc/MDH/ros_ws/install/rmf_utils/lib:/opt/ros/humble/opt/rviz_ogre_vendor/lib:/opt/ros/humble/lib/x86_64-linux-gnu:/opt/ros/humble/lib /usr/bin/cmake --build /home/abc/MDH/ros_ws/build/motor_control_v2 -- -j8 -l8
[14.492s] Invoking command in '/home/abc/MDH/ros_ws/build/motor_control_v2': CMAKE_PREFIX_PATH=/home/abc/MDH/ros_ws/install/motor_control_command_msgs:/home/abc/MDH/ros_ws/install/rmf_utils:/home/abc/MDH/ros_ws/install/motor_status:/home/abc/MDH/ros_ws/install/motor_control_v2:/home/abc/MDH/ros_ws/install/motor_control:/opt/ros/humble LD_LIBRARY_PATH=/home/abc/MDH/ros_ws/install/motor_control_command_msgs/lib:/home/abc/MDH/ros_ws/install/rmf_utils/lib:/opt/ros/humble/opt/rviz_ogre_vendor/lib:/opt/ros/humble/lib/x86_64-linux-gnu:/opt/ros/humble/lib /usr/bin/cmake --install /home/abc/MDH/ros_ws/build/motor_control_v2
[14.502s] -- Install configuration: ""
[14.502s] -- Installing: /home/abc/MDH/ros_ws/install/motor_control_v2/lib/motor_control_v2/motor_control_node
[14.507s] -- Set runtime path of "/home/abc/MDH/ros_ws/install/motor_control_v2/lib/motor_control_v2/motor_control_node" to ""
[14.507s] -- Up-to-date: /home/abc/MDH/ros_ws/install/motor_control_v2/include
[14.508s] -- Up-to-date: /home/abc/MDH/ros_ws/install/motor_control_v2/include/motor_control_v2
[14.508s] -- Up-to-date: /home/abc/MDH/ros_ws/install/motor_control_v2/include/motor_control_v2/motor_command.hpp
[14.508s] -- Up-to-date: /home/abc/MDH/ros_ws/install/motor_control_v2/include/motor_control_v2/motor_config.hpp
[14.508s] -- Up-to-date: /home/abc/MDH/ros_ws/install/motor_control_v2/include/motor_control_v2/serial_communication.hpp
[14.508s] -- Up-to-date: /home/abc/MDH/ros_ws/install/motor_control_v2/include/motor_control_v2/ros2_communication.hpp
[14.508s] -- Up-to-date: /home/abc/MDH/ros_ws/install/motor_control_v2/include/motor_control_v2/http_server.hpp
[14.508s] -- Up-to-date: /home/abc/MDH/ros_ws/install/motor_control_v2/share/ament_index/resource_index/package_run_dependencies/motor_control_v2
[14.509s] -- Up-to-date: /home/abc/MDH/ros_ws/install/motor_control_v2/share/ament_index/resource_index/parent_prefix_path/motor_control_v2
[14.509s] -- Up-to-date: /home/abc/MDH/ros_ws/install/motor_control_v2/share/motor_control_v2/environment/ament_prefix_path.sh
[14.509s] -- Up-to-date: /home/abc/MDH/ros_ws/install/motor_control_v2/share/motor_control_v2/environment/ament_prefix_path.dsv
[14.509s] -- Up-to-date: /home/abc/MDH/ros_ws/install/motor_control_v2/share/motor_control_v2/environment/path.sh
[14.509s] -- Up-to-date: /home/abc/MDH/ros_ws/install/motor_control_v2/share/motor_control_v2/environment/path.dsv
[14.509s] -- Up-to-date: /home/abc/MDH/ros_ws/install/motor_control_v2/share/motor_control_v2/local_setup.bash
[14.509s] -- Up-to-date: /home/abc/MDH/ros_ws/install/motor_control_v2/share/motor_control_v2/local_setup.sh
[14.509s] -- Up-to-date: /home/abc/MDH/ros_ws/install/motor_control_v2/share/motor_control_v2/local_setup.zsh
[14.509s] -- Up-to-date: /home/abc/MDH/ros_ws/install/motor_control_v2/share/motor_control_v2/local_setup.dsv
[14.509s] -- Installing: /home/abc/MDH/ros_ws/install/motor_control_v2/share/motor_control_v2/package.dsv
[14.509s] -- Up-to-date: /home/abc/MDH/ros_ws/install/motor_control_v2/share/ament_index/resource_index/packages/motor_control_v2
[14.510s] -- Up-to-date: /home/abc/MDH/ros_ws/install/motor_control_v2/share/motor_control_v2/cmake/ament_cmake_export_dependencies-extras.cmake
[14.510s] -- Up-to-date: /home/abc/MDH/ros_ws/install/motor_control_v2/share/motor_control_v2/cmake/motor_control_v2Config.cmake
[14.510s] -- Up-to-date: /home/abc/MDH/ros_ws/install/motor_control_v2/share/motor_control_v2/cmake/motor_control_v2Config-version.cmake
[14.510s] -- Up-to-date: /home/abc/MDH/ros_ws/install/motor_control_v2/share/motor_control_v2/package.xml
[14.512s] Invoked command in '/home/abc/MDH/ros_ws/build/motor_control_v2' returned '0': CMAKE_PREFIX_PATH=/home/abc/MDH/ros_ws/install/motor_control_command_msgs:/home/abc/MDH/ros_ws/install/rmf_utils:/home/abc/MDH/ros_ws/install/motor_status:/home/abc/MDH/ros_ws/install/motor_control_v2:/home/abc/MDH/ros_ws/install/motor_control:/opt/ros/humble LD_LIBRARY_PATH=/home/abc/MDH/ros_ws/install/motor_control_command_msgs/lib:/home/abc/MDH/ros_ws/install/rmf_utils/lib:/opt/ros/humble/opt/rviz_ogre_vendor/lib:/opt/ros/humble/lib/x86_64-linux-gnu:/opt/ros/humble/lib /usr/bin/cmake --install /home/abc/MDH/ros_ws/build/motor_control_v2
