-- The C compiler identification is GNU 11.4.0
-- The CXX compiler identification is GNU 11.4.0
-- Detecting C compiler ABI info
-- Detecting C compiler ABI info - done
-- Check for working C compiler: /usr/bin/cc - skipped
-- Detecting C compile features
-- Detecting C compile features - done
-- Detecting CXX compiler ABI info
-- Detecting CXX compiler ABI info - done
-- Check for working CXX compiler: /usr/bin/c++ - skipped
-- Detecting CXX compile features
-- Detecting CXX compile features - done
-- Found Python3: /usr/bin/python3 (found version "3.10.12") found components: Interpreter 
-- Configuring done
-- Generating done
-- Build files have been written to: /home/wq/MDH/ros_ws/build/rmf_utils
[ 50%] [32mBuilding CXX object CMakeFiles/rmf_utils.dir/src/rmf_utils/RateLimiter.cpp.o[0m
[100%] [32m[1mLinking CXX shared library librmf_utils.so[0m
[100%] Built target rmf_utils
-- Install configuration: ""
-- Installing: /home/wq/MDH/ros_ws/install/rmf_utils/lib/librmf_utils.so
-- Installing: /home/wq/MDH/ros_ws/install/rmf_utils/include/rmf_utils
-- Installing: /home/wq/MDH/ros_ws/install/rmf_utils/include/rmf_utils/catch.hpp
-- Installing: /home/wq/MDH/ros_ws/install/rmf_utils/include/rmf_utils/optional.hpp
-- Installing: /home/wq/MDH/ros_ws/install/rmf_utils/include/rmf_utils/impl_ptr.hpp
-- Installing: /home/wq/MDH/ros_ws/install/rmf_utils/include/rmf_utils/math.hpp
-- Installing: /home/wq/MDH/ros_ws/install/rmf_utils/include/rmf_utils/Modular.hpp
-- Installing: /home/wq/MDH/ros_ws/install/rmf_utils/include/rmf_utils/RateLimiter.hpp
-- Installing: /home/wq/MDH/ros_ws/install/rmf_utils/include/rmf_utils/macros.hpp
-- Installing: /home/wq/MDH/ros_ws/install/rmf_utils/include/rmf_utils/clone_ptr.hpp
-- Installing: /home/wq/MDH/ros_ws/install/rmf_utils/include/rmf_utils/AssignID.hpp
-- Installing: /home/wq/MDH/ros_ws/install/rmf_utils/lib/rmf_utils/cmake/rmf_utils-config-version.cmake
-- Installing: /home/wq/MDH/ros_ws/install/rmf_utils/lib/rmf_utils/cmake/rmf_utils-config.cmake
-- Installing: /home/wq/MDH/ros_ws/install/rmf_utils/lib/rmf_utils/cmake/rmf_utils-targets.cmake
-- Installing: /home/wq/MDH/ros_ws/install/rmf_utils/lib/rmf_utils/cmake/rmf_utils-targets-noconfig.cmake
-- Installing: /home/wq/MDH/ros_ws/install/rmf_utils/share/rmf_utils/rmf_code_style.cfg
-- Installing: /home/wq/MDH/ros_ws/install/rmf_utils/share/ament_index/resource_index/packages/rmf_utils
-- Installing: /home/wq/MDH/ros_ws/install/rmf_utils/share/rmf_utils/hook/ament_prefix_path.dsv
