[0.008s] Invoking command in '/home/wq/MDH/ros_ws/build/rmf_utils': CMAKE_PREFIX_PATH=/opt/ros/humble /usr/bin/cmake /home/wq/MDH/ros_ws/src/rmf_utils/rmf_utils -DCMAKE_INSTALL_PREFIX=/home/wq/MDH/ros_ws/install/rmf_utils
[0.052s] -- The C compiler identification is GNU 11.4.0
[0.107s] -- The CXX compiler identification is GNU 11.4.0
[0.112s] -- Detecting C compiler ABI info
[0.160s] -- Detecting C compiler ABI info - done
[0.166s] -- Check for working C compiler: /usr/bin/cc - skipped
[0.166s] -- Detecting C compile features
[0.166s] -- Detecting C compile features - done
[0.168s] -- Detecting CXX compiler ABI info
[0.224s] -- Detecting CXX compiler ABI info - done
[0.229s] -- Check for working CXX compiler: /usr/bin/c++ - skipped
[0.229s] -- Detecting CXX compile features
[0.230s] -- Detecting CXX compile features - done
[0.345s] -- Found Python3: /usr/bin/python3 (found version "3.10.12") found components: Interpreter 
[0.386s] -- Configuring done
[0.388s] -- Generating done
[0.389s] -- Build files have been written to: /home/wq/MDH/ros_ws/build/rmf_utils
[0.391s] Invoked command in '/home/wq/MDH/ros_ws/build/rmf_utils' returned '0': CMAKE_PREFIX_PATH=/opt/ros/humble /usr/bin/cmake /home/wq/MDH/ros_ws/src/rmf_utils/rmf_utils -DCMAKE_INSTALL_PREFIX=/home/wq/MDH/ros_ws/install/rmf_utils
[0.392s] Invoking command in '/home/wq/MDH/ros_ws/build/rmf_utils': CMAKE_PREFIX_PATH=/opt/ros/humble /usr/bin/cmake --build /home/wq/MDH/ros_ws/build/rmf_utils -- -j28 -l28
[0.425s] [ 50%] [32mBuilding CXX object CMakeFiles/rmf_utils.dir/src/rmf_utils/RateLimiter.cpp.o[0m
[0.575s] [100%] [32m[1mLinking CXX shared library librmf_utils.so[0m
[0.624s] [100%] Built target rmf_utils
[0.632s] Invoked command in '/home/wq/MDH/ros_ws/build/rmf_utils' returned '0': CMAKE_PREFIX_PATH=/opt/ros/humble /usr/bin/cmake --build /home/wq/MDH/ros_ws/build/rmf_utils -- -j28 -l28
[0.638s] Invoking command in '/home/wq/MDH/ros_ws/build/rmf_utils': CMAKE_PREFIX_PATH=/opt/ros/humble /usr/bin/cmake --install /home/wq/MDH/ros_ws/build/rmf_utils
[0.642s] -- Install configuration: ""
[0.642s] -- Installing: /home/wq/MDH/ros_ws/install/rmf_utils/lib/librmf_utils.so
[0.642s] -- Installing: /home/wq/MDH/ros_ws/install/rmf_utils/include/rmf_utils
[0.642s] -- Installing: /home/wq/MDH/ros_ws/install/rmf_utils/include/rmf_utils/catch.hpp
[0.643s] -- Installing: /home/wq/MDH/ros_ws/install/rmf_utils/include/rmf_utils/optional.hpp
[0.643s] -- Installing: /home/wq/MDH/ros_ws/install/rmf_utils/include/rmf_utils/impl_ptr.hpp
[0.643s] -- Installing: /home/wq/MDH/ros_ws/install/rmf_utils/include/rmf_utils/math.hpp
[0.643s] -- Installing: /home/wq/MDH/ros_ws/install/rmf_utils/include/rmf_utils/Modular.hpp
[0.643s] -- Installing: /home/wq/MDH/ros_ws/install/rmf_utils/include/rmf_utils/RateLimiter.hpp
[0.643s] -- Installing: /home/wq/MDH/ros_ws/install/rmf_utils/include/rmf_utils/macros.hpp
[0.643s] -- Installing: /home/wq/MDH/ros_ws/install/rmf_utils/include/rmf_utils/clone_ptr.hpp
[0.643s] -- Installing: /home/wq/MDH/ros_ws/install/rmf_utils/include/rmf_utils/AssignID.hpp
[0.643s] -- Installing: /home/wq/MDH/ros_ws/install/rmf_utils/lib/rmf_utils/cmake/rmf_utils-config-version.cmake
[0.643s] -- Installing: /home/wq/MDH/ros_ws/install/rmf_utils/lib/rmf_utils/cmake/rmf_utils-config.cmake
[0.643s] -- Installing: /home/wq/MDH/ros_ws/install/rmf_utils/lib/rmf_utils/cmake/rmf_utils-targets.cmake
[0.643s] -- Installing: /home/wq/MDH/ros_ws/install/rmf_utils/lib/rmf_utils/cmake/rmf_utils-targets-noconfig.cmake
[0.643s] -- Installing: /home/wq/MDH/ros_ws/install/rmf_utils/share/rmf_utils/rmf_code_style.cfg
[0.643s] -- Installing: /home/wq/MDH/ros_ws/install/rmf_utils/share/ament_index/resource_index/packages/rmf_utils
[0.643s] -- Installing: /home/wq/MDH/ros_ws/install/rmf_utils/share/rmf_utils/hook/ament_prefix_path.dsv
[0.644s] Invoked command in '/home/wq/MDH/ros_ws/build/rmf_utils' returned '0': CMAKE_PREFIX_PATH=/opt/ros/humble /usr/bin/cmake --install /home/wq/MDH/ros_ws/build/rmf_utils
