[35m[1mConsolidate compiler generated dependencies of target motor_control_node[0m
[  9%] [32mBuilding CXX object CMakeFiles/motor_control_node.dir/src/main.cpp.o[0m
[ 18%] [32mBuilding CXX object CMakeFiles/motor_control_node.dir/src/Node.cpp.o[0m
[ 27%] [32mBuilding CXX object CMakeFiles/motor_control_node.dir/src/motor_command.cpp.o[0m
[ 36%] [32mBuilding CXX object CMakeFiles/motor_control_node.dir/src/serial_communication.cpp.o[0m
[01m[K/home/abc/MDH/ros_ws/src/motor_control_v2/src/motor_command.cpp:[m[K In constructor ‘[01m[Kmotor_control_v2::MotorCommand::MotorCommand(rclcpp::Node::SharedPtr, const string&, int)[m[K’:
[01m[K/home/abc/MDH/ros_ws/src/motor_control_v2/src/motor_command.cpp:35:66:[m[K [01;35m[Kwarning: [m[Kmissing initializer for member ‘[01m[Kmotor_control_v2::MotorCommand::Implementation::serial_communication_[m[K’ [[01;35m[K]8;;https://gcc.gnu.org/onlinedocs/gcc/Warning-Options.html#index-Wmissing-field-initializers-Wmissing-field-initializers]8;;[m[K]
   35 |               Implementation{node, serial_port.c_str(), baud_rate[01;35m[K}[m[K))
      |                                                                  [01;35m[K^[m[K
[01m[K/home/abc/MDH/ros_ws/src/motor_control_v2/src/motor_command.cpp:[m[K In member function ‘[01m[Kvoid motor_control_v2::MotorCommand::Implementation::send_serial_command_async(std::vector<unsigned char>, size_t)[m[K’:
[01m[K/home/abc/MDH/ros_ws/src/motor_control_v2/src/motor_command.cpp:201:23:[m[K [01;35m[Kwarning: [m[Kignoring return value of ‘[01m[Kstd::future<typename std::__invoke_result<typename std::decay<_Tp>::type, typename std::decay<_Args>::type ...>::type> std::async(std::launch, _Fn&&, _Args&& ...) [with _Fn = motor_control_v2::MotorCommand::Implementation::send_serial_command_async(std::vector<unsigned char>, size_t)::<lambda()>; _Args = {}; typename std::__invoke_result<typename std::decay<_Tp>::type, typename std::decay<_Args>::type ...>::type = void; typename std::decay<_Tp>::type = std::decay<motor_control_v2::MotorCommand::Implementation::send_serial_command_async(std::vector<unsigned char>, size_t)::<lambda()> >::type][m[K’, declared with attribute ‘[01m[Knodiscard[m[K’ [[01;35m[K]8;;https://gcc.gnu.org/onlinedocs/gcc/Warning-Options.html#index-Wunused-result-Wunused-result]8;;[m[K]
  201 |                     })[01;35m[K;[m[K
      |                       [01;35m[K^[m[K
In file included from [01m[K/opt/ros/humble/include/rclcpp/rclcpp/executors.hpp:18[m[K,
                 from [01m[K/opt/ros/humble/include/rclcpp/rclcpp/rclcpp.hpp:155[m[K,
                 from [01m[K/home/abc/MDH/ros_ws/src/motor_control_v2/include/motor_control_v2/motor_command.hpp:5[m[K,
                 from [01m[K/home/abc/MDH/ros_ws/src/motor_control_v2/src/motor_command.cpp:1[m[K:
[01m[K/usr/include/c++/11/future:1768:5:[m[K [01;36m[Knote: [m[Kdeclared here
 1768 |     [01;36m[Kasync[m[K(launch __policy, _Fn&& __fn, _Args&&... __args)
      |     [01;36m[K^~~~~[m[K
[ 45%] [32m[1mLinking CXX executable motor_control_node[0m
[100%] Built target motor_control_node
-- Install configuration: ""
-- Installing: /home/abc/MDH/ros_ws/install/motor_control_v2/lib/motor_control_v2/motor_control_node
-- Set runtime path of "/home/abc/MDH/ros_ws/install/motor_control_v2/lib/motor_control_v2/motor_control_node" to ""
-- Up-to-date: /home/abc/MDH/ros_ws/install/motor_control_v2/include
-- Up-to-date: /home/abc/MDH/ros_ws/install/motor_control_v2/include/motor_control_v2
-- Up-to-date: /home/abc/MDH/ros_ws/install/motor_control_v2/include/motor_control_v2/motor_command.hpp
-- Up-to-date: /home/abc/MDH/ros_ws/install/motor_control_v2/include/motor_control_v2/motor_config.hpp
-- Installing: /home/abc/MDH/ros_ws/install/motor_control_v2/include/motor_control_v2/serial_communication.hpp
-- Up-to-date: /home/abc/MDH/ros_ws/install/motor_control_v2/include/motor_control_v2/Node.hpp
-- Up-to-date: /home/abc/MDH/ros_ws/install/motor_control_v2/include/motor_control_v2/internal_http_server.hpp
-- Up-to-date: /home/abc/MDH/ros_ws/install/motor_control_v2/include/motor_control_v2/ros2_communication.hpp
-- Up-to-date: /home/abc/MDH/ros_ws/install/motor_control_v2/include/motor_control_v2/http_server.hpp
-- Up-to-date: /home/abc/MDH/ros_ws/install/motor_control_v2/share/ament_index/resource_index/package_run_dependencies/motor_control_v2
-- Up-to-date: /home/abc/MDH/ros_ws/install/motor_control_v2/share/ament_index/resource_index/parent_prefix_path/motor_control_v2
-- Up-to-date: /home/abc/MDH/ros_ws/install/motor_control_v2/share/motor_control_v2/environment/ament_prefix_path.sh
-- Up-to-date: /home/abc/MDH/ros_ws/install/motor_control_v2/share/motor_control_v2/environment/ament_prefix_path.dsv
-- Up-to-date: /home/abc/MDH/ros_ws/install/motor_control_v2/share/motor_control_v2/environment/path.sh
-- Up-to-date: /home/abc/MDH/ros_ws/install/motor_control_v2/share/motor_control_v2/environment/path.dsv
-- Up-to-date: /home/abc/MDH/ros_ws/install/motor_control_v2/share/motor_control_v2/local_setup.bash
-- Up-to-date: /home/abc/MDH/ros_ws/install/motor_control_v2/share/motor_control_v2/local_setup.sh
-- Up-to-date: /home/abc/MDH/ros_ws/install/motor_control_v2/share/motor_control_v2/local_setup.zsh
-- Up-to-date: /home/abc/MDH/ros_ws/install/motor_control_v2/share/motor_control_v2/local_setup.dsv
-- Installing: /home/abc/MDH/ros_ws/install/motor_control_v2/share/motor_control_v2/package.dsv
-- Up-to-date: /home/abc/MDH/ros_ws/install/motor_control_v2/share/ament_index/resource_index/packages/motor_control_v2
-- Up-to-date: /home/abc/MDH/ros_ws/install/motor_control_v2/share/motor_control_v2/cmake/ament_cmake_export_dependencies-extras.cmake
-- Up-to-date: /home/abc/MDH/ros_ws/install/motor_control_v2/share/motor_control_v2/cmake/motor_control_v2Config.cmake
-- Up-to-date: /home/abc/MDH/ros_ws/install/motor_control_v2/share/motor_control_v2/cmake/motor_control_v2Config-version.cmake
-- Up-to-date: /home/abc/MDH/ros_ws/install/motor_control_v2/share/motor_control_v2/package.xml
