[0.065s] DEBUG:colcon:Command line arguments: ['/usr/bin/colcon', 'build']
[0.065s] DEBUG:colcon:Parsed command line arguments: Namespace(log_base=None, log_level=None, verb_name='build', build_base='build', install_base='install', merge_install=False, symlink_install=False, test_result_base=None, continue_on_error=False, executor='parallel', parallel_workers=8, event_handlers=None, ignore_user_meta=False, metas=['./colcon.meta'], base_paths=['.'], packages_ignore=None, packages_ignore_regex=None, paths=None, packages_up_to=None, packages_up_to_regex=None, packages_above=None, packages_above_and_dependencies=None, packages_above_depth=None, packages_select_by_dep=None, packages_skip_by_dep=None, packages_skip_up_to=None, packages_select_build_failed=False, packages_skip_build_finished=False, packages_select_test_failures=False, packages_skip_test_passed=False, packages_select=None, packages_skip=None, packages_select_regex=None, packages_skip_regex=None, packages_start=None, packages_end=None, allow_overriding=[], cmake_args=None, cmake_target=None, cmake_target_skip_unavailable=False, cmake_clean_cache=False, cmake_clean_first=False, cmake_force_configure=False, ament_cmake_args=None, catkin_cmake_args=None, catkin_skip_building_tests=False, verb_parser=<colcon_defaults.argument_parser.defaults.DefaultArgumentsDecorator object at 0x7a255522eb00>, verb_extension=<colcon_core.verb.build.BuildVerb object at 0x7a255522e5f0>, main=<bound method BuildVerb.main of <colcon_core.verb.build.BuildVerb object at 0x7a255522e5f0>>)
[0.160s] Level 1:colcon.colcon_core.package_discovery:discover_packages(colcon_meta) check parameters
[0.160s] Level 1:colcon.colcon_core.package_discovery:discover_packages(recursive) check parameters
[0.160s] Level 1:colcon.colcon_core.package_discovery:discover_packages(ignore) check parameters
[0.160s] Level 1:colcon.colcon_core.package_discovery:discover_packages(path) check parameters
[0.160s] Level 1:colcon.colcon_core.package_discovery:discover_packages(colcon_meta) discover
[0.160s] Level 1:colcon.colcon_core.package_discovery:discover_packages(recursive) discover
[0.160s] INFO:colcon.colcon_core.package_discovery:Crawling recursively for packages in '/home/abc/MDH/ros_ws'
[0.160s] Level 1:colcon.colcon_core.package_identification:_identify(.) by extensions ['ignore', 'ignore_ament_install']
[0.161s] Level 1:colcon.colcon_core.package_identification:_identify(.) by extension 'ignore'
[0.161s] Level 1:colcon.colcon_core.package_identification:_identify(.) by extension 'ignore_ament_install'
[0.161s] Level 1:colcon.colcon_core.package_identification:_identify(.) by extensions ['colcon_pkg']
[0.161s] Level 1:colcon.colcon_core.package_identification:_identify(.) by extension 'colcon_pkg'
[0.161s] Level 1:colcon.colcon_core.package_identification:_identify(.) by extensions ['colcon_meta']
[0.161s] Level 1:colcon.colcon_core.package_identification:_identify(.) by extension 'colcon_meta'
[0.161s] Level 1:colcon.colcon_core.package_identification:_identify(.) by extensions ['ros']
[0.161s] Level 1:colcon.colcon_core.package_identification:_identify(.) by extension 'ros'
[0.169s] Level 1:colcon.colcon_core.package_identification:_identify(.) by extensions ['cmake', 'python']
[0.169s] Level 1:colcon.colcon_core.package_identification:_identify(.) by extension 'cmake'
[0.169s] Level 1:colcon.colcon_core.package_identification:_identify(.) by extension 'python'
[0.169s] Level 1:colcon.colcon_core.package_identification:_identify(.) by extensions ['python_setup_py']
[0.169s] Level 1:colcon.colcon_core.package_identification:_identify(.) by extension 'python_setup_py'
[0.169s] Level 1:colcon.colcon_core.package_identification:_identify(build) by extensions ['ignore', 'ignore_ament_install']
[0.169s] Level 1:colcon.colcon_core.package_identification:_identify(build) by extension 'ignore'
[0.169s] Level 1:colcon.colcon_core.package_identification:_identify(build) ignored
[0.169s] Level 1:colcon.colcon_core.package_identification:_identify(install) by extensions ['ignore', 'ignore_ament_install']
[0.170s] Level 1:colcon.colcon_core.package_identification:_identify(install) by extension 'ignore'
[0.170s] Level 1:colcon.colcon_core.package_identification:_identify(install) ignored
[0.170s] Level 1:colcon.colcon_core.package_identification:_identify(log) by extensions ['ignore', 'ignore_ament_install']
[0.170s] Level 1:colcon.colcon_core.package_identification:_identify(log) by extension 'ignore'
[0.170s] Level 1:colcon.colcon_core.package_identification:_identify(log) ignored
[0.170s] Level 1:colcon.colcon_core.package_identification:_identify(src) by extensions ['ignore', 'ignore_ament_install']
[0.170s] Level 1:colcon.colcon_core.package_identification:_identify(src) by extension 'ignore'
[0.170s] Level 1:colcon.colcon_core.package_identification:_identify(src) by extension 'ignore_ament_install'
[0.170s] Level 1:colcon.colcon_core.package_identification:_identify(src) by extensions ['colcon_pkg']
[0.170s] Level 1:colcon.colcon_core.package_identification:_identify(src) by extension 'colcon_pkg'
[0.170s] Level 1:colcon.colcon_core.package_identification:_identify(src) by extensions ['colcon_meta']
[0.170s] Level 1:colcon.colcon_core.package_identification:_identify(src) by extension 'colcon_meta'
[0.170s] Level 1:colcon.colcon_core.package_identification:_identify(src) by extensions ['ros']
[0.170s] Level 1:colcon.colcon_core.package_identification:_identify(src) by extension 'ros'
[0.170s] Level 1:colcon.colcon_core.package_identification:_identify(src) by extensions ['cmake', 'python']
[0.170s] Level 1:colcon.colcon_core.package_identification:_identify(src) by extension 'cmake'
[0.170s] Level 1:colcon.colcon_core.package_identification:_identify(src) by extension 'python'
[0.170s] Level 1:colcon.colcon_core.package_identification:_identify(src) by extensions ['python_setup_py']
[0.170s] Level 1:colcon.colcon_core.package_identification:_identify(src) by extension 'python_setup_py'
[0.170s] Level 1:colcon.colcon_core.package_identification:_identify(src/internal_msgs) by extensions ['ignore', 'ignore_ament_install']
[0.170s] Level 1:colcon.colcon_core.package_identification:_identify(src/internal_msgs) by extension 'ignore'
[0.170s] Level 1:colcon.colcon_core.package_identification:_identify(src/internal_msgs) by extension 'ignore_ament_install'
[0.170s] Level 1:colcon.colcon_core.package_identification:_identify(src/internal_msgs) by extensions ['colcon_pkg']
[0.170s] Level 1:colcon.colcon_core.package_identification:_identify(src/internal_msgs) by extension 'colcon_pkg'
[0.170s] Level 1:colcon.colcon_core.package_identification:_identify(src/internal_msgs) by extensions ['colcon_meta']
[0.170s] Level 1:colcon.colcon_core.package_identification:_identify(src/internal_msgs) by extension 'colcon_meta'
[0.170s] Level 1:colcon.colcon_core.package_identification:_identify(src/internal_msgs) by extensions ['ros']
[0.170s] Level 1:colcon.colcon_core.package_identification:_identify(src/internal_msgs) by extension 'ros'
[0.170s] Level 1:colcon.colcon_core.package_identification:_identify(src/internal_msgs) by extensions ['cmake', 'python']
[0.170s] Level 1:colcon.colcon_core.package_identification:_identify(src/internal_msgs) by extension 'cmake'
[0.170s] Level 1:colcon.colcon_core.package_identification:_identify(src/internal_msgs) by extension 'python'
[0.170s] Level 1:colcon.colcon_core.package_identification:_identify(src/internal_msgs) by extensions ['python_setup_py']
[0.170s] Level 1:colcon.colcon_core.package_identification:_identify(src/internal_msgs) by extension 'python_setup_py'
[0.170s] Level 1:colcon.colcon_core.package_identification:_identify(src/internal_msgs/motor_control_command_msgs) by extensions ['ignore', 'ignore_ament_install']
[0.170s] Level 1:colcon.colcon_core.package_identification:_identify(src/internal_msgs/motor_control_command_msgs) by extension 'ignore'
[0.171s] Level 1:colcon.colcon_core.package_identification:_identify(src/internal_msgs/motor_control_command_msgs) by extension 'ignore_ament_install'
[0.171s] Level 1:colcon.colcon_core.package_identification:_identify(src/internal_msgs/motor_control_command_msgs) by extensions ['colcon_pkg']
[0.171s] Level 1:colcon.colcon_core.package_identification:_identify(src/internal_msgs/motor_control_command_msgs) by extension 'colcon_pkg'
[0.171s] Level 1:colcon.colcon_core.package_identification:_identify(src/internal_msgs/motor_control_command_msgs) by extensions ['colcon_meta']
[0.171s] Level 1:colcon.colcon_core.package_identification:_identify(src/internal_msgs/motor_control_command_msgs) by extension 'colcon_meta'
[0.171s] Level 1:colcon.colcon_core.package_identification:_identify(src/internal_msgs/motor_control_command_msgs) by extensions ['ros']
[0.171s] Level 1:colcon.colcon_core.package_identification:_identify(src/internal_msgs/motor_control_command_msgs) by extension 'ros'
[0.172s] DEBUG:colcon.colcon_core.package_identification:Package 'src/internal_msgs/motor_control_command_msgs' with type 'ros.ament_cmake' and name 'motor_control_command_msgs'
[0.172s] Level 1:colcon.colcon_core.package_identification:_identify(src/motor_control) by extensions ['ignore', 'ignore_ament_install']
[0.172s] Level 1:colcon.colcon_core.package_identification:_identify(src/motor_control) by extension 'ignore'
[0.172s] Level 1:colcon.colcon_core.package_identification:_identify(src/motor_control) by extension 'ignore_ament_install'
[0.172s] Level 1:colcon.colcon_core.package_identification:_identify(src/motor_control) by extensions ['colcon_pkg']
[0.172s] Level 1:colcon.colcon_core.package_identification:_identify(src/motor_control) by extension 'colcon_pkg'
[0.172s] Level 1:colcon.colcon_core.package_identification:_identify(src/motor_control) by extensions ['colcon_meta']
[0.172s] Level 1:colcon.colcon_core.package_identification:_identify(src/motor_control) by extension 'colcon_meta'
[0.172s] Level 1:colcon.colcon_core.package_identification:_identify(src/motor_control) by extensions ['ros']
[0.172s] Level 1:colcon.colcon_core.package_identification:_identify(src/motor_control) by extension 'ros'
[0.173s] DEBUG:colcon.colcon_core.package_identification:Package 'src/motor_control' with type 'ros.ament_cmake' and name 'motor_control'
[0.173s] Level 1:colcon.colcon_core.package_identification:_identify(src/motor_control_v2) by extensions ['ignore', 'ignore_ament_install']
[0.173s] Level 1:colcon.colcon_core.package_identification:_identify(src/motor_control_v2) by extension 'ignore'
[0.173s] Level 1:colcon.colcon_core.package_identification:_identify(src/motor_control_v2) by extension 'ignore_ament_install'
[0.173s] Level 1:colcon.colcon_core.package_identification:_identify(src/motor_control_v2) by extensions ['colcon_pkg']
[0.173s] Level 1:colcon.colcon_core.package_identification:_identify(src/motor_control_v2) by extension 'colcon_pkg'
[0.173s] Level 1:colcon.colcon_core.package_identification:_identify(src/motor_control_v2) by extensions ['colcon_meta']
[0.173s] Level 1:colcon.colcon_core.package_identification:_identify(src/motor_control_v2) by extension 'colcon_meta'
[0.173s] Level 1:colcon.colcon_core.package_identification:_identify(src/motor_control_v2) by extensions ['ros']
[0.173s] Level 1:colcon.colcon_core.package_identification:_identify(src/motor_control_v2) by extension 'ros'
[0.174s] DEBUG:colcon.colcon_core.package_identification:Package 'src/motor_control_v2' with type 'ros.ament_cmake' and name 'motor_control_v2'
[0.174s] Level 1:colcon.colcon_core.package_identification:_identify(src/motor_status) by extensions ['ignore', 'ignore_ament_install']
[0.174s] Level 1:colcon.colcon_core.package_identification:_identify(src/motor_status) by extension 'ignore'
[0.174s] Level 1:colcon.colcon_core.package_identification:_identify(src/motor_status) by extension 'ignore_ament_install'
[0.174s] Level 1:colcon.colcon_core.package_identification:_identify(src/motor_status) by extensions ['colcon_pkg']
[0.174s] Level 1:colcon.colcon_core.package_identification:_identify(src/motor_status) by extension 'colcon_pkg'
[0.174s] Level 1:colcon.colcon_core.package_identification:_identify(src/motor_status) by extensions ['colcon_meta']
[0.174s] Level 1:colcon.colcon_core.package_identification:_identify(src/motor_status) by extension 'colcon_meta'
[0.174s] Level 1:colcon.colcon_core.package_identification:_identify(src/motor_status) by extensions ['ros']
[0.174s] Level 1:colcon.colcon_core.package_identification:_identify(src/motor_status) by extension 'ros'
[0.175s] DEBUG:colcon.colcon_core.package_identification:Package 'src/motor_status' with type 'ros.ament_cmake' and name 'motor_status'
[0.175s] Level 1:colcon.colcon_core.package_identification:_identify(src/rmf_utils) by extensions ['ignore', 'ignore_ament_install']
[0.175s] Level 1:colcon.colcon_core.package_identification:_identify(src/rmf_utils) by extension 'ignore'
[0.175s] Level 1:colcon.colcon_core.package_identification:_identify(src/rmf_utils) by extension 'ignore_ament_install'
[0.175s] Level 1:colcon.colcon_core.package_identification:_identify(src/rmf_utils) by extensions ['colcon_pkg']
[0.175s] Level 1:colcon.colcon_core.package_identification:_identify(src/rmf_utils) by extension 'colcon_pkg'
[0.175s] Level 1:colcon.colcon_core.package_identification:_identify(src/rmf_utils) by extensions ['colcon_meta']
[0.175s] Level 1:colcon.colcon_core.package_identification:_identify(src/rmf_utils) by extension 'colcon_meta'
[0.175s] Level 1:colcon.colcon_core.package_identification:_identify(src/rmf_utils) by extensions ['ros']
[0.175s] Level 1:colcon.colcon_core.package_identification:_identify(src/rmf_utils) by extension 'ros'
[0.175s] Level 1:colcon.colcon_core.package_identification:_identify(src/rmf_utils) by extensions ['cmake', 'python']
[0.175s] Level 1:colcon.colcon_core.package_identification:_identify(src/rmf_utils) by extension 'cmake'
[0.175s] Level 1:colcon.colcon_core.package_identification:_identify(src/rmf_utils) by extension 'python'
[0.175s] Level 1:colcon.colcon_core.package_identification:_identify(src/rmf_utils) by extensions ['python_setup_py']
[0.175s] Level 1:colcon.colcon_core.package_identification:_identify(src/rmf_utils) by extension 'python_setup_py'
[0.175s] Level 1:colcon.colcon_core.package_identification:_identify(src/rmf_utils/docs) by extensions ['ignore', 'ignore_ament_install']
[0.175s] Level 1:colcon.colcon_core.package_identification:_identify(src/rmf_utils/docs) by extension 'ignore'
[0.175s] Level 1:colcon.colcon_core.package_identification:_identify(src/rmf_utils/docs) by extension 'ignore_ament_install'
[0.175s] Level 1:colcon.colcon_core.package_identification:_identify(src/rmf_utils/docs) by extensions ['colcon_pkg']
[0.175s] Level 1:colcon.colcon_core.package_identification:_identify(src/rmf_utils/docs) by extension 'colcon_pkg'
[0.175s] Level 1:colcon.colcon_core.package_identification:_identify(src/rmf_utils/docs) by extensions ['colcon_meta']
[0.175s] Level 1:colcon.colcon_core.package_identification:_identify(src/rmf_utils/docs) by extension 'colcon_meta'
[0.175s] Level 1:colcon.colcon_core.package_identification:_identify(src/rmf_utils/docs) by extensions ['ros']
[0.175s] Level 1:colcon.colcon_core.package_identification:_identify(src/rmf_utils/docs) by extension 'ros'
[0.175s] Level 1:colcon.colcon_core.package_identification:_identify(src/rmf_utils/docs) by extensions ['cmake', 'python']
[0.175s] Level 1:colcon.colcon_core.package_identification:_identify(src/rmf_utils/docs) by extension 'cmake'
[0.175s] Level 1:colcon.colcon_core.package_identification:_identify(src/rmf_utils/docs) by extension 'python'
[0.175s] Level 1:colcon.colcon_core.package_identification:_identify(src/rmf_utils/docs) by extensions ['python_setup_py']
[0.175s] Level 1:colcon.colcon_core.package_identification:_identify(src/rmf_utils/docs) by extension 'python_setup_py'
[0.175s] Level 1:colcon.colcon_core.package_identification:_identify(src/rmf_utils/rmf_utils) by extensions ['ignore', 'ignore_ament_install']
[0.176s] Level 1:colcon.colcon_core.package_identification:_identify(src/rmf_utils/rmf_utils) by extension 'ignore'
[0.176s] Level 1:colcon.colcon_core.package_identification:_identify(src/rmf_utils/rmf_utils) by extension 'ignore_ament_install'
[0.176s] Level 1:colcon.colcon_core.package_identification:_identify(src/rmf_utils/rmf_utils) by extensions ['colcon_pkg']
[0.176s] Level 1:colcon.colcon_core.package_identification:_identify(src/rmf_utils/rmf_utils) by extension 'colcon_pkg'
[0.176s] Level 1:colcon.colcon_core.package_identification:_identify(src/rmf_utils/rmf_utils) by extensions ['colcon_meta']
[0.176s] Level 1:colcon.colcon_core.package_identification:_identify(src/rmf_utils/rmf_utils) by extension 'colcon_meta'
[0.176s] Level 1:colcon.colcon_core.package_identification:_identify(src/rmf_utils/rmf_utils) by extensions ['ros']
[0.176s] Level 1:colcon.colcon_core.package_identification:_identify(src/rmf_utils/rmf_utils) by extension 'ros'
[0.177s] DEBUG:colcon.colcon_core.package_identification:Package 'src/rmf_utils/rmf_utils' with type 'ros.cmake' and name 'rmf_utils'
[0.177s] Level 1:colcon.colcon_core.package_discovery:discover_packages(recursive) using defaults
[0.178s] Level 1:colcon.colcon_core.package_discovery:discover_packages(ignore) discover
[0.178s] Level 1:colcon.colcon_core.package_discovery:discover_packages(ignore) using defaults
[0.178s] Level 1:colcon.colcon_core.package_discovery:discover_packages(path) discover
[0.178s] Level 1:colcon.colcon_core.package_discovery:discover_packages(path) using defaults
[0.196s] INFO:colcon.colcon_metadata.metadata.colcon_pkg:Updating descriptor of package 'src/rmf_utils/rmf_utils' from colcon.pkg: {'hooks': ['share/rmf_utils/hook/ament_prefix_path.dsv']}
[0.198s] Level 1:colcon.colcon_core.package_discovery:discover_packages(prefix_path) check parameters
[0.198s] Level 1:colcon.colcon_core.package_discovery:discover_packages(prefix_path) discover
[0.200s] DEBUG:colcon.colcon_installed_package_information.package_discovery:Found 271 installed packages in /opt/ros/humble
[0.214s] Level 1:colcon.colcon_core.package_discovery:discover_packages(prefix_path) using defaults
[0.238s] Level 5:colcon.colcon_core.verb:set package 'motor_control_command_msgs' build argument 'cmake_args' from command line to 'None'
[0.238s] Level 5:colcon.colcon_core.verb:set package 'motor_control_command_msgs' build argument 'cmake_target' from command line to 'None'
[0.238s] Level 5:colcon.colcon_core.verb:set package 'motor_control_command_msgs' build argument 'cmake_target_skip_unavailable' from command line to 'False'
[0.238s] Level 5:colcon.colcon_core.verb:set package 'motor_control_command_msgs' build argument 'cmake_clean_cache' from command line to 'False'
[0.238s] Level 5:colcon.colcon_core.verb:set package 'motor_control_command_msgs' build argument 'cmake_clean_first' from command line to 'False'
[0.238s] Level 5:colcon.colcon_core.verb:set package 'motor_control_command_msgs' build argument 'cmake_force_configure' from command line to 'False'
[0.238s] Level 5:colcon.colcon_core.verb:set package 'motor_control_command_msgs' build argument 'ament_cmake_args' from command line to 'None'
[0.238s] Level 5:colcon.colcon_core.verb:set package 'motor_control_command_msgs' build argument 'catkin_cmake_args' from command line to 'None'
[0.238s] Level 5:colcon.colcon_core.verb:set package 'motor_control_command_msgs' build argument 'catkin_skip_building_tests' from command line to 'False'
[0.238s] DEBUG:colcon.colcon_core.verb:Building package 'motor_control_command_msgs' with the following arguments: {'ament_cmake_args': None, 'build_base': '/home/abc/MDH/ros_ws/build/motor_control_command_msgs', 'catkin_cmake_args': None, 'catkin_skip_building_tests': False, 'cmake_args': None, 'cmake_clean_cache': False, 'cmake_clean_first': False, 'cmake_force_configure': False, 'cmake_target': None, 'cmake_target_skip_unavailable': False, 'install_base': '/home/abc/MDH/ros_ws/install/motor_control_command_msgs', 'merge_install': False, 'path': '/home/abc/MDH/ros_ws/src/internal_msgs/motor_control_command_msgs', 'symlink_install': False, 'test_result_base': None}
[0.238s] Level 5:colcon.colcon_core.verb:set package 'motor_status' build argument 'cmake_args' from command line to 'None'
[0.238s] Level 5:colcon.colcon_core.verb:set package 'motor_status' build argument 'cmake_target' from command line to 'None'
[0.238s] Level 5:colcon.colcon_core.verb:set package 'motor_status' build argument 'cmake_target_skip_unavailable' from command line to 'False'
[0.238s] Level 5:colcon.colcon_core.verb:set package 'motor_status' build argument 'cmake_clean_cache' from command line to 'False'
[0.238s] Level 5:colcon.colcon_core.verb:set package 'motor_status' build argument 'cmake_clean_first' from command line to 'False'
[0.238s] Level 5:colcon.colcon_core.verb:set package 'motor_status' build argument 'cmake_force_configure' from command line to 'False'
[0.238s] Level 5:colcon.colcon_core.verb:set package 'motor_status' build argument 'ament_cmake_args' from command line to 'None'
[0.238s] Level 5:colcon.colcon_core.verb:set package 'motor_status' build argument 'catkin_cmake_args' from command line to 'None'
[0.238s] Level 5:colcon.colcon_core.verb:set package 'motor_status' build argument 'catkin_skip_building_tests' from command line to 'False'
[0.238s] DEBUG:colcon.colcon_core.verb:Building package 'motor_status' with the following arguments: {'ament_cmake_args': None, 'build_base': '/home/abc/MDH/ros_ws/build/motor_status', 'catkin_cmake_args': None, 'catkin_skip_building_tests': False, 'cmake_args': None, 'cmake_clean_cache': False, 'cmake_clean_first': False, 'cmake_force_configure': False, 'cmake_target': None, 'cmake_target_skip_unavailable': False, 'install_base': '/home/abc/MDH/ros_ws/install/motor_status', 'merge_install': False, 'path': '/home/abc/MDH/ros_ws/src/motor_status', 'symlink_install': False, 'test_result_base': None}
[0.239s] Level 5:colcon.colcon_core.verb:set package 'rmf_utils' build argument 'cmake_args' from command line to 'None'
[0.239s] Level 5:colcon.colcon_core.verb:set package 'rmf_utils' build argument 'cmake_target' from command line to 'None'
[0.239s] Level 5:colcon.colcon_core.verb:set package 'rmf_utils' build argument 'cmake_target_skip_unavailable' from command line to 'False'
[0.239s] Level 5:colcon.colcon_core.verb:set package 'rmf_utils' build argument 'cmake_clean_cache' from command line to 'False'
[0.239s] Level 5:colcon.colcon_core.verb:set package 'rmf_utils' build argument 'cmake_clean_first' from command line to 'False'
[0.239s] Level 5:colcon.colcon_core.verb:set package 'rmf_utils' build argument 'cmake_force_configure' from command line to 'False'
[0.239s] Level 5:colcon.colcon_core.verb:set package 'rmf_utils' build argument 'ament_cmake_args' from command line to 'None'
[0.239s] Level 5:colcon.colcon_core.verb:set package 'rmf_utils' build argument 'catkin_cmake_args' from command line to 'None'
[0.239s] Level 5:colcon.colcon_core.verb:set package 'rmf_utils' build argument 'catkin_skip_building_tests' from command line to 'False'
[0.239s] DEBUG:colcon.colcon_core.verb:Building package 'rmf_utils' with the following arguments: {'ament_cmake_args': None, 'build_base': '/home/abc/MDH/ros_ws/build/rmf_utils', 'catkin_cmake_args': None, 'catkin_skip_building_tests': False, 'cmake_args': None, 'cmake_clean_cache': False, 'cmake_clean_first': False, 'cmake_force_configure': False, 'cmake_target': None, 'cmake_target_skip_unavailable': False, 'install_base': '/home/abc/MDH/ros_ws/install/rmf_utils', 'merge_install': False, 'path': '/home/abc/MDH/ros_ws/src/rmf_utils/rmf_utils', 'symlink_install': False, 'test_result_base': None}
[0.239s] Level 5:colcon.colcon_core.verb:set package 'motor_control' build argument 'cmake_args' from command line to 'None'
[0.239s] Level 5:colcon.colcon_core.verb:set package 'motor_control' build argument 'cmake_target' from command line to 'None'
[0.239s] Level 5:colcon.colcon_core.verb:set package 'motor_control' build argument 'cmake_target_skip_unavailable' from command line to 'False'
[0.239s] Level 5:colcon.colcon_core.verb:set package 'motor_control' build argument 'cmake_clean_cache' from command line to 'False'
[0.239s] Level 5:colcon.colcon_core.verb:set package 'motor_control' build argument 'cmake_clean_first' from command line to 'False'
[0.239s] Level 5:colcon.colcon_core.verb:set package 'motor_control' build argument 'cmake_force_configure' from command line to 'False'
[0.239s] Level 5:colcon.colcon_core.verb:set package 'motor_control' build argument 'ament_cmake_args' from command line to 'None'
[0.239s] Level 5:colcon.colcon_core.verb:set package 'motor_control' build argument 'catkin_cmake_args' from command line to 'None'
[0.239s] Level 5:colcon.colcon_core.verb:set package 'motor_control' build argument 'catkin_skip_building_tests' from command line to 'False'
[0.239s] DEBUG:colcon.colcon_core.verb:Building package 'motor_control' with the following arguments: {'ament_cmake_args': None, 'build_base': '/home/abc/MDH/ros_ws/build/motor_control', 'catkin_cmake_args': None, 'catkin_skip_building_tests': False, 'cmake_args': None, 'cmake_clean_cache': False, 'cmake_clean_first': False, 'cmake_force_configure': False, 'cmake_target': None, 'cmake_target_skip_unavailable': False, 'install_base': '/home/abc/MDH/ros_ws/install/motor_control', 'merge_install': False, 'path': '/home/abc/MDH/ros_ws/src/motor_control', 'symlink_install': False, 'test_result_base': None}
[0.239s] Level 5:colcon.colcon_core.verb:set package 'motor_control_v2' build argument 'cmake_args' from command line to 'None'
[0.239s] Level 5:colcon.colcon_core.verb:set package 'motor_control_v2' build argument 'cmake_target' from command line to 'None'
[0.239s] Level 5:colcon.colcon_core.verb:set package 'motor_control_v2' build argument 'cmake_target_skip_unavailable' from command line to 'False'
[0.239s] Level 5:colcon.colcon_core.verb:set package 'motor_control_v2' build argument 'cmake_clean_cache' from command line to 'False'
[0.239s] Level 5:colcon.colcon_core.verb:set package 'motor_control_v2' build argument 'cmake_clean_first' from command line to 'False'
[0.239s] Level 5:colcon.colcon_core.verb:set package 'motor_control_v2' build argument 'cmake_force_configure' from command line to 'False'
[0.239s] Level 5:colcon.colcon_core.verb:set package 'motor_control_v2' build argument 'ament_cmake_args' from command line to 'None'
[0.239s] Level 5:colcon.colcon_core.verb:set package 'motor_control_v2' build argument 'catkin_cmake_args' from command line to 'None'
[0.239s] Level 5:colcon.colcon_core.verb:set package 'motor_control_v2' build argument 'catkin_skip_building_tests' from command line to 'False'
[0.239s] DEBUG:colcon.colcon_core.verb:Building package 'motor_control_v2' with the following arguments: {'ament_cmake_args': None, 'build_base': '/home/abc/MDH/ros_ws/build/motor_control_v2', 'catkin_cmake_args': None, 'catkin_skip_building_tests': False, 'cmake_args': None, 'cmake_clean_cache': False, 'cmake_clean_first': False, 'cmake_force_configure': False, 'cmake_target': None, 'cmake_target_skip_unavailable': False, 'install_base': '/home/abc/MDH/ros_ws/install/motor_control_v2', 'merge_install': False, 'path': '/home/abc/MDH/ros_ws/src/motor_control_v2', 'symlink_install': False, 'test_result_base': None}
[0.239s] INFO:colcon.colcon_core.executor:Executing jobs using 'parallel' executor
[0.240s] DEBUG:colcon.colcon_parallel_executor.executor.parallel:run_until_complete
[0.241s] INFO:colcon.colcon_ros.task.ament_cmake.build:Building ROS package in '/home/abc/MDH/ros_ws/src/internal_msgs/motor_control_command_msgs' with build type 'ament_cmake'
[0.241s] INFO:colcon.colcon_cmake.task.cmake.build:Building CMake package in '/home/abc/MDH/ros_ws/src/internal_msgs/motor_control_command_msgs'
[0.243s] INFO:colcon.colcon_core.plugin_system:Skipping extension 'colcon_core.shell.bat': Not used on non-Windows systems
[0.243s] INFO:colcon.colcon_core.shell:Skip shell extension 'powershell' for command environment: Not usable outside of PowerShell
[0.243s] DEBUG:colcon.colcon_core.shell:Skip shell extension 'dsv' for command environment
[0.247s] INFO:colcon.colcon_ros.task.ament_cmake.build:Building ROS package in '/home/abc/MDH/ros_ws/src/motor_status' with build type 'ament_cmake'
[0.247s] INFO:colcon.colcon_cmake.task.cmake.build:Building CMake package in '/home/abc/MDH/ros_ws/src/motor_status'
[0.248s] INFO:colcon.colcon_core.shell:Skip shell extension 'powershell' for command environment: Not usable outside of PowerShell
[0.248s] DEBUG:colcon.colcon_core.shell:Skip shell extension 'dsv' for command environment
[0.250s] INFO:colcon.colcon_ros.task.cmake.build:Building ROS package in '/home/abc/MDH/ros_ws/src/rmf_utils/rmf_utils' with build type 'cmake'
[0.250s] INFO:colcon.colcon_cmake.task.cmake.build:Building CMake package in '/home/abc/MDH/ros_ws/src/rmf_utils/rmf_utils'
[0.251s] INFO:colcon.colcon_core.shell:Skip shell extension 'powershell' for command environment: Not usable outside of PowerShell
[0.251s] DEBUG:colcon.colcon_core.shell:Skip shell extension 'dsv' for command environment
[0.259s] DEBUG:colcon.colcon_core.event_handler.log_command:Invoking command in '/home/abc/MDH/ros_ws/build/motor_control_command_msgs': CMAKE_PREFIX_PATH=/opt/ros/humble /usr/bin/cmake /home/abc/MDH/ros_ws/src/internal_msgs/motor_control_command_msgs -DCMAKE_INSTALL_PREFIX=/home/abc/MDH/ros_ws/install/motor_control_command_msgs
[0.263s] DEBUG:colcon.colcon_core.event_handler.log_command:Invoking command in '/home/abc/MDH/ros_ws/build/motor_status': CMAKE_PREFIX_PATH=/opt/ros/humble /usr/bin/cmake /home/abc/MDH/ros_ws/src/motor_status -DCMAKE_INSTALL_PREFIX=/home/abc/MDH/ros_ws/install/motor_status
[0.267s] DEBUG:colcon.colcon_core.event_handler.log_command:Invoking command in '/home/abc/MDH/ros_ws/build/rmf_utils': CMAKE_PREFIX_PATH=/opt/ros/humble /usr/bin/cmake /home/abc/MDH/ros_ws/src/rmf_utils/rmf_utils -DCMAKE_INSTALL_PREFIX=/home/abc/MDH/ros_ws/install/rmf_utils
[1.016s] DEBUG:colcon.colcon_core.event_handler.log_command:Invoked command in '/home/abc/MDH/ros_ws/build/rmf_utils' returned '0': CMAKE_PREFIX_PATH=/opt/ros/humble /usr/bin/cmake /home/abc/MDH/ros_ws/src/rmf_utils/rmf_utils -DCMAKE_INSTALL_PREFIX=/home/abc/MDH/ros_ws/install/rmf_utils
[1.020s] DEBUG:colcon.colcon_core.event_handler.log_command:Invoking command in '/home/abc/MDH/ros_ws/build/rmf_utils': CMAKE_PREFIX_PATH=/opt/ros/humble /usr/bin/cmake --build /home/abc/MDH/ros_ws/build/rmf_utils -- -j8 -l8
[1.424s] DEBUG:colcon.colcon_core.event_handler.log_command:Invoked command in '/home/abc/MDH/ros_ws/build/rmf_utils' returned '0': CMAKE_PREFIX_PATH=/opt/ros/humble /usr/bin/cmake --build /home/abc/MDH/ros_ws/build/rmf_utils -- -j8 -l8
[1.437s] DEBUG:colcon.colcon_core.event_handler.log_command:Invoking command in '/home/abc/MDH/ros_ws/build/rmf_utils': CMAKE_PREFIX_PATH=/opt/ros/humble /usr/bin/cmake --install /home/abc/MDH/ros_ws/build/rmf_utils
[1.458s] DEBUG:colcon.colcon_core.event_handler.log_command:Invoked command in '/home/abc/MDH/ros_ws/build/rmf_utils' returned '0': CMAKE_PREFIX_PATH=/opt/ros/humble /usr/bin/cmake --install /home/abc/MDH/ros_ws/build/rmf_utils
[1.459s] Level 1:colcon.colcon_core.shell:create_environment_hook('rmf_utils', 'pkg_config_path')
[1.459s] INFO:colcon.colcon_core.shell:Creating environment hook '/home/abc/MDH/ros_ws/install/rmf_utils/share/rmf_utils/hook/pkg_config_path.ps1'
[1.459s] INFO:colcon.colcon_core.shell:Creating environment descriptor '/home/abc/MDH/ros_ws/install/rmf_utils/share/rmf_utils/hook/pkg_config_path.dsv'
[1.460s] INFO:colcon.colcon_core.shell:Creating environment hook '/home/abc/MDH/ros_ws/install/rmf_utils/share/rmf_utils/hook/pkg_config_path.sh'
[1.462s] Level 1:colcon.colcon_core.shell:create_environment_hook('rmf_utils', 'pkg_config_path_multiarch')
[1.463s] INFO:colcon.colcon_core.shell:Creating environment hook '/home/abc/MDH/ros_ws/install/rmf_utils/share/rmf_utils/hook/pkg_config_path_multiarch.ps1'
[1.463s] INFO:colcon.colcon_core.shell:Creating environment descriptor '/home/abc/MDH/ros_ws/install/rmf_utils/share/rmf_utils/hook/pkg_config_path_multiarch.dsv'
[1.463s] INFO:colcon.colcon_core.shell:Creating environment hook '/home/abc/MDH/ros_ws/install/rmf_utils/share/rmf_utils/hook/pkg_config_path_multiarch.sh'
[1.464s] Level 1:colcon.colcon_core.environment:create_environment_scripts_only(rmf_utils)
[1.466s] Level 1:colcon.colcon_core.environment:checking '/home/abc/MDH/ros_ws/install/rmf_utils' for CMake module files
[1.466s] Level 1:colcon.colcon_core.environment:checking '/home/abc/MDH/ros_ws/install/rmf_utils' for CMake config files
[1.466s] Level 1:colcon.colcon_core.shell:create_environment_hook('rmf_utils', 'cmake_prefix_path')
[1.467s] INFO:colcon.colcon_core.shell:Creating environment hook '/home/abc/MDH/ros_ws/install/rmf_utils/share/rmf_utils/hook/cmake_prefix_path.ps1'
[1.467s] INFO:colcon.colcon_core.shell:Creating environment descriptor '/home/abc/MDH/ros_ws/install/rmf_utils/share/rmf_utils/hook/cmake_prefix_path.dsv'
[1.467s] INFO:colcon.colcon_core.shell:Creating environment hook '/home/abc/MDH/ros_ws/install/rmf_utils/share/rmf_utils/hook/cmake_prefix_path.sh'
[1.468s] Level 1:colcon.colcon_core.environment:checking '/home/abc/MDH/ros_ws/install/rmf_utils/lib'
[1.468s] Level 1:colcon.colcon_core.shell:create_environment_hook('rmf_utils', 'ld_library_path_lib')
[1.468s] INFO:colcon.colcon_core.shell:Creating environment hook '/home/abc/MDH/ros_ws/install/rmf_utils/share/rmf_utils/hook/ld_library_path_lib.ps1'
[1.469s] INFO:colcon.colcon_core.shell:Creating environment descriptor '/home/abc/MDH/ros_ws/install/rmf_utils/share/rmf_utils/hook/ld_library_path_lib.dsv'
[1.469s] INFO:colcon.colcon_core.shell:Creating environment hook '/home/abc/MDH/ros_ws/install/rmf_utils/share/rmf_utils/hook/ld_library_path_lib.sh'
[1.470s] Level 1:colcon.colcon_core.environment:checking '/home/abc/MDH/ros_ws/install/rmf_utils/bin'
[1.470s] Level 1:colcon.colcon_core.environment:checking '/home/abc/MDH/ros_ws/install/rmf_utils/lib/pkgconfig/rmf_utils.pc'
[1.470s] Level 1:colcon.colcon_core.environment:checking '/home/abc/MDH/ros_ws/install/rmf_utils/lib/python3.10/site-packages'
[1.470s] Level 1:colcon.colcon_core.environment:checking '/home/abc/MDH/ros_ws/install/rmf_utils/bin'
[1.470s] INFO:colcon.colcon_core.shell:Creating package script '/home/abc/MDH/ros_ws/install/rmf_utils/share/rmf_utils/package.ps1'
[1.471s] INFO:colcon.colcon_core.shell:Creating package descriptor '/home/abc/MDH/ros_ws/install/rmf_utils/share/rmf_utils/package.dsv'
[1.472s] INFO:colcon.colcon_core.shell:Creating package script '/home/abc/MDH/ros_ws/install/rmf_utils/share/rmf_utils/package.sh'
[1.473s] INFO:colcon.colcon_core.shell:Creating package script '/home/abc/MDH/ros_ws/install/rmf_utils/share/rmf_utils/package.bash'
[1.474s] INFO:colcon.colcon_core.shell:Creating package script '/home/abc/MDH/ros_ws/install/rmf_utils/share/rmf_utils/package.zsh'
[1.475s] Level 1:colcon.colcon_core.environment:create_file_with_runtime_dependencies(/home/abc/MDH/ros_ws/install/rmf_utils/share/colcon-core/packages/rmf_utils)
[1.775s] DEBUG:colcon.colcon_core.event_handler.log_command:Invoked command in '/home/abc/MDH/ros_ws/build/motor_status' returned '0': CMAKE_PREFIX_PATH=/opt/ros/humble /usr/bin/cmake /home/abc/MDH/ros_ws/src/motor_status -DCMAKE_INSTALL_PREFIX=/home/abc/MDH/ros_ws/install/motor_status
[1.776s] DEBUG:colcon.colcon_core.event_handler.log_command:Invoking command in '/home/abc/MDH/ros_ws/build/motor_status': CMAKE_PREFIX_PATH=/opt/ros/humble /usr/bin/cmake --build /home/abc/MDH/ros_ws/build/motor_status -- -j8 -l8
[2.192s] DEBUG:colcon.colcon_core.event_handler.log_command:Invoked command in '/home/abc/MDH/ros_ws/build/motor_control_command_msgs' returned '0': CMAKE_PREFIX_PATH=/opt/ros/humble /usr/bin/cmake /home/abc/MDH/ros_ws/src/internal_msgs/motor_control_command_msgs -DCMAKE_INSTALL_PREFIX=/home/abc/MDH/ros_ws/install/motor_control_command_msgs
[2.195s] DEBUG:colcon.colcon_core.event_handler.log_command:Invoking command in '/home/abc/MDH/ros_ws/build/motor_control_command_msgs': CMAKE_PREFIX_PATH=/opt/ros/humble /usr/bin/cmake --build /home/abc/MDH/ros_ws/build/motor_control_command_msgs -- -j8 -l8
[8.489s] DEBUG:colcon.colcon_core.event_handler.log_command:Invoked command in '/home/abc/MDH/ros_ws/build/motor_control_command_msgs' returned '0': CMAKE_PREFIX_PATH=/opt/ros/humble /usr/bin/cmake --build /home/abc/MDH/ros_ws/build/motor_control_command_msgs -- -j8 -l8
[8.492s] DEBUG:colcon.colcon_core.event_handler.log_command:Invoking command in '/home/abc/MDH/ros_ws/build/motor_control_command_msgs': CMAKE_PREFIX_PATH=/opt/ros/humble /usr/bin/cmake --install /home/abc/MDH/ros_ws/build/motor_control_command_msgs
[8.620s] Level 1:colcon.colcon_core.environment:create_environment_scripts_only(motor_control_command_msgs)
[8.620s] Level 1:colcon.colcon_core.environment:checking '/home/abc/MDH/ros_ws/install/motor_control_command_msgs' for CMake module files
[8.621s] DEBUG:colcon.colcon_core.event_handler.log_command:Invoked command in '/home/abc/MDH/ros_ws/build/motor_control_command_msgs' returned '0': CMAKE_PREFIX_PATH=/opt/ros/humble /usr/bin/cmake --install /home/abc/MDH/ros_ws/build/motor_control_command_msgs
[8.621s] Level 1:colcon.colcon_core.environment:checking '/home/abc/MDH/ros_ws/install/motor_control_command_msgs' for CMake config files
[8.622s] Level 1:colcon.colcon_core.shell:create_environment_hook('motor_control_command_msgs', 'cmake_prefix_path')
[8.622s] INFO:colcon.colcon_core.shell:Creating environment hook '/home/abc/MDH/ros_ws/install/motor_control_command_msgs/share/motor_control_command_msgs/hook/cmake_prefix_path.ps1'
[8.623s] INFO:colcon.colcon_core.shell:Creating environment descriptor '/home/abc/MDH/ros_ws/install/motor_control_command_msgs/share/motor_control_command_msgs/hook/cmake_prefix_path.dsv'
[8.623s] INFO:colcon.colcon_core.shell:Creating environment hook '/home/abc/MDH/ros_ws/install/motor_control_command_msgs/share/motor_control_command_msgs/hook/cmake_prefix_path.sh'
[8.624s] Level 1:colcon.colcon_core.environment:checking '/home/abc/MDH/ros_ws/install/motor_control_command_msgs/lib'
[8.624s] Level 1:colcon.colcon_core.shell:create_environment_hook('motor_control_command_msgs', 'ld_library_path_lib')
[8.625s] INFO:colcon.colcon_core.shell:Creating environment hook '/home/abc/MDH/ros_ws/install/motor_control_command_msgs/share/motor_control_command_msgs/hook/ld_library_path_lib.ps1'
[8.625s] INFO:colcon.colcon_core.shell:Creating environment descriptor '/home/abc/MDH/ros_ws/install/motor_control_command_msgs/share/motor_control_command_msgs/hook/ld_library_path_lib.dsv'
[8.626s] INFO:colcon.colcon_core.shell:Creating environment hook '/home/abc/MDH/ros_ws/install/motor_control_command_msgs/share/motor_control_command_msgs/hook/ld_library_path_lib.sh'
[8.626s] Level 1:colcon.colcon_core.environment:checking '/home/abc/MDH/ros_ws/install/motor_control_command_msgs/bin'
[8.626s] Level 1:colcon.colcon_core.environment:checking '/home/abc/MDH/ros_ws/install/motor_control_command_msgs/lib/pkgconfig/motor_control_command_msgs.pc'
[8.627s] Level 1:colcon.colcon_core.environment:checking '/home/abc/MDH/ros_ws/install/motor_control_command_msgs/lib/python3.10/site-packages'
[8.627s] Level 1:colcon.colcon_core.environment:checking '/home/abc/MDH/ros_ws/install/motor_control_command_msgs/bin'
[8.628s] INFO:colcon.colcon_core.shell:Creating package script '/home/abc/MDH/ros_ws/install/motor_control_command_msgs/share/motor_control_command_msgs/package.ps1'
[8.628s] INFO:colcon.colcon_core.shell:Creating package descriptor '/home/abc/MDH/ros_ws/install/motor_control_command_msgs/share/motor_control_command_msgs/package.dsv'
[8.630s] INFO:colcon.colcon_core.shell:Creating package script '/home/abc/MDH/ros_ws/install/motor_control_command_msgs/share/motor_control_command_msgs/package.sh'
[8.630s] INFO:colcon.colcon_core.shell:Creating package script '/home/abc/MDH/ros_ws/install/motor_control_command_msgs/share/motor_control_command_msgs/package.bash'
[8.631s] INFO:colcon.colcon_core.shell:Creating package script '/home/abc/MDH/ros_ws/install/motor_control_command_msgs/share/motor_control_command_msgs/package.zsh'
[8.632s] Level 1:colcon.colcon_core.environment:create_file_with_runtime_dependencies(/home/abc/MDH/ros_ws/install/motor_control_command_msgs/share/colcon-core/packages/motor_control_command_msgs)
[8.635s] Level 1:colcon.colcon_core.environment:create_environment_scripts_only(motor_control_command_msgs)
[8.636s] Level 1:colcon.colcon_core.environment:checking '/home/abc/MDH/ros_ws/install/motor_control_command_msgs' for CMake module files
[8.637s] Level 1:colcon.colcon_core.environment:checking '/home/abc/MDH/ros_ws/install/motor_control_command_msgs' for CMake config files
[8.638s] Level 1:colcon.colcon_core.shell:create_environment_hook('motor_control_command_msgs', 'cmake_prefix_path')
[8.638s] INFO:colcon.colcon_core.shell:Creating environment hook '/home/abc/MDH/ros_ws/install/motor_control_command_msgs/share/motor_control_command_msgs/hook/cmake_prefix_path.ps1'
[8.639s] INFO:colcon.colcon_core.shell:Creating environment descriptor '/home/abc/MDH/ros_ws/install/motor_control_command_msgs/share/motor_control_command_msgs/hook/cmake_prefix_path.dsv'
[8.640s] INFO:colcon.colcon_core.shell:Creating environment hook '/home/abc/MDH/ros_ws/install/motor_control_command_msgs/share/motor_control_command_msgs/hook/cmake_prefix_path.sh'
[8.641s] Level 1:colcon.colcon_core.environment:checking '/home/abc/MDH/ros_ws/install/motor_control_command_msgs/lib'
[8.641s] Level 1:colcon.colcon_core.shell:create_environment_hook('motor_control_command_msgs', 'ld_library_path_lib')
[8.642s] INFO:colcon.colcon_core.shell:Creating environment hook '/home/abc/MDH/ros_ws/install/motor_control_command_msgs/share/motor_control_command_msgs/hook/ld_library_path_lib.ps1'
[8.642s] INFO:colcon.colcon_core.shell:Creating environment descriptor '/home/abc/MDH/ros_ws/install/motor_control_command_msgs/share/motor_control_command_msgs/hook/ld_library_path_lib.dsv'
[8.643s] INFO:colcon.colcon_core.shell:Creating environment hook '/home/abc/MDH/ros_ws/install/motor_control_command_msgs/share/motor_control_command_msgs/hook/ld_library_path_lib.sh'
[8.644s] Level 1:colcon.colcon_core.environment:checking '/home/abc/MDH/ros_ws/install/motor_control_command_msgs/bin'
[8.644s] Level 1:colcon.colcon_core.environment:checking '/home/abc/MDH/ros_ws/install/motor_control_command_msgs/lib/pkgconfig/motor_control_command_msgs.pc'
[8.645s] Level 1:colcon.colcon_core.environment:checking '/home/abc/MDH/ros_ws/install/motor_control_command_msgs/lib/python3.10/site-packages'
[8.645s] Level 1:colcon.colcon_core.environment:checking '/home/abc/MDH/ros_ws/install/motor_control_command_msgs/bin'
[8.646s] INFO:colcon.colcon_core.shell:Creating package script '/home/abc/MDH/ros_ws/install/motor_control_command_msgs/share/motor_control_command_msgs/package.ps1'
[8.650s] INFO:colcon.colcon_core.shell:Creating package descriptor '/home/abc/MDH/ros_ws/install/motor_control_command_msgs/share/motor_control_command_msgs/package.dsv'
[8.651s] INFO:colcon.colcon_core.shell:Creating package script '/home/abc/MDH/ros_ws/install/motor_control_command_msgs/share/motor_control_command_msgs/package.sh'
[8.653s] INFO:colcon.colcon_core.shell:Creating package script '/home/abc/MDH/ros_ws/install/motor_control_command_msgs/share/motor_control_command_msgs/package.bash'
[8.653s] INFO:colcon.colcon_core.shell:Creating package script '/home/abc/MDH/ros_ws/install/motor_control_command_msgs/share/motor_control_command_msgs/package.zsh'
[8.654s] Level 1:colcon.colcon_core.environment:create_file_with_runtime_dependencies(/home/abc/MDH/ros_ws/install/motor_control_command_msgs/share/colcon-core/packages/motor_control_command_msgs)
[8.655s] INFO:colcon.colcon_ros.task.ament_cmake.build:Building ROS package in '/home/abc/MDH/ros_ws/src/motor_control' with build type 'ament_cmake'
[8.656s] INFO:colcon.colcon_cmake.task.cmake.build:Building CMake package in '/home/abc/MDH/ros_ws/src/motor_control'
[8.656s] INFO:colcon.colcon_core.shell:Skip shell extension 'powershell' for command environment: Not usable outside of PowerShell
[8.656s] DEBUG:colcon.colcon_core.shell:Skip shell extension 'dsv' for command environment
[8.664s] INFO:colcon.colcon_ros.task.ament_cmake.build:Building ROS package in '/home/abc/MDH/ros_ws/src/motor_control_v2' with build type 'ament_cmake'
[8.664s] INFO:colcon.colcon_cmake.task.cmake.build:Building CMake package in '/home/abc/MDH/ros_ws/src/motor_control_v2'
[8.665s] INFO:colcon.colcon_core.shell:Skip shell extension 'powershell' for command environment: Not usable outside of PowerShell
[8.665s] DEBUG:colcon.colcon_core.shell:Skip shell extension 'dsv' for command environment
[8.681s] DEBUG:colcon.colcon_core.event_handler.log_command:Invoking command in '/home/abc/MDH/ros_ws/build/motor_control': AMENT_PREFIX_PATH=/home/abc/MDH/ros_ws/install/motor_control_command_msgs:${AMENT_PREFIX_PATH} CMAKE_PREFIX_PATH=/home/abc/MDH/ros_ws/install/motor_control_command_msgs:/opt/ros/humble LD_LIBRARY_PATH=/home/abc/MDH/ros_ws/install/motor_control_command_msgs/lib:${LD_LIBRARY_PATH} PYTHONPATH=/home/abc/MDH/ros_ws/install/motor_control_command_msgs/local/lib/python3.10/dist-packages:${PYTHONPATH} /usr/bin/cmake /home/abc/MDH/ros_ws/src/motor_control -DCMAKE_INSTALL_PREFIX=/home/abc/MDH/ros_ws/install/motor_control
[8.686s] DEBUG:colcon.colcon_core.event_handler.log_command:Invoking command in '/home/abc/MDH/ros_ws/build/motor_control_v2': AMENT_PREFIX_PATH=/home/abc/MDH/ros_ws/install/motor_control_command_msgs:${AMENT_PREFIX_PATH} CMAKE_PREFIX_PATH=/home/abc/MDH/ros_ws/install/motor_control_command_msgs:/opt/ros/humble LD_LIBRARY_PATH=/home/abc/MDH/ros_ws/install/motor_control_command_msgs/lib:${LD_LIBRARY_PATH} PYTHONPATH=/home/abc/MDH/ros_ws/install/motor_control_command_msgs/local/lib/python3.10/dist-packages:${PYTHONPATH} /usr/bin/cmake /home/abc/MDH/ros_ws/src/motor_control_v2 -DCMAKE_INSTALL_PREFIX=/home/abc/MDH/ros_ws/install/motor_control_v2
[11.184s] DEBUG:colcon.colcon_core.event_handler.log_command:Invoked command in '/home/abc/MDH/ros_ws/build/motor_control_v2' returned '0': AMENT_PREFIX_PATH=/home/abc/MDH/ros_ws/install/motor_control_command_msgs:${AMENT_PREFIX_PATH} CMAKE_PREFIX_PATH=/home/abc/MDH/ros_ws/install/motor_control_command_msgs:/opt/ros/humble LD_LIBRARY_PATH=/home/abc/MDH/ros_ws/install/motor_control_command_msgs/lib:${LD_LIBRARY_PATH} PYTHONPATH=/home/abc/MDH/ros_ws/install/motor_control_command_msgs/local/lib/python3.10/dist-packages:${PYTHONPATH} /usr/bin/cmake /home/abc/MDH/ros_ws/src/motor_control_v2 -DCMAKE_INSTALL_PREFIX=/home/abc/MDH/ros_ws/install/motor_control_v2
[11.187s] DEBUG:colcon.colcon_core.event_handler.log_command:Invoking command in '/home/abc/MDH/ros_ws/build/motor_control_v2': AMENT_PREFIX_PATH=/home/abc/MDH/ros_ws/install/motor_control_command_msgs:${AMENT_PREFIX_PATH} CMAKE_PREFIX_PATH=/home/abc/MDH/ros_ws/install/motor_control_command_msgs:/opt/ros/humble LD_LIBRARY_PATH=/home/abc/MDH/ros_ws/install/motor_control_command_msgs/lib:${LD_LIBRARY_PATH} PYTHONPATH=/home/abc/MDH/ros_ws/install/motor_control_command_msgs/local/lib/python3.10/dist-packages:${PYTHONPATH} /usr/bin/cmake --build /home/abc/MDH/ros_ws/build/motor_control_v2 -- -j8 -l8
[11.196s] DEBUG:colcon.colcon_core.event_handler.log_command:Invoked command in '/home/abc/MDH/ros_ws/build/motor_control' returned '0': AMENT_PREFIX_PATH=/home/abc/MDH/ros_ws/install/motor_control_command_msgs:${AMENT_PREFIX_PATH} CMAKE_PREFIX_PATH=/home/abc/MDH/ros_ws/install/motor_control_command_msgs:/opt/ros/humble LD_LIBRARY_PATH=/home/abc/MDH/ros_ws/install/motor_control_command_msgs/lib:${LD_LIBRARY_PATH} PYTHONPATH=/home/abc/MDH/ros_ws/install/motor_control_command_msgs/local/lib/python3.10/dist-packages:${PYTHONPATH} /usr/bin/cmake /home/abc/MDH/ros_ws/src/motor_control -DCMAKE_INSTALL_PREFIX=/home/abc/MDH/ros_ws/install/motor_control
[11.204s] DEBUG:colcon.colcon_core.event_handler.log_command:Invoking command in '/home/abc/MDH/ros_ws/build/motor_control': AMENT_PREFIX_PATH=/home/abc/MDH/ros_ws/install/motor_control_command_msgs:${AMENT_PREFIX_PATH} CMAKE_PREFIX_PATH=/home/abc/MDH/ros_ws/install/motor_control_command_msgs:/opt/ros/humble LD_LIBRARY_PATH=/home/abc/MDH/ros_ws/install/motor_control_command_msgs/lib:${LD_LIBRARY_PATH} PYTHONPATH=/home/abc/MDH/ros_ws/install/motor_control_command_msgs/local/lib/python3.10/dist-packages:${PYTHONPATH} /usr/bin/cmake --build /home/abc/MDH/ros_ws/build/motor_control -- -j8 -l8
[37.039s] DEBUG:colcon.colcon_core.event_handler.log_command:Invoked command in '/home/abc/MDH/ros_ws/build/motor_status' returned '0': CMAKE_PREFIX_PATH=/opt/ros/humble /usr/bin/cmake --build /home/abc/MDH/ros_ws/build/motor_status -- -j8 -l8
[37.043s] DEBUG:colcon.colcon_core.event_handler.log_command:Invoking command in '/home/abc/MDH/ros_ws/build/motor_status': CMAKE_PREFIX_PATH=/opt/ros/humble /usr/bin/cmake --install /home/abc/MDH/ros_ws/build/motor_status
[37.110s] Level 1:colcon.colcon_core.environment:create_environment_scripts_only(motor_status)
[37.111s] Level 1:colcon.colcon_core.environment:checking '/home/abc/MDH/ros_ws/install/motor_status' for CMake module files
[37.112s] DEBUG:colcon.colcon_core.event_handler.log_command:Invoked command in '/home/abc/MDH/ros_ws/build/motor_status' returned '0': CMAKE_PREFIX_PATH=/opt/ros/humble /usr/bin/cmake --install /home/abc/MDH/ros_ws/build/motor_status
[37.115s] Level 1:colcon.colcon_core.environment:checking '/home/abc/MDH/ros_ws/install/motor_status' for CMake config files
[37.116s] Level 1:colcon.colcon_core.shell:create_environment_hook('motor_status', 'cmake_prefix_path')
[37.117s] INFO:colcon.colcon_core.shell:Creating environment hook '/home/abc/MDH/ros_ws/install/motor_status/share/motor_status/hook/cmake_prefix_path.ps1'
[37.120s] INFO:colcon.colcon_core.shell:Creating environment descriptor '/home/abc/MDH/ros_ws/install/motor_status/share/motor_status/hook/cmake_prefix_path.dsv'
[37.121s] INFO:colcon.colcon_core.shell:Creating environment hook '/home/abc/MDH/ros_ws/install/motor_status/share/motor_status/hook/cmake_prefix_path.sh'
[37.123s] Level 1:colcon.colcon_core.environment:checking '/home/abc/MDH/ros_ws/install/motor_status/lib'
[37.123s] Level 1:colcon.colcon_core.environment:checking '/home/abc/MDH/ros_ws/install/motor_status/bin'
[37.123s] Level 1:colcon.colcon_core.environment:checking '/home/abc/MDH/ros_ws/install/motor_status/lib/pkgconfig/motor_status.pc'
[37.124s] Level 1:colcon.colcon_core.environment:checking '/home/abc/MDH/ros_ws/install/motor_status/lib/python3.10/site-packages'
[37.124s] Level 1:colcon.colcon_core.environment:checking '/home/abc/MDH/ros_ws/install/motor_status/bin'
[37.125s] INFO:colcon.colcon_core.shell:Creating package script '/home/abc/MDH/ros_ws/install/motor_status/share/motor_status/package.ps1'
[37.127s] INFO:colcon.colcon_core.shell:Creating package descriptor '/home/abc/MDH/ros_ws/install/motor_status/share/motor_status/package.dsv'
[37.131s] INFO:colcon.colcon_core.shell:Creating package script '/home/abc/MDH/ros_ws/install/motor_status/share/motor_status/package.sh'
[37.133s] INFO:colcon.colcon_core.shell:Creating package script '/home/abc/MDH/ros_ws/install/motor_status/share/motor_status/package.bash'
[37.134s] INFO:colcon.colcon_core.shell:Creating package script '/home/abc/MDH/ros_ws/install/motor_status/share/motor_status/package.zsh'
[37.135s] Level 1:colcon.colcon_core.environment:create_file_with_runtime_dependencies(/home/abc/MDH/ros_ws/install/motor_status/share/colcon-core/packages/motor_status)
[37.141s] Level 1:colcon.colcon_core.environment:create_environment_scripts_only(motor_status)
[37.142s] Level 1:colcon.colcon_core.environment:checking '/home/abc/MDH/ros_ws/install/motor_status' for CMake module files
[37.144s] Level 1:colcon.colcon_core.environment:checking '/home/abc/MDH/ros_ws/install/motor_status' for CMake config files
[37.153s] Level 1:colcon.colcon_core.shell:create_environment_hook('motor_status', 'cmake_prefix_path')
[37.154s] INFO:colcon.colcon_core.shell:Creating environment hook '/home/abc/MDH/ros_ws/install/motor_status/share/motor_status/hook/cmake_prefix_path.ps1'
[37.159s] INFO:colcon.colcon_core.shell:Creating environment descriptor '/home/abc/MDH/ros_ws/install/motor_status/share/motor_status/hook/cmake_prefix_path.dsv'
[37.162s] INFO:colcon.colcon_core.shell:Creating environment hook '/home/abc/MDH/ros_ws/install/motor_status/share/motor_status/hook/cmake_prefix_path.sh'
[37.166s] Level 1:colcon.colcon_core.environment:checking '/home/abc/MDH/ros_ws/install/motor_status/lib'
[37.166s] Level 1:colcon.colcon_core.environment:checking '/home/abc/MDH/ros_ws/install/motor_status/bin'
[37.166s] Level 1:colcon.colcon_core.environment:checking '/home/abc/MDH/ros_ws/install/motor_status/lib/pkgconfig/motor_status.pc'
[37.167s] Level 1:colcon.colcon_core.environment:checking '/home/abc/MDH/ros_ws/install/motor_status/lib/python3.10/site-packages'
[37.168s] Level 1:colcon.colcon_core.environment:checking '/home/abc/MDH/ros_ws/install/motor_status/bin'
[37.168s] INFO:colcon.colcon_core.shell:Creating package script '/home/abc/MDH/ros_ws/install/motor_status/share/motor_status/package.ps1'
[37.170s] INFO:colcon.colcon_core.shell:Creating package descriptor '/home/abc/MDH/ros_ws/install/motor_status/share/motor_status/package.dsv'
[37.172s] INFO:colcon.colcon_core.shell:Creating package script '/home/abc/MDH/ros_ws/install/motor_status/share/motor_status/package.sh'
[37.173s] INFO:colcon.colcon_core.shell:Creating package script '/home/abc/MDH/ros_ws/install/motor_status/share/motor_status/package.bash'
[37.177s] INFO:colcon.colcon_core.shell:Creating package script '/home/abc/MDH/ros_ws/install/motor_status/share/motor_status/package.zsh'
[37.183s] Level 1:colcon.colcon_core.environment:create_file_with_runtime_dependencies(/home/abc/MDH/ros_ws/install/motor_status/share/colcon-core/packages/motor_status)
[41.249s] DEBUG:colcon.colcon_core.event_handler.log_command:Invoked command in '/home/abc/MDH/ros_ws/build/motor_control_v2' returned '0': AMENT_PREFIX_PATH=/home/abc/MDH/ros_ws/install/motor_control_command_msgs:${AMENT_PREFIX_PATH} CMAKE_PREFIX_PATH=/home/abc/MDH/ros_ws/install/motor_control_command_msgs:/opt/ros/humble LD_LIBRARY_PATH=/home/abc/MDH/ros_ws/install/motor_control_command_msgs/lib:${LD_LIBRARY_PATH} PYTHONPATH=/home/abc/MDH/ros_ws/install/motor_control_command_msgs/local/lib/python3.10/dist-packages:${PYTHONPATH} /usr/bin/cmake --build /home/abc/MDH/ros_ws/build/motor_control_v2 -- -j8 -l8
[41.256s] DEBUG:colcon.colcon_core.event_handler.log_command:Invoking command in '/home/abc/MDH/ros_ws/build/motor_control_v2': AMENT_PREFIX_PATH=/home/abc/MDH/ros_ws/install/motor_control_command_msgs:${AMENT_PREFIX_PATH} CMAKE_PREFIX_PATH=/home/abc/MDH/ros_ws/install/motor_control_command_msgs:/opt/ros/humble LD_LIBRARY_PATH=/home/abc/MDH/ros_ws/install/motor_control_command_msgs/lib:${LD_LIBRARY_PATH} PYTHONPATH=/home/abc/MDH/ros_ws/install/motor_control_command_msgs/local/lib/python3.10/dist-packages:${PYTHONPATH} /usr/bin/cmake --install /home/abc/MDH/ros_ws/build/motor_control_v2
[41.298s] Level 1:colcon.colcon_core.environment:create_environment_scripts_only(motor_control_v2)
[41.299s] Level 1:colcon.colcon_core.environment:checking '/home/abc/MDH/ros_ws/install/motor_control_v2' for CMake module files
[41.301s] DEBUG:colcon.colcon_core.event_handler.log_command:Invoked command in '/home/abc/MDH/ros_ws/build/motor_control_v2' returned '0': AMENT_PREFIX_PATH=/home/abc/MDH/ros_ws/install/motor_control_command_msgs:${AMENT_PREFIX_PATH} CMAKE_PREFIX_PATH=/home/abc/MDH/ros_ws/install/motor_control_command_msgs:/opt/ros/humble LD_LIBRARY_PATH=/home/abc/MDH/ros_ws/install/motor_control_command_msgs/lib:${LD_LIBRARY_PATH} PYTHONPATH=/home/abc/MDH/ros_ws/install/motor_control_command_msgs/local/lib/python3.10/dist-packages:${PYTHONPATH} /usr/bin/cmake --install /home/abc/MDH/ros_ws/build/motor_control_v2
[41.302s] Level 1:colcon.colcon_core.environment:checking '/home/abc/MDH/ros_ws/install/motor_control_v2' for CMake config files
[41.302s] Level 1:colcon.colcon_core.shell:create_environment_hook('motor_control_v2', 'cmake_prefix_path')
[41.303s] INFO:colcon.colcon_core.shell:Creating environment hook '/home/abc/MDH/ros_ws/install/motor_control_v2/share/motor_control_v2/hook/cmake_prefix_path.ps1'
[41.304s] INFO:colcon.colcon_core.shell:Creating environment descriptor '/home/abc/MDH/ros_ws/install/motor_control_v2/share/motor_control_v2/hook/cmake_prefix_path.dsv'
[41.304s] INFO:colcon.colcon_core.shell:Creating environment hook '/home/abc/MDH/ros_ws/install/motor_control_v2/share/motor_control_v2/hook/cmake_prefix_path.sh'
[41.305s] Level 1:colcon.colcon_core.environment:checking '/home/abc/MDH/ros_ws/install/motor_control_v2/lib'
[41.305s] Level 1:colcon.colcon_core.environment:checking '/home/abc/MDH/ros_ws/install/motor_control_v2/bin'
[41.305s] Level 1:colcon.colcon_core.environment:checking '/home/abc/MDH/ros_ws/install/motor_control_v2/lib/pkgconfig/motor_control_v2.pc'
[41.305s] Level 1:colcon.colcon_core.environment:checking '/home/abc/MDH/ros_ws/install/motor_control_v2/lib/python3.10/site-packages'
[41.306s] Level 1:colcon.colcon_core.environment:checking '/home/abc/MDH/ros_ws/install/motor_control_v2/bin'
[41.306s] INFO:colcon.colcon_core.shell:Creating package script '/home/abc/MDH/ros_ws/install/motor_control_v2/share/motor_control_v2/package.ps1'
[41.307s] INFO:colcon.colcon_core.shell:Creating package descriptor '/home/abc/MDH/ros_ws/install/motor_control_v2/share/motor_control_v2/package.dsv'
[41.308s] INFO:colcon.colcon_core.shell:Creating package script '/home/abc/MDH/ros_ws/install/motor_control_v2/share/motor_control_v2/package.sh'
[41.308s] INFO:colcon.colcon_core.shell:Creating package script '/home/abc/MDH/ros_ws/install/motor_control_v2/share/motor_control_v2/package.bash'
[41.309s] INFO:colcon.colcon_core.shell:Creating package script '/home/abc/MDH/ros_ws/install/motor_control_v2/share/motor_control_v2/package.zsh'
[41.309s] Level 1:colcon.colcon_core.environment:create_file_with_runtime_dependencies(/home/abc/MDH/ros_ws/install/motor_control_v2/share/colcon-core/packages/motor_control_v2)
[41.311s] Level 1:colcon.colcon_core.environment:create_environment_scripts_only(motor_control_v2)
[41.312s] Level 1:colcon.colcon_core.environment:checking '/home/abc/MDH/ros_ws/install/motor_control_v2' for CMake module files
[41.313s] Level 1:colcon.colcon_core.environment:checking '/home/abc/MDH/ros_ws/install/motor_control_v2' for CMake config files
[41.314s] Level 1:colcon.colcon_core.shell:create_environment_hook('motor_control_v2', 'cmake_prefix_path')
[41.315s] INFO:colcon.colcon_core.shell:Creating environment hook '/home/abc/MDH/ros_ws/install/motor_control_v2/share/motor_control_v2/hook/cmake_prefix_path.ps1'
[41.316s] INFO:colcon.colcon_core.shell:Creating environment descriptor '/home/abc/MDH/ros_ws/install/motor_control_v2/share/motor_control_v2/hook/cmake_prefix_path.dsv'
[41.317s] INFO:colcon.colcon_core.shell:Creating environment hook '/home/abc/MDH/ros_ws/install/motor_control_v2/share/motor_control_v2/hook/cmake_prefix_path.sh'
[41.319s] Level 1:colcon.colcon_core.environment:checking '/home/abc/MDH/ros_ws/install/motor_control_v2/lib'
[41.319s] Level 1:colcon.colcon_core.environment:checking '/home/abc/MDH/ros_ws/install/motor_control_v2/bin'
[41.319s] Level 1:colcon.colcon_core.environment:checking '/home/abc/MDH/ros_ws/install/motor_control_v2/lib/pkgconfig/motor_control_v2.pc'
[41.319s] Level 1:colcon.colcon_core.environment:checking '/home/abc/MDH/ros_ws/install/motor_control_v2/lib/python3.10/site-packages'
[41.320s] Level 1:colcon.colcon_core.environment:checking '/home/abc/MDH/ros_ws/install/motor_control_v2/bin'
[41.321s] INFO:colcon.colcon_core.shell:Creating package script '/home/abc/MDH/ros_ws/install/motor_control_v2/share/motor_control_v2/package.ps1'
[41.324s] INFO:colcon.colcon_core.shell:Creating package descriptor '/home/abc/MDH/ros_ws/install/motor_control_v2/share/motor_control_v2/package.dsv'
[41.325s] INFO:colcon.colcon_core.shell:Creating package script '/home/abc/MDH/ros_ws/install/motor_control_v2/share/motor_control_v2/package.sh'
[41.326s] INFO:colcon.colcon_core.shell:Creating package script '/home/abc/MDH/ros_ws/install/motor_control_v2/share/motor_control_v2/package.bash'
[41.327s] INFO:colcon.colcon_core.shell:Creating package script '/home/abc/MDH/ros_ws/install/motor_control_v2/share/motor_control_v2/package.zsh'
[41.328s] Level 1:colcon.colcon_core.environment:create_file_with_runtime_dependencies(/home/abc/MDH/ros_ws/install/motor_control_v2/share/colcon-core/packages/motor_control_v2)
[48.456s] DEBUG:colcon.colcon_core.event_handler.log_command:Invoked command in '/home/abc/MDH/ros_ws/build/motor_control' returned '0': AMENT_PREFIX_PATH=/home/abc/MDH/ros_ws/install/motor_control_command_msgs:${AMENT_PREFIX_PATH} CMAKE_PREFIX_PATH=/home/abc/MDH/ros_ws/install/motor_control_command_msgs:/opt/ros/humble LD_LIBRARY_PATH=/home/abc/MDH/ros_ws/install/motor_control_command_msgs/lib:${LD_LIBRARY_PATH} PYTHONPATH=/home/abc/MDH/ros_ws/install/motor_control_command_msgs/local/lib/python3.10/dist-packages:${PYTHONPATH} /usr/bin/cmake --build /home/abc/MDH/ros_ws/build/motor_control -- -j8 -l8
[48.459s] DEBUG:colcon.colcon_core.event_handler.log_command:Invoking command in '/home/abc/MDH/ros_ws/build/motor_control': AMENT_PREFIX_PATH=/home/abc/MDH/ros_ws/install/motor_control_command_msgs:${AMENT_PREFIX_PATH} CMAKE_PREFIX_PATH=/home/abc/MDH/ros_ws/install/motor_control_command_msgs:/opt/ros/humble LD_LIBRARY_PATH=/home/abc/MDH/ros_ws/install/motor_control_command_msgs/lib:${LD_LIBRARY_PATH} PYTHONPATH=/home/abc/MDH/ros_ws/install/motor_control_command_msgs/local/lib/python3.10/dist-packages:${PYTHONPATH} /usr/bin/cmake --install /home/abc/MDH/ros_ws/build/motor_control
[48.490s] Level 1:colcon.colcon_core.environment:create_environment_scripts_only(motor_control)
[48.491s] Level 1:colcon.colcon_core.environment:checking '/home/abc/MDH/ros_ws/install/motor_control' for CMake module files
[48.492s] DEBUG:colcon.colcon_core.event_handler.log_command:Invoked command in '/home/abc/MDH/ros_ws/build/motor_control' returned '0': AMENT_PREFIX_PATH=/home/abc/MDH/ros_ws/install/motor_control_command_msgs:${AMENT_PREFIX_PATH} CMAKE_PREFIX_PATH=/home/abc/MDH/ros_ws/install/motor_control_command_msgs:/opt/ros/humble LD_LIBRARY_PATH=/home/abc/MDH/ros_ws/install/motor_control_command_msgs/lib:${LD_LIBRARY_PATH} PYTHONPATH=/home/abc/MDH/ros_ws/install/motor_control_command_msgs/local/lib/python3.10/dist-packages:${PYTHONPATH} /usr/bin/cmake --install /home/abc/MDH/ros_ws/build/motor_control
[48.494s] Level 1:colcon.colcon_core.environment:checking '/home/abc/MDH/ros_ws/install/motor_control' for CMake config files
[48.494s] Level 1:colcon.colcon_core.shell:create_environment_hook('motor_control', 'cmake_prefix_path')
[48.495s] INFO:colcon.colcon_core.shell:Creating environment hook '/home/abc/MDH/ros_ws/install/motor_control/share/motor_control/hook/cmake_prefix_path.ps1'
[48.496s] INFO:colcon.colcon_core.shell:Creating environment descriptor '/home/abc/MDH/ros_ws/install/motor_control/share/motor_control/hook/cmake_prefix_path.dsv'
[48.496s] INFO:colcon.colcon_core.shell:Creating environment hook '/home/abc/MDH/ros_ws/install/motor_control/share/motor_control/hook/cmake_prefix_path.sh'
[48.497s] Level 1:colcon.colcon_core.environment:checking '/home/abc/MDH/ros_ws/install/motor_control/lib'
[48.497s] Level 1:colcon.colcon_core.environment:checking '/home/abc/MDH/ros_ws/install/motor_control/bin'
[48.498s] Level 1:colcon.colcon_core.environment:checking '/home/abc/MDH/ros_ws/install/motor_control/lib/pkgconfig/motor_control.pc'
[48.498s] Level 1:colcon.colcon_core.environment:checking '/home/abc/MDH/ros_ws/install/motor_control/lib/python3.10/site-packages'
[48.498s] Level 1:colcon.colcon_core.environment:checking '/home/abc/MDH/ros_ws/install/motor_control/bin'
[48.498s] INFO:colcon.colcon_core.shell:Creating package script '/home/abc/MDH/ros_ws/install/motor_control/share/motor_control/package.ps1'
[48.499s] INFO:colcon.colcon_core.shell:Creating package descriptor '/home/abc/MDH/ros_ws/install/motor_control/share/motor_control/package.dsv'
[48.499s] INFO:colcon.colcon_core.shell:Creating package script '/home/abc/MDH/ros_ws/install/motor_control/share/motor_control/package.sh'
[48.500s] INFO:colcon.colcon_core.shell:Creating package script '/home/abc/MDH/ros_ws/install/motor_control/share/motor_control/package.bash'
[48.500s] INFO:colcon.colcon_core.shell:Creating package script '/home/abc/MDH/ros_ws/install/motor_control/share/motor_control/package.zsh'
[48.500s] Level 1:colcon.colcon_core.environment:create_file_with_runtime_dependencies(/home/abc/MDH/ros_ws/install/motor_control/share/colcon-core/packages/motor_control)
[48.501s] Level 1:colcon.colcon_core.environment:create_environment_scripts_only(motor_control)
[48.501s] Level 1:colcon.colcon_core.environment:checking '/home/abc/MDH/ros_ws/install/motor_control' for CMake module files
[48.502s] Level 1:colcon.colcon_core.environment:checking '/home/abc/MDH/ros_ws/install/motor_control' for CMake config files
[48.502s] Level 1:colcon.colcon_core.shell:create_environment_hook('motor_control', 'cmake_prefix_path')
[48.502s] INFO:colcon.colcon_core.shell:Creating environment hook '/home/abc/MDH/ros_ws/install/motor_control/share/motor_control/hook/cmake_prefix_path.ps1'
[48.503s] INFO:colcon.colcon_core.shell:Creating environment descriptor '/home/abc/MDH/ros_ws/install/motor_control/share/motor_control/hook/cmake_prefix_path.dsv'
[48.503s] INFO:colcon.colcon_core.shell:Creating environment hook '/home/abc/MDH/ros_ws/install/motor_control/share/motor_control/hook/cmake_prefix_path.sh'
[48.504s] Level 1:colcon.colcon_core.environment:checking '/home/abc/MDH/ros_ws/install/motor_control/lib'
[48.504s] Level 1:colcon.colcon_core.environment:checking '/home/abc/MDH/ros_ws/install/motor_control/bin'
[48.504s] Level 1:colcon.colcon_core.environment:checking '/home/abc/MDH/ros_ws/install/motor_control/lib/pkgconfig/motor_control.pc'
[48.505s] Level 1:colcon.colcon_core.environment:checking '/home/abc/MDH/ros_ws/install/motor_control/lib/python3.10/site-packages'
[48.505s] Level 1:colcon.colcon_core.environment:checking '/home/abc/MDH/ros_ws/install/motor_control/bin'
[48.505s] INFO:colcon.colcon_core.shell:Creating package script '/home/abc/MDH/ros_ws/install/motor_control/share/motor_control/package.ps1'
[48.506s] INFO:colcon.colcon_core.shell:Creating package descriptor '/home/abc/MDH/ros_ws/install/motor_control/share/motor_control/package.dsv'
[48.507s] INFO:colcon.colcon_core.shell:Creating package script '/home/abc/MDH/ros_ws/install/motor_control/share/motor_control/package.sh'
[48.508s] INFO:colcon.colcon_core.shell:Creating package script '/home/abc/MDH/ros_ws/install/motor_control/share/motor_control/package.bash'
[48.508s] INFO:colcon.colcon_core.shell:Creating package script '/home/abc/MDH/ros_ws/install/motor_control/share/motor_control/package.zsh'
[48.509s] Level 1:colcon.colcon_core.environment:create_file_with_runtime_dependencies(/home/abc/MDH/ros_ws/install/motor_control/share/colcon-core/packages/motor_control)
[48.509s] DEBUG:colcon.colcon_parallel_executor.executor.parallel:closing loop
[48.510s] DEBUG:colcon.colcon_parallel_executor.executor.parallel:loop closed
[48.510s] DEBUG:colcon.colcon_parallel_executor.executor.parallel:run_until_complete finished with '0'
[48.511s] DEBUG:colcon.colcon_core.event_reactor:joining thread
[48.530s] INFO:colcon.colcon_core.plugin_system:Skipping extension 'colcon_notification.desktop_notification.terminal_notifier': Not used on non-Darwin systems
[48.530s] INFO:colcon.colcon_core.plugin_system:Skipping extension 'colcon_notification.desktop_notification.win32': Not used on non-Windows systems
[48.530s] INFO:colcon.colcon_notification.desktop_notification:Sending desktop notification using 'notify2'
[48.577s] DEBUG:colcon.colcon_core.event_reactor:joined thread
[48.578s] INFO:colcon.colcon_core.shell:Creating prefix script '/home/abc/MDH/ros_ws/install/local_setup.ps1'
[48.579s] INFO:colcon.colcon_core.shell:Creating prefix util module '/home/abc/MDH/ros_ws/install/_local_setup_util_ps1.py'
[48.582s] INFO:colcon.colcon_core.shell:Creating prefix chain script '/home/abc/MDH/ros_ws/install/setup.ps1'
[48.584s] INFO:colcon.colcon_core.shell:Creating prefix script '/home/abc/MDH/ros_ws/install/local_setup.sh'
[48.585s] INFO:colcon.colcon_core.shell:Creating prefix util module '/home/abc/MDH/ros_ws/install/_local_setup_util_sh.py'
[48.586s] INFO:colcon.colcon_core.shell:Creating prefix chain script '/home/abc/MDH/ros_ws/install/setup.sh'
[48.589s] INFO:colcon.colcon_core.shell:Creating prefix script '/home/abc/MDH/ros_ws/install/local_setup.bash'
[48.590s] INFO:colcon.colcon_core.shell:Creating prefix chain script '/home/abc/MDH/ros_ws/install/setup.bash'
[48.592s] INFO:colcon.colcon_core.shell:Creating prefix script '/home/abc/MDH/ros_ws/install/local_setup.zsh'
[48.592s] INFO:colcon.colcon_core.shell:Creating prefix chain script '/home/abc/MDH/ros_ws/install/setup.zsh'
