[0.022s] Invoking command in '/home/abc/MDH/ros_ws/build/motor_status': CMAKE_PREFIX_PATH=/opt/ros/humble /usr/bin/cmake /home/abc/MDH/ros_ws/src/motor_status -DCMAKE_INSTALL_PREFIX=/home/abc/MDH/ros_ws/install/motor_status
[0.197s] -- The C compiler identification is GNU 11.4.0
[0.399s] -- The CXX compiler identification is GNU 11.4.0
[0.434s] -- Detecting C compiler ABI info
[0.551s] -- Detecting C compiler ABI info - done
[0.561s] -- Check for working C compiler: /usr/bin/cc - skipped
[0.562s] -- Detecting C compile features
[0.565s] -- Detecting C compile features - done
[0.566s] -- Detecting CXX compiler ABI info
[0.666s] -- Detecting CXX compiler ABI info - done
[0.671s] -- Check for working CXX compiler: /usr/bin/c++ - skipped
[0.672s] -- Detecting CXX compile features
[0.672s] -- Detecting CXX compile features - done
[0.682s] -- Found ament_cmake: 1.3.11 (/opt/ros/humble/share/ament_cmake/cmake)
[0.936s] -- Found Python3: /usr/bin/python3 (found version "3.10.12") found components: Interpreter 
[1.184s] -- Found rclcpp: 16.0.11 (/opt/ros/humble/share/rclcpp/cmake)
[1.280s] -- Found rosidl_generator_c: 3.1.6 (/opt/ros/humble/share/rosidl_generator_c/cmake)
[1.301s] -- Found rosidl_adapter: 3.1.6 (/opt/ros/humble/share/rosidl_adapter/cmake)
[1.335s] -- Found rosidl_generator_cpp: 3.1.6 (/opt/ros/humble/share/rosidl_generator_cpp/cmake)
[1.381s] -- Using all available rosidl_typesupport_c: rosidl_typesupport_fastrtps_c;rosidl_typesupport_introspection_c
[1.432s] -- Using all available rosidl_typesupport_cpp: rosidl_typesupport_fastrtps_cpp;rosidl_typesupport_introspection_cpp
[1.563s] -- Found rmw_implementation_cmake: 6.1.2 (/opt/ros/humble/share/rmw_implementation_cmake/cmake)
[1.567s] -- Found rmw_fastrtps_cpp: 6.2.7 (/opt/ros/humble/share/rmw_fastrtps_cpp/cmake)
[1.751s] -- Found OpenSSL: /usr/lib/x86_64-linux-gnu/libcrypto.so (found version "3.0.2")  
[1.781s] -- Found FastRTPS: /opt/ros/humble/include  
[1.822s] -- Using RMW implementation 'rmw_fastrtps_cpp' as default
[1.846s] -- Looking for pthread.h
[1.947s] -- Looking for pthread.h - found
[1.948s] -- Performing Test CMAKE_HAVE_LIBC_PTHREAD
[2.060s] -- Performing Test CMAKE_HAVE_LIBC_PTHREAD - Success
[2.061s] -- Found Threads: TRUE  
[2.160s] -- Found ament_lint_auto: 0.12.11 (/opt/ros/humble/share/ament_lint_auto/cmake)
[2.268s] -- Added test 'cppcheck' to perform static code analysis on C / C++ code
[2.268s] -- Configured cppcheck include dirs: /home/abc/MDH/ros_ws/src/motor_status/../../../thirdparty/cpp-httplib;/home/abc/MDH/ros_ws/src/motor_status/../../../thirdparty/json/include;/home/abc/MDH/ros_ws/src/motor_status/../../../thirdparty/serial/src
[2.268s] -- Configured cppcheck exclude dirs and/or files: 
[2.269s] -- Added test 'lint_cmake' to check CMake code style
[2.270s] -- Added test 'uncrustify' to check C / C++ code style
[2.271s] -- Configured uncrustify additional arguments: 
[2.271s] -- Added test 'xmllint' to check XML markup files
[2.276s] -- Configuring done
[2.286s] -- Generating done
[2.291s] -- Build files have been written to: /home/abc/MDH/ros_ws/build/motor_status
[2.309s] Invoked command in '/home/abc/MDH/ros_ws/build/motor_status' returned '0': CMAKE_PREFIX_PATH=/opt/ros/humble /usr/bin/cmake /home/abc/MDH/ros_ws/src/motor_status -DCMAKE_INSTALL_PREFIX=/home/abc/MDH/ros_ws/install/motor_status
[2.312s] Invoking command in '/home/abc/MDH/ros_ws/build/motor_status': CMAKE_PREFIX_PATH=/opt/ros/humble /usr/bin/cmake --build /home/abc/MDH/ros_ws/build/motor_status -- -j8 -l8
[2.372s] [ 50%] [32mBuilding CXX object CMakeFiles/motor_status.dir/home/abc/MDH/thirdparty/serial/src/Serial.cpp.o[0m
[2.372s] [ 50%] [32mBuilding CXX object CMakeFiles/motor_status.dir/src/motor_status.cpp.o[0m
[2.374s] [ 75%] [32mBuilding CXX object CMakeFiles/motor_status.dir/home/abc/MDH/thirdparty/serial/src/SerialImplUnix.cpp.o[0m
[11.011s] [01m[K/home/abc/MDH/ros_ws/src/motor_status/src/motor_status.cpp:[m[K In lambda function:
[11.011s] [01m[K/home/abc/MDH/ros_ws/src/motor_status/src/motor_status.cpp:43:80:[m[K [01;35m[Kwarning: [m[Kunused parameter ‘[01m[Kreq[m[K’ [[01;35m[K]8;;https://gcc.gnu.org/onlinedocs/gcc/Warning-Options.html#index-Wunused-parameter-Wunused-parameter]8;;[m[K]
[11.011s]    43 |      svr.Get("/motor/state", [this]([01;35m[Kconst httplib::Request &req[m[K, httplib::Response &res)
[11.011s]       |                                     [01;35m[K~~~~~~~~~~~~~~~~~~~~~~~~^~~[m[K
[11.011s] 
[11.163s] [01m[K/home/abc/MDH/ros_ws/src/motor_status/src/motor_status.cpp:[m[K In member function ‘[01m[Kjson MotorStatusNode::query_motor_status()[m[K’:
[11.164s] [01m[K/home/abc/MDH/ros_ws/src/motor_status/src/motor_status.cpp:107:22:[m[K [01;35m[Kwarning: [m[Kunused variable ‘[01m[Kindex[m[K’ [[01;35m[K]8;;https://gcc.gnu.org/onlinedocs/gcc/Warning-Options.html#index-Wunused-variable-Wunused-variable]8;;[m[K]
[11.164s]   107 |             uint16_t [01;35m[Kindex[m[K;
[11.165s]       |                      [01;35m[K^~~~~[m[K
[26.346s] [100%] [32m[1mLinking CXX executable motor_status[0m
[27.190s] [100%] Built target motor_status
[27.210s] Invoked command in '/home/abc/MDH/ros_ws/build/motor_status' returned '0': CMAKE_PREFIX_PATH=/opt/ros/humble /usr/bin/cmake --build /home/abc/MDH/ros_ws/build/motor_status -- -j8 -l8
[27.213s] Invoking command in '/home/abc/MDH/ros_ws/build/motor_status': CMAKE_PREFIX_PATH=/opt/ros/humble /usr/bin/cmake --install /home/abc/MDH/ros_ws/build/motor_status
[27.226s] -- Install configuration: ""
[27.226s] -- Installing: /home/abc/MDH/ros_ws/install/motor_status/lib/motor_status/motor_status
[27.230s] -- Set runtime path of "/home/abc/MDH/ros_ws/install/motor_status/lib/motor_status/motor_status" to ""
[27.230s] -- Installing: /home/abc/MDH/ros_ws/install/motor_status/share/ament_index/resource_index/package_run_dependencies/motor_status
[27.231s] -- Installing: /home/abc/MDH/ros_ws/install/motor_status/share/ament_index/resource_index/parent_prefix_path/motor_status
[27.231s] -- Installing: /home/abc/MDH/ros_ws/install/motor_status/share/motor_status/environment/ament_prefix_path.sh
[27.231s] -- Installing: /home/abc/MDH/ros_ws/install/motor_status/share/motor_status/environment/ament_prefix_path.dsv
[27.231s] -- Installing: /home/abc/MDH/ros_ws/install/motor_status/share/motor_status/environment/path.sh
[27.231s] -- Installing: /home/abc/MDH/ros_ws/install/motor_status/share/motor_status/environment/path.dsv
[27.232s] -- Installing: /home/abc/MDH/ros_ws/install/motor_status/share/motor_status/local_setup.bash
[27.232s] -- Installing: /home/abc/MDH/ros_ws/install/motor_status/share/motor_status/local_setup.sh
[27.232s] -- Installing: /home/abc/MDH/ros_ws/install/motor_status/share/motor_status/local_setup.zsh
[27.232s] -- Installing: /home/abc/MDH/ros_ws/install/motor_status/share/motor_status/local_setup.dsv
[27.232s] -- Installing: /home/abc/MDH/ros_ws/install/motor_status/share/motor_status/package.dsv
[27.232s] -- Installing: /home/abc/MDH/ros_ws/install/motor_status/share/ament_index/resource_index/packages/motor_status
[27.232s] -- Installing: /home/abc/MDH/ros_ws/install/motor_status/share/motor_status/cmake/motor_statusConfig.cmake
[27.232s] -- Installing: /home/abc/MDH/ros_ws/install/motor_status/share/motor_status/cmake/motor_statusConfig-version.cmake
[27.233s] -- Installing: /home/abc/MDH/ros_ws/install/motor_status/share/motor_status/package.xml
[27.239s] Invoked command in '/home/abc/MDH/ros_ws/build/motor_status' returned '0': CMAKE_PREFIX_PATH=/opt/ros/humble /usr/bin/cmake --install /home/abc/MDH/ros_ws/build/motor_status
