[0.007s] Invoking command in '/home/wq/MDH/ros_ws/build/motor_status': CMAKE_PREFIX_PATH=/opt/ros/humble /usr/bin/cmake /home/wq/MDH/ros_ws/src/motor_status -DCMAKE_INSTALL_PREFIX=/home/wq/MDH/ros_ws/install/motor_status
[0.052s] -- The C compiler identification is GNU 11.4.0
[0.107s] -- The CXX compiler identification is GNU 11.4.0
[0.113s] -- Detecting C compiler ABI info
[0.161s] -- Detecting C compiler ABI info - done
[0.166s] -- Check for working C compiler: /usr/bin/cc - skipped
[0.166s] -- Detecting C compile features
[0.166s] -- Detecting C compile features - done
[0.168s] -- Detecting CXX compiler ABI info
[0.225s] -- Detecting CXX compiler ABI info - done
[0.230s] -- Check for working CXX compiler: /usr/bin/c++ - skipped
[0.230s] -- Detecting CXX compile features
[0.230s] -- Detecting CXX compile features - done
[0.231s] -- Found ament_cmake: 1.3.11 (/opt/ros/humble/share/ament_cmake/cmake)
[0.333s] -- Found Python3: /usr/bin/python3 (found version "3.10.12") found components: Interpreter 
[0.386s] -- Found rclcpp: 16.0.11 (/opt/ros/humble/share/rclcpp/cmake)
[0.408s] -- Found rosidl_generator_c: 3.1.6 (/opt/ros/humble/share/rosidl_generator_c/cmake)
[0.410s] -- Found rosidl_adapter: 3.1.6 (/opt/ros/humble/share/rosidl_adapter/cmake)
[0.415s] -- Found rosidl_generator_cpp: 3.1.6 (/opt/ros/humble/share/rosidl_generator_cpp/cmake)
[0.424s] -- Using all available rosidl_typesupport_c: rosidl_typesupport_fastrtps_c;rosidl_typesupport_introspection_c
[0.435s] -- Using all available rosidl_typesupport_cpp: rosidl_typesupport_fastrtps_cpp;rosidl_typesupport_introspection_cpp
[0.460s] -- Found rmw_implementation_cmake: 6.1.2 (/opt/ros/humble/share/rmw_implementation_cmake/cmake)
[0.461s] -- Found rmw_fastrtps_cpp: 6.2.7 (/opt/ros/humble/share/rmw_fastrtps_cpp/cmake)
[0.512s] -- Found OpenSSL: /usr/lib/x86_64-linux-gnu/libcrypto.so (found version "3.0.2")  
[0.531s] -- Found FastRTPS: /opt/ros/humble/include  
[0.556s] -- Using RMW implementation 'rmw_fastrtps_cpp' as default
[0.560s] -- Looking for pthread.h
[0.607s] -- Looking for pthread.h - found
[0.607s] -- Performing Test CMAKE_HAVE_LIBC_PTHREAD
[0.657s] -- Performing Test CMAKE_HAVE_LIBC_PTHREAD - Success
[0.658s] -- Found Threads: TRUE  
[0.697s] -- Found ament_lint_auto: 0.12.11 (/opt/ros/humble/share/ament_lint_auto/cmake)
[0.749s] -- Added test 'cppcheck' to perform static code analysis on C / C++ code
[0.749s] -- Configured cppcheck include dirs: /home/wq/MDH/ros_ws/src/motor_status/../../../thirdparty/cpp-httplib;/home/wq/MDH/ros_ws/src/motor_status/../../../thirdparty/json/include;/home/wq/MDH/ros_ws/src/motor_status/../../../thirdparty/serial/src
[0.749s] -- Configured cppcheck exclude dirs and/or files: 
[0.749s] -- Added test 'lint_cmake' to check CMake code style
[0.750s] -- Added test 'uncrustify' to check C / C++ code style
[0.750s] -- Configured uncrustify additional arguments: 
[0.750s] -- Added test 'xmllint' to check XML markup files
[0.750s] -- Configuring done
[0.755s] -- Generating done
[0.757s] -- Build files have been written to: /home/wq/MDH/ros_ws/build/motor_status
[0.763s] Invoked command in '/home/wq/MDH/ros_ws/build/motor_status' returned '0': CMAKE_PREFIX_PATH=/opt/ros/humble /usr/bin/cmake /home/wq/MDH/ros_ws/src/motor_status -DCMAKE_INSTALL_PREFIX=/home/wq/MDH/ros_ws/install/motor_status
[0.763s] Invoking command in '/home/wq/MDH/ros_ws/build/motor_status': CMAKE_PREFIX_PATH=/opt/ros/humble /usr/bin/cmake --build /home/wq/MDH/ros_ws/build/motor_status -- -j28 -l28
[0.796s] [ 50%] [32mBuilding CXX object CMakeFiles/motor_status.dir/src/motor_status.cpp.o[0m
[0.797s] [ 50%] [32mBuilding CXX object CMakeFiles/motor_status.dir/home/wq/MDH/thirdparty/serial/src/Serial.cpp.o[0m
[0.797s] [ 75%] [32mBuilding CXX object CMakeFiles/motor_status.dir/home/wq/MDH/thirdparty/serial/src/SerialImplUnix.cpp.o[0m
[2.822s] [01m[K/home/wq/MDH/ros_ws/src/motor_status/src/motor_status.cpp:[m[K In lambda function:
[2.822s] [01m[K/home/wq/MDH/ros_ws/src/motor_status/src/motor_status.cpp:43:80:[m[K [01;35m[Kwarning: [m[Kunused parameter ‘[01m[Kreq[m[K’ [[01;35m[K]8;;https://gcc.gnu.org/onlinedocs/gcc/Warning-Options.html#index-Wunused-parameter-Wunused-parameter]8;;[m[K]
[2.822s]    43 |      svr.Get("/motor/state", [this]([01;35m[Kconst httplib::Request &req[m[K, httplib::Response &res)
[2.822s]       |                                     [01;35m[K~~~~~~~~~~~~~~~~~~~~~~~~^~~[m[K
[2.822s] 
[2.856s] [01m[K/home/wq/MDH/ros_ws/src/motor_status/src/motor_status.cpp:[m[K In member function ‘[01m[Kjson MotorStatusNode::query_motor_status()[m[K’:
[2.856s] [01m[K/home/wq/MDH/ros_ws/src/motor_status/src/motor_status.cpp:107:22:[m[K [01;35m[Kwarning: [m[Kunused variable ‘[01m[Kindex[m[K’ [[01;35m[K]8;;https://gcc.gnu.org/onlinedocs/gcc/Warning-Options.html#index-Wunused-variable-Wunused-variable]8;;[m[K]
[2.856s]   107 |             uint16_t [01;35m[Kindex[m[K;
[2.856s]       |                      [01;35m[K^~~~~[m[K
[7.789s] [100%] [32m[1mLinking CXX executable motor_status[0m
[8.034s] [100%] Built target motor_status
[8.042s] Invoked command in '/home/wq/MDH/ros_ws/build/motor_status' returned '0': CMAKE_PREFIX_PATH=/opt/ros/humble /usr/bin/cmake --build /home/wq/MDH/ros_ws/build/motor_status -- -j28 -l28
[8.043s] Invoking command in '/home/wq/MDH/ros_ws/build/motor_status': CMAKE_PREFIX_PATH=/opt/ros/humble /usr/bin/cmake --install /home/wq/MDH/ros_ws/build/motor_status
[8.048s] -- Install configuration: ""
[8.048s] -- Installing: /home/wq/MDH/ros_ws/install/motor_status/lib/motor_status/motor_status
[8.050s] -- Set runtime path of "/home/wq/MDH/ros_ws/install/motor_status/lib/motor_status/motor_status" to ""
[8.050s] -- Installing: /home/wq/MDH/ros_ws/install/motor_status/share/ament_index/resource_index/package_run_dependencies/motor_status
[8.050s] -- Installing: /home/wq/MDH/ros_ws/install/motor_status/share/ament_index/resource_index/parent_prefix_path/motor_status
[8.050s] -- Installing: /home/wq/MDH/ros_ws/install/motor_status/share/motor_status/environment/ament_prefix_path.sh
[8.050s] -- Installing: /home/wq/MDH/ros_ws/install/motor_status/share/motor_status/environment/ament_prefix_path.dsv
[8.050s] -- Installing: /home/wq/MDH/ros_ws/install/motor_status/share/motor_status/environment/path.sh
[8.050s] -- Installing: /home/wq/MDH/ros_ws/install/motor_status/share/motor_status/environment/path.dsv
[8.050s] -- Installing: /home/wq/MDH/ros_ws/install/motor_status/share/motor_status/local_setup.bash
[8.050s] -- Installing: /home/wq/MDH/ros_ws/install/motor_status/share/motor_status/local_setup.sh
[8.050s] -- Installing: /home/wq/MDH/ros_ws/install/motor_status/share/motor_status/local_setup.zsh
[8.050s] -- Installing: /home/wq/MDH/ros_ws/install/motor_status/share/motor_status/local_setup.dsv
[8.050s] -- Installing: /home/wq/MDH/ros_ws/install/motor_status/share/motor_status/package.dsv
[8.050s] -- Installing: /home/wq/MDH/ros_ws/install/motor_status/share/ament_index/resource_index/packages/motor_status
[8.051s] -- Installing: /home/wq/MDH/ros_ws/install/motor_status/share/motor_status/cmake/motor_statusConfig.cmake
[8.051s] -- Installing: /home/wq/MDH/ros_ws/install/motor_status/share/motor_status/cmake/motor_statusConfig-version.cmake
[8.051s] -- Installing: /home/wq/MDH/ros_ws/install/motor_status/share/motor_status/package.xml
[8.052s] Invoked command in '/home/wq/MDH/ros_ws/build/motor_status' returned '0': CMAKE_PREFIX_PATH=/opt/ros/humble /usr/bin/cmake --install /home/wq/MDH/ros_ws/build/motor_status
