-- Found ament_cmake: 1.3.11 (/opt/ros/humble/share/ament_cmake/cmake)
-- Found rclcpp: 16.0.11 (/opt/ros/humble/share/rclcpp/cmake)
-- Found rosidl_generator_c: 3.1.6 (/opt/ros/humble/share/rosidl_generator_c/cmake)
-- Found rosidl_adapter: 3.1.6 (/opt/ros/humble/share/rosidl_adapter/cmake)
-- Found rosidl_generator_cpp: 3.1.6 (/opt/ros/humble/share/rosidl_generator_cpp/cmake)
-- Using all available rosidl_typesupport_c: rosidl_typesupport_fastrtps_c;rosidl_typesupport_introspection_c
-- Using all available rosidl_typesupport_cpp: rosidl_typesupport_fastrtps_cpp;rosidl_typesupport_introspection_cpp
-- Found rmw_implementation_cmake: 6.1.2 (/opt/ros/humble/share/rmw_implementation_cmake/cmake)
-- Found rmw_fastrtps_cpp: 6.2.7 (/opt/ros/humble/share/rmw_fastrtps_cpp/cmake)
-- Using RMW implementation 'rmw_fastrtps_cpp' as default
-- Found rclpy: 3.3.15 (/opt/ros/humble/share/rclpy/cmake)
-- Found motor_control_command_msgs: 0.0.0 (/home/abc/MDH/ros_ws/install/motor_control_command_msgs/share/motor_control_command_msgs/cmake)
-- Configuring done
-- Generating done
-- Build files have been written to: /home/abc/MDH/ros_ws/build/motor_control_v2
[35m[1mConsolidate compiler generated dependencies of target motor_control_node[0m
[ 11%] [32mBuilding CXX object CMakeFiles/motor_control_node.dir/src/motor_command.cpp.o[0m
[01m[K/home/abc/MDH/ros_ws/src/motor_control_v2/src/motor_command.cpp:[m[K In constructor ‘[01m[Kmotor_control_v2::MotorCommand::MotorCommand(rclcpp::Node::SharedPtr, const string&, int)[m[K’:
[01m[K/home/abc/MDH/ros_ws/src/motor_control_v2/src/motor_command.cpp:37:39:[m[K [01;35m[Kwarning: [m[Kmissing initializer for member ‘[01m[Kmotor_control_v2::MotorCommand::Implementation::serial_communication_[m[K’ [[01;35m[K]8;;https://gcc.gnu.org/onlinedocs/gcc/Warning-Options.html#index-Wmissing-field-initializers-Wmissing-field-initializers]8;;[m[K]
   37 |                              baud_rate[01;35m[K}[m[K))
      |                                       [01;35m[K^[m[K
[01m[K/home/abc/MDH/ros_ws/src/motor_control_v2/src/motor_command.cpp:[m[K In member function ‘[01m[Kvoid motor_control_v2::MotorCommand::Implementation::send_serial_command_async(std::vector<unsigned char>)[m[K’:
[01m[K/home/abc/MDH/ros_ws/src/motor_control_v2/src/motor_command.cpp:180:84:[m[K [01;35m[Kwarning: [m[Kignoring return value of ‘[01m[Kstd::future<typename std::__invoke_result<typename std::decay<_Tp>::type, typename std::decay<_Args>::type ...>::type> std::async(std::launch, _Fn&&, _Args&& ...) [with _Fn = motor_control_v2::MotorCommand::Implementation::send_serial_command_async(std::vector<unsigned char>)::<lambda()>; _Args = {}; typename std::__invoke_result<typename std::decay<_Tp>::type, typename std::decay<_Args>::type ...>::type = void; typename std::decay<_Tp>::type = std::decay<motor_control_v2::MotorCommand::Implementation::send_serial_command_async(std::vector<unsigned char>)::<lambda()> >::type][m[K’, declared with attribute ‘[01m[Knodiscard[m[K’ [[01;35m[K]8;;https://gcc.gnu.org/onlinedocs/gcc/Warning-Options.html#index-Wunused-result-Wunused-result]8;;[m[K]
  180 |       { serial_communication_->send_serial_command(command.data()); })[01;35m[K;[m[K
      |                                                                       [01;35m[K^[m[K

In file included from [01m[K/opt/ros/humble/include/rclcpp/rclcpp/executors.hpp:18[m[K,
                 from [01m[K/opt/ros/humble/include/rclcpp/rclcpp/rclcpp.hpp:155[m[K,
                 from [01m[K/home/abc/MDH/ros_ws/src/motor_control_v2/include/motor_control_v2/motor_command.hpp:5[m[K,
                 from [01m[K/home/abc/MDH/ros_ws/src/motor_control_v2/src/motor_command.cpp:1[m[K:
[01m[K/usr/include/c++/11/future:1768:5:[m[K [01;36m[Knote: [m[Kdeclared here
 1768 |     [01;36m[Kasync[m[K(launch __policy, _Fn&& __fn, _Args&&... __args)
      |     [01;36m[K^~~~~[m[K
In file included from [01m[K/home/abc/MDH/ros_ws/src/motor_control_v2/include/motor_control_v2/motor_command.hpp:10[m[K,
                 from [01m[K/home/abc/MDH/ros_ws/src/motor_control_v2/src/motor_command.cpp:1[m[K:
/home/abc/MDH/ros_ws/src/motor_control_v2/../rmf_utils/rmf_utils/include/rmf_utils/impl_ptr.hpp: In instantiation of ‘[01m[KT* rmf_utils::details::default_copy(const T*) [with T = motor_control_v2::MotorCommand::Implementation][m[K’:
[01m[K/home/abc/MDH/ros_ws/src/motor_control_v2/../rmf_utils/rmf_utils/include/rmf_utils/impl_ptr.hpp:479:10:[m[K   required from ‘[01m[Krmf_utils::impl_ptr<T> rmf_utils::make_impl(Args&& ...) [with T = motor_control_v2::MotorCommand::Implementation; Args = {motor_control_v2::MotorCommand::Implementation}][m[K’
[01m[K/home/abc/MDH/ros_ws/src/motor_control_v2/src/motor_command.cpp:34:54:[m[K   required from here
[01m[K/home/abc/MDH/ros_ws/src/motor_control_v2/../rmf_utils/rmf_utils/include/rmf_utils/impl_ptr.hpp:43:10:[m[K [01;31m[Kerror: [m[Kuse of deleted function ‘[01m[Kmotor_control_v2::MotorCommand::Implementation::Implementation(const motor_control_v2::MotorCommand::Implementation&)[m[K’
   43 |   return [01;31m[Knew T(*original)[m[K;
      |          [01;31m[K^~~~~~~~~~~~~~~~[m[K
[01m[K/home/abc/MDH/ros_ws/src/motor_control_v2/src/motor_command.cpp:6:25:[m[K [01;36m[Knote: [m[K‘[01m[Kmotor_control_v2::MotorCommand::Implementation::Implementation(const motor_control_v2::MotorCommand::Implementation&)[m[K’ is implicitly deleted because the default definition would be ill-formed:
    6 |     class MotorCommand::[01;36m[KImplementation[m[K
      |                         [01;36m[K^~~~~~~~~~~~~~[m[K
[01m[K/home/abc/MDH/ros_ws/src/motor_control_v2/src/motor_command.cpp:6:25:[m[K [01;31m[Kerror: [m[Kuse of deleted function ‘[01m[Kstd::unique_ptr<_Tp, _Dp>::unique_ptr(const std::unique_ptr<_Tp, _Dp>&) [with _Tp = motor_control_v2::SerialCommunication; _Dp = std::default_delete<motor_control_v2::SerialCommunication>][m[K’
In file included from [01m[K/usr/include/c++/11/memory:76[m[K,
                 from [01m[K/home/abc/MDH/ros_ws/src/motor_control_v2/../../../thirdparty/json/include/nlohmann/json.hpp:29[m[K,
                 from [01m[K/home/abc/MDH/ros_ws/src/motor_control_v2/include/motor_control_v2/motor_command.hpp:4[m[K,
                 from [01m[K/home/abc/MDH/ros_ws/src/motor_control_v2/src/motor_command.cpp:1[m[K:
[01m[K/usr/include/c++/11/bits/unique_ptr.h:468:7:[m[K [01;36m[Knote: [m[Kdeclared here
  468 |       [01;36m[Kunique_ptr[m[K(const unique_ptr&) = delete;
      |       [01;36m[K^~~~~~~~~~[m[K
gmake[2]: *** [CMakeFiles/motor_control_node.dir/build.make:104：CMakeFiles/motor_control_node.dir/src/motor_command.cpp.o] 错误 1
gmake[1]: *** [CMakeFiles/Makefile2:137：CMakeFiles/motor_control_node.dir/all] 错误 2
gmake: *** [Makefile:146：all] 错误 2
