[0.012s] Invoking command in '/home/abc/MDH/ros_ws/build/motor_control_v2': CMAKE_PREFIX_PATH=/home/abc/MDH/ros_ws/install/motor_control_command_msgs:/home/abc/MDH/ros_ws/install/rmf_utils:/home/abc/MDH/ros_ws/install/motor_status:/home/abc/MDH/ros_ws/install/motor_control_v2:/home/abc/MDH/ros_ws/install/motor_control:/opt/ros/humble LD_LIBRARY_PATH=/home/abc/MDH/ros_ws/install/motor_control_command_msgs/lib:/home/abc/MDH/ros_ws/install/rmf_utils/lib:/opt/ros/humble/opt/rviz_ogre_vendor/lib:/opt/ros/humble/lib/x86_64-linux-gnu:/opt/ros/humble/lib /usr/bin/cmake --build /home/abc/MDH/ros_ws/build/motor_control_v2 -- -j8 -l8
[0.049s] -- Found ament_cmake: 1.3.11 (/opt/ros/humble/share/ament_cmake/cmake)
[0.251s] -- Found rclcpp: 16.0.11 (/opt/ros/humble/share/rclcpp/cmake)
[0.295s] -- Found rosidl_generator_c: 3.1.6 (/opt/ros/humble/share/rosidl_generator_c/cmake)
[0.302s] -- Found rosidl_adapter: 3.1.6 (/opt/ros/humble/share/rosidl_adapter/cmake)
[0.316s] -- Found rosidl_generator_cpp: 3.1.6 (/opt/ros/humble/share/rosidl_generator_cpp/cmake)
[0.332s] -- Using all available rosidl_typesupport_c: rosidl_typesupport_fastrtps_c;rosidl_typesupport_introspection_c
[0.347s] -- Using all available rosidl_typesupport_cpp: rosidl_typesupport_fastrtps_cpp;rosidl_typesupport_introspection_cpp
[0.393s] -- Found rmw_implementation_cmake: 6.1.2 (/opt/ros/humble/share/rmw_implementation_cmake/cmake)
[0.397s] -- Found rmw_fastrtps_cpp: 6.2.7 (/opt/ros/humble/share/rmw_fastrtps_cpp/cmake)
[0.482s] -- Using RMW implementation 'rmw_fastrtps_cpp' as default
[0.544s] -- Found rclpy: 3.3.15 (/opt/ros/humble/share/rclpy/cmake)
[0.545s] -- Found motor_control_command_msgs: 0.0.0 (/home/abc/MDH/ros_ws/install/motor_control_command_msgs/share/motor_control_command_msgs/cmake)
[0.621s] -- Configuring done
[0.642s] -- Generating done
[0.648s] -- Build files have been written to: /home/abc/MDH/ros_ws/build/motor_control_v2
[0.705s] [35m[1mConsolidate compiler generated dependencies of target motor_control_node[0m
[0.741s] [ 20%] [32mBuilding CXX object CMakeFiles/motor_control_node.dir/src/Node.cpp.o[0m
[0.741s] [ 20%] [32mBuilding CXX object CMakeFiles/motor_control_node.dir/src/main.cpp.o[0m
[0.741s] [ 30%] [32mBuilding CXX object CMakeFiles/motor_control_node.dir/src/http_server.cpp.o[0m
[16.364s] [ 40%] [32m[1mLinking CXX executable motor_control_node[0m
[17.060s] [100%] Built target motor_control_node
[17.072s] Invoked command in '/home/abc/MDH/ros_ws/build/motor_control_v2' returned '0': CMAKE_PREFIX_PATH=/home/abc/MDH/ros_ws/install/motor_control_command_msgs:/home/abc/MDH/ros_ws/install/rmf_utils:/home/abc/MDH/ros_ws/install/motor_status:/home/abc/MDH/ros_ws/install/motor_control_v2:/home/abc/MDH/ros_ws/install/motor_control:/opt/ros/humble LD_LIBRARY_PATH=/home/abc/MDH/ros_ws/install/motor_control_command_msgs/lib:/home/abc/MDH/ros_ws/install/rmf_utils/lib:/opt/ros/humble/opt/rviz_ogre_vendor/lib:/opt/ros/humble/lib/x86_64-linux-gnu:/opt/ros/humble/lib /usr/bin/cmake --build /home/abc/MDH/ros_ws/build/motor_control_v2 -- -j8 -l8
[17.074s] Invoking command in '/home/abc/MDH/ros_ws/build/motor_control_v2': CMAKE_PREFIX_PATH=/home/abc/MDH/ros_ws/install/motor_control_command_msgs:/home/abc/MDH/ros_ws/install/rmf_utils:/home/abc/MDH/ros_ws/install/motor_status:/home/abc/MDH/ros_ws/install/motor_control_v2:/home/abc/MDH/ros_ws/install/motor_control:/opt/ros/humble LD_LIBRARY_PATH=/home/abc/MDH/ros_ws/install/motor_control_command_msgs/lib:/home/abc/MDH/ros_ws/install/rmf_utils/lib:/opt/ros/humble/opt/rviz_ogre_vendor/lib:/opt/ros/humble/lib/x86_64-linux-gnu:/opt/ros/humble/lib /usr/bin/cmake --install /home/abc/MDH/ros_ws/build/motor_control_v2
[17.081s] -- Install configuration: ""
[17.081s] -- Installing: /home/abc/MDH/ros_ws/install/motor_control_v2/lib/motor_control_v2/motor_control_node
[17.085s] -- Set runtime path of "/home/abc/MDH/ros_ws/install/motor_control_v2/lib/motor_control_v2/motor_control_node" to ""
[17.085s] -- Up-to-date: /home/abc/MDH/ros_ws/install/motor_control_v2/include
[17.085s] -- Up-to-date: /home/abc/MDH/ros_ws/install/motor_control_v2/include/motor_control_v2
[17.085s] -- Up-to-date: /home/abc/MDH/ros_ws/install/motor_control_v2/include/motor_control_v2/motor_command.hpp
[17.086s] -- Up-to-date: /home/abc/MDH/ros_ws/install/motor_control_v2/include/motor_control_v2/motor_config.hpp
[17.086s] -- Up-to-date: /home/abc/MDH/ros_ws/install/motor_control_v2/include/motor_control_v2/serial_communication.hpp
[17.086s] -- Installing: /home/abc/MDH/ros_ws/install/motor_control_v2/include/motor_control_v2/Node.hpp
[17.086s] -- Up-to-date: /home/abc/MDH/ros_ws/install/motor_control_v2/include/motor_control_v2/ros2_communication.hpp
[17.086s] -- Up-to-date: /home/abc/MDH/ros_ws/install/motor_control_v2/include/motor_control_v2/http_server.hpp
[17.086s] -- Up-to-date: /home/abc/MDH/ros_ws/install/motor_control_v2/share/ament_index/resource_index/package_run_dependencies/motor_control_v2
[17.086s] -- Installing: /home/abc/MDH/ros_ws/install/motor_control_v2/share/ament_index/resource_index/parent_prefix_path/motor_control_v2
[17.086s] -- Up-to-date: /home/abc/MDH/ros_ws/install/motor_control_v2/share/motor_control_v2/environment/ament_prefix_path.sh
[17.086s] -- Installing: /home/abc/MDH/ros_ws/install/motor_control_v2/share/motor_control_v2/environment/ament_prefix_path.dsv
[17.086s] -- Up-to-date: /home/abc/MDH/ros_ws/install/motor_control_v2/share/motor_control_v2/environment/path.sh
[17.086s] -- Installing: /home/abc/MDH/ros_ws/install/motor_control_v2/share/motor_control_v2/environment/path.dsv
[17.086s] -- Up-to-date: /home/abc/MDH/ros_ws/install/motor_control_v2/share/motor_control_v2/local_setup.bash
[17.086s] -- Up-to-date: /home/abc/MDH/ros_ws/install/motor_control_v2/share/motor_control_v2/local_setup.sh
[17.086s] -- Up-to-date: /home/abc/MDH/ros_ws/install/motor_control_v2/share/motor_control_v2/local_setup.zsh
[17.086s] -- Installing: /home/abc/MDH/ros_ws/install/motor_control_v2/share/motor_control_v2/local_setup.dsv
[17.086s] -- Installing: /home/abc/MDH/ros_ws/install/motor_control_v2/share/motor_control_v2/package.dsv
[17.086s] -- Up-to-date: /home/abc/MDH/ros_ws/install/motor_control_v2/share/ament_index/resource_index/packages/motor_control_v2
[17.086s] -- Up-to-date: /home/abc/MDH/ros_ws/install/motor_control_v2/share/motor_control_v2/cmake/ament_cmake_export_dependencies-extras.cmake
[17.087s] -- Up-to-date: /home/abc/MDH/ros_ws/install/motor_control_v2/share/motor_control_v2/cmake/motor_control_v2Config.cmake
[17.087s] -- Up-to-date: /home/abc/MDH/ros_ws/install/motor_control_v2/share/motor_control_v2/cmake/motor_control_v2Config-version.cmake
[17.087s] -- Up-to-date: /home/abc/MDH/ros_ws/install/motor_control_v2/share/motor_control_v2/package.xml
[17.088s] Invoked command in '/home/abc/MDH/ros_ws/build/motor_control_v2' returned '0': CMAKE_PREFIX_PATH=/home/abc/MDH/ros_ws/install/motor_control_command_msgs:/home/abc/MDH/ros_ws/install/rmf_utils:/home/abc/MDH/ros_ws/install/motor_status:/home/abc/MDH/ros_ws/install/motor_control_v2:/home/abc/MDH/ros_ws/install/motor_control:/opt/ros/humble LD_LIBRARY_PATH=/home/abc/MDH/ros_ws/install/motor_control_command_msgs/lib:/home/abc/MDH/ros_ws/install/rmf_utils/lib:/opt/ros/humble/opt/rviz_ogre_vendor/lib:/opt/ros/humble/lib/x86_64-linux-gnu:/opt/ros/humble/lib /usr/bin/cmake --install /home/abc/MDH/ros_ws/build/motor_control_v2
