[0.034s] Invoking command in '/home/abc/MDH/ros_ws/build/motor_control_command_msgs': CMAKE_PREFIX_PATH=${CMAKE_PREFIX_PATH}:/opt/ros/humble /usr/bin/cmake --build /home/abc/MDH/ros_ws/build/motor_control_command_msgs -- -j8 -l8
[0.123s] [  2%] Built target motor_control_command_msgs__cpp
[0.124s] [ 12%] Built target motor_control_command_msgs__rosidl_generator_c
[0.165s] [ 12%] Built target ament_cmake_python_copy_motor_control_command_msgs
[0.232s] [ 23%] Built target motor_control_command_msgs__rosidl_typesupport_fastrtps_c
[0.232s] [ 33%] Built target motor_control_command_msgs__rosidl_typesupport_cpp
[0.232s] [ 43%] Built target motor_control_command_msgs__rosidl_typesupport_c
[0.232s] [ 53%] Built target motor_control_command_msgs__rosidl_typesupport_introspection_cpp
[0.232s] [ 64%] Built target motor_control_command_msgs__rosidl_typesupport_fastrtps_cpp
[0.232s] [ 74%] Built target motor_control_command_msgs__rosidl_typesupport_introspection_c
[0.281s] [ 74%] Built target motor_control_command_msgs
[0.338s] [ 76%] Built target motor_control_command_msgs__py
[0.383s] [ 84%] Built target motor_control_command_msgs__rosidl_generator_py
[0.432s] [ 94%] Built target motor_control_command_msgs__rosidl_typesupport_c__pyext
[0.433s] [ 94%] Built target motor_control_command_msgs__rosidl_typesupport_fastrtps_c__pyext
[0.441s] [100%] Built target motor_control_command_msgs__rosidl_typesupport_introspection_c__pyext
[0.679s] running egg_info
[0.682s] writing motor_control_command_msgs.egg-info/PKG-INFO
[0.682s] writing dependency_links to motor_control_command_msgs.egg-info/dependency_links.txt
[0.682s] writing top-level names to motor_control_command_msgs.egg-info/top_level.txt
[0.688s] reading manifest file 'motor_control_command_msgs.egg-info/SOURCES.txt'
[0.690s] writing manifest file 'motor_control_command_msgs.egg-info/SOURCES.txt'
[0.751s] [100%] Built target ament_cmake_python_build_motor_control_command_msgs_egg
[0.772s] Invoked command in '/home/abc/MDH/ros_ws/build/motor_control_command_msgs' returned '0': CMAKE_PREFIX_PATH=${CMAKE_PREFIX_PATH}:/opt/ros/humble /usr/bin/cmake --build /home/abc/MDH/ros_ws/build/motor_control_command_msgs -- -j8 -l8
[0.776s] Invoking command in '/home/abc/MDH/ros_ws/build/motor_control_command_msgs': CMAKE_PREFIX_PATH=${CMAKE_PREFIX_PATH}:/opt/ros/humble /usr/bin/cmake --install /home/abc/MDH/ros_ws/build/motor_control_command_msgs
[0.791s] -- Install configuration: ""
[0.792s] -- Up-to-date: /home/abc/MDH/ros_ws/install/motor_control_command_msgs/share/ament_index/resource_index/rosidl_interfaces/motor_control_command_msgs
[0.792s] -- Up-to-date: /home/abc/MDH/ros_ws/install/motor_control_command_msgs/include/motor_control_command_msgs/motor_control_command_msgs
[0.792s] -- Up-to-date: /home/abc/MDH/ros_ws/install/motor_control_command_msgs/include/motor_control_command_msgs/motor_control_command_msgs/msg
[0.794s] -- Up-to-date: /home/abc/MDH/ros_ws/install/motor_control_command_msgs/include/motor_control_command_msgs/motor_control_command_msgs/msg/motor_control_command.h
[0.795s] -- Up-to-date: /home/abc/MDH/ros_ws/install/motor_control_command_msgs/include/motor_control_command_msgs/motor_control_command_msgs/msg/detail
[0.795s] -- Up-to-date: /home/abc/MDH/ros_ws/install/motor_control_command_msgs/include/motor_control_command_msgs/motor_control_command_msgs/msg/detail/motor__functions.h
[0.796s] -- Up-to-date: /home/abc/MDH/ros_ws/install/motor_control_command_msgs/include/motor_control_command_msgs/motor_control_command_msgs/msg/detail/motor_control_command__functions.h
[0.796s] -- Up-to-date: /home/abc/MDH/ros_ws/install/motor_control_command_msgs/include/motor_control_command_msgs/motor_control_command_msgs/msg/detail/motor_control_command__type_support.h
[0.796s] -- Up-to-date: /home/abc/MDH/ros_ws/install/motor_control_command_msgs/include/motor_control_command_msgs/motor_control_command_msgs/msg/detail/motor_control_command__struct.h
[0.796s] -- Up-to-date: /home/abc/MDH/ros_ws/install/motor_control_command_msgs/include/motor_control_command_msgs/motor_control_command_msgs/msg/detail/motor__struct.h
[0.796s] -- Up-to-date: /home/abc/MDH/ros_ws/install/motor_control_command_msgs/include/motor_control_command_msgs/motor_control_command_msgs/msg/detail/motor__type_support.h
[0.796s] -- Up-to-date: /home/abc/MDH/ros_ws/install/motor_control_command_msgs/include/motor_control_command_msgs/motor_control_command_msgs/msg/detail/motor_control_command__functions.c
[0.796s] -- Up-to-date: /home/abc/MDH/ros_ws/install/motor_control_command_msgs/include/motor_control_command_msgs/motor_control_command_msgs/msg/detail/motor__functions.c
[0.797s] -- Up-to-date: /home/abc/MDH/ros_ws/install/motor_control_command_msgs/include/motor_control_command_msgs/motor_control_command_msgs/msg/rosidl_generator_c__visibility_control.h
[0.797s] -- Up-to-date: /home/abc/MDH/ros_ws/install/motor_control_command_msgs/include/motor_control_command_msgs/motor_control_command_msgs/msg/motor.h
[0.797s] -- Up-to-date: /home/abc/MDH/ros_ws/install/motor_control_command_msgs/share/motor_control_command_msgs/environment/library_path.sh
[0.797s] -- Up-to-date: /home/abc/MDH/ros_ws/install/motor_control_command_msgs/share/motor_control_command_msgs/environment/library_path.dsv
[0.797s] -- Up-to-date: /home/abc/MDH/ros_ws/install/motor_control_command_msgs/lib/libmotor_control_command_msgs__rosidl_generator_c.so
[0.798s] -- Up-to-date: /home/abc/MDH/ros_ws/install/motor_control_command_msgs/include/motor_control_command_msgs/motor_control_command_msgs
[0.798s] -- Up-to-date: /home/abc/MDH/ros_ws/install/motor_control_command_msgs/include/motor_control_command_msgs/motor_control_command_msgs/msg
[0.798s] -- Up-to-date: /home/abc/MDH/ros_ws/install/motor_control_command_msgs/include/motor_control_command_msgs/motor_control_command_msgs/msg/rosidl_typesupport_fastrtps_c__visibility_control.h
[0.798s] -- Up-to-date: /home/abc/MDH/ros_ws/install/motor_control_command_msgs/include/motor_control_command_msgs/motor_control_command_msgs/msg/detail
[0.798s] -- Up-to-date: /home/abc/MDH/ros_ws/install/motor_control_command_msgs/include/motor_control_command_msgs/motor_control_command_msgs/msg/detail/motor__rosidl_typesupport_fastrtps_c.h
[0.799s] -- Up-to-date: /home/abc/MDH/ros_ws/install/motor_control_command_msgs/include/motor_control_command_msgs/motor_control_command_msgs/msg/detail/motor_control_command__rosidl_typesupport_fastrtps_c.h
[0.800s] -- Up-to-date: /home/abc/MDH/ros_ws/install/motor_control_command_msgs/lib/libmotor_control_command_msgs__rosidl_typesupport_fastrtps_c.so
[0.800s] -- Up-to-date: /home/abc/MDH/ros_ws/install/motor_control_command_msgs/include/motor_control_command_msgs/motor_control_command_msgs
[0.800s] -- Up-to-date: /home/abc/MDH/ros_ws/install/motor_control_command_msgs/include/motor_control_command_msgs/motor_control_command_msgs/msg
[0.800s] -- Up-to-date: /home/abc/MDH/ros_ws/install/motor_control_command_msgs/include/motor_control_command_msgs/motor_control_command_msgs/msg/motor_control_command.hpp
[0.800s] -- Up-to-date: /home/abc/MDH/ros_ws/install/motor_control_command_msgs/include/motor_control_command_msgs/motor_control_command_msgs/msg/motor.hpp
[0.800s] -- Up-to-date: /home/abc/MDH/ros_ws/install/motor_control_command_msgs/include/motor_control_command_msgs/motor_control_command_msgs/msg/detail
[0.800s] -- Up-to-date: /home/abc/MDH/ros_ws/install/motor_control_command_msgs/include/motor_control_command_msgs/motor_control_command_msgs/msg/detail/motor_control_command__builder.hpp
[0.801s] -- Up-to-date: /home/abc/MDH/ros_ws/install/motor_control_command_msgs/include/motor_control_command_msgs/motor_control_command_msgs/msg/detail/motor__type_support.hpp
[0.801s] -- Up-to-date: /home/abc/MDH/ros_ws/install/motor_control_command_msgs/include/motor_control_command_msgs/motor_control_command_msgs/msg/detail/motor_control_command__traits.hpp
[0.801s] -- Up-to-date: /home/abc/MDH/ros_ws/install/motor_control_command_msgs/include/motor_control_command_msgs/motor_control_command_msgs/msg/detail/motor__traits.hpp
[0.801s] -- Up-to-date: /home/abc/MDH/ros_ws/install/motor_control_command_msgs/include/motor_control_command_msgs/motor_control_command_msgs/msg/detail/motor__builder.hpp
[0.801s] -- Up-to-date: /home/abc/MDH/ros_ws/install/motor_control_command_msgs/include/motor_control_command_msgs/motor_control_command_msgs/msg/detail/motor__struct.hpp
[0.801s] -- Up-to-date: /home/abc/MDH/ros_ws/install/motor_control_command_msgs/include/motor_control_command_msgs/motor_control_command_msgs/msg/detail/motor_control_command__type_support.hpp
[0.801s] -- Up-to-date: /home/abc/MDH/ros_ws/install/motor_control_command_msgs/include/motor_control_command_msgs/motor_control_command_msgs/msg/detail/motor_control_command__struct.hpp
[0.801s] -- Up-to-date: /home/abc/MDH/ros_ws/install/motor_control_command_msgs/include/motor_control_command_msgs/motor_control_command_msgs/msg/rosidl_generator_cpp__visibility_control.hpp
[0.802s] -- Up-to-date: /home/abc/MDH/ros_ws/install/motor_control_command_msgs/include/motor_control_command_msgs/motor_control_command_msgs
[0.802s] -- Up-to-date: /home/abc/MDH/ros_ws/install/motor_control_command_msgs/include/motor_control_command_msgs/motor_control_command_msgs/msg
[0.802s] -- Up-to-date: /home/abc/MDH/ros_ws/install/motor_control_command_msgs/include/motor_control_command_msgs/motor_control_command_msgs/msg/detail
[0.802s] -- Up-to-date: /home/abc/MDH/ros_ws/install/motor_control_command_msgs/include/motor_control_command_msgs/motor_control_command_msgs/msg/detail/motor__rosidl_typesupport_fastrtps_cpp.hpp
[0.802s] -- Up-to-date: /home/abc/MDH/ros_ws/install/motor_control_command_msgs/include/motor_control_command_msgs/motor_control_command_msgs/msg/detail/motor_control_command__rosidl_typesupport_fastrtps_cpp.hpp
[0.802s] -- Up-to-date: /home/abc/MDH/ros_ws/install/motor_control_command_msgs/include/motor_control_command_msgs/motor_control_command_msgs/msg/detail/dds_fastrtps
[0.802s] -- Up-to-date: /home/abc/MDH/ros_ws/install/motor_control_command_msgs/include/motor_control_command_msgs/motor_control_command_msgs/msg/rosidl_typesupport_fastrtps_cpp__visibility_control.h
[0.802s] -- Up-to-date: /home/abc/MDH/ros_ws/install/motor_control_command_msgs/lib/libmotor_control_command_msgs__rosidl_typesupport_fastrtps_cpp.so
[0.802s] -- Up-to-date: /home/abc/MDH/ros_ws/install/motor_control_command_msgs/include/motor_control_command_msgs/motor_control_command_msgs
[0.803s] -- Up-to-date: /home/abc/MDH/ros_ws/install/motor_control_command_msgs/include/motor_control_command_msgs/motor_control_command_msgs/msg
[0.803s] -- Up-to-date: /home/abc/MDH/ros_ws/install/motor_control_command_msgs/include/motor_control_command_msgs/motor_control_command_msgs/msg/rosidl_typesupport_introspection_c__visibility_control.h
[0.803s] -- Up-to-date: /home/abc/MDH/ros_ws/install/motor_control_command_msgs/include/motor_control_command_msgs/motor_control_command_msgs/msg/detail
[0.803s] -- Up-to-date: /home/abc/MDH/ros_ws/install/motor_control_command_msgs/include/motor_control_command_msgs/motor_control_command_msgs/msg/detail/motor_control_command__type_support.c
[0.804s] -- Up-to-date: /home/abc/MDH/ros_ws/install/motor_control_command_msgs/include/motor_control_command_msgs/motor_control_command_msgs/msg/detail/motor__rosidl_typesupport_introspection_c.h
[0.804s] -- Up-to-date: /home/abc/MDH/ros_ws/install/motor_control_command_msgs/include/motor_control_command_msgs/motor_control_command_msgs/msg/detail/motor_control_command__rosidl_typesupport_introspection_c.h
[0.804s] -- Up-to-date: /home/abc/MDH/ros_ws/install/motor_control_command_msgs/include/motor_control_command_msgs/motor_control_command_msgs/msg/detail/motor__type_support.c
[0.804s] -- Up-to-date: /home/abc/MDH/ros_ws/install/motor_control_command_msgs/lib/libmotor_control_command_msgs__rosidl_typesupport_introspection_c.so
[0.804s] -- Up-to-date: /home/abc/MDH/ros_ws/install/motor_control_command_msgs/lib/libmotor_control_command_msgs__rosidl_typesupport_c.so
[0.805s] -- Up-to-date: /home/abc/MDH/ros_ws/install/motor_control_command_msgs/include/motor_control_command_msgs/motor_control_command_msgs
[0.805s] -- Up-to-date: /home/abc/MDH/ros_ws/install/motor_control_command_msgs/include/motor_control_command_msgs/motor_control_command_msgs/msg
[0.805s] -- Up-to-date: /home/abc/MDH/ros_ws/install/motor_control_command_msgs/include/motor_control_command_msgs/motor_control_command_msgs/msg/detail
[0.805s] -- Up-to-date: /home/abc/MDH/ros_ws/install/motor_control_command_msgs/include/motor_control_command_msgs/motor_control_command_msgs/msg/detail/motor__rosidl_typesupport_introspection_cpp.hpp
[0.805s] -- Up-to-date: /home/abc/MDH/ros_ws/install/motor_control_command_msgs/include/motor_control_command_msgs/motor_control_command_msgs/msg/detail/motor__type_support.cpp
[0.805s] -- Up-to-date: /home/abc/MDH/ros_ws/install/motor_control_command_msgs/include/motor_control_command_msgs/motor_control_command_msgs/msg/detail/motor_control_command__rosidl_typesupport_introspection_cpp.hpp
[0.805s] -- Up-to-date: /home/abc/MDH/ros_ws/install/motor_control_command_msgs/include/motor_control_command_msgs/motor_control_command_msgs/msg/detail/motor_control_command__type_support.cpp
[0.805s] -- Up-to-date: /home/abc/MDH/ros_ws/install/motor_control_command_msgs/lib/libmotor_control_command_msgs__rosidl_typesupport_introspection_cpp.so
[0.806s] -- Up-to-date: /home/abc/MDH/ros_ws/install/motor_control_command_msgs/lib/libmotor_control_command_msgs__rosidl_typesupport_cpp.so
[0.806s] -- Up-to-date: /home/abc/MDH/ros_ws/install/motor_control_command_msgs/share/motor_control_command_msgs/environment/pythonpath.sh
[0.806s] -- Up-to-date: /home/abc/MDH/ros_ws/install/motor_control_command_msgs/share/motor_control_command_msgs/environment/pythonpath.dsv
[0.806s] -- Up-to-date: /home/abc/MDH/ros_ws/install/motor_control_command_msgs/local/lib/python3.10/dist-packages/motor_control_command_msgs-0.0.0-py3.10.egg-info
[0.806s] -- Installing: /home/abc/MDH/ros_ws/install/motor_control_command_msgs/local/lib/python3.10/dist-packages/motor_control_command_msgs-0.0.0-py3.10.egg-info/top_level.txt
[0.806s] -- Installing: /home/abc/MDH/ros_ws/install/motor_control_command_msgs/local/lib/python3.10/dist-packages/motor_control_command_msgs-0.0.0-py3.10.egg-info/dependency_links.txt
[0.806s] -- Installing: /home/abc/MDH/ros_ws/install/motor_control_command_msgs/local/lib/python3.10/dist-packages/motor_control_command_msgs-0.0.0-py3.10.egg-info/SOURCES.txt
[0.806s] -- Installing: /home/abc/MDH/ros_ws/install/motor_control_command_msgs/local/lib/python3.10/dist-packages/motor_control_command_msgs-0.0.0-py3.10.egg-info/PKG-INFO
[0.807s] -- Up-to-date: /home/abc/MDH/ros_ws/install/motor_control_command_msgs/local/lib/python3.10/dist-packages/motor_control_command_msgs
[0.807s] -- Up-to-date: /home/abc/MDH/ros_ws/install/motor_control_command_msgs/local/lib/python3.10/dist-packages/motor_control_command_msgs/libmotor_control_command_msgs__rosidl_generator_py.so
[0.807s] -- Up-to-date: /home/abc/MDH/ros_ws/install/motor_control_command_msgs/local/lib/python3.10/dist-packages/motor_control_command_msgs/msg
[0.807s] -- Up-to-date: /home/abc/MDH/ros_ws/install/motor_control_command_msgs/local/lib/python3.10/dist-packages/motor_control_command_msgs/msg/_motor_control_command.py
[0.807s] -- Up-to-date: /home/abc/MDH/ros_ws/install/motor_control_command_msgs/local/lib/python3.10/dist-packages/motor_control_command_msgs/msg/_motor_control_command_s.c
[0.807s] -- Up-to-date: /home/abc/MDH/ros_ws/install/motor_control_command_msgs/local/lib/python3.10/dist-packages/motor_control_command_msgs/msg/__init__.py
[0.807s] -- Up-to-date: /home/abc/MDH/ros_ws/install/motor_control_command_msgs/local/lib/python3.10/dist-packages/motor_control_command_msgs/msg/_motor.py
[0.808s] -- Up-to-date: /home/abc/MDH/ros_ws/install/motor_control_command_msgs/local/lib/python3.10/dist-packages/motor_control_command_msgs/msg/_motor_s.c
[0.808s] -- Up-to-date: /home/abc/MDH/ros_ws/install/motor_control_command_msgs/local/lib/python3.10/dist-packages/motor_control_command_msgs/__init__.py
[0.808s] -- Up-to-date: /home/abc/MDH/ros_ws/install/motor_control_command_msgs/local/lib/python3.10/dist-packages/motor_control_command_msgs/_motor_control_command_msgs_s.ep.rosidl_typesupport_introspection_c.c
[0.808s] -- Up-to-date: /home/abc/MDH/ros_ws/install/motor_control_command_msgs/local/lib/python3.10/dist-packages/motor_control_command_msgs/motor_control_command_msgs_s__rosidl_typesupport_introspection_c.cpython-310-x86_64-linux-gnu.so
[0.808s] -- Up-to-date: /home/abc/MDH/ros_ws/install/motor_control_command_msgs/local/lib/python3.10/dist-packages/motor_control_command_msgs/motor_control_command_msgs_s__rosidl_typesupport_c.cpython-310-x86_64-linux-gnu.so
[0.809s] -- Up-to-date: /home/abc/MDH/ros_ws/install/motor_control_command_msgs/local/lib/python3.10/dist-packages/motor_control_command_msgs/motor_control_command_msgs_s__rosidl_typesupport_fastrtps_c.cpython-310-x86_64-linux-gnu.so
[0.809s] -- Up-to-date: /home/abc/MDH/ros_ws/install/motor_control_command_msgs/local/lib/python3.10/dist-packages/motor_control_command_msgs/_motor_control_command_msgs_s.ep.rosidl_typesupport_c.c
[0.809s] -- Up-to-date: /home/abc/MDH/ros_ws/install/motor_control_command_msgs/local/lib/python3.10/dist-packages/motor_control_command_msgs/_motor_control_command_msgs_s.ep.rosidl_typesupport_fastrtps_c.c
[0.868s] Listing '/home/abc/MDH/ros_ws/install/motor_control_command_msgs/local/lib/python3.10/dist-packages/motor_control_command_msgs'...
[0.868s] Listing '/home/abc/MDH/ros_ws/install/motor_control_command_msgs/local/lib/python3.10/dist-packages/motor_control_command_msgs/msg'...
[0.877s] -- Up-to-date: /home/abc/MDH/ros_ws/install/motor_control_command_msgs/local/lib/python3.10/dist-packages/motor_control_command_msgs/motor_control_command_msgs_s__rosidl_typesupport_fastrtps_c.cpython-310-x86_64-linux-gnu.so
[0.878s] -- Up-to-date: /home/abc/MDH/ros_ws/install/motor_control_command_msgs/local/lib/python3.10/dist-packages/motor_control_command_msgs/motor_control_command_msgs_s__rosidl_typesupport_introspection_c.cpython-310-x86_64-linux-gnu.so
[0.878s] -- Up-to-date: /home/abc/MDH/ros_ws/install/motor_control_command_msgs/local/lib/python3.10/dist-packages/motor_control_command_msgs/motor_control_command_msgs_s__rosidl_typesupport_c.cpython-310-x86_64-linux-gnu.so
[0.878s] -- Up-to-date: /home/abc/MDH/ros_ws/install/motor_control_command_msgs/lib/libmotor_control_command_msgs__rosidl_generator_py.so
[0.881s] -- Up-to-date: /home/abc/MDH/ros_ws/install/motor_control_command_msgs/share/motor_control_command_msgs/msg/Motor.idl
[0.881s] -- Up-to-date: /home/abc/MDH/ros_ws/install/motor_control_command_msgs/share/motor_control_command_msgs/msg/MotorControlCommand.idl
[0.882s] -- Up-to-date: /home/abc/MDH/ros_ws/install/motor_control_command_msgs/share/motor_control_command_msgs/msg/Motor.msg
[0.882s] -- Up-to-date: /home/abc/MDH/ros_ws/install/motor_control_command_msgs/share/motor_control_command_msgs/msg/MotorControlCommand.msg
[0.882s] -- Up-to-date: /home/abc/MDH/ros_ws/install/motor_control_command_msgs/share/ament_index/resource_index/package_run_dependencies/motor_control_command_msgs
[0.882s] -- Up-to-date: /home/abc/MDH/ros_ws/install/motor_control_command_msgs/share/ament_index/resource_index/parent_prefix_path/motor_control_command_msgs
[0.883s] -- Up-to-date: /home/abc/MDH/ros_ws/install/motor_control_command_msgs/share/motor_control_command_msgs/environment/ament_prefix_path.sh
[0.883s] -- Up-to-date: /home/abc/MDH/ros_ws/install/motor_control_command_msgs/share/motor_control_command_msgs/environment/ament_prefix_path.dsv
[0.883s] -- Up-to-date: /home/abc/MDH/ros_ws/install/motor_control_command_msgs/share/motor_control_command_msgs/environment/path.sh
[0.883s] -- Up-to-date: /home/abc/MDH/ros_ws/install/motor_control_command_msgs/share/motor_control_command_msgs/environment/path.dsv
[0.884s] -- Up-to-date: /home/abc/MDH/ros_ws/install/motor_control_command_msgs/share/motor_control_command_msgs/local_setup.bash
[0.884s] -- Up-to-date: /home/abc/MDH/ros_ws/install/motor_control_command_msgs/share/motor_control_command_msgs/local_setup.sh
[0.884s] -- Up-to-date: /home/abc/MDH/ros_ws/install/motor_control_command_msgs/share/motor_control_command_msgs/local_setup.zsh
[0.884s] -- Up-to-date: /home/abc/MDH/ros_ws/install/motor_control_command_msgs/share/motor_control_command_msgs/local_setup.dsv
[0.885s] -- Installing: /home/abc/MDH/ros_ws/install/motor_control_command_msgs/share/motor_control_command_msgs/package.dsv
[0.885s] -- Up-to-date: /home/abc/MDH/ros_ws/install/motor_control_command_msgs/share/ament_index/resource_index/packages/motor_control_command_msgs
[0.885s] -- Up-to-date: /home/abc/MDH/ros_ws/install/motor_control_command_msgs/share/motor_control_command_msgs/cmake/export_motor_control_command_msgs__rosidl_generator_cExport.cmake
[0.885s] -- Up-to-date: /home/abc/MDH/ros_ws/install/motor_control_command_msgs/share/motor_control_command_msgs/cmake/export_motor_control_command_msgs__rosidl_generator_cExport-noconfig.cmake
[0.886s] -- Up-to-date: /home/abc/MDH/ros_ws/install/motor_control_command_msgs/share/motor_control_command_msgs/cmake/export_motor_control_command_msgs__rosidl_typesupport_fastrtps_cExport.cmake
[0.886s] -- Up-to-date: /home/abc/MDH/ros_ws/install/motor_control_command_msgs/share/motor_control_command_msgs/cmake/export_motor_control_command_msgs__rosidl_typesupport_fastrtps_cExport-noconfig.cmake
[0.886s] -- Up-to-date: /home/abc/MDH/ros_ws/install/motor_control_command_msgs/share/motor_control_command_msgs/cmake/export_motor_control_command_msgs__rosidl_generator_cppExport.cmake
[0.886s] -- Up-to-date: /home/abc/MDH/ros_ws/install/motor_control_command_msgs/share/motor_control_command_msgs/cmake/export_motor_control_command_msgs__rosidl_typesupport_fastrtps_cppExport.cmake
[0.886s] -- Up-to-date: /home/abc/MDH/ros_ws/install/motor_control_command_msgs/share/motor_control_command_msgs/cmake/export_motor_control_command_msgs__rosidl_typesupport_fastrtps_cppExport-noconfig.cmake
[0.886s] -- Up-to-date: /home/abc/MDH/ros_ws/install/motor_control_command_msgs/share/motor_control_command_msgs/cmake/motor_control_command_msgs__rosidl_typesupport_introspection_cExport.cmake
[0.886s] -- Up-to-date: /home/abc/MDH/ros_ws/install/motor_control_command_msgs/share/motor_control_command_msgs/cmake/motor_control_command_msgs__rosidl_typesupport_introspection_cExport-noconfig.cmake
[0.886s] -- Up-to-date: /home/abc/MDH/ros_ws/install/motor_control_command_msgs/share/motor_control_command_msgs/cmake/motor_control_command_msgs__rosidl_typesupport_cExport.cmake
[0.887s] -- Up-to-date: /home/abc/MDH/ros_ws/install/motor_control_command_msgs/share/motor_control_command_msgs/cmake/motor_control_command_msgs__rosidl_typesupport_cExport-noconfig.cmake
[0.887s] -- Up-to-date: /home/abc/MDH/ros_ws/install/motor_control_command_msgs/share/motor_control_command_msgs/cmake/motor_control_command_msgs__rosidl_typesupport_introspection_cppExport.cmake
[0.887s] -- Up-to-date: /home/abc/MDH/ros_ws/install/motor_control_command_msgs/share/motor_control_command_msgs/cmake/motor_control_command_msgs__rosidl_typesupport_introspection_cppExport-noconfig.cmake
[0.887s] -- Up-to-date: /home/abc/MDH/ros_ws/install/motor_control_command_msgs/share/motor_control_command_msgs/cmake/motor_control_command_msgs__rosidl_typesupport_cppExport.cmake
[0.887s] -- Up-to-date: /home/abc/MDH/ros_ws/install/motor_control_command_msgs/share/motor_control_command_msgs/cmake/motor_control_command_msgs__rosidl_typesupport_cppExport-noconfig.cmake
[0.887s] -- Up-to-date: /home/abc/MDH/ros_ws/install/motor_control_command_msgs/share/motor_control_command_msgs/cmake/export_motor_control_command_msgs__rosidl_generator_pyExport.cmake
[0.887s] -- Up-to-date: /home/abc/MDH/ros_ws/install/motor_control_command_msgs/share/motor_control_command_msgs/cmake/export_motor_control_command_msgs__rosidl_generator_pyExport-noconfig.cmake
[0.887s] -- Up-to-date: /home/abc/MDH/ros_ws/install/motor_control_command_msgs/share/motor_control_command_msgs/cmake/rosidl_cmake-extras.cmake
[0.888s] -- Up-to-date: /home/abc/MDH/ros_ws/install/motor_control_command_msgs/share/motor_control_command_msgs/cmake/ament_cmake_export_dependencies-extras.cmake
[0.888s] -- Up-to-date: /home/abc/MDH/ros_ws/install/motor_control_command_msgs/share/motor_control_command_msgs/cmake/ament_cmake_export_include_directories-extras.cmake
[0.888s] -- Up-to-date: /home/abc/MDH/ros_ws/install/motor_control_command_msgs/share/motor_control_command_msgs/cmake/ament_cmake_export_libraries-extras.cmake
[0.888s] -- Up-to-date: /home/abc/MDH/ros_ws/install/motor_control_command_msgs/share/motor_control_command_msgs/cmake/ament_cmake_export_targets-extras.cmake
[0.888s] -- Up-to-date: /home/abc/MDH/ros_ws/install/motor_control_command_msgs/share/motor_control_command_msgs/cmake/rosidl_cmake_export_typesupport_targets-extras.cmake
[0.888s] -- Up-to-date: /home/abc/MDH/ros_ws/install/motor_control_command_msgs/share/motor_control_command_msgs/cmake/rosidl_cmake_export_typesupport_libraries-extras.cmake
[0.888s] -- Up-to-date: /home/abc/MDH/ros_ws/install/motor_control_command_msgs/share/motor_control_command_msgs/cmake/motor_control_command_msgsConfig.cmake
[0.888s] -- Up-to-date: /home/abc/MDH/ros_ws/install/motor_control_command_msgs/share/motor_control_command_msgs/cmake/motor_control_command_msgsConfig-version.cmake
[0.888s] -- Up-to-date: /home/abc/MDH/ros_ws/install/motor_control_command_msgs/share/motor_control_command_msgs/package.xml
[0.892s] Invoked command in '/home/abc/MDH/ros_ws/build/motor_control_command_msgs' returned '0': CMAKE_PREFIX_PATH=${CMAKE_PREFIX_PATH}:/opt/ros/humble /usr/bin/cmake --install /home/abc/MDH/ros_ws/build/motor_control_command_msgs
