[0.016s] Invoking command in '/home/abc/MDH/ros_ws/build/motor_control': CMAKE_PREFIX_PATH=/home/abc/MDH/ros_ws/install/motor_control_command_msgs:/home/abc/MDH/ros_ws/install/rmf_utils:/home/abc/MDH/ros_ws/install/motor_status:/home/abc/MDH/ros_ws/install/motor_control:/opt/ros/humble LD_LIBRARY_PATH=/home/abc/MDH/ros_ws/install/motor_control_command_msgs/lib:/home/abc/MDH/ros_ws/install/rmf_utils/lib:/opt/ros/humble/opt/rviz_ogre_vendor/lib:/opt/ros/humble/lib/x86_64-linux-gnu:/opt/ros/humble/lib /usr/bin/cmake --build /home/abc/MDH/ros_ws/build/motor_control -- -j8 -l8
[0.076s] [35m[1mConsolidate compiler generated dependencies of target motor_control_state[0m
[0.101s] [100%] Built target motor_control_state
[0.113s] Invoked command in '/home/abc/MDH/ros_ws/build/motor_control' returned '0': CMAKE_PREFIX_PATH=/home/abc/MDH/ros_ws/install/motor_control_command_msgs:/home/abc/MDH/ros_ws/install/rmf_utils:/home/abc/MDH/ros_ws/install/motor_status:/home/abc/MDH/ros_ws/install/motor_control:/opt/ros/humble LD_LIBRARY_PATH=/home/abc/MDH/ros_ws/install/motor_control_command_msgs/lib:/home/abc/MDH/ros_ws/install/rmf_utils/lib:/opt/ros/humble/opt/rviz_ogre_vendor/lib:/opt/ros/humble/lib/x86_64-linux-gnu:/opt/ros/humble/lib /usr/bin/cmake --build /home/abc/MDH/ros_ws/build/motor_control -- -j8 -l8
[0.116s] Invoking command in '/home/abc/MDH/ros_ws/build/motor_control': CMAKE_PREFIX_PATH=/home/abc/MDH/ros_ws/install/motor_control_command_msgs:/home/abc/MDH/ros_ws/install/rmf_utils:/home/abc/MDH/ros_ws/install/motor_status:/home/abc/MDH/ros_ws/install/motor_control:/opt/ros/humble LD_LIBRARY_PATH=/home/abc/MDH/ros_ws/install/motor_control_command_msgs/lib:/home/abc/MDH/ros_ws/install/rmf_utils/lib:/opt/ros/humble/opt/rviz_ogre_vendor/lib:/opt/ros/humble/lib/x86_64-linux-gnu:/opt/ros/humble/lib /usr/bin/cmake --install /home/abc/MDH/ros_ws/build/motor_control
[0.125s] -- Install configuration: ""
[0.125s] -- Up-to-date: /home/abc/MDH/ros_ws/install/motor_control/share/motor_control/launch
[0.125s] -- Up-to-date: /home/abc/MDH/ros_ws/install/motor_control/share/motor_control/launch/adapter_launch.xml
[0.133s] -- Installing: /home/abc/MDH/ros_ws/install/motor_control/lib/motor_control/motor_control_state
[0.176s] -- Set runtime path of "/home/abc/MDH/ros_ws/install/motor_control/lib/motor_control/motor_control_state" to ""
[0.176s] -- Up-to-date: /home/abc/MDH/ros_ws/install/motor_control/share/ament_index/resource_index/package_run_dependencies/motor_control
[0.176s] -- Up-to-date: /home/abc/MDH/ros_ws/install/motor_control/share/ament_index/resource_index/parent_prefix_path/motor_control
[0.177s] -- Up-to-date: /home/abc/MDH/ros_ws/install/motor_control/share/motor_control/environment/ament_prefix_path.sh
[0.177s] -- Up-to-date: /home/abc/MDH/ros_ws/install/motor_control/share/motor_control/environment/ament_prefix_path.dsv
[0.177s] -- Up-to-date: /home/abc/MDH/ros_ws/install/motor_control/share/motor_control/environment/path.sh
[0.177s] -- Up-to-date: /home/abc/MDH/ros_ws/install/motor_control/share/motor_control/environment/path.dsv
[0.178s] -- Up-to-date: /home/abc/MDH/ros_ws/install/motor_control/share/motor_control/local_setup.bash
[0.178s] -- Up-to-date: /home/abc/MDH/ros_ws/install/motor_control/share/motor_control/local_setup.sh
[0.178s] -- Up-to-date: /home/abc/MDH/ros_ws/install/motor_control/share/motor_control/local_setup.zsh
[0.178s] -- Up-to-date: /home/abc/MDH/ros_ws/install/motor_control/share/motor_control/local_setup.dsv
[0.178s] -- Installing: /home/abc/MDH/ros_ws/install/motor_control/share/motor_control/package.dsv
[0.180s] -- Up-to-date: /home/abc/MDH/ros_ws/install/motor_control/share/ament_index/resource_index/packages/motor_control
[0.180s] -- Up-to-date: /home/abc/MDH/ros_ws/install/motor_control/share/motor_control/cmake/motor_controlConfig.cmake
[0.180s] -- Up-to-date: /home/abc/MDH/ros_ws/install/motor_control/share/motor_control/cmake/motor_controlConfig-version.cmake
[0.184s] -- Up-to-date: /home/abc/MDH/ros_ws/install/motor_control/share/motor_control/package.xml
[0.187s] Invoked command in '/home/abc/MDH/ros_ws/build/motor_control' returned '0': CMAKE_PREFIX_PATH=/home/abc/MDH/ros_ws/install/motor_control_command_msgs:/home/abc/MDH/ros_ws/install/rmf_utils:/home/abc/MDH/ros_ws/install/motor_status:/home/abc/MDH/ros_ws/install/motor_control:/opt/ros/humble LD_LIBRARY_PATH=/home/abc/MDH/ros_ws/install/motor_control_command_msgs/lib:/home/abc/MDH/ros_ws/install/rmf_utils/lib:/opt/ros/humble/opt/rviz_ogre_vendor/lib:/opt/ros/humble/lib/x86_64-linux-gnu:/opt/ros/humble/lib /usr/bin/cmake --install /home/abc/MDH/ros_ws/build/motor_control
