[0.025s] Invoking command in '/home/abc/MDH/ros_ws/build/motor_control_command_msgs': CMAKE_PREFIX_PATH=${CMAKE_PREFIX_PATH}:/opt/ros/humble /usr/bin/cmake --build /home/abc/MDH/ros_ws/build/motor_control_command_msgs -- -j8 -l8
[0.090s] [  2%] Built target motor_control_command_msgs__cpp
[0.102s] [  5%] Built target ament_cmake_python_copy_motor_control_command_msgs
[0.102s] [ 12%] Built target motor_control_command_msgs__rosidl_generator_c
[0.130s] [ 23%] Built target motor_control_command_msgs__rosidl_typesupport_introspection_cpp
[0.131s] [ 33%] Built target motor_control_command_msgs__rosidl_typesupport_cpp
[0.137s] [ 43%] Built target motor_control_command_msgs__rosidl_typesupport_fastrtps_cpp
[0.137s] [ 53%] Built target motor_control_command_msgs__rosidl_typesupport_fastrtps_c
[0.139s] [ 64%] Built target motor_control_command_msgs__rosidl_typesupport_c
[0.141s] [ 74%] Built target motor_control_command_msgs__rosidl_typesupport_introspection_c
[0.177s] [ 74%] Built target motor_control_command_msgs
[0.198s] [ 76%] Built target motor_control_command_msgs__py
[0.227s] [ 84%] Built target motor_control_command_msgs__rosidl_generator_py
[0.257s] [ 92%] Built target motor_control_command_msgs__rosidl_typesupport_c__pyext
[0.257s] [ 97%] Built target motor_control_command_msgs__rosidl_typesupport_fastrtps_c__pyext
[0.257s] [100%] Built target motor_control_command_msgs__rosidl_typesupport_introspection_c__pyext
[0.370s] running egg_info
[0.371s] writing motor_control_command_msgs.egg-info/PKG-INFO
[0.372s] writing dependency_links to motor_control_command_msgs.egg-info/dependency_links.txt
[0.372s] writing top-level names to motor_control_command_msgs.egg-info/top_level.txt
[0.375s] reading manifest file 'motor_control_command_msgs.egg-info/SOURCES.txt'
[0.375s] writing manifest file 'motor_control_command_msgs.egg-info/SOURCES.txt'
[0.406s] [100%] Built target ament_cmake_python_build_motor_control_command_msgs_egg
[0.420s] Invoked command in '/home/abc/MDH/ros_ws/build/motor_control_command_msgs' returned '0': CMAKE_PREFIX_PATH=${CMAKE_PREFIX_PATH}:/opt/ros/humble /usr/bin/cmake --build /home/abc/MDH/ros_ws/build/motor_control_command_msgs -- -j8 -l8
[0.423s] Invoking command in '/home/abc/MDH/ros_ws/build/motor_control_command_msgs': CMAKE_PREFIX_PATH=${CMAKE_PREFIX_PATH}:/opt/ros/humble /usr/bin/cmake --install /home/abc/MDH/ros_ws/build/motor_control_command_msgs
[0.438s] -- Install configuration: ""
[0.439s] -- Up-to-date: /home/abc/MDH/ros_ws/install/motor_control_command_msgs/share/ament_index/resource_index/rosidl_interfaces/motor_control_command_msgs
[0.439s] -- Up-to-date: /home/abc/MDH/ros_ws/install/motor_control_command_msgs/include/motor_control_command_msgs/motor_control_command_msgs
[0.440s] -- Up-to-date: /home/abc/MDH/ros_ws/install/motor_control_command_msgs/include/motor_control_command_msgs/motor_control_command_msgs/msg
[0.446s] -- Up-to-date: /home/abc/MDH/ros_ws/install/motor_control_command_msgs/include/motor_control_command_msgs/motor_control_command_msgs/msg/motor_control_command.h
[0.446s] -- Up-to-date: /home/abc/MDH/ros_ws/install/motor_control_command_msgs/include/motor_control_command_msgs/motor_control_command_msgs/msg/detail
[0.446s] -- Up-to-date: /home/abc/MDH/ros_ws/install/motor_control_command_msgs/include/motor_control_command_msgs/motor_control_command_msgs/msg/detail/motor__functions.h
[0.446s] -- Up-to-date: /home/abc/MDH/ros_ws/install/motor_control_command_msgs/include/motor_control_command_msgs/motor_control_command_msgs/msg/detail/motor_control_command__functions.h
[0.447s] -- Up-to-date: /home/abc/MDH/ros_ws/install/motor_control_command_msgs/include/motor_control_command_msgs/motor_control_command_msgs/msg/detail/motor_control_command__type_support.h
[0.447s] -- Up-to-date: /home/abc/MDH/ros_ws/install/motor_control_command_msgs/include/motor_control_command_msgs/motor_control_command_msgs/msg/detail/motor_control_command__struct.h
[0.447s] -- Up-to-date: /home/abc/MDH/ros_ws/install/motor_control_command_msgs/include/motor_control_command_msgs/motor_control_command_msgs/msg/detail/motor__struct.h
[0.447s] -- Up-to-date: /home/abc/MDH/ros_ws/install/motor_control_command_msgs/include/motor_control_command_msgs/motor_control_command_msgs/msg/detail/motor__type_support.h
[0.447s] -- Up-to-date: /home/abc/MDH/ros_ws/install/motor_control_command_msgs/include/motor_control_command_msgs/motor_control_command_msgs/msg/detail/motor_control_command__functions.c
[0.447s] -- Up-to-date: /home/abc/MDH/ros_ws/install/motor_control_command_msgs/include/motor_control_command_msgs/motor_control_command_msgs/msg/detail/motor__functions.c
[0.447s] -- Up-to-date: /home/abc/MDH/ros_ws/install/motor_control_command_msgs/include/motor_control_command_msgs/motor_control_command_msgs/msg/rosidl_generator_c__visibility_control.h
[0.447s] -- Up-to-date: /home/abc/MDH/ros_ws/install/motor_control_command_msgs/include/motor_control_command_msgs/motor_control_command_msgs/msg/motor.h
[0.447s] -- Up-to-date: /home/abc/MDH/ros_ws/install/motor_control_command_msgs/share/motor_control_command_msgs/environment/library_path.sh
[0.447s] -- Up-to-date: /home/abc/MDH/ros_ws/install/motor_control_command_msgs/share/motor_control_command_msgs/environment/library_path.dsv
[0.447s] -- Up-to-date: /home/abc/MDH/ros_ws/install/motor_control_command_msgs/lib/libmotor_control_command_msgs__rosidl_generator_c.so
[0.447s] -- Up-to-date: /home/abc/MDH/ros_ws/install/motor_control_command_msgs/include/motor_control_command_msgs/motor_control_command_msgs
[0.447s] -- Up-to-date: /home/abc/MDH/ros_ws/install/motor_control_command_msgs/include/motor_control_command_msgs/motor_control_command_msgs/msg
[0.448s] -- Up-to-date: /home/abc/MDH/ros_ws/install/motor_control_command_msgs/include/motor_control_command_msgs/motor_control_command_msgs/msg/rosidl_typesupport_fastrtps_c__visibility_control.h
[0.448s] -- Up-to-date: /home/abc/MDH/ros_ws/install/motor_control_command_msgs/include/motor_control_command_msgs/motor_control_command_msgs/msg/detail
[0.448s] -- Up-to-date: /home/abc/MDH/ros_ws/install/motor_control_command_msgs/include/motor_control_command_msgs/motor_control_command_msgs/msg/detail/motor__rosidl_typesupport_fastrtps_c.h
[0.448s] -- Up-to-date: /home/abc/MDH/ros_ws/install/motor_control_command_msgs/include/motor_control_command_msgs/motor_control_command_msgs/msg/detail/motor_control_command__rosidl_typesupport_fastrtps_c.h
[0.448s] -- Up-to-date: /home/abc/MDH/ros_ws/install/motor_control_command_msgs/lib/libmotor_control_command_msgs__rosidl_typesupport_fastrtps_c.so
[0.448s] -- Up-to-date: /home/abc/MDH/ros_ws/install/motor_control_command_msgs/include/motor_control_command_msgs/motor_control_command_msgs
[0.448s] -- Up-to-date: /home/abc/MDH/ros_ws/install/motor_control_command_msgs/include/motor_control_command_msgs/motor_control_command_msgs/msg
[0.448s] -- Up-to-date: /home/abc/MDH/ros_ws/install/motor_control_command_msgs/include/motor_control_command_msgs/motor_control_command_msgs/msg/motor_control_command.hpp
[0.448s] -- Up-to-date: /home/abc/MDH/ros_ws/install/motor_control_command_msgs/include/motor_control_command_msgs/motor_control_command_msgs/msg/motor.hpp
[0.448s] -- Up-to-date: /home/abc/MDH/ros_ws/install/motor_control_command_msgs/include/motor_control_command_msgs/motor_control_command_msgs/msg/detail
[0.448s] -- Up-to-date: /home/abc/MDH/ros_ws/install/motor_control_command_msgs/include/motor_control_command_msgs/motor_control_command_msgs/msg/detail/motor_control_command__builder.hpp
[0.448s] -- Up-to-date: /home/abc/MDH/ros_ws/install/motor_control_command_msgs/include/motor_control_command_msgs/motor_control_command_msgs/msg/detail/motor__type_support.hpp
[0.448s] -- Up-to-date: /home/abc/MDH/ros_ws/install/motor_control_command_msgs/include/motor_control_command_msgs/motor_control_command_msgs/msg/detail/motor_control_command__traits.hpp
[0.448s] -- Up-to-date: /home/abc/MDH/ros_ws/install/motor_control_command_msgs/include/motor_control_command_msgs/motor_control_command_msgs/msg/detail/motor__traits.hpp
[0.448s] -- Up-to-date: /home/abc/MDH/ros_ws/install/motor_control_command_msgs/include/motor_control_command_msgs/motor_control_command_msgs/msg/detail/motor__builder.hpp
[0.448s] -- Up-to-date: /home/abc/MDH/ros_ws/install/motor_control_command_msgs/include/motor_control_command_msgs/motor_control_command_msgs/msg/detail/motor__struct.hpp
[0.448s] -- Up-to-date: /home/abc/MDH/ros_ws/install/motor_control_command_msgs/include/motor_control_command_msgs/motor_control_command_msgs/msg/detail/motor_control_command__type_support.hpp
[0.448s] -- Up-to-date: /home/abc/MDH/ros_ws/install/motor_control_command_msgs/include/motor_control_command_msgs/motor_control_command_msgs/msg/detail/motor_control_command__struct.hpp
[0.449s] -- Up-to-date: /home/abc/MDH/ros_ws/install/motor_control_command_msgs/include/motor_control_command_msgs/motor_control_command_msgs/msg/rosidl_generator_cpp__visibility_control.hpp
[0.449s] -- Up-to-date: /home/abc/MDH/ros_ws/install/motor_control_command_msgs/include/motor_control_command_msgs/motor_control_command_msgs
[0.449s] -- Up-to-date: /home/abc/MDH/ros_ws/install/motor_control_command_msgs/include/motor_control_command_msgs/motor_control_command_msgs/msg
[0.449s] -- Up-to-date: /home/abc/MDH/ros_ws/install/motor_control_command_msgs/include/motor_control_command_msgs/motor_control_command_msgs/msg/detail
[0.449s] -- Up-to-date: /home/abc/MDH/ros_ws/install/motor_control_command_msgs/include/motor_control_command_msgs/motor_control_command_msgs/msg/detail/motor__rosidl_typesupport_fastrtps_cpp.hpp
[0.449s] -- Up-to-date: /home/abc/MDH/ros_ws/install/motor_control_command_msgs/include/motor_control_command_msgs/motor_control_command_msgs/msg/detail/motor_control_command__rosidl_typesupport_fastrtps_cpp.hpp
[0.449s] -- Up-to-date: /home/abc/MDH/ros_ws/install/motor_control_command_msgs/include/motor_control_command_msgs/motor_control_command_msgs/msg/detail/dds_fastrtps
[0.453s] -- Up-to-date: /home/abc/MDH/ros_ws/install/motor_control_command_msgs/include/motor_control_command_msgs/motor_control_command_msgs/msg/rosidl_typesupport_fastrtps_cpp__visibility_control.h
[0.453s] -- Up-to-date: /home/abc/MDH/ros_ws/install/motor_control_command_msgs/lib/libmotor_control_command_msgs__rosidl_typesupport_fastrtps_cpp.so
[0.453s] -- Up-to-date: /home/abc/MDH/ros_ws/install/motor_control_command_msgs/include/motor_control_command_msgs/motor_control_command_msgs
[0.453s] -- Up-to-date: /home/abc/MDH/ros_ws/install/motor_control_command_msgs/include/motor_control_command_msgs/motor_control_command_msgs/msg
[0.453s] -- Up-to-date: /home/abc/MDH/ros_ws/install/motor_control_command_msgs/include/motor_control_command_msgs/motor_control_command_msgs/msg/rosidl_typesupport_introspection_c__visibility_control.h
[0.453s] -- Up-to-date: /home/abc/MDH/ros_ws/install/motor_control_command_msgs/include/motor_control_command_msgs/motor_control_command_msgs/msg/detail
[0.453s] -- Up-to-date: /home/abc/MDH/ros_ws/install/motor_control_command_msgs/include/motor_control_command_msgs/motor_control_command_msgs/msg/detail/motor_control_command__type_support.c
[0.453s] -- Up-to-date: /home/abc/MDH/ros_ws/install/motor_control_command_msgs/include/motor_control_command_msgs/motor_control_command_msgs/msg/detail/motor__rosidl_typesupport_introspection_c.h
[0.454s] -- Up-to-date: /home/abc/MDH/ros_ws/install/motor_control_command_msgs/include/motor_control_command_msgs/motor_control_command_msgs/msg/detail/motor_control_command__rosidl_typesupport_introspection_c.h
[0.454s] -- Up-to-date: /home/abc/MDH/ros_ws/install/motor_control_command_msgs/include/motor_control_command_msgs/motor_control_command_msgs/msg/detail/motor__type_support.c
[0.454s] -- Up-to-date: /home/abc/MDH/ros_ws/install/motor_control_command_msgs/lib/libmotor_control_command_msgs__rosidl_typesupport_introspection_c.so
[0.454s] -- Up-to-date: /home/abc/MDH/ros_ws/install/motor_control_command_msgs/lib/libmotor_control_command_msgs__rosidl_typesupport_c.so
[0.454s] -- Up-to-date: /home/abc/MDH/ros_ws/install/motor_control_command_msgs/include/motor_control_command_msgs/motor_control_command_msgs
[0.454s] -- Up-to-date: /home/abc/MDH/ros_ws/install/motor_control_command_msgs/include/motor_control_command_msgs/motor_control_command_msgs/msg
[0.454s] -- Up-to-date: /home/abc/MDH/ros_ws/install/motor_control_command_msgs/include/motor_control_command_msgs/motor_control_command_msgs/msg/detail
[0.454s] -- Up-to-date: /home/abc/MDH/ros_ws/install/motor_control_command_msgs/include/motor_control_command_msgs/motor_control_command_msgs/msg/detail/motor__rosidl_typesupport_introspection_cpp.hpp
[0.454s] -- Up-to-date: /home/abc/MDH/ros_ws/install/motor_control_command_msgs/include/motor_control_command_msgs/motor_control_command_msgs/msg/detail/motor__type_support.cpp
[0.454s] -- Up-to-date: /home/abc/MDH/ros_ws/install/motor_control_command_msgs/include/motor_control_command_msgs/motor_control_command_msgs/msg/detail/motor_control_command__rosidl_typesupport_introspection_cpp.hpp
[0.454s] -- Up-to-date: /home/abc/MDH/ros_ws/install/motor_control_command_msgs/include/motor_control_command_msgs/motor_control_command_msgs/msg/detail/motor_control_command__type_support.cpp
[0.454s] -- Up-to-date: /home/abc/MDH/ros_ws/install/motor_control_command_msgs/lib/libmotor_control_command_msgs__rosidl_typesupport_introspection_cpp.so
[0.454s] -- Up-to-date: /home/abc/MDH/ros_ws/install/motor_control_command_msgs/lib/libmotor_control_command_msgs__rosidl_typesupport_cpp.so
[0.454s] -- Up-to-date: /home/abc/MDH/ros_ws/install/motor_control_command_msgs/share/motor_control_command_msgs/environment/pythonpath.sh
[0.454s] -- Up-to-date: /home/abc/MDH/ros_ws/install/motor_control_command_msgs/share/motor_control_command_msgs/environment/pythonpath.dsv
[0.454s] -- Up-to-date: /home/abc/MDH/ros_ws/install/motor_control_command_msgs/local/lib/python3.10/dist-packages/motor_control_command_msgs-0.0.0-py3.10.egg-info
[0.454s] -- Installing: /home/abc/MDH/ros_ws/install/motor_control_command_msgs/local/lib/python3.10/dist-packages/motor_control_command_msgs-0.0.0-py3.10.egg-info/top_level.txt
[0.455s] -- Installing: /home/abc/MDH/ros_ws/install/motor_control_command_msgs/local/lib/python3.10/dist-packages/motor_control_command_msgs-0.0.0-py3.10.egg-info/dependency_links.txt
[0.455s] -- Installing: /home/abc/MDH/ros_ws/install/motor_control_command_msgs/local/lib/python3.10/dist-packages/motor_control_command_msgs-0.0.0-py3.10.egg-info/SOURCES.txt
[0.455s] -- Installing: /home/abc/MDH/ros_ws/install/motor_control_command_msgs/local/lib/python3.10/dist-packages/motor_control_command_msgs-0.0.0-py3.10.egg-info/PKG-INFO
[0.455s] -- Up-to-date: /home/abc/MDH/ros_ws/install/motor_control_command_msgs/local/lib/python3.10/dist-packages/motor_control_command_msgs
[0.455s] -- Up-to-date: /home/abc/MDH/ros_ws/install/motor_control_command_msgs/local/lib/python3.10/dist-packages/motor_control_command_msgs/libmotor_control_command_msgs__rosidl_generator_py.so
[0.455s] -- Up-to-date: /home/abc/MDH/ros_ws/install/motor_control_command_msgs/local/lib/python3.10/dist-packages/motor_control_command_msgs/msg
[0.455s] -- Up-to-date: /home/abc/MDH/ros_ws/install/motor_control_command_msgs/local/lib/python3.10/dist-packages/motor_control_command_msgs/msg/_motor_control_command.py
[0.455s] -- Up-to-date: /home/abc/MDH/ros_ws/install/motor_control_command_msgs/local/lib/python3.10/dist-packages/motor_control_command_msgs/msg/_motor_control_command_s.c
[0.455s] -- Up-to-date: /home/abc/MDH/ros_ws/install/motor_control_command_msgs/local/lib/python3.10/dist-packages/motor_control_command_msgs/msg/__init__.py
[0.455s] -- Up-to-date: /home/abc/MDH/ros_ws/install/motor_control_command_msgs/local/lib/python3.10/dist-packages/motor_control_command_msgs/msg/_motor.py
[0.455s] -- Up-to-date: /home/abc/MDH/ros_ws/install/motor_control_command_msgs/local/lib/python3.10/dist-packages/motor_control_command_msgs/msg/_motor_s.c
[0.458s] -- Up-to-date: /home/abc/MDH/ros_ws/install/motor_control_command_msgs/local/lib/python3.10/dist-packages/motor_control_command_msgs/__init__.py
[0.458s] -- Up-to-date: /home/abc/MDH/ros_ws/install/motor_control_command_msgs/local/lib/python3.10/dist-packages/motor_control_command_msgs/_motor_control_command_msgs_s.ep.rosidl_typesupport_introspection_c.c
[0.458s] -- Up-to-date: /home/abc/MDH/ros_ws/install/motor_control_command_msgs/local/lib/python3.10/dist-packages/motor_control_command_msgs/motor_control_command_msgs_s__rosidl_typesupport_introspection_c.cpython-310-x86_64-linux-gnu.so
[0.458s] -- Up-to-date: /home/abc/MDH/ros_ws/install/motor_control_command_msgs/local/lib/python3.10/dist-packages/motor_control_command_msgs/motor_control_command_msgs_s__rosidl_typesupport_c.cpython-310-x86_64-linux-gnu.so
[0.458s] -- Up-to-date: /home/abc/MDH/ros_ws/install/motor_control_command_msgs/local/lib/python3.10/dist-packages/motor_control_command_msgs/motor_control_command_msgs_s__rosidl_typesupport_fastrtps_c.cpython-310-x86_64-linux-gnu.so
[0.458s] -- Up-to-date: /home/abc/MDH/ros_ws/install/motor_control_command_msgs/local/lib/python3.10/dist-packages/motor_control_command_msgs/_motor_control_command_msgs_s.ep.rosidl_typesupport_c.c
[0.458s] -- Up-to-date: /home/abc/MDH/ros_ws/install/motor_control_command_msgs/local/lib/python3.10/dist-packages/motor_control_command_msgs/_motor_control_command_msgs_s.ep.rosidl_typesupport_fastrtps_c.c
[0.521s] Listing '/home/abc/MDH/ros_ws/install/motor_control_command_msgs/local/lib/python3.10/dist-packages/motor_control_command_msgs'...
[0.521s] Listing '/home/abc/MDH/ros_ws/install/motor_control_command_msgs/local/lib/python3.10/dist-packages/motor_control_command_msgs/msg'...
[0.525s] -- Up-to-date: /home/abc/MDH/ros_ws/install/motor_control_command_msgs/local/lib/python3.10/dist-packages/motor_control_command_msgs/motor_control_command_msgs_s__rosidl_typesupport_fastrtps_c.cpython-310-x86_64-linux-gnu.so
[0.526s] -- Up-to-date: /home/abc/MDH/ros_ws/install/motor_control_command_msgs/local/lib/python3.10/dist-packages/motor_control_command_msgs/motor_control_command_msgs_s__rosidl_typesupport_introspection_c.cpython-310-x86_64-linux-gnu.so
[0.526s] -- Up-to-date: /home/abc/MDH/ros_ws/install/motor_control_command_msgs/local/lib/python3.10/dist-packages/motor_control_command_msgs/motor_control_command_msgs_s__rosidl_typesupport_c.cpython-310-x86_64-linux-gnu.so
[0.526s] -- Up-to-date: /home/abc/MDH/ros_ws/install/motor_control_command_msgs/lib/libmotor_control_command_msgs__rosidl_generator_py.so
[0.526s] -- Up-to-date: /home/abc/MDH/ros_ws/install/motor_control_command_msgs/share/motor_control_command_msgs/msg/Motor.idl
[0.526s] -- Up-to-date: /home/abc/MDH/ros_ws/install/motor_control_command_msgs/share/motor_control_command_msgs/msg/MotorControlCommand.idl
[0.526s] -- Up-to-date: /home/abc/MDH/ros_ws/install/motor_control_command_msgs/share/motor_control_command_msgs/msg/Motor.msg
[0.526s] -- Up-to-date: /home/abc/MDH/ros_ws/install/motor_control_command_msgs/share/motor_control_command_msgs/msg/MotorControlCommand.msg
[0.526s] -- Up-to-date: /home/abc/MDH/ros_ws/install/motor_control_command_msgs/share/ament_index/resource_index/package_run_dependencies/motor_control_command_msgs
[0.526s] -- Up-to-date: /home/abc/MDH/ros_ws/install/motor_control_command_msgs/share/ament_index/resource_index/parent_prefix_path/motor_control_command_msgs
[0.526s] -- Up-to-date: /home/abc/MDH/ros_ws/install/motor_control_command_msgs/share/motor_control_command_msgs/environment/ament_prefix_path.sh
[0.527s] -- Up-to-date: /home/abc/MDH/ros_ws/install/motor_control_command_msgs/share/motor_control_command_msgs/environment/ament_prefix_path.dsv
[0.527s] -- Up-to-date: /home/abc/MDH/ros_ws/install/motor_control_command_msgs/share/motor_control_command_msgs/environment/path.sh
[0.527s] -- Up-to-date: /home/abc/MDH/ros_ws/install/motor_control_command_msgs/share/motor_control_command_msgs/environment/path.dsv
[0.527s] -- Up-to-date: /home/abc/MDH/ros_ws/install/motor_control_command_msgs/share/motor_control_command_msgs/local_setup.bash
[0.527s] -- Up-to-date: /home/abc/MDH/ros_ws/install/motor_control_command_msgs/share/motor_control_command_msgs/local_setup.sh
[0.527s] -- Up-to-date: /home/abc/MDH/ros_ws/install/motor_control_command_msgs/share/motor_control_command_msgs/local_setup.zsh
[0.527s] -- Up-to-date: /home/abc/MDH/ros_ws/install/motor_control_command_msgs/share/motor_control_command_msgs/local_setup.dsv
[0.527s] -- Installing: /home/abc/MDH/ros_ws/install/motor_control_command_msgs/share/motor_control_command_msgs/package.dsv
[0.527s] -- Up-to-date: /home/abc/MDH/ros_ws/install/motor_control_command_msgs/share/ament_index/resource_index/packages/motor_control_command_msgs
[0.527s] -- Up-to-date: /home/abc/MDH/ros_ws/install/motor_control_command_msgs/share/motor_control_command_msgs/cmake/export_motor_control_command_msgs__rosidl_generator_cExport.cmake
[0.527s] -- Up-to-date: /home/abc/MDH/ros_ws/install/motor_control_command_msgs/share/motor_control_command_msgs/cmake/export_motor_control_command_msgs__rosidl_generator_cExport-noconfig.cmake
[0.527s] -- Up-to-date: /home/abc/MDH/ros_ws/install/motor_control_command_msgs/share/motor_control_command_msgs/cmake/export_motor_control_command_msgs__rosidl_typesupport_fastrtps_cExport.cmake
[0.528s] -- Up-to-date: /home/abc/MDH/ros_ws/install/motor_control_command_msgs/share/motor_control_command_msgs/cmake/export_motor_control_command_msgs__rosidl_typesupport_fastrtps_cExport-noconfig.cmake
[0.528s] -- Up-to-date: /home/abc/MDH/ros_ws/install/motor_control_command_msgs/share/motor_control_command_msgs/cmake/export_motor_control_command_msgs__rosidl_generator_cppExport.cmake
[0.528s] -- Up-to-date: /home/abc/MDH/ros_ws/install/motor_control_command_msgs/share/motor_control_command_msgs/cmake/export_motor_control_command_msgs__rosidl_typesupport_fastrtps_cppExport.cmake
[0.528s] -- Up-to-date: /home/abc/MDH/ros_ws/install/motor_control_command_msgs/share/motor_control_command_msgs/cmake/export_motor_control_command_msgs__rosidl_typesupport_fastrtps_cppExport-noconfig.cmake
[0.528s] -- Up-to-date: /home/abc/MDH/ros_ws/install/motor_control_command_msgs/share/motor_control_command_msgs/cmake/motor_control_command_msgs__rosidl_typesupport_introspection_cExport.cmake
[0.528s] -- Up-to-date: /home/abc/MDH/ros_ws/install/motor_control_command_msgs/share/motor_control_command_msgs/cmake/motor_control_command_msgs__rosidl_typesupport_introspection_cExport-noconfig.cmake
[0.528s] -- Up-to-date: /home/abc/MDH/ros_ws/install/motor_control_command_msgs/share/motor_control_command_msgs/cmake/motor_control_command_msgs__rosidl_typesupport_cExport.cmake
[0.528s] -- Up-to-date: /home/abc/MDH/ros_ws/install/motor_control_command_msgs/share/motor_control_command_msgs/cmake/motor_control_command_msgs__rosidl_typesupport_cExport-noconfig.cmake
[0.528s] -- Up-to-date: /home/abc/MDH/ros_ws/install/motor_control_command_msgs/share/motor_control_command_msgs/cmake/motor_control_command_msgs__rosidl_typesupport_introspection_cppExport.cmake
[0.528s] -- Up-to-date: /home/abc/MDH/ros_ws/install/motor_control_command_msgs/share/motor_control_command_msgs/cmake/motor_control_command_msgs__rosidl_typesupport_introspection_cppExport-noconfig.cmake
[0.528s] -- Up-to-date: /home/abc/MDH/ros_ws/install/motor_control_command_msgs/share/motor_control_command_msgs/cmake/motor_control_command_msgs__rosidl_typesupport_cppExport.cmake
[0.528s] -- Up-to-date: /home/abc/MDH/ros_ws/install/motor_control_command_msgs/share/motor_control_command_msgs/cmake/motor_control_command_msgs__rosidl_typesupport_cppExport-noconfig.cmake
[0.528s] -- Up-to-date: /home/abc/MDH/ros_ws/install/motor_control_command_msgs/share/motor_control_command_msgs/cmake/export_motor_control_command_msgs__rosidl_generator_pyExport.cmake
[0.529s] -- Up-to-date: /home/abc/MDH/ros_ws/install/motor_control_command_msgs/share/motor_control_command_msgs/cmake/export_motor_control_command_msgs__rosidl_generator_pyExport-noconfig.cmake
[0.529s] -- Up-to-date: /home/abc/MDH/ros_ws/install/motor_control_command_msgs/share/motor_control_command_msgs/cmake/rosidl_cmake-extras.cmake
[0.529s] -- Up-to-date: /home/abc/MDH/ros_ws/install/motor_control_command_msgs/share/motor_control_command_msgs/cmake/ament_cmake_export_dependencies-extras.cmake
[0.529s] -- Up-to-date: /home/abc/MDH/ros_ws/install/motor_control_command_msgs/share/motor_control_command_msgs/cmake/ament_cmake_export_include_directories-extras.cmake
[0.529s] -- Up-to-date: /home/abc/MDH/ros_ws/install/motor_control_command_msgs/share/motor_control_command_msgs/cmake/ament_cmake_export_libraries-extras.cmake
[0.529s] -- Up-to-date: /home/abc/MDH/ros_ws/install/motor_control_command_msgs/share/motor_control_command_msgs/cmake/ament_cmake_export_targets-extras.cmake
[0.529s] -- Up-to-date: /home/abc/MDH/ros_ws/install/motor_control_command_msgs/share/motor_control_command_msgs/cmake/rosidl_cmake_export_typesupport_targets-extras.cmake
[0.529s] -- Up-to-date: /home/abc/MDH/ros_ws/install/motor_control_command_msgs/share/motor_control_command_msgs/cmake/rosidl_cmake_export_typesupport_libraries-extras.cmake
[0.529s] -- Up-to-date: /home/abc/MDH/ros_ws/install/motor_control_command_msgs/share/motor_control_command_msgs/cmake/motor_control_command_msgsConfig.cmake
[0.529s] -- Up-to-date: /home/abc/MDH/ros_ws/install/motor_control_command_msgs/share/motor_control_command_msgs/cmake/motor_control_command_msgsConfig-version.cmake
[0.529s] -- Up-to-date: /home/abc/MDH/ros_ws/install/motor_control_command_msgs/share/motor_control_command_msgs/package.xml
[0.533s] Invoked command in '/home/abc/MDH/ros_ws/build/motor_control_command_msgs' returned '0': CMAKE_PREFIX_PATH=${CMAKE_PREFIX_PATH}:/opt/ros/humble /usr/bin/cmake --install /home/abc/MDH/ros_ws/build/motor_control_command_msgs
