[0.025s] Invoking command in '/home/abc/MDH/ros_ws/build/rmf_utils': CMAKE_PREFIX_PATH=/opt/ros/humble /usr/bin/cmake /home/abc/MDH/ros_ws/src/rmf_utils/rmf_utils -DCMAKE_INSTALL_PREFIX=/home/abc/MDH/ros_ws/install/rmf_utils
[0.193s] -- The C compiler identification is GNU 11.4.0
[0.390s] -- The CXX compiler identification is GNU 11.4.0
[0.430s] -- Detecting C compiler ABI info
[0.547s] -- Detecting C compiler ABI info - done
[0.558s] -- Check for working C compiler: /usr/bin/cc - skipped
[0.558s] -- Detecting C compile features
[0.559s] -- Detecting C compile features - done
[0.563s] -- Detecting CXX compiler ABI info
[0.666s] -- Detecting CXX compiler ABI info - done
[0.673s] -- Check for working CXX compiler: /usr/bin/c++ - skipped
[0.673s] -- Detecting CXX compile features
[0.674s] -- Detecting CXX compile features - done
[0.946s] -- Found Python3: /usr/bin/python3 (found version "3.10.12") found components: Interpreter 
[1.105s] -- Configuring done
[1.109s] -- Generating done
[1.110s] -- Build files have been written to: /home/abc/MDH/ros_ws/build/rmf_utils
[1.121s] Invoked command in '/home/abc/MDH/ros_ws/build/rmf_utils' returned '0': CMAKE_PREFIX_PATH=/opt/ros/humble /usr/bin/cmake /home/abc/MDH/ros_ws/src/rmf_utils/rmf_utils -DCMAKE_INSTALL_PREFIX=/home/abc/MDH/ros_ws/install/rmf_utils
[1.127s] Invoking command in '/home/abc/MDH/ros_ws/build/rmf_utils': CMAKE_PREFIX_PATH=/opt/ros/humble /usr/bin/cmake --build /home/abc/MDH/ros_ws/build/rmf_utils -- -j8 -l8
[1.218s] [ 50%] [32mBuilding CXX object CMakeFiles/rmf_utils.dir/src/rmf_utils/RateLimiter.cpp.o[0m
[1.681s] [100%] [32m[1mLinking CXX shared library librmf_utils.so[0m
[1.805s] [100%] Built target rmf_utils
[1.823s] Invoked command in '/home/abc/MDH/ros_ws/build/rmf_utils' returned '0': CMAKE_PREFIX_PATH=/opt/ros/humble /usr/bin/cmake --build /home/abc/MDH/ros_ws/build/rmf_utils -- -j8 -l8
[1.840s] Invoking command in '/home/abc/MDH/ros_ws/build/rmf_utils': CMAKE_PREFIX_PATH=/opt/ros/humble /usr/bin/cmake --install /home/abc/MDH/ros_ws/build/rmf_utils
[1.856s] -- Install configuration: ""
[1.856s] -- Installing: /home/abc/MDH/ros_ws/install/rmf_utils/lib/librmf_utils.so
[1.856s] -- Installing: /home/abc/MDH/ros_ws/install/rmf_utils/include/rmf_utils
[1.856s] -- Installing: /home/abc/MDH/ros_ws/install/rmf_utils/include/rmf_utils/math.hpp
[1.857s] -- Installing: /home/abc/MDH/ros_ws/install/rmf_utils/include/rmf_utils/clone_ptr.hpp
[1.857s] -- Installing: /home/abc/MDH/ros_ws/install/rmf_utils/include/rmf_utils/catch.hpp
[1.857s] -- Installing: /home/abc/MDH/ros_ws/install/rmf_utils/include/rmf_utils/impl_ptr.hpp
[1.857s] -- Installing: /home/abc/MDH/ros_ws/install/rmf_utils/include/rmf_utils/AssignID.hpp
[1.857s] -- Installing: /home/abc/MDH/ros_ws/install/rmf_utils/include/rmf_utils/optional.hpp
[1.857s] -- Installing: /home/abc/MDH/ros_ws/install/rmf_utils/include/rmf_utils/RateLimiter.hpp
[1.857s] -- Installing: /home/abc/MDH/ros_ws/install/rmf_utils/include/rmf_utils/macros.hpp
[1.857s] -- Installing: /home/abc/MDH/ros_ws/install/rmf_utils/include/rmf_utils/Modular.hpp
[1.857s] -- Installing: /home/abc/MDH/ros_ws/install/rmf_utils/lib/rmf_utils/cmake/rmf_utils-config-version.cmake
[1.857s] -- Installing: /home/abc/MDH/ros_ws/install/rmf_utils/lib/rmf_utils/cmake/rmf_utils-config.cmake
[1.857s] -- Installing: /home/abc/MDH/ros_ws/install/rmf_utils/lib/rmf_utils/cmake/rmf_utils-targets.cmake
[1.857s] -- Installing: /home/abc/MDH/ros_ws/install/rmf_utils/lib/rmf_utils/cmake/rmf_utils-targets-noconfig.cmake
[1.857s] -- Installing: /home/abc/MDH/ros_ws/install/rmf_utils/share/rmf_utils/rmf_code_style.cfg
[1.857s] -- Installing: /home/abc/MDH/ros_ws/install/rmf_utils/share/ament_index/resource_index/packages/rmf_utils
[1.858s] -- Installing: /home/abc/MDH/ros_ws/install/rmf_utils/share/rmf_utils/hook/ament_prefix_path.dsv
[1.862s] Invoked command in '/home/abc/MDH/ros_ws/build/rmf_utils' returned '0': CMAKE_PREFIX_PATH=/opt/ros/humble /usr/bin/cmake --install /home/abc/MDH/ros_ws/build/rmf_utils
