[0.014s] Invoking command in '/home/wq/MDH/ros_ws/build/motor_status': CMAKE_PREFIX_PATH=/opt/ros/humble /usr/bin/cmake --build /home/wq/MDH/ros_ws/build/motor_status -- -j28 -l28
[0.047s] [35m[1mConsolidate compiler generated dependencies of target motor_status[0m
[0.066s] [100%] Built target motor_status
[0.087s] Invoked command in '/home/wq/MDH/ros_ws/build/motor_status' returned '0': CMAKE_PREFIX_PATH=/opt/ros/humble /usr/bin/cmake --build /home/wq/MDH/ros_ws/build/motor_status -- -j28 -l28
[0.089s] Invoking command in '/home/wq/MDH/ros_ws/build/motor_status': CMAKE_PREFIX_PATH=/opt/ros/humble /usr/bin/cmake --install /home/wq/MDH/ros_ws/build/motor_status
[0.094s] -- Install configuration: ""
[0.094s] -- Up-to-date: /home/wq/MDH/ros_ws/install/motor_status/lib/motor_status/motor_status
[0.094s] -- Up-to-date: /home/wq/MDH/ros_ws/install/motor_status/share/ament_index/resource_index/package_run_dependencies/motor_status
[0.095s] -- Up-to-date: /home/wq/MDH/ros_ws/install/motor_status/share/ament_index/resource_index/parent_prefix_path/motor_status
[0.095s] -- Up-to-date: /home/wq/MDH/ros_ws/install/motor_status/share/motor_status/environment/ament_prefix_path.sh
[0.095s] -- Up-to-date: /home/wq/MDH/ros_ws/install/motor_status/share/motor_status/environment/ament_prefix_path.dsv
[0.095s] -- Up-to-date: /home/wq/MDH/ros_ws/install/motor_status/share/motor_status/environment/path.sh
[0.095s] -- Up-to-date: /home/wq/MDH/ros_ws/install/motor_status/share/motor_status/environment/path.dsv
[0.095s] -- Up-to-date: /home/wq/MDH/ros_ws/install/motor_status/share/motor_status/local_setup.bash
[0.095s] -- Up-to-date: /home/wq/MDH/ros_ws/install/motor_status/share/motor_status/local_setup.sh
[0.095s] -- Up-to-date: /home/wq/MDH/ros_ws/install/motor_status/share/motor_status/local_setup.zsh
[0.095s] -- Up-to-date: /home/wq/MDH/ros_ws/install/motor_status/share/motor_status/local_setup.dsv
[0.096s] -- Installing: /home/wq/MDH/ros_ws/install/motor_status/share/motor_status/package.dsv
[0.096s] -- Up-to-date: /home/wq/MDH/ros_ws/install/motor_status/share/ament_index/resource_index/packages/motor_status
[0.096s] -- Up-to-date: /home/wq/MDH/ros_ws/install/motor_status/share/motor_status/cmake/motor_statusConfig.cmake
[0.096s] -- Up-to-date: /home/wq/MDH/ros_ws/install/motor_status/share/motor_status/cmake/motor_statusConfig-version.cmake
[0.096s] -- Up-to-date: /home/wq/MDH/ros_ws/install/motor_status/share/motor_status/package.xml
[0.107s] Invoked command in '/home/wq/MDH/ros_ws/build/motor_status' returned '0': CMAKE_PREFIX_PATH=/opt/ros/humble /usr/bin/cmake --install /home/wq/MDH/ros_ws/build/motor_status
