[0.015s] Invoking command in '/home/abc/MDH/ros_ws/build/motor_control': AMENT_PREFIX_PATH=/home/abc/MDH/ros_ws/install/motor_control_command_msgs:${AMENT_PREFIX_PATH} CMAKE_PREFIX_PATH=/home/abc/MDH/ros_ws/install/motor_control_command_msgs:/opt/ros/humble LD_LIBRARY_PATH=/home/abc/MDH/ros_ws/install/motor_control_command_msgs/lib:${LD_LIBRARY_PATH} PYTHONPATH=/home/abc/MDH/ros_ws/install/motor_control_command_msgs/local/lib/python3.10/dist-packages:${PYTHONPATH} /usr/bin/cmake --build /home/abc/MDH/ros_ws/build/motor_control -- -j8 -l8
[0.074s] [100%] Built target motor_control_state
[0.086s] Invoked command in '/home/abc/MDH/ros_ws/build/motor_control' returned '0': AMENT_PREFIX_PATH=/home/abc/MDH/ros_ws/install/motor_control_command_msgs:${AMENT_PREFIX_PATH} CMAKE_PREFIX_PATH=/home/abc/MDH/ros_ws/install/motor_control_command_msgs:/opt/ros/humble LD_LIBRARY_PATH=/home/abc/MDH/ros_ws/install/motor_control_command_msgs/lib:${LD_LIBRARY_PATH} PYTHONPATH=/home/abc/MDH/ros_ws/install/motor_control_command_msgs/local/lib/python3.10/dist-packages:${PYTHONPATH} /usr/bin/cmake --build /home/abc/MDH/ros_ws/build/motor_control -- -j8 -l8
[0.088s] Invoking command in '/home/abc/MDH/ros_ws/build/motor_control': AMENT_PREFIX_PATH=/home/abc/MDH/ros_ws/install/motor_control_command_msgs:${AMENT_PREFIX_PATH} CMAKE_PREFIX_PATH=/home/abc/MDH/ros_ws/install/motor_control_command_msgs:/opt/ros/humble LD_LIBRARY_PATH=/home/abc/MDH/ros_ws/install/motor_control_command_msgs/lib:${LD_LIBRARY_PATH} PYTHONPATH=/home/abc/MDH/ros_ws/install/motor_control_command_msgs/local/lib/python3.10/dist-packages:${PYTHONPATH} /usr/bin/cmake --install /home/abc/MDH/ros_ws/build/motor_control
[0.099s] -- Install configuration: ""
[0.099s] -- Up-to-date: /home/abc/MDH/ros_ws/install/motor_control/share/motor_control/launch
[0.099s] -- Up-to-date: /home/abc/MDH/ros_ws/install/motor_control/share/motor_control/launch/adapter_launch.xml
[0.099s] -- Up-to-date: /home/abc/MDH/ros_ws/install/motor_control/lib/motor_control/motor_control_state
[0.100s] -- Up-to-date: /home/abc/MDH/ros_ws/install/motor_control/share/ament_index/resource_index/package_run_dependencies/motor_control
[0.100s] -- Up-to-date: /home/abc/MDH/ros_ws/install/motor_control/share/ament_index/resource_index/parent_prefix_path/motor_control
[0.100s] -- Up-to-date: /home/abc/MDH/ros_ws/install/motor_control/share/motor_control/environment/ament_prefix_path.sh
[0.100s] -- Up-to-date: /home/abc/MDH/ros_ws/install/motor_control/share/motor_control/environment/ament_prefix_path.dsv
[0.100s] -- Up-to-date: /home/abc/MDH/ros_ws/install/motor_control/share/motor_control/environment/path.sh
[0.100s] -- Up-to-date: /home/abc/MDH/ros_ws/install/motor_control/share/motor_control/environment/path.dsv
[0.101s] -- Up-to-date: /home/abc/MDH/ros_ws/install/motor_control/share/motor_control/local_setup.bash
[0.101s] -- Up-to-date: /home/abc/MDH/ros_ws/install/motor_control/share/motor_control/local_setup.sh
[0.101s] -- Up-to-date: /home/abc/MDH/ros_ws/install/motor_control/share/motor_control/local_setup.zsh
[0.101s] -- Up-to-date: /home/abc/MDH/ros_ws/install/motor_control/share/motor_control/local_setup.dsv
[0.101s] -- Installing: /home/abc/MDH/ros_ws/install/motor_control/share/motor_control/package.dsv
[0.102s] -- Up-to-date: /home/abc/MDH/ros_ws/install/motor_control/share/ament_index/resource_index/packages/motor_control
[0.102s] -- Up-to-date: /home/abc/MDH/ros_ws/install/motor_control/share/motor_control/cmake/motor_controlConfig.cmake
[0.102s] -- Up-to-date: /home/abc/MDH/ros_ws/install/motor_control/share/motor_control/cmake/motor_controlConfig-version.cmake
[0.102s] -- Up-to-date: /home/abc/MDH/ros_ws/install/motor_control/share/motor_control/package.xml
[0.104s] Invoked command in '/home/abc/MDH/ros_ws/build/motor_control' returned '0': AMENT_PREFIX_PATH=/home/abc/MDH/ros_ws/install/motor_control_command_msgs:${AMENT_PREFIX_PATH} CMAKE_PREFIX_PATH=/home/abc/MDH/ros_ws/install/motor_control_command_msgs:/opt/ros/humble LD_LIBRARY_PATH=/home/abc/MDH/ros_ws/install/motor_control_command_msgs/lib:${LD_LIBRARY_PATH} PYTHONPATH=/home/abc/MDH/ros_ws/install/motor_control_command_msgs/local/lib/python3.10/dist-packages:${PYTHONPATH} /usr/bin/cmake --install /home/abc/MDH/ros_ws/build/motor_control
