[100%] Built target rmf_utils
-- Install configuration: ""
-- Up-to-date: /home/abc/MDH/ros_ws/install/rmf_utils/lib/librmf_utils.so
-- Up-to-date: /home/abc/MDH/ros_ws/install/rmf_utils/include/rmf_utils
-- Up-to-date: /home/abc/MDH/ros_ws/install/rmf_utils/include/rmf_utils/math.hpp
-- Up-to-date: /home/abc/MDH/ros_ws/install/rmf_utils/include/rmf_utils/clone_ptr.hpp
-- Up-to-date: /home/abc/MDH/ros_ws/install/rmf_utils/include/rmf_utils/catch.hpp
-- Up-to-date: /home/abc/MDH/ros_ws/install/rmf_utils/include/rmf_utils/impl_ptr.hpp
-- Up-to-date: /home/abc/MDH/ros_ws/install/rmf_utils/include/rmf_utils/AssignID.hpp
-- Up-to-date: /home/abc/MDH/ros_ws/install/rmf_utils/include/rmf_utils/optional.hpp
-- Up-to-date: /home/abc/MDH/ros_ws/install/rmf_utils/include/rmf_utils/RateLimiter.hpp
-- Up-to-date: /home/abc/MDH/ros_ws/install/rmf_utils/include/rmf_utils/macros.hpp
-- Up-to-date: /home/abc/MDH/ros_ws/install/rmf_utils/include/rmf_utils/Modular.hpp
-- Up-to-date: /home/abc/MDH/ros_ws/install/rmf_utils/lib/rmf_utils/cmake/rmf_utils-config-version.cmake
-- Up-to-date: /home/abc/MDH/ros_ws/install/rmf_utils/lib/rmf_utils/cmake/rmf_utils-config.cmake
-- Up-to-date: /home/abc/MDH/ros_ws/install/rmf_utils/lib/rmf_utils/cmake/rmf_utils-targets.cmake
-- Up-to-date: /home/abc/MDH/ros_ws/install/rmf_utils/lib/rmf_utils/cmake/rmf_utils-targets-noconfig.cmake
-- Up-to-date: /home/abc/MDH/ros_ws/install/rmf_utils/share/rmf_utils/rmf_code_style.cfg
-- Up-to-date: /home/abc/MDH/ros_ws/install/rmf_utils/share/ament_index/resource_index/packages/rmf_utils
-- Up-to-date: /home/abc/MDH/ros_ws/install/rmf_utils/share/rmf_utils/hook/ament_prefix_path.dsv
