[0.009s] Invoking command in '/home/wq/MDH/ros_ws/build/motor_control_command_msgs': CMAKE_PREFIX_PATH=/opt/ros/humble /usr/bin/cmake /home/wq/MDH/ros_ws/src/internal_msgs/motor_control_command_msgs -DCMAKE_INSTALL_PREFIX=/home/wq/MDH/ros_ws/install/motor_control_command_msgs
[0.057s] -- The C compiler identification is GNU 11.4.0
[0.111s] -- The CXX compiler identification is GNU 11.4.0
[0.116s] -- Detecting C compiler ABI info
[0.164s] -- Detecting C compiler ABI info - done
[0.169s] -- Check for working C compiler: /usr/bin/cc - skipped
[0.169s] -- Detecting C compile features
[0.169s] -- Detecting C compile features - done
[0.171s] -- Detecting CXX compiler ABI info
[0.228s] -- Detecting CXX compiler ABI info - done
[0.233s] -- Check for working CXX compiler: /usr/bin/c++ - skipped
[0.233s] -- Detecting CXX compile features
[0.234s] -- Detecting CXX compile features - done
[0.235s] -- Found ament_cmake: 1.3.11 (/opt/ros/humble/share/ament_cmake/cmake)
[0.338s] -- Found Python3: /usr/bin/python3 (found version "3.10.12") found components: Interpreter 
[0.394s] -- Found builtin_interfaces: 1.2.1 (/opt/ros/humble/share/builtin_interfaces/cmake)
[0.413s] -- Found rosidl_generator_c: 3.1.6 (/opt/ros/humble/share/rosidl_generator_c/cmake)
[0.416s] -- Found rosidl_adapter: 3.1.6 (/opt/ros/humble/share/rosidl_adapter/cmake)
[0.420s] -- Found rosidl_generator_cpp: 3.1.6 (/opt/ros/humble/share/rosidl_generator_cpp/cmake)
[0.427s] -- Using all available rosidl_typesupport_c: rosidl_typesupport_fastrtps_c;rosidl_typesupport_introspection_c
[0.436s] -- Using all available rosidl_typesupport_cpp: rosidl_typesupport_fastrtps_cpp;rosidl_typesupport_introspection_cpp
[0.445s] -- Found rosidl_default_generators: 1.2.0 (/opt/ros/humble/share/rosidl_default_generators/cmake)
[0.621s] -- Found ament_cmake_cppcheck: 0.12.11 (/opt/ros/humble/share/ament_cmake_cppcheck/cmake)
[0.622s] -- Found ament_cmake_cpplint: 0.12.11 (/opt/ros/humble/share/ament_cmake_cpplint/cmake)
[0.623s] -- Found ament_cmake_uncrustify: 0.12.11 (/opt/ros/humble/share/ament_cmake_uncrustify/cmake)
[0.624s] -- Found ament_cmake_ros: 0.10.0 (/opt/ros/humble/share/ament_cmake_ros/cmake)
[0.852s] -- Using all available rosidl_typesupport_c: rosidl_typesupport_fastrtps_c;rosidl_typesupport_introspection_c
[0.939s] -- Using all available rosidl_typesupport_cpp: rosidl_typesupport_fastrtps_cpp;rosidl_typesupport_introspection_cpp
[0.956s] -- Found PythonInterp: /usr/bin/python3 (found suitable version "3.10.12", minimum required is "3.6") 
[0.957s] -- Found python_cmake_module: 0.10.0 (/opt/ros/humble/share/python_cmake_module/cmake)
[0.975s] -- Found PythonLibs: /usr/lib/x86_64-linux-gnu/libpython3.10.so (found suitable version "3.10.12", minimum required is "3.5") 
[0.976s] -- Using PYTHON_EXECUTABLE: /usr/bin/python3
[0.976s] -- Using PYTHON_INCLUDE_DIRS: /usr/include/python3.10
[0.976s] -- Using PYTHON_LIBRARIES: /usr/lib/x86_64-linux-gnu/libpython3.10.so
[0.989s] -- Found PythonExtra: .so  
[1.014s] -- Found ament_cmake_flake8: 0.12.11 (/opt/ros/humble/share/ament_cmake_flake8/cmake)
[1.015s] -- Found ament_cmake_pep257: 0.12.11 (/opt/ros/humble/share/ament_cmake_pep257/cmake)
[1.019s] -- Configuring done
[1.037s] -- Generating done
[1.044s] -- Build files have been written to: /home/wq/MDH/ros_ws/build/motor_control_command_msgs
[1.050s] Invoked command in '/home/wq/MDH/ros_ws/build/motor_control_command_msgs' returned '0': CMAKE_PREFIX_PATH=/opt/ros/humble /usr/bin/cmake /home/wq/MDH/ros_ws/src/internal_msgs/motor_control_command_msgs -DCMAKE_INSTALL_PREFIX=/home/wq/MDH/ros_ws/install/motor_control_command_msgs
[1.051s] Invoking command in '/home/wq/MDH/ros_ws/build/motor_control_command_msgs': CMAKE_PREFIX_PATH=/opt/ros/humble /usr/bin/cmake --build /home/wq/MDH/ros_ws/build/motor_control_command_msgs -- -j28 -l28
[1.076s] [  2%] [34m[1mGenerating C code for ROS interfaces[0m
[1.082s] [  5%] [34m[1mGenerating C++ code for ROS interfaces[0m
[1.088s] [  5%] Built target ament_cmake_python_copy_motor_control_command_msgs
[1.219s] running egg_info
[1.219s] creating motor_control_command_msgs.egg-info
[1.219s] writing motor_control_command_msgs.egg-info/PKG-INFO
[1.219s] writing dependency_links to motor_control_command_msgs.egg-info/dependency_links.txt
[1.220s] writing top-level names to motor_control_command_msgs.egg-info/top_level.txt
[1.220s] writing manifest file 'motor_control_command_msgs.egg-info/SOURCES.txt'
[1.220s] reading manifest file 'motor_control_command_msgs.egg-info/SOURCES.txt'
[1.221s] writing manifest file 'motor_control_command_msgs.egg-info/SOURCES.txt'
[1.239s] [  5%] Built target ament_cmake_python_build_motor_control_command_msgs_egg
[1.261s] [  5%] Built target motor_control_command_msgs__cpp
[1.268s] [  7%] [34m[1mGenerating C++ introspection for ROS interfaces[0m
[1.268s] [ 10%] [34m[1mGenerating C++ type support for eProsima Fast-RTPS[0m
[1.268s] [ 12%] [34m[1mGenerating C++ type support dispatch for ROS interfaces[0m
[1.283s] [ 15%] [32mBuilding C object CMakeFiles/motor_control_command_msgs__rosidl_generator_c.dir/rosidl_generator_c/motor_control_command_msgs/msg/detail/motor__functions.c.o[0m
[1.283s] [ 17%] [32mBuilding C object CMakeFiles/motor_control_command_msgs__rosidl_generator_c.dir/rosidl_generator_c/motor_control_command_msgs/msg/detail/motor_control_command__functions.c.o[0m
[1.314s] [ 20%] [32m[1mLinking C shared library libmotor_control_command_msgs__rosidl_generator_c.so[0m
[1.339s] [ 20%] Built target motor_control_command_msgs__rosidl_generator_c
[1.345s] [ 23%] [34m[1mGenerating C introspection for ROS interfaces[0m
[1.346s] [ 25%] [34m[1mGenerating C type support for eProsima Fast-RTPS[0m
[1.346s] [ 28%] [34m[1mGenerating C type support dispatch for ROS interfaces[0m
[1.426s] [ 33%] [32mBuilding CXX object CMakeFiles/motor_control_command_msgs__rosidl_typesupport_cpp.dir/rosidl_typesupport_cpp/motor_control_command_msgs/msg/motor_control_command__type_support.cpp.o[0m
[1.426s] [ 33%] [32mBuilding CXX object CMakeFiles/motor_control_command_msgs__rosidl_typesupport_cpp.dir/rosidl_typesupport_cpp/motor_control_command_msgs/msg/motor__type_support.cpp.o[0m
[1.436s] [ 35%] [32mBuilding CXX object CMakeFiles/motor_control_command_msgs__rosidl_typesupport_introspection_cpp.dir/rosidl_typesupport_introspection_cpp/motor_control_command_msgs/msg/detail/motor_control_command__type_support.cpp.o[0m
[1.436s] [ 38%] [32mBuilding CXX object CMakeFiles/motor_control_command_msgs__rosidl_typesupport_introspection_cpp.dir/rosidl_typesupport_introspection_cpp/motor_control_command_msgs/msg/detail/motor__type_support.cpp.o[0m
[1.448s] [ 43%] [32mBuilding CXX object CMakeFiles/motor_control_command_msgs__rosidl_typesupport_fastrtps_cpp.dir/rosidl_typesupport_fastrtps_cpp/motor_control_command_msgs/msg/detail/dds_fastrtps/motor_control_command__type_support.cpp.o[0m
[1.448s] [ 43%] [32mBuilding CXX object CMakeFiles/motor_control_command_msgs__rosidl_typesupport_fastrtps_cpp.dir/rosidl_typesupport_fastrtps_cpp/motor_control_command_msgs/msg/detail/dds_fastrtps/motor__type_support.cpp.o[0m
[1.521s] [ 46%] [32mBuilding CXX object CMakeFiles/motor_control_command_msgs__rosidl_typesupport_fastrtps_c.dir/rosidl_typesupport_fastrtps_c/motor_control_command_msgs/msg/detail/motor_control_command__type_support_c.cpp.o[0m
[1.522s] [ 48%] [32mBuilding CXX object CMakeFiles/motor_control_command_msgs__rosidl_typesupport_fastrtps_c.dir/rosidl_typesupport_fastrtps_c/motor_control_command_msgs/msg/detail/motor__type_support_c.cpp.o[0m
[1.524s] [ 51%] [32mBuilding CXX object CMakeFiles/motor_control_command_msgs__rosidl_typesupport_c.dir/rosidl_typesupport_c/motor_control_command_msgs/msg/motor_control_command__type_support.cpp.o[0m
[1.526s] [ 53%] [32mBuilding CXX object CMakeFiles/motor_control_command_msgs__rosidl_typesupport_c.dir/rosidl_typesupport_c/motor_control_command_msgs/msg/motor__type_support.cpp.o[0m
[1.530s] [ 56%] [32mBuilding C object CMakeFiles/motor_control_command_msgs__rosidl_typesupport_introspection_c.dir/rosidl_typesupport_introspection_c/motor_control_command_msgs/msg/detail/motor__type_support.c.o[0m
[1.530s] [ 58%] [32mBuilding C object CMakeFiles/motor_control_command_msgs__rosidl_typesupport_introspection_c.dir/rosidl_typesupport_introspection_c/motor_control_command_msgs/msg/detail/motor_control_command__type_support.c.o[0m
[1.547s] [ 61%] [32m[1mLinking CXX shared library libmotor_control_command_msgs__rosidl_typesupport_c.so[0m
[1.559s] [ 64%] [32m[1mLinking C shared library libmotor_control_command_msgs__rosidl_typesupport_introspection_c.so[0m
[1.580s] [ 64%] Built target motor_control_command_msgs__rosidl_typesupport_c
[1.580s] [ 64%] Built target motor_control_command_msgs__rosidl_typesupport_introspection_c
[1.653s] [ 66%] [32m[1mLinking CXX shared library libmotor_control_command_msgs__rosidl_typesupport_cpp.so[0m
[1.681s] [ 66%] Built target motor_control_command_msgs__rosidl_typesupport_cpp
[1.710s] [ 69%] [32m[1mLinking CXX shared library libmotor_control_command_msgs__rosidl_typesupport_fastrtps_cpp.so[0m
[1.737s] [ 71%] [32m[1mLinking CXX shared library libmotor_control_command_msgs__rosidl_typesupport_fastrtps_c.so[0m
[1.757s] [ 74%] [32m[1mLinking CXX shared library libmotor_control_command_msgs__rosidl_typesupport_introspection_cpp.so[0m
[1.760s] [ 74%] Built target motor_control_command_msgs__rosidl_typesupport_fastrtps_cpp
[1.785s] [ 74%] Built target motor_control_command_msgs__rosidl_typesupport_fastrtps_c
[1.804s] [ 74%] Built target motor_control_command_msgs__rosidl_typesupport_introspection_cpp
[1.818s] [ 74%] Built target motor_control_command_msgs
[1.831s] [ 76%] [34m[1mGenerating Python code for ROS interfaces[0m
[2.067s] [ 76%] Built target motor_control_command_msgs__py
[2.079s] [ 79%] [32mBuilding C object CMakeFiles/motor_control_command_msgs__rosidl_generator_py.dir/rosidl_generator_py/motor_control_command_msgs/msg/_motor_control_command_s.c.o[0m
[2.079s] [ 82%] [32mBuilding C object CMakeFiles/motor_control_command_msgs__rosidl_generator_py.dir/rosidl_generator_py/motor_control_command_msgs/msg/_motor_s.c.o[0m
[2.146s] [ 84%] [32m[1mLinking C shared library rosidl_generator_py/motor_control_command_msgs/libmotor_control_command_msgs__rosidl_generator_py.so[0m
[2.175s] [ 84%] Built target motor_control_command_msgs__rosidl_generator_py
[2.190s] [ 92%] [32mBuilding C object CMakeFiles/motor_control_command_msgs__rosidl_typesupport_introspection_c__pyext.dir/rosidl_generator_py/motor_control_command_msgs/_motor_control_command_msgs_s.ep.rosidl_typesupport_introspection_c.c.o[0m
[2.190s] [ 92%] [32mBuilding C object CMakeFiles/motor_control_command_msgs__rosidl_typesupport_c__pyext.dir/rosidl_generator_py/motor_control_command_msgs/_motor_control_command_msgs_s.ep.rosidl_typesupport_c.c.o[0m
[2.190s] [ 92%] [32mBuilding C object CMakeFiles/motor_control_command_msgs__rosidl_typesupport_fastrtps_c__pyext.dir/rosidl_generator_py/motor_control_command_msgs/_motor_control_command_msgs_s.ep.rosidl_typesupport_fastrtps_c.c.o[0m
[2.251s] [ 94%] [32m[1mLinking C shared library rosidl_generator_py/motor_control_command_msgs/motor_control_command_msgs_s__rosidl_typesupport_introspection_c.cpython-310-x86_64-linux-gnu.so[0m
[2.251s] [ 97%] [32m[1mLinking C shared library rosidl_generator_py/motor_control_command_msgs/motor_control_command_msgs_s__rosidl_typesupport_fastrtps_c.cpython-310-x86_64-linux-gnu.so[0m
[2.260s] [100%] [32m[1mLinking C shared library rosidl_generator_py/motor_control_command_msgs/motor_control_command_msgs_s__rosidl_typesupport_c.cpython-310-x86_64-linux-gnu.so[0m
[2.273s] [100%] Built target motor_control_command_msgs__rosidl_typesupport_fastrtps_c__pyext
[2.273s] [100%] Built target motor_control_command_msgs__rosidl_typesupport_introspection_c__pyext
[2.281s] [100%] Built target motor_control_command_msgs__rosidl_typesupport_c__pyext
[2.288s] Invoked command in '/home/wq/MDH/ros_ws/build/motor_control_command_msgs' returned '0': CMAKE_PREFIX_PATH=/opt/ros/humble /usr/bin/cmake --build /home/wq/MDH/ros_ws/build/motor_control_command_msgs -- -j28 -l28
[2.289s] Invoking command in '/home/wq/MDH/ros_ws/build/motor_control_command_msgs': CMAKE_PREFIX_PATH=/opt/ros/humble /usr/bin/cmake --install /home/wq/MDH/ros_ws/build/motor_control_command_msgs
[2.294s] -- Install configuration: ""
[2.294s] -- Installing: /home/wq/MDH/ros_ws/install/motor_control_command_msgs/share/ament_index/resource_index/rosidl_interfaces/motor_control_command_msgs
[2.294s] -- Installing: /home/wq/MDH/ros_ws/install/motor_control_command_msgs/include/motor_control_command_msgs/motor_control_command_msgs
[2.294s] -- Installing: /home/wq/MDH/ros_ws/install/motor_control_command_msgs/include/motor_control_command_msgs/motor_control_command_msgs/msg
[2.294s] -- Installing: /home/wq/MDH/ros_ws/install/motor_control_command_msgs/include/motor_control_command_msgs/motor_control_command_msgs/msg/rosidl_generator_c__visibility_control.h
[2.294s] -- Installing: /home/wq/MDH/ros_ws/install/motor_control_command_msgs/include/motor_control_command_msgs/motor_control_command_msgs/msg/motor.h
[2.294s] -- Installing: /home/wq/MDH/ros_ws/install/motor_control_command_msgs/include/motor_control_command_msgs/motor_control_command_msgs/msg/motor_control_command.h
[2.295s] -- Installing: /home/wq/MDH/ros_ws/install/motor_control_command_msgs/include/motor_control_command_msgs/motor_control_command_msgs/msg/detail
[2.295s] -- Installing: /home/wq/MDH/ros_ws/install/motor_control_command_msgs/include/motor_control_command_msgs/motor_control_command_msgs/msg/detail/motor_control_command__functions.c
[2.295s] -- Installing: /home/wq/MDH/ros_ws/install/motor_control_command_msgs/include/motor_control_command_msgs/motor_control_command_msgs/msg/detail/motor__struct.h
[2.295s] -- Installing: /home/wq/MDH/ros_ws/install/motor_control_command_msgs/include/motor_control_command_msgs/motor_control_command_msgs/msg/detail/motor_control_command__type_support.h
[2.295s] -- Installing: /home/wq/MDH/ros_ws/install/motor_control_command_msgs/include/motor_control_command_msgs/motor_control_command_msgs/msg/detail/motor_control_command__struct.h
[2.295s] -- Installing: /home/wq/MDH/ros_ws/install/motor_control_command_msgs/include/motor_control_command_msgs/motor_control_command_msgs/msg/detail/motor__functions.c
[2.295s] -- Installing: /home/wq/MDH/ros_ws/install/motor_control_command_msgs/include/motor_control_command_msgs/motor_control_command_msgs/msg/detail/motor__type_support.h
[2.295s] -- Installing: /home/wq/MDH/ros_ws/install/motor_control_command_msgs/include/motor_control_command_msgs/motor_control_command_msgs/msg/detail/motor__functions.h
[2.295s] -- Installing: /home/wq/MDH/ros_ws/install/motor_control_command_msgs/include/motor_control_command_msgs/motor_control_command_msgs/msg/detail/motor_control_command__functions.h
[2.295s] -- Installing: /home/wq/MDH/ros_ws/install/motor_control_command_msgs/share/motor_control_command_msgs/environment/library_path.sh
[2.295s] -- Installing: /home/wq/MDH/ros_ws/install/motor_control_command_msgs/share/motor_control_command_msgs/environment/library_path.dsv
[2.295s] -- Installing: /home/wq/MDH/ros_ws/install/motor_control_command_msgs/lib/libmotor_control_command_msgs__rosidl_generator_c.so
[2.295s] -- Set runtime path of "/home/wq/MDH/ros_ws/install/motor_control_command_msgs/lib/libmotor_control_command_msgs__rosidl_generator_c.so" to ""
[2.295s] -- Up-to-date: /home/wq/MDH/ros_ws/install/motor_control_command_msgs/include/motor_control_command_msgs/motor_control_command_msgs
[2.295s] -- Up-to-date: /home/wq/MDH/ros_ws/install/motor_control_command_msgs/include/motor_control_command_msgs/motor_control_command_msgs/msg
[2.295s] -- Up-to-date: /home/wq/MDH/ros_ws/install/motor_control_command_msgs/include/motor_control_command_msgs/motor_control_command_msgs/msg/detail
[2.295s] -- Installing: /home/wq/MDH/ros_ws/install/motor_control_command_msgs/include/motor_control_command_msgs/motor_control_command_msgs/msg/detail/motor__rosidl_typesupport_fastrtps_c.h
[2.295s] -- Installing: /home/wq/MDH/ros_ws/install/motor_control_command_msgs/include/motor_control_command_msgs/motor_control_command_msgs/msg/detail/motor_control_command__rosidl_typesupport_fastrtps_c.h
[2.295s] -- Installing: /home/wq/MDH/ros_ws/install/motor_control_command_msgs/include/motor_control_command_msgs/motor_control_command_msgs/msg/rosidl_typesupport_fastrtps_c__visibility_control.h
[2.295s] -- Installing: /home/wq/MDH/ros_ws/install/motor_control_command_msgs/lib/libmotor_control_command_msgs__rosidl_typesupport_fastrtps_c.so
[2.296s] -- Set runtime path of "/home/wq/MDH/ros_ws/install/motor_control_command_msgs/lib/libmotor_control_command_msgs__rosidl_typesupport_fastrtps_c.so" to ""
[2.296s] -- Up-to-date: /home/wq/MDH/ros_ws/install/motor_control_command_msgs/include/motor_control_command_msgs/motor_control_command_msgs
[2.296s] -- Up-to-date: /home/wq/MDH/ros_ws/install/motor_control_command_msgs/include/motor_control_command_msgs/motor_control_command_msgs/msg
[2.296s] -- Installing: /home/wq/MDH/ros_ws/install/motor_control_command_msgs/include/motor_control_command_msgs/motor_control_command_msgs/msg/motor.hpp
[2.296s] -- Up-to-date: /home/wq/MDH/ros_ws/install/motor_control_command_msgs/include/motor_control_command_msgs/motor_control_command_msgs/msg/detail
[2.296s] -- Installing: /home/wq/MDH/ros_ws/install/motor_control_command_msgs/include/motor_control_command_msgs/motor_control_command_msgs/msg/detail/motor_control_command__builder.hpp
[2.296s] -- Installing: /home/wq/MDH/ros_ws/install/motor_control_command_msgs/include/motor_control_command_msgs/motor_control_command_msgs/msg/detail/motor__traits.hpp
[2.296s] -- Installing: /home/wq/MDH/ros_ws/install/motor_control_command_msgs/include/motor_control_command_msgs/motor_control_command_msgs/msg/detail/motor_control_command__type_support.hpp
[2.296s] -- Installing: /home/wq/MDH/ros_ws/install/motor_control_command_msgs/include/motor_control_command_msgs/motor_control_command_msgs/msg/detail/motor__builder.hpp
[2.296s] -- Installing: /home/wq/MDH/ros_ws/install/motor_control_command_msgs/include/motor_control_command_msgs/motor_control_command_msgs/msg/detail/motor__type_support.hpp
[2.296s] -- Installing: /home/wq/MDH/ros_ws/install/motor_control_command_msgs/include/motor_control_command_msgs/motor_control_command_msgs/msg/detail/motor__struct.hpp
[2.296s] -- Installing: /home/wq/MDH/ros_ws/install/motor_control_command_msgs/include/motor_control_command_msgs/motor_control_command_msgs/msg/detail/motor_control_command__traits.hpp
[2.296s] -- Installing: /home/wq/MDH/ros_ws/install/motor_control_command_msgs/include/motor_control_command_msgs/motor_control_command_msgs/msg/detail/motor_control_command__struct.hpp
[2.296s] -- Installing: /home/wq/MDH/ros_ws/install/motor_control_command_msgs/include/motor_control_command_msgs/motor_control_command_msgs/msg/rosidl_generator_cpp__visibility_control.hpp
[2.296s] -- Installing: /home/wq/MDH/ros_ws/install/motor_control_command_msgs/include/motor_control_command_msgs/motor_control_command_msgs/msg/motor_control_command.hpp
[2.296s] -- Up-to-date: /home/wq/MDH/ros_ws/install/motor_control_command_msgs/include/motor_control_command_msgs/motor_control_command_msgs
[2.296s] -- Up-to-date: /home/wq/MDH/ros_ws/install/motor_control_command_msgs/include/motor_control_command_msgs/motor_control_command_msgs/msg
[2.296s] -- Installing: /home/wq/MDH/ros_ws/install/motor_control_command_msgs/include/motor_control_command_msgs/motor_control_command_msgs/msg/rosidl_typesupport_fastrtps_cpp__visibility_control.h
[2.296s] -- Up-to-date: /home/wq/MDH/ros_ws/install/motor_control_command_msgs/include/motor_control_command_msgs/motor_control_command_msgs/msg/detail
[2.296s] -- Installing: /home/wq/MDH/ros_ws/install/motor_control_command_msgs/include/motor_control_command_msgs/motor_control_command_msgs/msg/detail/dds_fastrtps
[2.296s] -- Installing: /home/wq/MDH/ros_ws/install/motor_control_command_msgs/include/motor_control_command_msgs/motor_control_command_msgs/msg/detail/motor_control_command__rosidl_typesupport_fastrtps_cpp.hpp
[2.296s] -- Installing: /home/wq/MDH/ros_ws/install/motor_control_command_msgs/include/motor_control_command_msgs/motor_control_command_msgs/msg/detail/motor__rosidl_typesupport_fastrtps_cpp.hpp
[2.296s] -- Installing: /home/wq/MDH/ros_ws/install/motor_control_command_msgs/lib/libmotor_control_command_msgs__rosidl_typesupport_fastrtps_cpp.so
[2.297s] -- Set runtime path of "/home/wq/MDH/ros_ws/install/motor_control_command_msgs/lib/libmotor_control_command_msgs__rosidl_typesupport_fastrtps_cpp.so" to ""
[2.297s] -- Up-to-date: /home/wq/MDH/ros_ws/install/motor_control_command_msgs/include/motor_control_command_msgs/motor_control_command_msgs
[2.297s] -- Up-to-date: /home/wq/MDH/ros_ws/install/motor_control_command_msgs/include/motor_control_command_msgs/motor_control_command_msgs/msg
[2.297s] -- Installing: /home/wq/MDH/ros_ws/install/motor_control_command_msgs/include/motor_control_command_msgs/motor_control_command_msgs/msg/rosidl_typesupport_introspection_c__visibility_control.h
[2.297s] -- Up-to-date: /home/wq/MDH/ros_ws/install/motor_control_command_msgs/include/motor_control_command_msgs/motor_control_command_msgs/msg/detail
[2.297s] -- Installing: /home/wq/MDH/ros_ws/install/motor_control_command_msgs/include/motor_control_command_msgs/motor_control_command_msgs/msg/detail/motor__type_support.c
[2.297s] -- Installing: /home/wq/MDH/ros_ws/install/motor_control_command_msgs/include/motor_control_command_msgs/motor_control_command_msgs/msg/detail/motor__rosidl_typesupport_introspection_c.h
[2.297s] -- Installing: /home/wq/MDH/ros_ws/install/motor_control_command_msgs/include/motor_control_command_msgs/motor_control_command_msgs/msg/detail/motor_control_command__rosidl_typesupport_introspection_c.h
[2.297s] -- Installing: /home/wq/MDH/ros_ws/install/motor_control_command_msgs/include/motor_control_command_msgs/motor_control_command_msgs/msg/detail/motor_control_command__type_support.c
[2.297s] -- Installing: /home/wq/MDH/ros_ws/install/motor_control_command_msgs/lib/libmotor_control_command_msgs__rosidl_typesupport_introspection_c.so
[2.297s] -- Set runtime path of "/home/wq/MDH/ros_ws/install/motor_control_command_msgs/lib/libmotor_control_command_msgs__rosidl_typesupport_introspection_c.so" to ""
[2.297s] -- Installing: /home/wq/MDH/ros_ws/install/motor_control_command_msgs/lib/libmotor_control_command_msgs__rosidl_typesupport_c.so
[2.297s] -- Set runtime path of "/home/wq/MDH/ros_ws/install/motor_control_command_msgs/lib/libmotor_control_command_msgs__rosidl_typesupport_c.so" to ""
[2.297s] -- Up-to-date: /home/wq/MDH/ros_ws/install/motor_control_command_msgs/include/motor_control_command_msgs/motor_control_command_msgs
[2.297s] -- Up-to-date: /home/wq/MDH/ros_ws/install/motor_control_command_msgs/include/motor_control_command_msgs/motor_control_command_msgs/msg
[2.297s] -- Up-to-date: /home/wq/MDH/ros_ws/install/motor_control_command_msgs/include/motor_control_command_msgs/motor_control_command_msgs/msg/detail
[2.297s] -- Installing: /home/wq/MDH/ros_ws/install/motor_control_command_msgs/include/motor_control_command_msgs/motor_control_command_msgs/msg/detail/motor__rosidl_typesupport_introspection_cpp.hpp
[2.297s] -- Installing: /home/wq/MDH/ros_ws/install/motor_control_command_msgs/include/motor_control_command_msgs/motor_control_command_msgs/msg/detail/motor_control_command__type_support.cpp
[2.297s] -- Installing: /home/wq/MDH/ros_ws/install/motor_control_command_msgs/include/motor_control_command_msgs/motor_control_command_msgs/msg/detail/motor__type_support.cpp
[2.297s] -- Installing: /home/wq/MDH/ros_ws/install/motor_control_command_msgs/include/motor_control_command_msgs/motor_control_command_msgs/msg/detail/motor_control_command__rosidl_typesupport_introspection_cpp.hpp
[2.297s] -- Installing: /home/wq/MDH/ros_ws/install/motor_control_command_msgs/lib/libmotor_control_command_msgs__rosidl_typesupport_introspection_cpp.so
[2.298s] -- Set runtime path of "/home/wq/MDH/ros_ws/install/motor_control_command_msgs/lib/libmotor_control_command_msgs__rosidl_typesupport_introspection_cpp.so" to ""
[2.298s] -- Installing: /home/wq/MDH/ros_ws/install/motor_control_command_msgs/lib/libmotor_control_command_msgs__rosidl_typesupport_cpp.so
[2.298s] -- Set runtime path of "/home/wq/MDH/ros_ws/install/motor_control_command_msgs/lib/libmotor_control_command_msgs__rosidl_typesupport_cpp.so" to ""
[2.298s] -- Installing: /home/wq/MDH/ros_ws/install/motor_control_command_msgs/share/motor_control_command_msgs/environment/pythonpath.sh
[2.298s] -- Installing: /home/wq/MDH/ros_ws/install/motor_control_command_msgs/share/motor_control_command_msgs/environment/pythonpath.dsv
[2.298s] -- Installing: /home/wq/MDH/ros_ws/install/motor_control_command_msgs/local/lib/python3.10/dist-packages/motor_control_command_msgs-0.0.0-py3.10.egg-info
[2.298s] -- Installing: /home/wq/MDH/ros_ws/install/motor_control_command_msgs/local/lib/python3.10/dist-packages/motor_control_command_msgs-0.0.0-py3.10.egg-info/dependency_links.txt
[2.298s] -- Installing: /home/wq/MDH/ros_ws/install/motor_control_command_msgs/local/lib/python3.10/dist-packages/motor_control_command_msgs-0.0.0-py3.10.egg-info/SOURCES.txt
[2.298s] -- Installing: /home/wq/MDH/ros_ws/install/motor_control_command_msgs/local/lib/python3.10/dist-packages/motor_control_command_msgs-0.0.0-py3.10.egg-info/PKG-INFO
[2.298s] -- Installing: /home/wq/MDH/ros_ws/install/motor_control_command_msgs/local/lib/python3.10/dist-packages/motor_control_command_msgs-0.0.0-py3.10.egg-info/top_level.txt
[2.298s] -- Installing: /home/wq/MDH/ros_ws/install/motor_control_command_msgs/local/lib/python3.10/dist-packages/motor_control_command_msgs
[2.298s] -- Installing: /home/wq/MDH/ros_ws/install/motor_control_command_msgs/local/lib/python3.10/dist-packages/motor_control_command_msgs/_motor_control_command_msgs_s.ep.rosidl_typesupport_c.c
[2.298s] -- Installing: /home/wq/MDH/ros_ws/install/motor_control_command_msgs/local/lib/python3.10/dist-packages/motor_control_command_msgs/motor_control_command_msgs_s__rosidl_typesupport_c.cpython-310-x86_64-linux-gnu.so
[2.298s] -- Installing: /home/wq/MDH/ros_ws/install/motor_control_command_msgs/local/lib/python3.10/dist-packages/motor_control_command_msgs/motor_control_command_msgs_s__rosidl_typesupport_fastrtps_c.cpython-310-x86_64-linux-gnu.so
[2.298s] -- Installing: /home/wq/MDH/ros_ws/install/motor_control_command_msgs/local/lib/python3.10/dist-packages/motor_control_command_msgs/_motor_control_command_msgs_s.ep.rosidl_typesupport_fastrtps_c.c
[2.298s] -- Installing: /home/wq/MDH/ros_ws/install/motor_control_command_msgs/local/lib/python3.10/dist-packages/motor_control_command_msgs/motor_control_command_msgs_s__rosidl_typesupport_introspection_c.cpython-310-x86_64-linux-gnu.so
[2.298s] -- Installing: /home/wq/MDH/ros_ws/install/motor_control_command_msgs/local/lib/python3.10/dist-packages/motor_control_command_msgs/msg
[2.298s] -- Installing: /home/wq/MDH/ros_ws/install/motor_control_command_msgs/local/lib/python3.10/dist-packages/motor_control_command_msgs/msg/_motor_control_command_s.c
[2.299s] -- Installing: /home/wq/MDH/ros_ws/install/motor_control_command_msgs/local/lib/python3.10/dist-packages/motor_control_command_msgs/msg/_motor.py
[2.299s] -- Installing: /home/wq/MDH/ros_ws/install/motor_control_command_msgs/local/lib/python3.10/dist-packages/motor_control_command_msgs/msg/_motor_control_command.py
[2.299s] -- Installing: /home/wq/MDH/ros_ws/install/motor_control_command_msgs/local/lib/python3.10/dist-packages/motor_control_command_msgs/msg/_motor_s.c
[2.299s] -- Installing: /home/wq/MDH/ros_ws/install/motor_control_command_msgs/local/lib/python3.10/dist-packages/motor_control_command_msgs/msg/__init__.py
[2.299s] -- Installing: /home/wq/MDH/ros_ws/install/motor_control_command_msgs/local/lib/python3.10/dist-packages/motor_control_command_msgs/__init__.py
[2.299s] -- Installing: /home/wq/MDH/ros_ws/install/motor_control_command_msgs/local/lib/python3.10/dist-packages/motor_control_command_msgs/libmotor_control_command_msgs__rosidl_generator_py.so
[2.299s] -- Installing: /home/wq/MDH/ros_ws/install/motor_control_command_msgs/local/lib/python3.10/dist-packages/motor_control_command_msgs/_motor_control_command_msgs_s.ep.rosidl_typesupport_introspection_c.c
[2.324s] Listing '/home/wq/MDH/ros_ws/install/motor_control_command_msgs/local/lib/python3.10/dist-packages/motor_control_command_msgs'...
[2.324s] Compiling '/home/wq/MDH/ros_ws/install/motor_control_command_msgs/local/lib/python3.10/dist-packages/motor_control_command_msgs/__init__.py'...
[2.324s] Listing '/home/wq/MDH/ros_ws/install/motor_control_command_msgs/local/lib/python3.10/dist-packages/motor_control_command_msgs/msg'...
[2.325s] Compiling '/home/wq/MDH/ros_ws/install/motor_control_command_msgs/local/lib/python3.10/dist-packages/motor_control_command_msgs/msg/__init__.py'...
[2.325s] Compiling '/home/wq/MDH/ros_ws/install/motor_control_command_msgs/local/lib/python3.10/dist-packages/motor_control_command_msgs/msg/_motor.py'...
[2.325s] Compiling '/home/wq/MDH/ros_ws/install/motor_control_command_msgs/local/lib/python3.10/dist-packages/motor_control_command_msgs/msg/_motor_control_command.py'...
[2.328s] -- Installing: /home/wq/MDH/ros_ws/install/motor_control_command_msgs/local/lib/python3.10/dist-packages/motor_control_command_msgs/motor_control_command_msgs_s__rosidl_typesupport_fastrtps_c.cpython-310-x86_64-linux-gnu.so
[2.328s] -- Set runtime path of "/home/wq/MDH/ros_ws/install/motor_control_command_msgs/local/lib/python3.10/dist-packages/motor_control_command_msgs/motor_control_command_msgs_s__rosidl_typesupport_fastrtps_c.cpython-310-x86_64-linux-gnu.so" to ""
[2.328s] -- Installing: /home/wq/MDH/ros_ws/install/motor_control_command_msgs/local/lib/python3.10/dist-packages/motor_control_command_msgs/motor_control_command_msgs_s__rosidl_typesupport_introspection_c.cpython-310-x86_64-linux-gnu.so
[2.328s] -- Set runtime path of "/home/wq/MDH/ros_ws/install/motor_control_command_msgs/local/lib/python3.10/dist-packages/motor_control_command_msgs/motor_control_command_msgs_s__rosidl_typesupport_introspection_c.cpython-310-x86_64-linux-gnu.so" to ""
[2.328s] -- Installing: /home/wq/MDH/ros_ws/install/motor_control_command_msgs/local/lib/python3.10/dist-packages/motor_control_command_msgs/motor_control_command_msgs_s__rosidl_typesupport_c.cpython-310-x86_64-linux-gnu.so
[2.328s] -- Set runtime path of "/home/wq/MDH/ros_ws/install/motor_control_command_msgs/local/lib/python3.10/dist-packages/motor_control_command_msgs/motor_control_command_msgs_s__rosidl_typesupport_c.cpython-310-x86_64-linux-gnu.so" to ""
[2.328s] -- Installing: /home/wq/MDH/ros_ws/install/motor_control_command_msgs/lib/libmotor_control_command_msgs__rosidl_generator_py.so
[2.328s] -- Set runtime path of "/home/wq/MDH/ros_ws/install/motor_control_command_msgs/lib/libmotor_control_command_msgs__rosidl_generator_py.so" to ""
[2.328s] -- Installing: /home/wq/MDH/ros_ws/install/motor_control_command_msgs/share/motor_control_command_msgs/msg/Motor.idl
[2.328s] -- Installing: /home/wq/MDH/ros_ws/install/motor_control_command_msgs/share/motor_control_command_msgs/msg/MotorControlCommand.idl
[2.329s] -- Installing: /home/wq/MDH/ros_ws/install/motor_control_command_msgs/share/motor_control_command_msgs/msg/Motor.msg
[2.329s] -- Installing: /home/wq/MDH/ros_ws/install/motor_control_command_msgs/share/motor_control_command_msgs/msg/MotorControlCommand.msg
[2.329s] -- Installing: /home/wq/MDH/ros_ws/install/motor_control_command_msgs/share/ament_index/resource_index/package_run_dependencies/motor_control_command_msgs
[2.329s] -- Installing: /home/wq/MDH/ros_ws/install/motor_control_command_msgs/share/ament_index/resource_index/parent_prefix_path/motor_control_command_msgs
[2.329s] -- Installing: /home/wq/MDH/ros_ws/install/motor_control_command_msgs/share/motor_control_command_msgs/environment/ament_prefix_path.sh
[2.329s] -- Installing: /home/wq/MDH/ros_ws/install/motor_control_command_msgs/share/motor_control_command_msgs/environment/ament_prefix_path.dsv
[2.329s] -- Installing: /home/wq/MDH/ros_ws/install/motor_control_command_msgs/share/motor_control_command_msgs/environment/path.sh
[2.329s] -- Installing: /home/wq/MDH/ros_ws/install/motor_control_command_msgs/share/motor_control_command_msgs/environment/path.dsv
[2.329s] -- Installing: /home/wq/MDH/ros_ws/install/motor_control_command_msgs/share/motor_control_command_msgs/local_setup.bash
[2.329s] -- Installing: /home/wq/MDH/ros_ws/install/motor_control_command_msgs/share/motor_control_command_msgs/local_setup.sh
[2.329s] -- Installing: /home/wq/MDH/ros_ws/install/motor_control_command_msgs/share/motor_control_command_msgs/local_setup.zsh
[2.329s] -- Installing: /home/wq/MDH/ros_ws/install/motor_control_command_msgs/share/motor_control_command_msgs/local_setup.dsv
[2.329s] -- Installing: /home/wq/MDH/ros_ws/install/motor_control_command_msgs/share/motor_control_command_msgs/package.dsv
[2.329s] -- Installing: /home/wq/MDH/ros_ws/install/motor_control_command_msgs/share/ament_index/resource_index/packages/motor_control_command_msgs
[2.329s] -- Installing: /home/wq/MDH/ros_ws/install/motor_control_command_msgs/share/motor_control_command_msgs/cmake/export_motor_control_command_msgs__rosidl_generator_cExport.cmake
[2.329s] -- Installing: /home/wq/MDH/ros_ws/install/motor_control_command_msgs/share/motor_control_command_msgs/cmake/export_motor_control_command_msgs__rosidl_generator_cExport-noconfig.cmake
[2.329s] -- Installing: /home/wq/MDH/ros_ws/install/motor_control_command_msgs/share/motor_control_command_msgs/cmake/export_motor_control_command_msgs__rosidl_typesupport_fastrtps_cExport.cmake
[2.329s] -- Installing: /home/wq/MDH/ros_ws/install/motor_control_command_msgs/share/motor_control_command_msgs/cmake/export_motor_control_command_msgs__rosidl_typesupport_fastrtps_cExport-noconfig.cmake
[2.330s] -- Installing: /home/wq/MDH/ros_ws/install/motor_control_command_msgs/share/motor_control_command_msgs/cmake/export_motor_control_command_msgs__rosidl_generator_cppExport.cmake
[2.330s] -- Installing: /home/wq/MDH/ros_ws/install/motor_control_command_msgs/share/motor_control_command_msgs/cmake/export_motor_control_command_msgs__rosidl_typesupport_fastrtps_cppExport.cmake
[2.330s] -- Installing: /home/wq/MDH/ros_ws/install/motor_control_command_msgs/share/motor_control_command_msgs/cmake/export_motor_control_command_msgs__rosidl_typesupport_fastrtps_cppExport-noconfig.cmake
[2.330s] -- Installing: /home/wq/MDH/ros_ws/install/motor_control_command_msgs/share/motor_control_command_msgs/cmake/motor_control_command_msgs__rosidl_typesupport_introspection_cExport.cmake
[2.330s] -- Installing: /home/wq/MDH/ros_ws/install/motor_control_command_msgs/share/motor_control_command_msgs/cmake/motor_control_command_msgs__rosidl_typesupport_introspection_cExport-noconfig.cmake
[2.330s] -- Installing: /home/wq/MDH/ros_ws/install/motor_control_command_msgs/share/motor_control_command_msgs/cmake/motor_control_command_msgs__rosidl_typesupport_cExport.cmake
[2.330s] -- Installing: /home/wq/MDH/ros_ws/install/motor_control_command_msgs/share/motor_control_command_msgs/cmake/motor_control_command_msgs__rosidl_typesupport_cExport-noconfig.cmake
[2.330s] -- Installing: /home/wq/MDH/ros_ws/install/motor_control_command_msgs/share/motor_control_command_msgs/cmake/motor_control_command_msgs__rosidl_typesupport_introspection_cppExport.cmake
[2.330s] -- Installing: /home/wq/MDH/ros_ws/install/motor_control_command_msgs/share/motor_control_command_msgs/cmake/motor_control_command_msgs__rosidl_typesupport_introspection_cppExport-noconfig.cmake
[2.330s] -- Installing: /home/wq/MDH/ros_ws/install/motor_control_command_msgs/share/motor_control_command_msgs/cmake/motor_control_command_msgs__rosidl_typesupport_cppExport.cmake
[2.330s] -- Installing: /home/wq/MDH/ros_ws/install/motor_control_command_msgs/share/motor_control_command_msgs/cmake/motor_control_command_msgs__rosidl_typesupport_cppExport-noconfig.cmake
[2.330s] -- Installing: /home/wq/MDH/ros_ws/install/motor_control_command_msgs/share/motor_control_command_msgs/cmake/export_motor_control_command_msgs__rosidl_generator_pyExport.cmake
[2.330s] -- Installing: /home/wq/MDH/ros_ws/install/motor_control_command_msgs/share/motor_control_command_msgs/cmake/export_motor_control_command_msgs__rosidl_generator_pyExport-noconfig.cmake
[2.330s] -- Installing: /home/wq/MDH/ros_ws/install/motor_control_command_msgs/share/motor_control_command_msgs/cmake/rosidl_cmake-extras.cmake
[2.330s] -- Installing: /home/wq/MDH/ros_ws/install/motor_control_command_msgs/share/motor_control_command_msgs/cmake/ament_cmake_export_dependencies-extras.cmake
[2.330s] -- Installing: /home/wq/MDH/ros_ws/install/motor_control_command_msgs/share/motor_control_command_msgs/cmake/ament_cmake_export_include_directories-extras.cmake
[2.330s] -- Installing: /home/wq/MDH/ros_ws/install/motor_control_command_msgs/share/motor_control_command_msgs/cmake/ament_cmake_export_libraries-extras.cmake
[2.331s] -- Installing: /home/wq/MDH/ros_ws/install/motor_control_command_msgs/share/motor_control_command_msgs/cmake/ament_cmake_export_targets-extras.cmake
[2.331s] -- Installing: /home/wq/MDH/ros_ws/install/motor_control_command_msgs/share/motor_control_command_msgs/cmake/rosidl_cmake_export_typesupport_targets-extras.cmake
[2.331s] -- Installing: /home/wq/MDH/ros_ws/install/motor_control_command_msgs/share/motor_control_command_msgs/cmake/rosidl_cmake_export_typesupport_libraries-extras.cmake
[2.331s] -- Installing: /home/wq/MDH/ros_ws/install/motor_control_command_msgs/share/motor_control_command_msgs/cmake/motor_control_command_msgsConfig.cmake
[2.331s] -- Installing: /home/wq/MDH/ros_ws/install/motor_control_command_msgs/share/motor_control_command_msgs/cmake/motor_control_command_msgsConfig-version.cmake
[2.331s] -- Installing: /home/wq/MDH/ros_ws/install/motor_control_command_msgs/share/motor_control_command_msgs/package.xml
[2.332s] Invoked command in '/home/wq/MDH/ros_ws/build/motor_control_command_msgs' returned '0': CMAKE_PREFIX_PATH=/opt/ros/humble /usr/bin/cmake --install /home/wq/MDH/ros_ws/build/motor_control_command_msgs
